["INFO" - 18:34:44] Extension Name: esbenp.prettier-vscode.
["INFO" - 18:34:44] Extension Version: 5.8.0.
["INFO" - 18:34:44] Loaded module 'prettier@2.2.0' from '/home/glaulher/Documentos/javascript/bootcamp/github.search/node_modules/prettier/index.js'
["INFO" - 18:34:44] Loaded module 'prettier@2.2.0' from '/home/glaulher/Documentos/javascript/bootcamp/github.search/node_modules/prettier/index.js'
["INFO" - 18:34:44] Enabling prettier for languages: ansible, css, graphql, home-assistant, html, javascript, javascriptreact, json, json5, jsonc, less, markdown, mdx, mongo, postcss, scss, typescript, typescriptreact, vue, yaml
["INFO" - 18:34:44] Enabling prettier for file extensions: .JSON-tmLanguage, ._js, .avsc, .bones, .cjs, .component.html, .css, .es, .es6, .frag, .geojson, .gltf, .gql, .graphql, .graphqls, .gs, .har, .htm, .html, .html.hl, .ice, .inc, .jake, .js, .js.flow, .jsb, .jscad, .jsfl, .jsm, .json, .json5, .jsonc, .jss, .jsx, .less, .markdown, .mcmeta, .md, .mdown, .mdwn, .mdx, .mir, .mjml, .mjs, .mkd, .mkdn, .mkdown, .njs, .pac, .pcss, .postcss, .reek, .ronn, .rviz, .scss, .sjs, .ssjs, .st, .sublime-build, .sublime-commands, .sublime-completions, .sublime-keymap, .sublime-macro, .sublime-menu, .sublime-mousemap, .sublime-project, .sublime-settings, .sublime-syntax, .sublime-theme, .sublime-workspace, .sublime_metrics, .sublime_session, .syntax, .tfstate, .tfstate.backup, .topojson, .ts, .tsx, .vue, .webapp, .webmanifest, .workbook, .wxs, .wxss, .xht, .xhtml, .xsjs, .xsjslib, .yaml, .yaml-tmlanguage, .yaml.sed, .yml, .yml.mysql, .yy, .yyp
["INFO" - 18:34:44] Enabling prettier for range supported languages: graphql, javascript, javascriptreact, json, typescript, typescriptreact
["ERROR" - 18:37:47] Error loading node module 'prettier'
["ERROR" - 18:37:47] ENOENT: no such file or directory, open '/home/glaulher/Documentos/javascript/bootcamp/github.search/node_modules/prettier/index.js'
Error: ENOENT: no such file or directory, open '/home/glaulher/Documentos/javascript/bootcamp/github.search/node_modules/prettier/index.js'
	at Object.openSync (fs.js:440:3)
	at Object.func [as openSync] (electron/js2c/asar.js:140:31)
	at Object.readFileSync (fs.js:342:35)
	at Object.fs.readFileSync (electron/js2c/asar.js:542:40)
	at Object.Module._extensions..js (internal/modules/cjs/loader.js:1003:22)
	at Module.load (internal/modules/cjs/loader.js:815:32)
	at Module._load (internal/modules/cjs/loader.js:727:14)
	at Function.Module._load (electron/js2c/asar.js:769:28)
	at Function.t._load (/usr/lib/code-oss/resources/app/out/vs/workbench/services/extensions/node/extensionHostProcess.js:1064:776)
	at Function.i._load (/usr/lib/code-oss/resources/app/out/vs/workbench/services/extensions/node/extensionHostProcess.js:1034:665)
	at Function.n._load (/usr/lib/code-oss/resources/app/out/vs/workbench/services/extensions/node/extensionHostProcess.js:1030:844)
	at Module.require (internal/modules/cjs/loader.js:852:19)
	at require (internal/modules/cjs/helpers.js:74:18)
	at t.ModuleResolver.loadNodeModule (/home/glaulher/.vscode-oss/extensions/esbenp.prettier-vscode-5.8.0/dist/extension.js:1:8726)
	at t.ModuleResolver.requireLocalPkg (/home/glaulher/.vscode-oss/extensions/esbenp.prettier-vscode-5.8.0/dist/extension.js:1:7857)
	at t.ModuleResolver.getPrettierInstance (/home/glaulher/.vscode-oss/extensions/esbenp.prettier-vscode-5.8.0/dist/extension.js:1:6542)
	at t.LanguageResolver.getSupportLanguages (/home/glaulher/.vscode-oss/extensions/esbenp.prettier-vscode-5.8.0/dist/extension.js:1:4617)
	at t.LanguageResolver.getSupportedLanguages (/home/glaulher/.vscode-oss/extensions/esbenp.prettier-vscode-5.8.0/dist/extension.js:1:4148)
	at t.default.selectors (/home/glaulher/.vscode-oss/extensions/esbenp.prettier-vscode-5.8.0/dist/extension.js:1:13178)
	at registerFormatter (/home/glaulher/.vscode-oss/extensions/esbenp.prettier-vscode-5.8.0/dist/extension.js:1:12395)
	at E (/home/glaulher/.vscode-oss/extensions/esbenp.prettier-vscode-5.8.0/dist/extension.js:1:29690)
	at y (/home/glaulher/.vscode-oss/extensions/esbenp.prettier-vscode-5.8.0/dist/extension.js:1:29746)
	at R (/home/glaulher/.vscode-oss/extensions/esbenp.prettier-vscode-5.8.0/dist/extension.js:1:30065)
	at l.fire (/usr/lib/code-oss/resources/app/out/vs/workbench/services/extensions/node/extensionHostProcess.js:46:67)
	at /usr/lib/code-oss/resources/app/out/vs/workbench/services/extensions/node/extensionHostProcess.js:732:33
	at l.fire (/usr/lib/code-oss/resources/app/out/vs/workbench/services/extensions/node/extensionHostProcess.js:46:67)
	at t.ExtHostFileSystemEventService.$onFileEvent (/usr/lib/code-oss/resources/app/out/vs/workbench/services/extensions/node/extensionHostProcess.js:733:315)
	at g._doInvokeHandler (/usr/lib/code-oss/resources/app/out/vs/workbench/services/extensions/node/extensionHostProcess.js:876:926)
	at g._invokeHandler (/usr/lib/code-oss/resources/app/out/vs/workbench/services/extensions/node/extensionHostProcess.js:876:618)
	at g._receiveRequest (/usr/lib/code-oss/resources/app/out/vs/workbench/services/extensions/node/extensionHostProcess.js:875:252)
	at g._receiveOneMessage (/usr/lib/code-oss/resources/app/out/vs/workbench/services/extensions/node/extensionHostProcess.js:874:6)
	at /usr/lib/code-oss/resources/app/out/vs/workbench/services/extensions/node/extensionHostProcess.js:872:136
	at l.fire (/usr/lib/code-oss/resources/app/out/vs/workbench/services/extensions/node/extensionHostProcess.js:46:67)
	at v.fire (/usr/lib/code-oss/resources/app/out/vs/workbench/services/extensions/node/extensionHostProcess.js:256:601)
	at /usr/lib/code-oss/resources/app/out/vs/workbench/services/extensions/node/extensionHostProcess.js:1066:179
	at l.fire (/usr/lib/code-oss/resources/app/out/vs/workbench/services/extensions/node/extensionHostProcess.js:46:67)
	at v.fire (/usr/lib/code-oss/resources/app/out/vs/workbench/services/extensions/node/extensionHostProcess.js:256:601)
	at t.PersistentProtocol._receiveMessage (/usr/lib/code-oss/resources/app/out/vs/workbench/services/extensions/node/extensionHostProcess.js:261:629)
	at /usr/lib/code-oss/resources/app/out/vs/workbench/services/extensions/node/extensionHostProcess.js:258:708
	at l.fire (/usr/lib/code-oss/resources/app/out/vs/workbench/services/extensions/node/extensionHostProcess.js:46:67)
	at p.acceptChunk (/usr/lib/code-oss/resources/app/out/vs/workbench/services/extensions/node/extensionHostProcess.js:253:989)
	at /usr/lib/code-oss/resources/app/out/vs/workbench/services/extensions/node/extensionHostProcess.js:253:341
	at Socket.t (/usr/lib/code-oss/resources/app/out/vs/workbench/services/extensions/node/extensionHostProcess.js:263:276)
	at Socket.emit (events.js:223:5)
	at addChunk (_stream_readable.js:309:12)
	at readableAddChunk (_stream_readable.js:290:11)
	at Socket.Readable.push (_stream_readable.js:224:10)
	at Pipe.onStreamRead (internal/stream_base_commons.js:181:23)
["ERROR" - 18:37:47] Error loading node module 'prettier'
["ERROR" - 18:37:47] ENOENT: no such file or directory, open '/home/glaulher/Documentos/javascript/bootcamp/github.search/node_modules/prettier/index.js'
Error: ENOENT: no such file or directory, open '/home/glaulher/Documentos/javascript/bootcamp/github.search/node_modules/prettier/index.js'
	at Object.openSync (fs.js:440:3)
	at Object.func [as openSync] (electron/js2c/asar.js:140:31)
	at Object.readFileSync (fs.js:342:35)
	at Object.fs.readFileSync (electron/js2c/asar.js:542:40)
	at Object.Module._extensions..js (internal/modules/cjs/loader.js:1003:22)
	at Module.load (internal/modules/cjs/loader.js:815:32)
	at Module._load (internal/modules/cjs/loader.js:727:14)
	at Function.Module._load (electron/js2c/asar.js:769:28)
	at Function.t._load (/usr/lib/code-oss/resources/app/out/vs/workbench/services/extensions/node/extensionHostProcess.js:1064:776)
	at Function.i._load (/usr/lib/code-oss/resources/app/out/vs/workbench/services/extensions/node/extensionHostProcess.js:1034:665)
	at Function.n._load (/usr/lib/code-oss/resources/app/out/vs/workbench/services/extensions/node/extensionHostProcess.js:1030:844)
	at Module.require (internal/modules/cjs/loader.js:852:19)
	at require (internal/modules/cjs/helpers.js:74:18)
	at t.ModuleResolver.loadNodeModule (/home/glaulher/.vscode-oss/extensions/esbenp.prettier-vscode-5.8.0/dist/extension.js:1:8726)
	at t.ModuleResolver.requireLocalPkg (/home/glaulher/.vscode-oss/extensions/esbenp.prettier-vscode-5.8.0/dist/extension.js:1:7857)
	at t.ModuleResolver.getPrettierInstance (/home/glaulher/.vscode-oss/extensions/esbenp.prettier-vscode-5.8.0/dist/extension.js:1:6542)
	at t.LanguageResolver.getSupportLanguages (/home/glaulher/.vscode-oss/extensions/esbenp.prettier-vscode-5.8.0/dist/extension.js:1:4617)
	at t.LanguageResolver.getSupportedFileExtensions (/home/glaulher/.vscode-oss/extensions/esbenp.prettier-vscode-5.8.0/dist/extension.js:1:4449)
	at t.default.selectors (/home/glaulher/.vscode-oss/extensions/esbenp.prettier-vscode-5.8.0/dist/extension.js:1:13425)
	at registerFormatter (/home/glaulher/.vscode-oss/extensions/esbenp.prettier-vscode-5.8.0/dist/extension.js:1:12395)
	at E (/home/glaulher/.vscode-oss/extensions/esbenp.prettier-vscode-5.8.0/dist/extension.js:1:29690)
	at y (/home/glaulher/.vscode-oss/extensions/esbenp.prettier-vscode-5.8.0/dist/extension.js:1:29746)
	at R (/home/glaulher/.vscode-oss/extensions/esbenp.prettier-vscode-5.8.0/dist/extension.js:1:30065)
	at l.fire (/usr/lib/code-oss/resources/app/out/vs/workbench/services/extensions/node/extensionHostProcess.js:46:67)
	at /usr/lib/code-oss/resources/app/out/vs/workbench/services/extensions/node/extensionHostProcess.js:732:33
	at l.fire (/usr/lib/code-oss/resources/app/out/vs/workbench/services/extensions/node/extensionHostProcess.js:46:67)
	at t.ExtHostFileSystemEventService.$onFileEvent (/usr/lib/code-oss/resources/app/out/vs/workbench/services/extensions/node/extensionHostProcess.js:733:315)
	at g._doInvokeHandler (/usr/lib/code-oss/resources/app/out/vs/workbench/services/extensions/node/extensionHostProcess.js:876:926)
	at g._invokeHandler (/usr/lib/code-oss/resources/app/out/vs/workbench/services/extensions/node/extensionHostProcess.js:876:618)
	at g._receiveRequest (/usr/lib/code-oss/resources/app/out/vs/workbench/services/extensions/node/extensionHostProcess.js:875:252)
	at g._receiveOneMessage (/usr/lib/code-oss/resources/app/out/vs/workbench/services/extensions/node/extensionHostProcess.js:874:6)
	at /usr/lib/code-oss/resources/app/out/vs/workbench/services/extensions/node/extensionHostProcess.js:872:136
	at l.fire (/usr/lib/code-oss/resources/app/out/vs/workbench/services/extensions/node/extensionHostProcess.js:46:67)
	at v.fire (/usr/lib/code-oss/resources/app/out/vs/workbench/services/extensions/node/extensionHostProcess.js:256:601)
	at /usr/lib/code-oss/resources/app/out/vs/workbench/services/extensions/node/extensionHostProcess.js:1066:179
	at l.fire (/usr/lib/code-oss/resources/app/out/vs/workbench/services/extensions/node/extensionHostProcess.js:46:67)
	at v.fire (/usr/lib/code-oss/resources/app/out/vs/workbench/services/extensions/node/extensionHostProcess.js:256:601)
	at t.PersistentProtocol._receiveMessage (/usr/lib/code-oss/resources/app/out/vs/workbench/services/extensions/node/extensionHostProcess.js:261:629)
	at /usr/lib/code-oss/resources/app/out/vs/workbench/services/extensions/node/extensionHostProcess.js:258:708
	at l.fire (/usr/lib/code-oss/resources/app/out/vs/workbench/services/extensions/node/extensionHostProcess.js:46:67)
	at p.acceptChunk (/usr/lib/code-oss/resources/app/out/vs/workbench/services/extensions/node/extensionHostProcess.js:253:989)
	at /usr/lib/code-oss/resources/app/out/vs/workbench/services/extensions/node/extensionHostProcess.js:253:341
	at Socket.t (/usr/lib/code-oss/resources/app/out/vs/workbench/services/extensions/node/extensionHostProcess.js:263:276)
	at Socket.emit (events.js:223:5)
	at addChunk (_stream_readable.js:309:12)
	at readableAddChunk (_stream_readable.js:290:11)
	at Socket.Readable.push (_stream_readable.js:224:10)
	at Pipe.onStreamRead (internal/stream_base_commons.js:181:23)
["INFO" - 18:37:47] Enabling prettier for languages: ansible, css, graphql, home-assistant, html, javascript, javascriptreact, json, json5, jsonc, less, markdown, mdx, mongo, postcss, scss, typescript, typescriptreact, vue, yaml
["INFO" - 18:37:47] Enabling prettier for file extensions: .JSON-tmLanguage, ._js, .avsc, .bones, .cjs, .component.html, .css, .es, .es6, .frag, .geojson, .gltf, .gql, .graphql, .graphqls, .gs, .har, .htm, .html, .html.hl, .ice, .inc, .jake, .js, .js.flow, .jsb, .jscad, .jsfl, .jsm, .json, .json5, .jsonc, .jss, .jsx, .less, .markdown, .mcmeta, .md, .mdown, .mdwn, .mdx, .mir, .mjml, .mjs, .mkd, .mkdn, .mkdown, .njs, .pac, .pcss, .postcss, .reek, .ronn, .rviz, .scss, .sjs, .ssjs, .st, .sublime-build, .sublime-commands, .sublime-completions, .sublime-keymap, .sublime-macro, .sublime-menu, .sublime-mousemap, .sublime-project, .sublime-settings, .sublime-syntax, .sublime-theme, .sublime-workspace, .sublime_metrics, .sublime_session, .syntax, .tfstate, .tfstate.backup, .topojson, .ts, .tsx, .vue, .webapp, .webmanifest, .workbook, .wxs, .wxss, .xht, .xhtml, .xsjs, .xsjslib, .yaml, .yaml-tmlanguage, .yaml.sed, .yml, .yml.mysql, .yy, .yyp
["INFO" - 18:37:47] Enabling prettier for range supported languages: graphql, javascript, javascriptreact, json, typescript, typescriptreact
["ERROR" - 18:37:47] Error loading node module 'prettier'
["ERROR" - 18:37:47] ENOENT: no such file or directory, open '/home/glaulher/Documentos/javascript/bootcamp/github.search/node_modules/prettier/index.js'
Error: ENOENT: no such file or directory, open '/home/glaulher/Documentos/javascript/bootcamp/github.search/node_modules/prettier/index.js'
	at Object.openSync (fs.js:440:3)
	at Object.func [as openSync] (electron/js2c/asar.js:140:31)
	at Object.readFileSync (fs.js:342:35)
	at Object.fs.readFileSync (electron/js2c/asar.js:542:40)
	at Object.Module._extensions..js (internal/modules/cjs/loader.js:1003:22)
	at Module.load (internal/modules/cjs/loader.js:815:32)
	at Module._load (internal/modules/cjs/loader.js:727:14)
	at Function.Module._load (electron/js2c/asar.js:769:28)
	at Function.t._load (/usr/lib/code-oss/resources/app/out/vs/workbench/services/extensions/node/extensionHostProcess.js:1064:776)
	at Function.i._load (/usr/lib/code-oss/resources/app/out/vs/workbench/services/extensions/node/extensionHostProcess.js:1034:665)
	at Function.n._load (/usr/lib/code-oss/resources/app/out/vs/workbench/services/extensions/node/extensionHostProcess.js:1030:844)
	at Module.require (internal/modules/cjs/loader.js:852:19)
	at require (internal/modules/cjs/helpers.js:74:18)
	at t.ModuleResolver.loadNodeModule (/home/glaulher/.vscode-oss/extensions/esbenp.prettier-vscode-5.8.0/dist/extension.js:1:8726)
	at t.ModuleResolver.requireLocalPkg (/home/glaulher/.vscode-oss/extensions/esbenp.prettier-vscode-5.8.0/dist/extension.js:1:7857)
	at t.ModuleResolver.getPrettierInstance (/home/glaulher/.vscode-oss/extensions/esbenp.prettier-vscode-5.8.0/dist/extension.js:1:6542)
	at t.LanguageResolver.getSupportLanguages (/home/glaulher/.vscode-oss/extensions/esbenp.prettier-vscode-5.8.0/dist/extension.js:1:4617)
	at t.LanguageResolver.getSupportedLanguages (/home/glaulher/.vscode-oss/extensions/esbenp.prettier-vscode-5.8.0/dist/extension.js:1:4148)
	at t.default.selectors (/home/glaulher/.vscode-oss/extensions/esbenp.prettier-vscode-5.8.0/dist/extension.js:1:13178)
	at registerFormatter (/home/glaulher/.vscode-oss/extensions/esbenp.prettier-vscode-5.8.0/dist/extension.js:1:12395)
	at E (/home/glaulher/.vscode-oss/extensions/esbenp.prettier-vscode-5.8.0/dist/extension.js:1:29690)
	at w (/home/glaulher/.vscode-oss/extensions/esbenp.prettier-vscode-5.8.0/dist/extension.js:1:29965)
	at Timeout.S [as _onTimeout] (/home/glaulher/.vscode-oss/extensions/esbenp.prettier-vscode-5.8.0/dist/extension.js:1:29855)
	at listOnTimeout (internal/timers.js:531:17)
	at processTimers (internal/timers.js:475:7)
["ERROR" - 18:37:47] Error loading node module 'prettier'
["ERROR" - 18:37:47] ENOENT: no such file or directory, open '/home/glaulher/Documentos/javascript/bootcamp/github.search/node_modules/prettier/index.js'
Error: ENOENT: no such file or directory, open '/home/glaulher/Documentos/javascript/bootcamp/github.search/node_modules/prettier/index.js'
	at Object.openSync (fs.js:440:3)
	at Object.func [as openSync] (electron/js2c/asar.js:140:31)
	at Object.readFileSync (fs.js:342:35)
	at Object.fs.readFileSync (electron/js2c/asar.js:542:40)
	at Object.Module._extensions..js (internal/modules/cjs/loader.js:1003:22)
	at Module.load (internal/modules/cjs/loader.js:815:32)
	at Module._load (internal/modules/cjs/loader.js:727:14)
	at Function.Module._load (electron/js2c/asar.js:769:28)
	at Function.t._load (/usr/lib/code-oss/resources/app/out/vs/workbench/services/extensions/node/extensionHostProcess.js:1064:776)
	at Function.i._load (/usr/lib/code-oss/resources/app/out/vs/workbench/services/extensions/node/extensionHostProcess.js:1034:665)
	at Function.n._load (/usr/lib/code-oss/resources/app/out/vs/workbench/services/extensions/node/extensionHostProcess.js:1030:844)
	at Module.require (internal/modules/cjs/loader.js:852:19)
	at require (internal/modules/cjs/helpers.js:74:18)
	at t.ModuleResolver.loadNodeModule (/home/glaulher/.vscode-oss/extensions/esbenp.prettier-vscode-5.8.0/dist/extension.js:1:8726)
	at t.ModuleResolver.requireLocalPkg (/home/glaulher/.vscode-oss/extensions/esbenp.prettier-vscode-5.8.0/dist/extension.js:1:7857)
	at t.ModuleResolver.getPrettierInstance (/home/glaulher/.vscode-oss/extensions/esbenp.prettier-vscode-5.8.0/dist/extension.js:1:6542)
	at t.LanguageResolver.getSupportLanguages (/home/glaulher/.vscode-oss/extensions/esbenp.prettier-vscode-5.8.0/dist/extension.js:1:4617)
	at t.LanguageResolver.getSupportedFileExtensions (/home/glaulher/.vscode-oss/extensions/esbenp.prettier-vscode-5.8.0/dist/extension.js:1:4449)
	at t.default.selectors (/home/glaulher/.vscode-oss/extensions/esbenp.prettier-vscode-5.8.0/dist/extension.js:1:13425)
	at registerFormatter (/home/glaulher/.vscode-oss/extensions/esbenp.prettier-vscode-5.8.0/dist/extension.js:1:12395)
	at E (/home/glaulher/.vscode-oss/extensions/esbenp.prettier-vscode-5.8.0/dist/extension.js:1:29690)
	at w (/home/glaulher/.vscode-oss/extensions/esbenp.prettier-vscode-5.8.0/dist/extension.js:1:29965)
	at Timeout.S [as _onTimeout] (/home/glaulher/.vscode-oss/extensions/esbenp.prettier-vscode-5.8.0/dist/extension.js:1:29855)
	at listOnTimeout (internal/timers.js:531:17)
	at processTimers (internal/timers.js:475:7)
["INFO" - 18:37:47] Enabling prettier for languages: ansible, css, graphql, home-assistant, html, javascript, javascriptreact, json, json5, jsonc, less, markdown, mdx, mongo, postcss, scss, typescript, typescriptreact, vue, yaml
["INFO" - 18:37:47] Enabling prettier for file extensions: .JSON-tmLanguage, ._js, .avsc, .bones, .cjs, .component.html, .css, .es, .es6, .frag, .geojson, .gltf, .gql, .graphql, .graphqls, .gs, .har, .htm, .html, .html.hl, .ice, .inc, .jake, .js, .js.flow, .jsb, .jscad, .jsfl, .jsm, .json, .json5, .jsonc, .jss, .jsx, .less, .markdown, .mcmeta, .md, .mdown, .mdwn, .mdx, .mir, .mjml, .mjs, .mkd, .mkdn, .mkdown, .njs, .pac, .pcss, .postcss, .reek, .ronn, .rviz, .scss, .sjs, .ssjs, .st, .sublime-build, .sublime-commands, .sublime-completions, .sublime-keymap, .sublime-macro, .sublime-menu, .sublime-mousemap, .sublime-project, .sublime-settings, .sublime-syntax, .sublime-theme, .sublime-workspace, .sublime_metrics, .sublime_session, .syntax, .tfstate, .tfstate.backup, .topojson, .ts, .tsx, .vue, .webapp, .webmanifest, .workbook, .wxs, .wxss, .xht, .xhtml, .xsjs, .xsjslib, .yaml, .yaml-tmlanguage, .yaml.sed, .yml, .yml.mysql, .yy, .yyp
["INFO" - 18:37:47] Enabling prettier for range supported languages: graphql, javascript, javascriptreact, json, typescript, typescriptreact
["ERROR" - 18:38:47] Error loading node module 'prettier'
["ERROR" - 18:38:47] ENOENT: no such file or directory, open '/home/glaulher/Documentos/javascript/bootcamp/github.search/node_modules/prettier/index.js'
Error: ENOENT: no such file or directory, open '/home/glaulher/Documentos/javascript/bootcamp/github.search/node_modules/prettier/index.js'
	at Object.openSync (fs.js:440:3)
	at Object.func [as openSync] (electron/js2c/asar.js:140:31)
	at Object.readFileSync (fs.js:342:35)
	at Object.fs.readFileSync (electron/js2c/asar.js:542:40)
	at Object.Module._extensions..js (internal/modules/cjs/loader.js:1003:22)
	at Module.load (internal/modules/cjs/loader.js:815:32)
	at Module._load (internal/modules/cjs/loader.js:727:14)
	at Function.Module._load (electron/js2c/asar.js:769:28)
	at Function.t._load (/usr/lib/code-oss/resources/app/out/vs/workbench/services/extensions/node/extensionHostProcess.js:1064:776)
	at Function.i._load (/usr/lib/code-oss/resources/app/out/vs/workbench/services/extensions/node/extensionHostProcess.js:1034:665)
	at Function.n._load (/usr/lib/code-oss/resources/app/out/vs/workbench/services/extensions/node/extensionHostProcess.js:1030:844)
	at Module.require (internal/modules/cjs/loader.js:852:19)
	at require (internal/modules/cjs/helpers.js:74:18)
	at t.ModuleResolver.loadNodeModule (/home/glaulher/.vscode-oss/extensions/esbenp.prettier-vscode-5.8.0/dist/extension.js:1:8726)
	at t.ModuleResolver.requireLocalPkg (/home/glaulher/.vscode-oss/extensions/esbenp.prettier-vscode-5.8.0/dist/extension.js:1:7857)
	at t.ModuleResolver.getPrettierInstance (/home/glaulher/.vscode-oss/extensions/esbenp.prettier-vscode-5.8.0/dist/extension.js:1:6542)
	at t.LanguageResolver.getSupportLanguages (/home/glaulher/.vscode-oss/extensions/esbenp.prettier-vscode-5.8.0/dist/extension.js:1:4617)
	at t.LanguageResolver.getSupportedLanguages (/home/glaulher/.vscode-oss/extensions/esbenp.prettier-vscode-5.8.0/dist/extension.js:1:4148)
	at t.default.selectors (/home/glaulher/.vscode-oss/extensions/esbenp.prettier-vscode-5.8.0/dist/extension.js:1:13178)
	at registerFormatter (/home/glaulher/.vscode-oss/extensions/esbenp.prettier-vscode-5.8.0/dist/extension.js:1:12395)
	at E (/home/glaulher/.vscode-oss/extensions/esbenp.prettier-vscode-5.8.0/dist/extension.js:1:29690)
	at y (/home/glaulher/.vscode-oss/extensions/esbenp.prettier-vscode-5.8.0/dist/extension.js:1:29746)
	at R (/home/glaulher/.vscode-oss/extensions/esbenp.prettier-vscode-5.8.0/dist/extension.js:1:30065)
	at l.fire (/usr/lib/code-oss/resources/app/out/vs/workbench/services/extensions/node/extensionHostProcess.js:46:67)
	at /usr/lib/code-oss/resources/app/out/vs/workbench/services/extensions/node/extensionHostProcess.js:732:33
	at l.fire (/usr/lib/code-oss/resources/app/out/vs/workbench/services/extensions/node/extensionHostProcess.js:46:67)
	at t.ExtHostFileSystemEventService.$onFileEvent (/usr/lib/code-oss/resources/app/out/vs/workbench/services/extensions/node/extensionHostProcess.js:733:315)
	at g._doInvokeHandler (/usr/lib/code-oss/resources/app/out/vs/workbench/services/extensions/node/extensionHostProcess.js:876:926)
	at g._invokeHandler (/usr/lib/code-oss/resources/app/out/vs/workbench/services/extensions/node/extensionHostProcess.js:876:618)
	at g._receiveRequest (/usr/lib/code-oss/resources/app/out/vs/workbench/services/extensions/node/extensionHostProcess.js:875:252)
	at g._receiveOneMessage (/usr/lib/code-oss/resources/app/out/vs/workbench/services/extensions/node/extensionHostProcess.js:874:6)
	at /usr/lib/code-oss/resources/app/out/vs/workbench/services/extensions/node/extensionHostProcess.js:872:136
	at l.fire (/usr/lib/code-oss/resources/app/out/vs/workbench/services/extensions/node/extensionHostProcess.js:46:67)
	at v.fire (/usr/lib/code-oss/resources/app/out/vs/workbench/services/extensions/node/extensionHostProcess.js:256:601)
	at /usr/lib/code-oss/resources/app/out/vs/workbench/services/extensions/node/extensionHostProcess.js:1066:179
	at l.fire (/usr/lib/code-oss/resources/app/out/vs/workbench/services/extensions/node/extensionHostProcess.js:46:67)
	at v.fire (/usr/lib/code-oss/resources/app/out/vs/workbench/services/extensions/node/extensionHostProcess.js:256:601)
	at t.PersistentProtocol._receiveMessage (/usr/lib/code-oss/resources/app/out/vs/workbench/services/extensions/node/extensionHostProcess.js:261:629)
	at /usr/lib/code-oss/resources/app/out/vs/workbench/services/extensions/node/extensionHostProcess.js:258:708
	at l.fire (/usr/lib/code-oss/resources/app/out/vs/workbench/services/extensions/node/extensionHostProcess.js:46:67)
	at p.acceptChunk (/usr/lib/code-oss/resources/app/out/vs/workbench/services/extensions/node/extensionHostProcess.js:253:989)
	at /usr/lib/code-oss/resources/app/out/vs/workbench/services/extensions/node/extensionHostProcess.js:253:341
	at Socket.t (/usr/lib/code-oss/resources/app/out/vs/workbench/services/extensions/node/extensionHostProcess.js:263:276)
	at Socket.emit (events.js:223:5)
	at addChunk (_stream_readable.js:309:12)
	at readableAddChunk (_stream_readable.js:290:11)
	at Socket.Readable.push (_stream_readable.js:224:10)
	at Pipe.onStreamRead (internal/stream_base_commons.js:181:23)
["ERROR" - 18:38:47] Error loading node module 'prettier'
["ERROR" - 18:38:47] ENOENT: no such file or directory, open '/home/glaulher/Documentos/javascript/bootcamp/github.search/node_modules/prettier/index.js'
Error: ENOENT: no such file or directory, open '/home/glaulher/Documentos/javascript/bootcamp/github.search/node_modules/prettier/index.js'
	at Object.openSync (fs.js:440:3)
	at Object.func [as openSync] (electron/js2c/asar.js:140:31)
	at Object.readFileSync (fs.js:342:35)
	at Object.fs.readFileSync (electron/js2c/asar.js:542:40)
	at Object.Module._extensions..js (internal/modules/cjs/loader.js:1003:22)
	at Module.load (internal/modules/cjs/loader.js:815:32)
	at Module._load (internal/modules/cjs/loader.js:727:14)
	at Function.Module._load (electron/js2c/asar.js:769:28)
	at Function.t._load (/usr/lib/code-oss/resources/app/out/vs/workbench/services/extensions/node/extensionHostProcess.js:1064:776)
	at Function.i._load (/usr/lib/code-oss/resources/app/out/vs/workbench/services/extensions/node/extensionHostProcess.js:1034:665)
	at Function.n._load (/usr/lib/code-oss/resources/app/out/vs/workbench/services/extensions/node/extensionHostProcess.js:1030:844)
	at Module.require (internal/modules/cjs/loader.js:852:19)
	at require (internal/modules/cjs/helpers.js:74:18)
	at t.ModuleResolver.loadNodeModule (/home/glaulher/.vscode-oss/extensions/esbenp.prettier-vscode-5.8.0/dist/extension.js:1:8726)
	at t.ModuleResolver.requireLocalPkg (/home/glaulher/.vscode-oss/extensions/esbenp.prettier-vscode-5.8.0/dist/extension.js:1:7857)
	at t.ModuleResolver.getPrettierInstance (/home/glaulher/.vscode-oss/extensions/esbenp.prettier-vscode-5.8.0/dist/extension.js:1:6542)
	at t.LanguageResolver.getSupportLanguages (/home/glaulher/.vscode-oss/extensions/esbenp.prettier-vscode-5.8.0/dist/extension.js:1:4617)
	at t.LanguageResolver.getSupportedFileExtensions (/home/glaulher/.vscode-oss/extensions/esbenp.prettier-vscode-5.8.0/dist/extension.js:1:4449)
	at t.default.selectors (/home/glaulher/.vscode-oss/extensions/esbenp.prettier-vscode-5.8.0/dist/extension.js:1:13425)
	at registerFormatter (/home/glaulher/.vscode-oss/extensions/esbenp.prettier-vscode-5.8.0/dist/extension.js:1:12395)
	at E (/home/glaulher/.vscode-oss/extensions/esbenp.prettier-vscode-5.8.0/dist/extension.js:1:29690)
	at y (/home/glaulher/.vscode-oss/extensions/esbenp.prettier-vscode-5.8.0/dist/extension.js:1:29746)
	at R (/home/glaulher/.vscode-oss/extensions/esbenp.prettier-vscode-5.8.0/dist/extension.js:1:30065)
	at l.fire (/usr/lib/code-oss/resources/app/out/vs/workbench/services/extensions/node/extensionHostProcess.js:46:67)
	at /usr/lib/code-oss/resources/app/out/vs/workbench/services/extensions/node/extensionHostProcess.js:732:33
	at l.fire (/usr/lib/code-oss/resources/app/out/vs/workbench/services/extensions/node/extensionHostProcess.js:46:67)
	at t.ExtHostFileSystemEventService.$onFileEvent (/usr/lib/code-oss/resources/app/out/vs/workbench/services/extensions/node/extensionHostProcess.js:733:315)
	at g._doInvokeHandler (/usr/lib/code-oss/resources/app/out/vs/workbench/services/extensions/node/extensionHostProcess.js:876:926)
	at g._invokeHandler (/usr/lib/code-oss/resources/app/out/vs/workbench/services/extensions/node/extensionHostProcess.js:876:618)
	at g._receiveRequest (/usr/lib/code-oss/resources/app/out/vs/workbench/services/extensions/node/extensionHostProcess.js:875:252)
	at g._receiveOneMessage (/usr/lib/code-oss/resources/app/out/vs/workbench/services/extensions/node/extensionHostProcess.js:874:6)
	at /usr/lib/code-oss/resources/app/out/vs/workbench/services/extensions/node/extensionHostProcess.js:872:136
	at l.fire (/usr/lib/code-oss/resources/app/out/vs/workbench/services/extensions/node/extensionHostProcess.js:46:67)
	at v.fire (/usr/lib/code-oss/resources/app/out/vs/workbench/services/extensions/node/extensionHostProcess.js:256:601)
	at /usr/lib/code-oss/resources/app/out/vs/workbench/services/extensions/node/extensionHostProcess.js:1066:179
	at l.fire (/usr/lib/code-oss/resources/app/out/vs/workbench/services/extensions/node/extensionHostProcess.js:46:67)
	at v.fire (/usr/lib/code-oss/resources/app/out/vs/workbench/services/extensions/node/extensionHostProcess.js:256:601)
	at t.PersistentProtocol._receiveMessage (/usr/lib/code-oss/resources/app/out/vs/workbench/services/extensions/node/extensionHostProcess.js:261:629)
	at /usr/lib/code-oss/resources/app/out/vs/workbench/services/extensions/node/extensionHostProcess.js:258:708
	at l.fire (/usr/lib/code-oss/resources/app/out/vs/workbench/services/extensions/node/extensionHostProcess.js:46:67)
	at p.acceptChunk (/usr/lib/code-oss/resources/app/out/vs/workbench/services/extensions/node/extensionHostProcess.js:253:989)
	at /usr/lib/code-oss/resources/app/out/vs/workbench/services/extensions/node/extensionHostProcess.js:253:341
	at Socket.t (/usr/lib/code-oss/resources/app/out/vs/workbench/services/extensions/node/extensionHostProcess.js:263:276)
	at Socket.emit (events.js:223:5)
	at addChunk (_stream_readable.js:309:12)
	at readableAddChunk (_stream_readable.js:290:11)
	at Socket.Readable.push (_stream_readable.js:224:10)
	at Pipe.onStreamRead (internal/stream_base_commons.js:181:23)
["INFO" - 18:38:47] Enabling prettier for languages: ansible, css, graphql, home-assistant, html, javascript, javascriptreact, json, json5, jsonc, less, markdown, mdx, mongo, postcss, scss, typescript, typescriptreact, vue, yaml
["INFO" - 18:38:47] Enabling prettier for file extensions: .JSON-tmLanguage, ._js, .avsc, .bones, .cjs, .component.html, .css, .es, .es6, .frag, .geojson, .gltf, .gql, .graphql, .graphqls, .gs, .har, .htm, .html, .html.hl, .ice, .inc, .jake, .js, .js.flow, .jsb, .jscad, .jsfl, .jsm, .json, .json5, .jsonc, .jss, .jsx, .less, .markdown, .mcmeta, .md, .mdown, .mdwn, .mdx, .mir, .mjml, .mjs, .mkd, .mkdn, .mkdown, .njs, .pac, .pcss, .postcss, .reek, .ronn, .rviz, .scss, .sjs, .ssjs, .st, .sublime-build, .sublime-commands, .sublime-completions, .sublime-keymap, .sublime-macro, .sublime-menu, .sublime-mousemap, .sublime-project, .sublime-settings, .sublime-syntax, .sublime-theme, .sublime-workspace, .sublime_metrics, .sublime_session, .syntax, .tfstate, .tfstate.backup, .topojson, .ts, .tsx, .vue, .webapp, .webmanifest, .workbook, .wxs, .wxss, .xht, .xhtml, .xsjs, .xsjslib, .yaml, .yaml-tmlanguage, .yaml.sed, .yml, .yml.mysql, .yy, .yyp
["INFO" - 18:38:47] Enabling prettier for range supported languages: graphql, javascript, javascriptreact, json, typescript, typescriptreact
["ERROR" - 18:38:48] Error loading node module 'prettier'
["ERROR" - 18:38:48] ENOENT: no such file or directory, open '/home/glaulher/Documentos/javascript/bootcamp/github.search/node_modules/prettier/index.js'
Error: ENOENT: no such file or directory, open '/home/glaulher/Documentos/javascript/bootcamp/github.search/node_modules/prettier/index.js'
	at Object.openSync (fs.js:440:3)
	at Object.func [as openSync] (electron/js2c/asar.js:140:31)
	at Object.readFileSync (fs.js:342:35)
	at Object.fs.readFileSync (electron/js2c/asar.js:542:40)
	at Object.Module._extensions..js (internal/modules/cjs/loader.js:1003:22)
	at Module.load (internal/modules/cjs/loader.js:815:32)
	at Module._load (internal/modules/cjs/loader.js:727:14)
	at Function.Module._load (electron/js2c/asar.js:769:28)
	at Function.t._load (/usr/lib/code-oss/resources/app/out/vs/workbench/services/extensions/node/extensionHostProcess.js:1064:776)
	at Function.i._load (/usr/lib/code-oss/resources/app/out/vs/workbench/services/extensions/node/extensionHostProcess.js:1034:665)
	at Function.n._load (/usr/lib/code-oss/resources/app/out/vs/workbench/services/extensions/node/extensionHostProcess.js:1030:844)
	at Module.require (internal/modules/cjs/loader.js:852:19)
	at require (internal/modules/cjs/helpers.js:74:18)
	at t.ModuleResolver.loadNodeModule (/home/glaulher/.vscode-oss/extensions/esbenp.prettier-vscode-5.8.0/dist/extension.js:1:8726)
	at t.ModuleResolver.requireLocalPkg (/home/glaulher/.vscode-oss/extensions/esbenp.prettier-vscode-5.8.0/dist/extension.js:1:7857)
	at t.ModuleResolver.getPrettierInstance (/home/glaulher/.vscode-oss/extensions/esbenp.prettier-vscode-5.8.0/dist/extension.js:1:6542)
	at t.LanguageResolver.getSupportLanguages (/home/glaulher/.vscode-oss/extensions/esbenp.prettier-vscode-5.8.0/dist/extension.js:1:4617)
	at t.LanguageResolver.getSupportedLanguages (/home/glaulher/.vscode-oss/extensions/esbenp.prettier-vscode-5.8.0/dist/extension.js:1:4148)
	at t.default.selectors (/home/glaulher/.vscode-oss/extensions/esbenp.prettier-vscode-5.8.0/dist/extension.js:1:13178)
	at registerFormatter (/home/glaulher/.vscode-oss/extensions/esbenp.prettier-vscode-5.8.0/dist/extension.js:1:12395)
	at E (/home/glaulher/.vscode-oss/extensions/esbenp.prettier-vscode-5.8.0/dist/extension.js:1:29690)
	at w (/home/glaulher/.vscode-oss/extensions/esbenp.prettier-vscode-5.8.0/dist/extension.js:1:29965)
	at Timeout.S [as _onTimeout] (/home/glaulher/.vscode-oss/extensions/esbenp.prettier-vscode-5.8.0/dist/extension.js:1:29855)
	at listOnTimeout (internal/timers.js:531:17)
	at processTimers (internal/timers.js:475:7)
["ERROR" - 18:38:48] Error loading node module 'prettier'
["ERROR" - 18:38:48] ENOENT: no such file or directory, open '/home/glaulher/Documentos/javascript/bootcamp/github.search/node_modules/prettier/index.js'
Error: ENOENT: no such file or directory, open '/home/glaulher/Documentos/javascript/bootcamp/github.search/node_modules/prettier/index.js'
	at Object.openSync (fs.js:440:3)
	at Object.func [as openSync] (electron/js2c/asar.js:140:31)
	at Object.readFileSync (fs.js:342:35)
	at Object.fs.readFileSync (electron/js2c/asar.js:542:40)
	at Object.Module._extensions..js (internal/modules/cjs/loader.js:1003:22)
	at Module.load (internal/modules/cjs/loader.js:815:32)
	at Module._load (internal/modules/cjs/loader.js:727:14)
	at Function.Module._load (electron/js2c/asar.js:769:28)
	at Function.t._load (/usr/lib/code-oss/resources/app/out/vs/workbench/services/extensions/node/extensionHostProcess.js:1064:776)
	at Function.i._load (/usr/lib/code-oss/resources/app/out/vs/workbench/services/extensions/node/extensionHostProcess.js:1034:665)
	at Function.n._load (/usr/lib/code-oss/resources/app/out/vs/workbench/services/extensions/node/extensionHostProcess.js:1030:844)
	at Module.require (internal/modules/cjs/loader.js:852:19)
	at require (internal/modules/cjs/helpers.js:74:18)
	at t.ModuleResolver.loadNodeModule (/home/glaulher/.vscode-oss/extensions/esbenp.prettier-vscode-5.8.0/dist/extension.js:1:8726)
	at t.ModuleResolver.requireLocalPkg (/home/glaulher/.vscode-oss/extensions/esbenp.prettier-vscode-5.8.0/dist/extension.js:1:7857)
	at t.ModuleResolver.getPrettierInstance (/home/glaulher/.vscode-oss/extensions/esbenp.prettier-vscode-5.8.0/dist/extension.js:1:6542)
	at t.LanguageResolver.getSupportLanguages (/home/glaulher/.vscode-oss/extensions/esbenp.prettier-vscode-5.8.0/dist/extension.js:1:4617)
	at t.LanguageResolver.getSupportedFileExtensions (/home/glaulher/.vscode-oss/extensions/esbenp.prettier-vscode-5.8.0/dist/extension.js:1:4449)
	at t.default.selectors (/home/glaulher/.vscode-oss/extensions/esbenp.prettier-vscode-5.8.0/dist/extension.js:1:13425)
	at registerFormatter (/home/glaulher/.vscode-oss/extensions/esbenp.prettier-vscode-5.8.0/dist/extension.js:1:12395)
	at E (/home/glaulher/.vscode-oss/extensions/esbenp.prettier-vscode-5.8.0/dist/extension.js:1:29690)
	at w (/home/glaulher/.vscode-oss/extensions/esbenp.prettier-vscode-5.8.0/dist/extension.js:1:29965)
	at Timeout.S [as _onTimeout] (/home/glaulher/.vscode-oss/extensions/esbenp.prettier-vscode-5.8.0/dist/extension.js:1:29855)
	at listOnTimeout (internal/timers.js:531:17)
	at processTimers (internal/timers.js:475:7)
["INFO" - 18:38:48] Enabling prettier for languages: ansible, css, graphql, home-assistant, html, javascript, javascriptreact, json, json5, jsonc, less, markdown, mdx, mongo, postcss, scss, typescript, typescriptreact, vue, yaml
["INFO" - 18:38:48] Enabling prettier for file extensions: .JSON-tmLanguage, ._js, .avsc, .bones, .cjs, .component.html, .css, .es, .es6, .frag, .geojson, .gltf, .gql, .graphql, .graphqls, .gs, .har, .htm, .html, .html.hl, .ice, .inc, .jake, .js, .js.flow, .jsb, .jscad, .jsfl, .jsm, .json, .json5, .jsonc, .jss, .jsx, .less, .markdown, .mcmeta, .md, .mdown, .mdwn, .mdx, .mir, .mjml, .mjs, .mkd, .mkdn, .mkdown, .njs, .pac, .pcss, .postcss, .reek, .ronn, .rviz, .scss, .sjs, .ssjs, .st, .sublime-build, .sublime-commands, .sublime-completions, .sublime-keymap, .sublime-macro, .sublime-menu, .sublime-mousemap, .sublime-project, .sublime-settings, .sublime-syntax, .sublime-theme, .sublime-workspace, .sublime_metrics, .sublime_session, .syntax, .tfstate, .tfstate.backup, .topojson, .ts, .tsx, .vue, .webapp, .webmanifest, .workbook, .wxs, .wxss, .xht, .xhtml, .xsjs, .xsjslib, .yaml, .yaml-tmlanguage, .yaml.sed, .yml, .yml.mysql, .yy, .yyp
["INFO" - 18:38:48] Enabling prettier for range supported languages: graphql, javascript, javascriptreact, json, typescript, typescriptreact
