Initializing document watcher...
backend/package.json: {}
backend/package.json: {}
backend/package.json: {}
backend/package.json: {}
backend/package.json: {}
backend/src/index.js: {}
backend/src/index.js: {}
backend/src/index.js: {}
backend/src/index.js: {}
backend/src/index.js: {}
backend/src/index.js: {}
backend/src/index.js: {}
backend/src/index.js: Using EditorConfig core...
backend/src/index.js: Using EditorConfig core...
backend/src/index.js: Using EditorConfig core...
backend/src/index.js: Using EditorConfig core...
backend/src/index.js: {}
backend/src/index.js: {}
backend/src/index.js: {}
backend/src/index.js: Using EditorConfig core...
backend/src/index.js: {}
backend/src/index.js: {}
backend/src/index.js: {}
backend/src/index.js: Using EditorConfig core...
backend/src/index.js: {}
backend/src/index.js: Using EditorConfig core...
backend/src/index.js: {}
backend/src/index.js: {}
backend/src/index.js: {}
backend/src/index.js: {}
backend/src/index.js: {}
backend/package.json: {}
backend/package.json: {}
backend/package.json: {}
backend/package.json: {}
backend/src/index.js: {}
backend/src/index.js: Using EditorConfig core...
backend/src/index.js: {}
backend/package.json: {}
backend/package.json: {}
backend/package.json: {}
backend/package.json: Using EditorConfig core...
backend/package.json: Using EditorConfig core...
backend/package.json: {}
backend/package.json: {}
backend/package.json: {}
backend/package.json: {}
backend/src/index.js: {}
backend/src/index.js: {}
backend/src/index.js: {}
backend/src/index.js: Using EditorConfig core...
backend/src/index.js: {}
backend/src/index.js: {}
backend/src/index.js: {}
backend/src/index.js: {}
backend/src/index.js: {}
backend/src/index.js: {}
backend/src/index.js: Using EditorConfig core...
backend/src/index.js: {}
backend/src/index.js: Using EditorConfig core...
backend/src/index.js: {}
backend/src/index.js: {}
backend/src/index.js: Using EditorConfig core...
backend/src/index.js: {}
backend/src/index.js: {}
backend/src/index.js: Using EditorConfig core...
backend/src/index.js: {}
backend/src/index.js: Using EditorConfig core...
backend/src/index.js: {}
backend/src/index.js: {}
backend/src/index.js: Using EditorConfig core...
backend/src/index.js: {}
backend/src/index.js: {}
backend/src/index.js: {}
backend/src/index.js: Using EditorConfig core...
backend/src/index.js: Using EditorConfig core...
backend/src/index.js: {}
backend/src/index.js: {}
backend/src/index.js: {}
backend/src/index.js: {}
backend/src/index.js: {}
backend/src/index.js: {}
