Initializing document watcher...
github.search/src/components/ListIssue/index.tsx: Using EditorConfig core...
src/components/ListIssue/index.tsx: editor.action.trimTrailingWhitespace
github.search/src/components/ListIssue/index.tsx: Using EditorConfig core...
src/components/ListIssue/index.tsx: editor.action.trimTrailingWhitespace
github.search/src/pages/Repository/index.tsx: {"insertSpaces":true,"tabSize":2}
github.search/src/components/ListIssue/index.tsx: {"insertSpaces":true,"tabSize":2}
github.search/src/components/ListIssue/index.tsx: {"insertSpaces":true,"tabSize":2}
github.search/src/components/ListIssue/index.tsx: Using EditorConfig core...
src/components/ListIssue/index.tsx: editor.action.trimTrailingWhitespace
github.search/src/components/ListIssue/index.tsx: {"insertSpaces":true,"tabSize":2}
github.search/src/components/ListIssue/index.tsx: Using EditorConfig core...
src/components/ListIssue/index.tsx: editor.action.trimTrailingWhitespace
github.search/src/components/ListIssue/index.tsx: Using EditorConfig core...
src/components/ListIssue/index.tsx: editor.action.trimTrailingWhitespace
github.search/src/components/ListIssue/index.tsx: Using EditorConfig core...
src/components/ListIssue/index.tsx: editor.action.trimTrailingWhitespace
github.search/src/components/ListIssue/index.tsx: Using EditorConfig core...
src/components/ListIssue/index.tsx: editor.action.trimTrailingWhitespace
github.search/src/components/ListIssue/index.tsx: Using EditorConfig core...
src/components/ListIssue/index.tsx: editor.action.trimTrailingWhitespace
github.search/src/components/ListIssue/index.tsx: Using EditorConfig core...
src/components/ListIssue/index.tsx: editor.action.trimTrailingWhitespace
github.search/src/components/ListIssue/index.tsx: Using EditorConfig core...
src/components/ListIssue/index.tsx: editor.action.trimTrailingWhitespace
github.search/src/components/ListIssue/index.tsx: Using EditorConfig core...
src/components/ListIssue/index.tsx: editor.action.trimTrailingWhitespace
github.search/src/components/ListIssue/index.tsx: Using EditorConfig core...
src/components/ListIssue/index.tsx: editor.action.trimTrailingWhitespace
github.search/src/components/ListIssue/index.tsx: Using EditorConfig core...
src/components/ListIssue/index.tsx: editor.action.trimTrailingWhitespace
github.search/src/components/ListIssue/index.tsx: {"insertSpaces":true,"tabSize":2}
github.search/src/components/ListIssue/index.tsx: {"insertSpaces":true,"tabSize":2}
github.search/src/components/ListIssue/index.tsx: Using EditorConfig core...
src/components/ListIssue/index.tsx: editor.action.trimTrailingWhitespace
github.search/src/components/ListIssue/index.tsx: Using EditorConfig core...
src/components/ListIssue/index.tsx: editor.action.trimTrailingWhitespace
github.search/src/components/ListIssue/index.tsx: Using EditorConfig core...
src/components/ListIssue/index.tsx: editor.action.trimTrailingWhitespace
github.search/src/components/ListIssue/index.tsx: {"insertSpaces":true,"tabSize":2}
github.search/src/components/ListIssue/index.tsx: Using EditorConfig core...
src/components/ListIssue/index.tsx: editor.action.trimTrailingWhitespace
github.search/src/components/ListIssue/index.tsx: {"insertSpaces":true,"tabSize":2}
github.search/src/components/ListIssue/index.tsx: {"insertSpaces":true,"tabSize":2}
github.search/src/components/ListIssue/index.tsx: Using EditorConfig core...
src/components/ListIssue/index.tsx: editor.action.trimTrailingWhitespace
github.search/src/components/ListIssue/index.tsx: {"insertSpaces":true,"tabSize":2}
github.search/src/components/ListIssue/index.tsx: Using EditorConfig core...
src/components/ListIssue/index.tsx: editor.action.trimTrailingWhitespace
github.search/src/components/ListIssue/index.tsx: {"insertSpaces":true,"tabSize":2}
github.search/src/components/ListIssue/index.tsx: {"insertSpaces":true,"tabSize":2}
github.search/src/components/ListIssue/index.tsx: {"insertSpaces":true,"tabSize":2}
github.search/src/components/ListIssue/index.tsx: Using EditorConfig core...
src/components/ListIssue/index.tsx: editor.action.trimTrailingWhitespace
github.search/src/components/ListIssue/index.tsx: {"insertSpaces":true,"tabSize":2}
github.search/src/components/ListIssue/index.tsx: Using EditorConfig core...
src/components/ListIssue/index.tsx: editor.action.trimTrailingWhitespace
github.search/src/components/ListIssue/index.tsx: {"insertSpaces":true,"tabSize":2}
github.search/src/components/ListIssue/index.tsx: Using EditorConfig core...
src/components/ListIssue/index.tsx: editor.action.trimTrailingWhitespace
github.search/src/components/ListIssue/index.tsx: {"insertSpaces":true,"tabSize":2}
github.search/src/components/ListIssue/index.tsx: Using EditorConfig core...
src/components/ListIssue/index.tsx: editor.action.trimTrailingWhitespace
github.search/src/components/ListIssue/index.tsx: Using EditorConfig core...
src/components/ListIssue/index.tsx: editor.action.trimTrailingWhitespace
github.search/src/components/ListIssue/index.tsx: {"insertSpaces":true,"tabSize":2}
github.search/src/components/ListIssue/index.tsx: {"insertSpaces":true,"tabSize":2}
github.search/src/routes/index.tsx: {"insertSpaces":true,"tabSize":2}
github.search/src/pages/Repository/index.tsx: {"insertSpaces":true,"tabSize":2}
github.search/src/pages/Repository/index.tsx: Using EditorConfig core...
src/pages/Repository/index.tsx: editor.action.trimTrailingWhitespace
github.search/src/pages/Repository/index.tsx: Using EditorConfig core...
src/pages/Repository/index.tsx: editor.action.trimTrailingWhitespace
github.search/src/pages/Repository/index.tsx: {"insertSpaces":true,"tabSize":2}
github.search/src/pages/Repository/index.tsx: {"insertSpaces":true,"tabSize":2}
github.search/src/pages/Repository/index.tsx: Using EditorConfig core...
src/pages/Repository/index.tsx: editor.action.trimTrailingWhitespace
github.search/src/pages/Repository/index.tsx: {"insertSpaces":true,"tabSize":2}
github.search/src/pages/Repository/index.tsx: Using EditorConfig core...
src/pages/Repository/index.tsx: editor.action.trimTrailingWhitespace
github.search/src/pages/Repository/index.tsx: {"insertSpaces":true,"tabSize":2}
github.search/src/pages/Dashboard/index.tsx: {"insertSpaces":true,"tabSize":2}
github.search/src/pages/Repository/index.tsx: {"insertSpaces":true,"tabSize":2}
github.search/src/pages/Repository/index.tsx: Using EditorConfig core...
src/pages/Repository/index.tsx: editor.action.trimTrailingWhitespace
github.search/src/pages/Dashboard/index.tsx: {"insertSpaces":true,"tabSize":2}
github.search/src/pages/Dashboard/index.tsx: Using EditorConfig core...
src/pages/Dashboard/index.tsx: editor.action.trimTrailingWhitespace
github.search/src/pages/Dashboard/index.tsx: {"insertSpaces":true,"tabSize":2}
github.search/src/pages/Dashboard/index.tsx: Using EditorConfig core...
src/pages/Dashboard/index.tsx: editor.action.trimTrailingWhitespace
github.search/src/pages/Repository/index.tsx: {"insertSpaces":true,"tabSize":2}
github.search/src/pages/Repository/index.tsx: Using EditorConfig core...
src/pages/Repository/index.tsx: editor.action.trimTrailingWhitespace
github.search/src/pages/Repository/index.tsx: Using EditorConfig core...
src/pages/Repository/index.tsx: editor.action.trimTrailingWhitespace
github.search/src/components/ListIssue/index.tsx: {"insertSpaces":true,"tabSize":2}
github.search/src/components/ListIssue/index.tsx: Using EditorConfig core...
src/components/ListIssue/index.tsx: editor.action.trimTrailingWhitespace
github.search/src/components/ListIssue/index.tsx: {"insertSpaces":true,"tabSize":2}
github.search/src/components/ListIssue/index.tsx: {"insertSpaces":true,"tabSize":2}
github.search/src/components/ListIssue/index.tsx: {"insertSpaces":true,"tabSize":2}
github.search/src/components/ListIssue/index.tsx: Using EditorConfig core...
src/components/ListIssue/index.tsx: editor.action.trimTrailingWhitespace
github.search/src/components/ListIssue/index.tsx: {"insertSpaces":true,"tabSize":2}
github.search/src/components/ListIssue/index.tsx: {"insertSpaces":true,"tabSize":2}
github.search/src/components/ListIssue/index.tsx: Using EditorConfig core...
src/components/ListIssue/index.tsx: editor.action.trimTrailingWhitespace
github.search/src/components/ListIssue/index.tsx: {"insertSpaces":true,"tabSize":2}
github.search/src/components/ListIssue/index.tsx: Using EditorConfig core...
src/components/ListIssue/index.tsx: editor.action.trimTrailingWhitespace
github.search/src/components/ListIssue/index.tsx: {"insertSpaces":true,"tabSize":2}
github.search/src/components/ListIssue/index.tsx: Using EditorConfig core...
src/components/ListIssue/index.tsx: editor.action.trimTrailingWhitespace
github.search/src/components/ListIssue/index.tsx: {"insertSpaces":true,"tabSize":2}
github.search/src/components/ListIssue/index.tsx: {"insertSpaces":true,"tabSize":2}
github.search/src/components/ListIssue/index.tsx: Using EditorConfig core...
src/components/ListIssue/index.tsx: editor.action.trimTrailingWhitespace
github.search/src/components/ListIssue/index.tsx: {"insertSpaces":true,"tabSize":2}
github.search/src/components/ListIssue/index.tsx: Using EditorConfig core...
src/components/ListIssue/index.tsx: editor.action.trimTrailingWhitespace
github.search/src/components/ListIssue/index.tsx: {"insertSpaces":true,"tabSize":2}
github.search/src/components/ListIssue/index.tsx: Using EditorConfig core...
src/components/ListIssue/index.tsx: editor.action.trimTrailingWhitespace
github.search/src/components/ListIssue/index.tsx: Using EditorConfig core...
src/components/ListIssue/index.tsx: editor.action.trimTrailingWhitespace
github.search/src/components/ListIssue/index.tsx: Using EditorConfig core...
src/components/ListIssue/index.tsx: editor.action.trimTrailingWhitespace
github.search/src/components/ListIssue/index.tsx: Using EditorConfig core...
src/components/ListIssue/index.tsx: editor.action.trimTrailingWhitespace
github.search/src/components/ListIssue/index.tsx: Using EditorConfig core...
src/components/ListIssue/index.tsx: editor.action.trimTrailingWhitespace
github.search/src/components/ListIssue/index.tsx: {"insertSpaces":true,"tabSize":2}
github.search/src/components/ListIssue/index.tsx: Using EditorConfig core...
src/components/ListIssue/index.tsx: editor.action.trimTrailingWhitespace
github.search/src/components/ListIssue/index.tsx: {"insertSpaces":true,"tabSize":2}
github.search/src/components/ListIssue/index.tsx: {"insertSpaces":true,"tabSize":2}
github.search/src/components/ListIssue/index.tsx: {"insertSpaces":true,"tabSize":2}
github.search/src/components/ListIssue/index.tsx: Using EditorConfig core...
src/components/ListIssue/index.tsx: editor.action.trimTrailingWhitespace
github.search/src/components/ListIssue/index.tsx: Using EditorConfig core...
src/components/ListIssue/index.tsx: editor.action.trimTrailingWhitespace
github.search/src/components/ListIssue/index.tsx: {"insertSpaces":true,"tabSize":2}
github.search/src/components/ListIssue/index.tsx: {"insertSpaces":true,"tabSize":2}
github.search/src/components/ListIssue/index.tsx: Using EditorConfig core...
src/components/ListIssue/index.tsx: editor.action.trimTrailingWhitespace
github.search/src/components/ListIssue/index.tsx: Using EditorConfig core...
src/components/ListIssue/index.tsx: editor.action.trimTrailingWhitespace
github.search/src/components/ListIssue/index.tsx: {"insertSpaces":true,"tabSize":2}
github.search/src/components/ListIssue/index.tsx: {"insertSpaces":true,"tabSize":2}
github.search/src/components/ListIssue/index.tsx: {"insertSpaces":true,"tabSize":2}
github.search/src/components/ListIssue/index.tsx: Using EditorConfig core...
src/components/ListIssue/index.tsx: editor.action.trimTrailingWhitespace
github.search/src/components/ListIssue/index.tsx: {"insertSpaces":true,"tabSize":2}
github.search/src/components/ListIssue/index.tsx: {"insertSpaces":true,"tabSize":2}
github.search/src/components/ListIssue/index.tsx: {"insertSpaces":true,"tabSize":2}
github.search/src/components/ListIssue/index.tsx: Using EditorConfig core...
src/components/ListIssue/index.tsx: editor.action.trimTrailingWhitespace
github.search/src/components/ListIssue/index.tsx: {"insertSpaces":true,"tabSize":2}
github.search/src/components/ListIssue/index.tsx: {"insertSpaces":true,"tabSize":2}
github.search/src/components/ListIssue/index.tsx: Using EditorConfig core...
src/components/ListIssue/index.tsx: editor.action.trimTrailingWhitespace
github.search/src/components/ListIssue/index.tsx: {"insertSpaces":true,"tabSize":2}
github.search/src/components/ListIssue/index.tsx: Using EditorConfig core...
src/components/ListIssue/index.tsx: editor.action.trimTrailingWhitespace
github.search/src/components/ListIssue/index.tsx: {"insertSpaces":true,"tabSize":2}
github.search/src/components/ListIssue/index.tsx: {"insertSpaces":true,"tabSize":2}
github.search/src/components/ListIssue/index.tsx: Using EditorConfig core...
src/components/ListIssue/index.tsx: editor.action.trimTrailingWhitespace
github.search/src/components/ListIssue/index.tsx: {"insertSpaces":true,"tabSize":2}
github.search/src/components/ListIssue/index.tsx: {"insertSpaces":true,"tabSize":2}
github.search/src/components/ListIssue/index.tsx: {"insertSpaces":true,"tabSize":2}
github.search/src/components/ListIssue/index.tsx: {"insertSpaces":true,"tabSize":2}
github.search/src/components/ListIssue/index.tsx: {"insertSpaces":true,"tabSize":2}
github.search/src/components/ListIssue/index.tsx: {"insertSpaces":true,"tabSize":2}
github.search/src/components/ListIssue/index.tsx: {"insertSpaces":true,"tabSize":2}
github.search/package.json: {"insertSpaces":true,"tabSize":2}
github.search/package.json: {"insertSpaces":true,"tabSize":2}
github.search/package.json: {"insertSpaces":true,"tabSize":2}
github.search/src/components/ListIssue/index.tsx: {"insertSpaces":true,"tabSize":2}
github.search/src/components/ListIssue/index.tsx: Using EditorConfig core...
src/components/ListIssue/index.tsx: editor.action.trimTrailingWhitespace
github.search/src/components/ListIssue/index.tsx: {"insertSpaces":true,"tabSize":2}
github.search/src/components/ListIssue/index.tsx: {"insertSpaces":true,"tabSize":2}
github.search/src/components/ListIssue/index.tsx: Using EditorConfig core...
src/components/ListIssue/index.tsx: editor.action.trimTrailingWhitespace
github.search/src/components/ListIssue/index.tsx: Using EditorConfig core...
src/components/ListIssue/index.tsx: editor.action.trimTrailingWhitespace
github.search/src/components/ListIssue/index.tsx: {"insertSpaces":true,"tabSize":2}
github.search/src/components/ListIssue/index.tsx: Using EditorConfig core...
src/components/ListIssue/index.tsx: editor.action.trimTrailingWhitespace
github.search/src/components/ListIssue/index.tsx: Using EditorConfig core...
src/components/ListIssue/index.tsx: editor.action.trimTrailingWhitespace
github.search/src/components/ListIssue/index.tsx: {"insertSpaces":true,"tabSize":2}
github.search/src/components/ListIssue/index.tsx: {"insertSpaces":true,"tabSize":2}
github.search/src/components/ListIssue/index.tsx: {"insertSpaces":true,"tabSize":2}
github.search/src/components/ListIssue/index.tsx: {"insertSpaces":true,"tabSize":2}
github.search/src/components/ListIssue/index.tsx: Using EditorConfig core...
src/components/ListIssue/index.tsx: editor.action.trimTrailingWhitespace
github.search/src/components/ListIssue/index.tsx: Using EditorConfig core...
src/components/ListIssue/index.tsx: editor.action.trimTrailingWhitespace
github.search/src/components/ListIssue/index.tsx: {"insertSpaces":true,"tabSize":2}
github.search/src/components/ListIssue/index.tsx: Using EditorConfig core...
src/components/ListIssue/index.tsx: editor.action.trimTrailingWhitespace
github.search/src/components/ListIssue/index.tsx: {"insertSpaces":true,"tabSize":2}
github.search/src/components/ListIssue/index.tsx: Using EditorConfig core...
src/components/ListIssue/index.tsx: editor.action.trimTrailingWhitespace
github.search/src/components/ListIssue/index.tsx: Using EditorConfig core...
src/components/ListIssue/index.tsx: editor.action.trimTrailingWhitespace
github.search/src/components/ListIssue/index.tsx: {"insertSpaces":true,"tabSize":2}
github.search/src/components/ListIssue/index.tsx: Using EditorConfig core...
src/components/ListIssue/index.tsx: editor.action.trimTrailingWhitespace
github.search/src/components/ListIssue/index.tsx: {"insertSpaces":true,"tabSize":2}
github.search/src/components/ListIssue/index.tsx: Using EditorConfig core...
src/components/ListIssue/index.tsx: editor.action.trimTrailingWhitespace
github.search/src/components/ListIssue/index.tsx: Using EditorConfig core...
src/components/ListIssue/index.tsx: editor.action.trimTrailingWhitespace
github.search/src/components/ListIssue/index.tsx: {"insertSpaces":true,"tabSize":2}
github.search/src/components/ListIssue/index.tsx: {"insertSpaces":true,"tabSize":2}
github.search/src/components/ListIssue/index.tsx: {"insertSpaces":true,"tabSize":2}
github.search/src/components/ListIssue/index.tsx: Using EditorConfig core...
src/components/ListIssue/index.tsx: editor.action.trimTrailingWhitespace
github.search/src/components/ListIssue/index.tsx: {"insertSpaces":true,"tabSize":2}
github.search/src/components/ListIssue/index.tsx: Using EditorConfig core...
src/components/ListIssue/index.tsx: editor.action.trimTrailingWhitespace
github.search/src/components/ListIssue/index.tsx: Using EditorConfig core...
src/components/ListIssue/index.tsx: editor.action.trimTrailingWhitespace
github.search/src/components/ListIssue/index.tsx: Using EditorConfig core...
src/components/ListIssue/index.tsx: editor.action.trimTrailingWhitespace
github.search/src/components/ListIssue/index.tsx: Using EditorConfig core...
src/components/ListIssue/index.tsx: editor.action.trimTrailingWhitespace
github.search/src/components/ListIssue/index.tsx: Using EditorConfig core...
src/components/ListIssue/index.tsx: editor.action.trimTrailingWhitespace
github.search/src/components/ListIssue/index.tsx: {"insertSpaces":true,"tabSize":2}
github.search/src/components/ListIssue/index.tsx: Using EditorConfig core...
src/components/ListIssue/index.tsx: editor.action.trimTrailingWhitespace
github.search/src/components/ListIssue/index.tsx: {"insertSpaces":true,"tabSize":2}
github.search/src/components/ListIssue/index.tsx: {"insertSpaces":true,"tabSize":2}
github.search/src/components/ListIssue/index.tsx: Using EditorConfig core...
src/components/ListIssue/index.tsx: editor.action.trimTrailingWhitespace
github.search/src/components/ListIssue/index.tsx: Using EditorConfig core...
src/components/ListIssue/index.tsx: editor.action.trimTrailingWhitespace
github.search/src/components/ListIssue/index.tsx: {"insertSpaces":true,"tabSize":2}
github.search/src/components/ListIssue/index.tsx: Using EditorConfig core...
src/components/ListIssue/index.tsx: editor.action.trimTrailingWhitespace
github.search/src/components/ListIssue/index.tsx: {"insertSpaces":true,"tabSize":2}
github.search/src/components/ListIssue/index.tsx: Using EditorConfig core...
src/components/ListIssue/index.tsx: editor.action.trimTrailingWhitespace
github.search/src/components/ListIssue/index.tsx: {"insertSpaces":true,"tabSize":2}
github.search/src/components/ListIssue/index.tsx: {"insertSpaces":true,"tabSize":2}
github.search/src/components/ListIssue/index.tsx: Using EditorConfig core...
src/components/ListIssue/index.tsx: editor.action.trimTrailingWhitespace
github.search/src/components/ListIssue/index.tsx: Using EditorConfig core...
src/components/ListIssue/index.tsx: editor.action.trimTrailingWhitespace
github.search/src/components/ListIssue/index.tsx: Using EditorConfig core...
src/components/ListIssue/index.tsx: editor.action.trimTrailingWhitespace
github.search/src/components/ListIssue/index.tsx: Using EditorConfig core...
src/components/ListIssue/index.tsx: editor.action.trimTrailingWhitespace
github.search/src/components/ListIssue/index.tsx: Using EditorConfig core...
src/components/ListIssue/index.tsx: editor.action.trimTrailingWhitespace
github.search/src/components/ListIssue/index.tsx: {"insertSpaces":true,"tabSize":2}
github.search/src/components/ListIssue/index.tsx: Using EditorConfig core...
src/components/ListIssue/index.tsx: editor.action.trimTrailingWhitespace
github.search/src/components/ListIssue/index.tsx: {"insertSpaces":true,"tabSize":2}
github.search/src/components/ListIssue/index.tsx: {"insertSpaces":true,"tabSize":2}
github.search/src/components/Pagination/index.tsx: {"insertSpaces":true,"tabSize":2}
github.search/src/components/ListIssue/index.tsx: {"insertSpaces":true,"tabSize":2}
github.search/src/components/ListIssue/index.tsx: Using EditorConfig core...
src/components/ListIssue/index.tsx: editor.action.trimTrailingWhitespace
