Initializing document watcher...
Site-Search/package.json: {}
Site-Search/package.json: {}
Site-Search/package.json: {}
Site-Search/package.json: {}
Site-Search/package.json: {}
Site-Search/package.json: {}
Site-Search/package.json: {}
Site-Search/package.json: {}
Site-Search/package.json: {}
Site-Search/package.json: {}
Site-Search/package.json: {}
Site-Search/package.json: {}
Site-Search/package.json: {}
Site-Search/package.json: {}
Site-Search/package.json: {}
Site-Search/package.json: {}
Site-Search/package.json: {}
Site-Search/package.json: {}
Site-Search/package.json: {}
Site-Search/package.json: {}
Site-Search/package.json: {}
Site-Search/package.json: {}
Site-Search/package.json: {}
Site-Search/package.json: {}
Site-Search/package.json: {}
Site-Search/package.json: {}
Site-Search/.yarnrc.yml: {}
Site-Search/.pnp.js: {}
Site-Search/.pnp.js: {}
Site-Search/.pnp.js: {}
Site-Search/yarn.lock: {}
Site-Search/yarn.lock: {}
Site-Search/yarn.lock: {}
Site-Search/yarn.lock: {}
Site-Search/yarn.lock: {}
No more open editors.
No more open editors.
No more open editors.
