[12:28:6.512] Global cache location '/home/glaulher/.cache/typescript/4.0', safe file path '/usr/lib/code-oss/resources/app/extensions/node_modules/typescript/lib/typingSafeList.json', types map path /usr/lib/code-oss/resources/app/extensions/node_modules/typescript/lib/typesMap.json
[12:28:6.514] Processing cache location '/home/glaulher/.cache/typescript/4.0'
[12:28:6.515] Trying to find '/home/glaulher/.cache/typescript/4.0/package.json'...
[12:28:6.595] Loaded content of '/home/glaulher/.cache/typescript/4.0/package.json': {"private":true,"dependencies":{"types-registry":"^0.1.517"},"devDependencies":{"@types/accepts":"^1.3.5","@types/acorn":"^4.0.5","@types/ajv-errors":"^1.0.2","@types/ansi-styles":"^3.2.1","@types/anymatch":"^1.3.1","@types/app-root-path":"^1.2.4","@types/argparse":"^2.0.4","@types/aria-query":"^4.2.0","@types/arr-diff":"^4.0.0","@types/arr-union":"^3.1.0","@types/array-find-index":"^1.0.0","@types/array-unique":"^0.3.0","@types/array.prototype.flat":"^1.2.1","@types/array.prototype.flatmap":"^1.2.2","@types/asap":"^2.0.0","@types/asn1":"^0.2.0","@types/assert":"^1.5.2","@types/assert-plus":"^1.0.4","@types/async":"^3.2.4","@types/atob":"^2.1.2","@types/autoprefixer":"^9.7.2","@types/aws4":"^1.5.1","@types/babel-code-frame":"^6.20.4","@types/babel-plugin-macros":"^2.8.4","@types/babel-plugin-syntax-jsx":"^6.18.0","@types/babel__core":"^7.1.12","@types/babylon":"^6.16.5","@types/balanced-match":"^1.0.1","@types/base-64":"^0.1.3","@types/base64-js":"^1.3.0","@types/bcryptjs":"^2.4.2","@types/big.js":"^6.0.0","@types/bluebird":"^3.5.33","@types/blueimp-md5":"^2.7.0","@types/bn.js":"^4.11.6","@types/body-parser":"^1.19.0","@types/bonjour":"^3.5.8","@types/brace-expansion":"^1.1.0","@types/braces":"^3.0.0","@types/brorand":"^1.0.30","@types/browser-resolve":"^2.0.0","@types/browserslist":"^4.8.0","@types/bser":"^2.0.0","@types/buffer-crc32":"^0.2.0","@types/buffer-from":"^1.1.0","@types/buffer-xor":"^2.0.0","@types/busboy":"^0.2.3","@types/bytes":"^3.1.0","@types/cacache":"^12.0.1","@types/caniuse-api":"^3.0.1","@types/caniuse-lite":"^1.0.0","@types/case-sensitive-paths-webpack-plugin":"^2.1.4","@types/caseless":"^0.12.2","@types/chardet":"^0.8.0","@types/check-types":"^7.3.1","@types/chownr":"^1.0.0","@types/ci-info":"^2.0.0","@types/cipher-base":"^1.0.0","@types/clean-css":"^4.2.2","@types/cli-spinners":"^1.3.0","@types/clone":"^2.1.0","@types/clone-deep":"^4.0.1","@types/co":"^4.6.2","@types/color":"^3.0.1","@types/color-convert":"^1.9.0","@types/color-name":"^1.1.1","@types/color-string":"^1.5.0","@types/color-support":"^1.1.0","@types/combined-stream":"^1.0.2","@types/command-exists":"^1.2.0","@types/common-tags":"^1.8.0","@types/commondir":"^1.0.0","@types/component-emitter":"^1.2.10","@types/compose-function":"0.0.30","@types/compressible":"^2.0.0","@types/compression":"^1.7.0","@types/concat-map":"0.0.0","@types/concat-stream":"^1.6.0","@types/confusing-browser-globals":"^1.0.0","@types/connect":"^3.4.33","@types/connect-history-api-fallback":"^1.3.3","@types/contains-path":"^1.0.0","@types/content-disposition":"^0.5.3","@types/content-type":"^1.1.3","@types/convert-source-map":"^1.5.1","@types/cookie":"^0.4.0","@types/cookie-signature":"^1.0.3","@types/core-js":"^2.5.4","@types/create-hash":"^1.2.2","@types/create-hmac":"^1.1.0","@types/create-react-class":"^15.6.3","@types/cross-spawn":"^6.0.2","@types/css":"0.0.31","@types/css-declaration-sorter":"^5.1.0","@types/css-tree":"^1.0.4","@types/cssesc":"^3.0.0","@types/cssnano":"^4.0.0","@types/csso":"^3.5.1","@types/cssom":"^0.4.1","@types/cssstyle":"^2.2.1","@types/d":"^1.0.0","@types/dashdash":"^1.14.0","@types/data-urls":"^2.0.0","@types/dateformat":"^3.0.1","@types/debug":"^4.1.5","@types/decode-uri-component":"^0.2.0","@types/dedent":"^0.7.0","@types/deep-equal":"^1.0.1","@types/default-gateway":"^3.0.1","@types/defaults":"^1.0.3","@types/define-properties":"^1.1.3","@types/denodeify":"^1.2.31","@types/depd":"^1.1.32","@types/destroy":"^1.0.0","@types/detect-node":"^2.0.0","@types/dicer":"^0.2.0","@types/diff":"^4.0.2","@types/diffie-hellman":"^5.0.0","@types/dir-glob":"^2.0.0","@types/doctrine":"0.0.3","@types/domexception":"^2.0.1","@types/domhandler":"^2.4.1","@types/domutils":"^1.7.3","@types/duplexify":"^3.6.0","@types/ee-first":"^1.1.0","@types/ejs":"^3.0.5","@types/elliptic":"^6.4.12","@types/encodeurl":"^1.0.0","@types/end-of-stream":"^1.4.0","@types/enhanced-resolve":"^3.0.6","@types/errorhandler":"^1.5.0","@types/es-abstract":"^1.17.2","@types/es-to-primitive":"^1.2.4","@types/escape-html":"^1.0.0","@types/escodegen":"0.0.6","@types/eslint":"^7.2.5","@types/eslint-config-prettier":"^6.11.0","@types/eslint-plugin-prettier":"^3.1.0","@types/eslint-scope":"^3.7.0","@types/eslint-visitor-keys":"^1.0.0","@types/esprima":"^4.0.2","@types/esquery":"^1.0.1","@types/estraverse":"^5.1.0","@types/etag":"^1.8.0","@types/events":"^3.0.0","@types/eventsource":"^1.1.5","@types/exit":"^0.1.31","@types/express":"^4.17.9","@types/extend":"^3.0.1","@types/extsprintf":"^1.4.1","@types/fancy-log":"^1.3.1","@types/fast-levenshtein":"0.0.1","@types/fb-watchman":"^2.0.0","@types/figlet":"^1.2.1","@types/file-entry-cache":"^5.0.1","@types/file-loader":"^4.2.0","@types/finalhandler":"^1.1.0","@types/find-cache-dir":"^3.2.0","@types/flat-cache":"^2.0.0","@types/flush-write-stream":"^1.0.0","@types/follow-redirects":"^1.13.0","@types/forever-agent":"^0.6.0","@types/forwarded":"^0.1.0","@types/fresh":"^0.5.0","@types/from2":"^2.3.0","@types/fs-extra":"^9.0.4","@types/function-bind":"^1.1.6","@types/get-caller-file":"^1.0.0","@types/get-value":"^3.0.1","@types/getpass":"^0.1.0","@types/glob":"^7.1.3","@types/glob-parent":"^5.1.0","@types/glob-to-regexp":"^0.4.0","@types/global-modules":"^2.0.0","@types/global-prefix":"^3.0.0","@types/graceful-fs":"^4.1.4","@types/has":"^1.0.0","@types/has-ansi":"^3.0.0","@types/has-symbols":"^1.0.0","@types/he":"^1.1.1","@types/hex-color-regex":"^1.1.0","@types/history":"^4.7.8","@types/hoist-non-react-statics":"^3.3.1","@types/hosted-git-info":"^3.0.1","@types/html-encoding-sniffer":"^2.0.1","@types/html-escaper":"^3.0.0","@types/html-minifier":"^4.0.0","@types/html-minifier-terser":"^5.1.1","@types/htmlparser2":"^3.10.2","@types/http-errors":"^1.8.0","@types/http-proxy":"^1.17.4","@types/http-proxy-middleware":"^0.19.3","@types/icss-utils":"^4.1.0","@types/iferr":"^1.0.2","@types/imurmurhash":"^0.1.1","@types/inherits":"0.0.30","@types/ini":"^1.3.30","@types/inquirer":"^7.3.1","@types/internal-slot":"^1.0.1","@types/invariant":"^2.2.34","@types/ip":"^1.1.0","@types/is-buffer":"^2.0.0","@types/is-callable":"^1.1.0","@types/is-ci":"^2.0.0","@types/is-date-object":"^1.0.1","@types/is-finite":"^1.0.0","@types/is-glob":"^4.0.1","@types/is-number":"^7.0.1","@types/is-promise":"^2.1.0","@types/is-regex":"^1.0.0","@types/is-typedarray":"^1.0.0","@types/is-utf8":"^0.2.0","@types/is-windows":"^1.0.0","@types/isarray":"^2.0.0","@types/isexe":"^2.0.0","@types/isomorphic-fetch":"0.0.35","@types/isstream":"^0.1.0","@types/istanbul-lib-coverage":"^2.0.3","@types/istanbul-lib-instrument":"^1.7.4","@types/istanbul-lib-report":"^3.0.0","@types/istanbul-lib-source-maps":"^4.0.1","@types/istanbul-reports":"^3.0.0","@types/jest":"^26.0.15","@types/js-yaml":"^3.12.5","@types/jsbn":"^1.2.29","@types/jsdom":"^16.2.5","@types/jsesc":"^2.5.1","@types/json-parse-better-errors":"^1.0.0","@types/json-schema":"^7.0.6","@types/json-schema-traverse":"^0.4.0","@types/json-stable-stringify":"^1.0.32","@types/json-stringify-safe":"^5.0.0","@types/json3":"^3.3.2","@types/json5":"0.0.30","@types/jsonfile":"^6.0.0","@types/jsonwebtoken":"^8.5.0","@types/jws":"^3.2.2","@types/kind-of":"^6.0.0","@types/klaw":"^3.0.1","@types/language-tags":"^1.0.0","@types/loader-runner":"^2.2.3","@types/loader-utils":"^2.0.1","@types/lodash":"^4.14.165","@types/lodash.includes":"^4.3.6","@types/lodash.isboolean":"^3.0.6","@types/lodash.isinteger":"^4.0.6","@types/lodash.isnumber":"^3.0.6","@types/lodash.isplainobject":"^4.0.6","@types/lodash.isstring":"^4.0.6","@types/lodash.memoize":"^4.1.6","@types/lodash.once":"^4.1.6","@types/lodash.sortby":"^4.7.6","@types/lodash.template":"^4.5.0","@types/lodash.throttle":"^4.1.6","@types/lodash.unescape":"^4.0.6","@types/lodash.uniq":"^4.5.6","@types/lolex":"^5.1.0","@types/lru-cache":"^5.1.0","@types/lz-string":"^1.3.34","@types/md5-file":"^4.0.2","@types/media-typer":"^1.1.0","@types/memory-fs":"^0.3.2","@types/meow":"^5.0.0","@types/merge-deep":"^3.0.0","@types/merge-descriptors":"^1.0.1","@types/merge-stream":"^1.1.2","@types/merge2":"^1.3.0","@types/methods":"^1.1.1","@types/micromatch":"^4.0.1","@types/mime":"^2.0.3","@types/mime-db":"^1.43.0","@types/mime-types":"^2.1.0","@types/min-indent":"^1.0.0","@types/mini-css-extract-plugin":"^1.2.1","@types/minimalistic-assert":"^1.0.1","@types/minimatch":"^3.0.3","@types/minimist":"^1.2.1","@types/minipass":"^2.2.0","@types/mkdirp":"^1.0.1","@types/move-concurrently":"^1.0.2","@types/ms":"^0.7.31","@types/multer":"^1.4.4","@types/mute-stream":"0.0.0","@types/mz":"^2.7.2","@types/natural-compare":"^1.4.0","@types/negotiator":"^0.6.1","@types/next-tick":"^1.0.0","@types/nice-try":"^2.1.0","@types/node-fetch":"^2.5.7","@types/node-forge":"^0.9.5","@types/node-int64":"^0.4.29","@types/node-notifier":"^8.0.0","@types/nodemon":"^1.19.0","@types/normalize-package-data":"^2.4.0","@types/normalize-path":"^3.0.0","@types/num2fraction":"^1.2.0","@types/number-is-nan":"^1.0.0","@types/object-assign":"^4.0.30","@types/object-hash":"^1.3.4","@types/object-inspect":"^1.8.0","@types/object-keys":"^1.0.1","@types/object-path":"^0.11.0","@types/object.fromentries":"^2.0.0","@types/object.getownpropertydescriptors":"^2.1.1","@types/object.pick":"^1.3.0","@types/on-finished":"^2.3.1","@types/on-headers":"^1.0.0","@types/once":"^1.4.0","@types/optimize-css-assets-webpack-plugin":"^5.0.1","@types/original":"^1.0.0","@types/os-tmpdir":"^1.0.0","@types/pako":"^1.0.1","@types/parallel-transform":"^1.1.0","@types/parse-json":"^4.0.0","@types/parse5":"^5.0.3","@types/parse5-htmlparser2-tree-adapter":"^5.0.1","@types/parseurl":"^1.3.1","@types/pascalcase":"^1.0.0","@types/path-is-absolute":"^1.0.0","@types/path-is-inside":"^1.0.0","@types/path-parse":"^1.0.19","@types/pbkdf2":"^3.1.0","@types/pg":"^7.14.7","@types/pg-pool":"^2.0.2","@types/pg-types":"^1.11.5","@types/picomatch":"^2.2.1","@types/pify":"^3.0.2","@types/plist":"^3.0.2","@types/plugin-error":"^0.1.1","@types/postcss-calc":"^7.0.0","@types/postcss-custom-properties":"^9.1.0","@types/postcss-flexbugs-fixes":"^4.2.0","@types/postcss-focus-within":"^4.0.0","@types/postcss-gap-properties":"^2.0.0","@types/postcss-load-config":"^2.0.1","@types/postcss-modules-extract-imports":"^2.0.0","@types/postcss-modules-local-by-default":"^1.2.0","@types/postcss-modules-scope":"^1.1.0","@types/postcss-modules-values":"^3.0.0","@types/postcss-normalize":"^9.0.0","@types/postcss-preset-env":"^6.7.0","@types/postcss-safe-parser":"^4.0.0","@types/prelude-ls":"^1.1.29","@types/prettier":"^2.1.5","@types/prettier-linter-helpers":"^1.0.0","@types/progress":"^2.0.3","@types/promise-inflight":"^1.0.0","@types/prompts":"^2.0.9","@types/prop-types":"^15.7.3","@types/proxy-addr":"^2.0.0","@types/psl":"^1.1.0","@types/pump":"^1.1.0","@types/pumpify":"^1.4.1","@types/punycode":"^2.1.0","@types/q":"^1.5.4","@types/qs":"^6.9.5","@types/querystringify":"^2.0.0","@types/raf":"^3.4.0","@types/ramda":"^0.27.32","@types/randombytes":"^2.0.0","@types/range-parser":"^1.2.3","@types/react":"^17.0.0","@types/react-dev-utils":"^9.0.4","@types/react-dom":"^17.0.0","@types/react-is":"^16.7.1","@types/react-native":"^0.63.33","@types/react-native-document-picker":"^2.0.1","@types/react-native-table-component":"^1.2.0","@types/react-router":"^5.1.8","@types/react-router-dom":"^5.1.6","@types/react-test-renderer":"^16.9.3","@types/readable-stream":"^2.3.9","@types/recursive-readdir":"^2.2.0","@types/regenerator-runtime":"^0.13.0","@types/relateurl":"^0.2.28","@types/repeat-element":"^1.1.0","@types/repeat-string":"^1.6.0","@types/repeating":"^3.0.0","@types/request":"^2.48.5","@types/request-promise-native":"^1.0.17","@types/require-directory":"^2.1.1","@types/requires-port":"^1.0.0","@types/resolve":"^1.17.1","@types/retry":"^0.12.0","@types/rimraf":"^3.0.0","@types/ripemd160":"^2.0.0","@types/rn-fetch-blob":"^1.2.1","@types/rsvp":"^4.0.3","@types/run-parallel":"^1.1.0","@types/rx-lite":"^4.0.6","@types/rx-lite-aggregates":"^4.0.3","@types/safe-regex":"^1.1.2","@types/safer-buffer":"^2.1.0","@types/sane":"^2.0.0","@types/sass-loader":"^8.0.0","@types/sax":"^1.2.1","@types/scheduler":"^0.16.1","@types/semver":"^7.3.4","@types/send":"^0.14.5","@types/serialize-javascript":"^4.0.0","@types/serve-index":"^1.7.30","@types/serve-static":"^1.13.8","@types/set-value":"^2.0.0","@types/setimmediate":"^1.0.2","@types/sha.js":"^2.4.0","@types/shallowequal":"^1.1.1","@types/shebang-command":"^1.2.0","@types/shell-quote":"^1.7.0","@types/signal-exit":"^3.0.0","@types/slice-ansi":"^4.0.0","@types/sockjs":"^0.3.32","@types/sockjs-client":"^1.5.0","@types/source-list-map":"^0.1.2","@types/source-map-support":"^0.5.3","@types/spdx-correct":"^2.0.0","@types/spdx-expression-parse":"^3.0.0","@types/spdy":"^3.4.4","@types/split2":"^2.1.6","@types/sprintf":"^0.1.0","@types/sprintf-js":"^1.1.2","@types/sshpk":"^1.10.5","@types/ssri":"^7.1.0","@types/stack-utils":"^2.0.0","@types/statuses":"^2.0.0","@types/stream-buffers":"^3.0.3","@types/stream-each":"^1.2.0","@types/stream-shift":"^1.0.0","@types/strict-uri-encode":"^2.0.0","@types/string-natural-compare":"^3.0.0","@types/string.prototype.matchall":"^4.0.0","@types/stringify-object":"^3.3.0","@types/strip-comments":"^2.0.0","@types/styled-components":"^5.1.4","@types/supports-color":"^7.2.0","@types/svg-parser":"^2.0.1","@types/svgo":"^1.3.3","@types/symbol-tree":"^3.2.1","@types/table":"^6.0.0","@types/tapable":"^1.0.6","@types/tar":"^4.0.4","@types/temp":"^0.8.34","@types/terser-webpack-plugin":"^5.0.2","@types/testing-library__jest-dom":"^5.9.5","@types/text-table":"^0.2.1","@types/through":"0.0.30","@types/through2":"^2.0.36","@types/timsort":"^0.3.0","@types/tmp":"^0.2.0","@types/tough-cookie":"^4.0.0","@types/tryer":"^1.0.1","@types/type-check":"^0.3.27","@types/type-detect":"^4.0.1","@types/type-is":"^1.6.3","@types/ua-parser-js":"^0.7.33","@types/uglify-es":"^3.0.0","@types/uniq":"0.0.27","@types/unist":"^2.0.3","@types/universalify":"^1.0.0","@types/urix":"^0.1.0","@types/url-parse":"^1.4.3","@types/use-subscription":"^1.0.0","@types/utf8":"^2.1.6","@types/util-deprecate":"^1.0.0","@types/util.promisify":"^1.0.4","@types/utils-merge":"0.0.28","@types/uuid":"^8.3.0","@types/validate-npm-package-license":"^3.0.0","@types/vary":"^1.1.0","@types/verror":"^1.10.4","@types/w3c-xmlserializer":"^2.0.1","@types/watchpack":"^1.1.5","@types/wcwidth":"^1.0.0","@types/webidl-conversions":"^6.1.0","@types/webpack":"^4.41.25","@types/webpack-dev-middleware":"^3.7.2","@types/webpack-dev-server":"^3.11.1","@types/webpack-manifest-plugin":"^2.1.0","@types/webpack-sources":"^2.0.0","@types/whatwg-encoding":"^1.0.0","@types/whatwg-mimetype":"^2.1.0","@types/whatwg-url":"^8.0.0","@types/which":"^1.3.2","@types/wordwrap":"^1.0.0","@types/workbox-background-sync":"^4.3.1","@types/workbox-broadcast-update":"^4.3.0","@types/workbox-build":"^5.0.0","@types/workbox-cacheable-response":"^4.3.0","@types/workbox-core":"^4.3.0","@types/workbox-expiration":"^4.3.0","@types/workbox-google-analytics":"^4.3.0","@types/workbox-navigation-preload":"^4.3.0","@types/workbox-precaching":"^4.3.0","@types/workbox-range-requests":"^4.3.0","@types/workbox-routing":"^4.3.0","@types/workbox-strategies":"^4.3.0","@types/workbox-streams":"^4.3.0","@types/workbox-sw":"^4.3.1","@types/workbox-webpack-plugin":"^5.1.5","@types/workbox-window":"^4.3.3","@types/wrap-ansi":"^3.0.0","@types/write":"^2.0.0","@types/write-file-atomic":"^3.0.1","@types/ws":"^7.4.0","@types/xml2js":"^0.4.7","@types/xmldoc":"^1.1.5","@types/xmldom":"^0.1.30","@types/xregexp":"^4.3.0","@types/xtend":"^4.0.3","@types/y18n":"^4.0.0","@types/yallist":"^3.0.1","@types/yargs":"^15.0.10","@types/yargs-parser":"^15.0.0"}}
[12:28:6.596] Loaded content of '/home/glaulher/.cache/typescript/4.0/package-lock.json'
[12:28:6.703] Adding entry into typings cache: 'accepts' => '/home/glaulher/.cache/typescript/4.0/node_modules/@types/accepts/index.d.ts'
[12:28:6.862] Adding entry into typings cache: 'acorn' => '/home/glaulher/.cache/typescript/4.0/node_modules/acorn/dist/acorn.d.ts'
[12:28:6.989] Adding entry into typings cache: 'ajv-errors' => '/home/glaulher/.cache/typescript/4.0/node_modules/@types/ajv-errors/index.d.ts'
[12:28:7.64] Adding entry into typings cache: 'ansi-styles' => '/home/glaulher/.cache/typescript/4.0/node_modules/ansi-styles/index.d.ts'
[12:28:7.219] Adding entry into typings cache: 'anymatch' => '/home/glaulher/.cache/typescript/4.0/node_modules/@types/anymatch/index.d.ts'
[12:28:7.275] Adding entry into typings cache: 'app-root-path' => '/home/glaulher/.cache/typescript/4.0/node_modules/@types/app-root-path/index.d.ts'
[12:28:7.312] Adding entry into typings cache: 'argparse' => '/home/glaulher/.cache/typescript/4.0/node_modules/@types/argparse/index.d.ts'
[12:28:7.363] Adding entry into typings cache: 'aria-query' => '/home/glaulher/.cache/typescript/4.0/node_modules/@types/aria-query/index.d.ts'
[12:28:7.531] Adding entry into typings cache: 'arr-diff' => '/home/glaulher/.cache/typescript/4.0/node_modules/@types/arr-diff/index.d.ts'
[12:28:7.663] Adding entry into typings cache: 'arr-union' => '/home/glaulher/.cache/typescript/4.0/node_modules/@types/arr-union/index.d.ts'
[12:28:7.706] Adding entry into typings cache: 'array-find-index' => '/home/glaulher/.cache/typescript/4.0/node_modules/@types/array-find-index/index.d.ts'
[12:28:7.753] Adding entry into typings cache: 'array-unique' => '/home/glaulher/.cache/typescript/4.0/node_modules/@types/array-unique/index.d.ts'
[12:28:7.806] Adding entry into typings cache: 'array.prototype.flat' => '/home/glaulher/.cache/typescript/4.0/node_modules/@types/array.prototype.flat/index.d.ts'
[12:28:7.896] Adding entry into typings cache: 'array.prototype.flatmap' => '/home/glaulher/.cache/typescript/4.0/node_modules/@types/array.prototype.flatmap/index.d.ts'
[12:28:7.952] Adding entry into typings cache: 'asap' => '/home/glaulher/.cache/typescript/4.0/node_modules/@types/asap/index.d.ts'
[12:28:8.17] Adding entry into typings cache: 'asn1' => '/home/glaulher/.cache/typescript/4.0/node_modules/@types/asn1/index.d.ts'
[12:28:8.48] Adding entry into typings cache: 'assert' => '/home/glaulher/.cache/typescript/4.0/node_modules/@types/assert/index.d.ts'
[12:28:8.53] Adding entry into typings cache: 'assert-plus' => '/home/glaulher/.cache/typescript/4.0/node_modules/@types/assert-plus/index.d.ts'
[12:28:8.60] Adding entry into typings cache: 'async' => '/home/glaulher/.cache/typescript/4.0/node_modules/@types/async/index.d.ts'
[12:28:8.192] Adding entry into typings cache: 'atob' => '/home/glaulher/.cache/typescript/4.0/node_modules/@types/atob/index.d.ts'
[12:28:8.240] Adding entry into typings cache: 'autoprefixer' => '/home/glaulher/.cache/typescript/4.0/node_modules/@types/autoprefixer/index.d.ts'
[12:28:8.292] Adding entry into typings cache: 'aws4' => '/home/glaulher/.cache/typescript/4.0/node_modules/@types/aws4/index.d.ts'
[12:28:8.344] Adding entry into typings cache: 'babel-code-frame' => '/home/glaulher/.cache/typescript/4.0/node_modules/@types/babel-code-frame/index.d.ts'
[12:28:8.372] Adding entry into typings cache: 'babel-plugin-macros' => '/home/glaulher/.cache/typescript/4.0/node_modules/@types/babel-plugin-macros/index.d.ts'
[12:28:8.398] Adding entry into typings cache: 'babel-plugin-syntax-jsx' => '/home/glaulher/.cache/typescript/4.0/node_modules/@types/babel-plugin-syntax-jsx/index.d.ts'
[12:28:8.424] Adding entry into typings cache: 'babel__core' => '/home/glaulher/.cache/typescript/4.0/node_modules/@types/babel__core/index.d.ts'
[12:28:8.430] Adding entry into typings cache: 'babylon' => '/home/glaulher/.cache/typescript/4.0/node_modules/@types/babylon/index.d.ts'
[12:28:8.525] Adding entry into typings cache: 'balanced-match' => '/home/glaulher/.cache/typescript/4.0/node_modules/@types/balanced-match/index.d.ts'
[12:28:8.534] Adding entry into typings cache: 'base-64' => '/home/glaulher/.cache/typescript/4.0/node_modules/@types/base-64/index.d.ts'
[12:28:8.541] Adding entry into typings cache: 'base64-js' => '/home/glaulher/.cache/typescript/4.0/node_modules/@types/base64-js/index.d.ts'
[12:28:8.575] Adding entry into typings cache: 'bcryptjs' => '/home/glaulher/.cache/typescript/4.0/node_modules/@types/bcryptjs/index.d.ts'
[12:28:8.629] Adding entry into typings cache: 'big.js' => '/home/glaulher/.cache/typescript/4.0/node_modules/@types/big.js/index.d.ts'
[12:28:8.634] Adding entry into typings cache: 'bluebird' => '/home/glaulher/.cache/typescript/4.0/node_modules/@types/bluebird/index.d.ts'
[12:28:8.668] Adding entry into typings cache: 'blueimp-md5' => '/home/glaulher/.cache/typescript/4.0/node_modules/@types/blueimp-md5/index.d.ts'
[12:28:8.687] Adding entry into typings cache: 'bn.js' => '/home/glaulher/.cache/typescript/4.0/node_modules/@types/bn.js/index.d.ts'
[12:28:8.739] Adding entry into typings cache: 'body-parser' => '/home/glaulher/.cache/typescript/4.0/node_modules/@types/body-parser/index.d.ts'
[12:28:8.745] Adding entry into typings cache: 'bonjour' => '/home/glaulher/.cache/typescript/4.0/node_modules/@types/bonjour/index.d.ts'
[12:28:8.837] Adding entry into typings cache: 'brace-expansion' => '/home/glaulher/.cache/typescript/4.0/node_modules/@types/brace-expansion/index.d.ts'
[12:28:8.882] Adding entry into typings cache: 'braces' => '/home/glaulher/.cache/typescript/4.0/node_modules/@types/braces/index.d.ts'
[12:28:8.949] Adding entry into typings cache: 'brorand' => '/home/glaulher/.cache/typescript/4.0/node_modules/@types/brorand/index.d.ts'
[12:28:9.66] Adding entry into typings cache: 'browser-resolve' => '/home/glaulher/.cache/typescript/4.0/node_modules/@types/browser-resolve/index.d.ts'
[12:28:9.127] Adding entry into typings cache: 'browserslist' => '/home/glaulher/.cache/typescript/4.0/node_modules/@types/browserslist/index.d.ts'
[12:28:9.209] Adding entry into typings cache: 'bser' => '/home/glaulher/.cache/typescript/4.0/node_modules/@types/bser/index.d.ts'
[12:28:9.269] Adding entry into typings cache: 'buffer-crc32' => '/home/glaulher/.cache/typescript/4.0/node_modules/@types/buffer-crc32/index.d.ts'
[12:28:9.349] Adding entry into typings cache: 'buffer-from' => '/home/glaulher/.cache/typescript/4.0/node_modules/@types/buffer-from/index.d.ts'
[12:28:9.386] Adding entry into typings cache: 'buffer-xor' => '/home/glaulher/.cache/typescript/4.0/node_modules/@types/buffer-xor/index.d.ts'
[12:28:9.451] Adding entry into typings cache: 'busboy' => '/home/glaulher/.cache/typescript/4.0/node_modules/@types/busboy/index.d.ts'
[12:28:9.470] Adding entry into typings cache: 'bytes' => '/home/glaulher/.cache/typescript/4.0/node_modules/@types/bytes/index.d.ts'
[12:28:9.522] Adding entry into typings cache: 'cacache' => '/home/glaulher/.cache/typescript/4.0/node_modules/@types/cacache/index.d.ts'
[12:28:9.529] Adding entry into typings cache: 'caniuse-api' => '/home/glaulher/.cache/typescript/4.0/node_modules/@types/caniuse-api/index.d.ts'
[12:28:9.683] Adding entry into typings cache: 'caniuse-lite' => '/home/glaulher/.cache/typescript/4.0/node_modules/@types/caniuse-lite/index.d.ts'
[12:28:9.716] Adding entry into typings cache: 'case-sensitive-paths-webpack-plugin' => '/home/glaulher/.cache/typescript/4.0/node_modules/@types/case-sensitive-paths-webpack-plugin/index.d.ts'
[12:28:9.737] Adding entry into typings cache: 'caseless' => '/home/glaulher/.cache/typescript/4.0/node_modules/@types/caseless/index.d.ts'
[12:28:9.743] Adding entry into typings cache: 'chardet' => '/home/glaulher/.cache/typescript/4.0/node_modules/@types/chardet/index.d.ts'
[12:28:9.755] Adding entry into typings cache: 'check-types' => '/home/glaulher/.cache/typescript/4.0/node_modules/@types/check-types/index.d.ts'
[12:28:9.765] Adding entry into typings cache: 'chownr' => '/home/glaulher/.cache/typescript/4.0/node_modules/@types/chownr/index.d.ts'
[12:28:9.776] Adding entry into typings cache: 'ci-info' => '/home/glaulher/.cache/typescript/4.0/node_modules/@types/ci-info/index.d.ts'
[12:28:9.805] Adding entry into typings cache: 'cipher-base' => '/home/glaulher/.cache/typescript/4.0/node_modules/@types/cipher-base/index.d.ts'
[12:28:9.836] Adding entry into typings cache: 'clean-css' => '/home/glaulher/.cache/typescript/4.0/node_modules/@types/clean-css/index.d.ts'
[12:28:9.852] Adding entry into typings cache: 'cli-spinners' => '/home/glaulher/.cache/typescript/4.0/node_modules/@types/cli-spinners/index.d.ts'
[12:28:9.858] Adding entry into typings cache: 'clone' => '/home/glaulher/.cache/typescript/4.0/node_modules/@types/clone/index.d.ts'
[12:28:9.936] Adding entry into typings cache: 'clone-deep' => '/home/glaulher/.cache/typescript/4.0/node_modules/@types/clone-deep/index.d.ts'
[12:28:9.959] Adding entry into typings cache: 'co' => '/home/glaulher/.cache/typescript/4.0/node_modules/@types/co/index.d.ts'
[12:28:9.964] Adding entry into typings cache: 'color' => '/home/glaulher/.cache/typescript/4.0/node_modules/@types/color/index.d.ts'
[12:28:10.3] Adding entry into typings cache: 'color-convert' => '/home/glaulher/.cache/typescript/4.0/node_modules/@types/color-convert/index.d.ts'
[12:28:10.25] Adding entry into typings cache: 'color-name' => '/home/glaulher/.cache/typescript/4.0/node_modules/@types/color-name/index.d.ts'
[12:28:10.70] Adding entry into typings cache: 'color-string' => '/home/glaulher/.cache/typescript/4.0/node_modules/@types/color-string/index.d.ts'
[12:28:10.95] Adding entry into typings cache: 'color-support' => '/home/glaulher/.cache/typescript/4.0/node_modules/@types/color-support/index.d.ts'
[12:28:10.130] Adding entry into typings cache: 'combined-stream' => '/home/glaulher/.cache/typescript/4.0/node_modules/@types/combined-stream/index.d.ts'
[12:28:10.140] Adding entry into typings cache: 'command-exists' => '/home/glaulher/.cache/typescript/4.0/node_modules/@types/command-exists/index.d.ts'
[12:28:10.270] Adding entry into typings cache: 'common-tags' => '/home/glaulher/.cache/typescript/4.0/node_modules/@types/common-tags/index.d.ts'
[12:28:10.351] Adding entry into typings cache: 'commondir' => '/home/glaulher/.cache/typescript/4.0/node_modules/@types/commondir/index.d.ts'
[12:28:10.474] Adding entry into typings cache: 'component-emitter' => '/home/glaulher/.cache/typescript/4.0/node_modules/@types/component-emitter/index.d.ts'
[12:28:10.503] Adding entry into typings cache: 'compose-function' => '/home/glaulher/.cache/typescript/4.0/node_modules/@types/compose-function/index.d.ts'
[12:28:10.508] Adding entry into typings cache: 'compressible' => '/home/glaulher/.cache/typescript/4.0/node_modules/@types/compressible/index.d.ts'
[12:28:10.529] Adding entry into typings cache: 'compression' => '/home/glaulher/.cache/typescript/4.0/node_modules/@types/compression/index.d.ts'
[12:28:10.535] Adding entry into typings cache: 'concat-map' => '/home/glaulher/.cache/typescript/4.0/node_modules/@types/concat-map/index.d.ts'
[12:28:10.539] Adding entry into typings cache: 'concat-stream' => '/home/glaulher/.cache/typescript/4.0/node_modules/@types/concat-stream/index.d.ts'
[12:28:10.570] Adding entry into typings cache: 'confusing-browser-globals' => '/home/glaulher/.cache/typescript/4.0/node_modules/@types/confusing-browser-globals/index.d.ts'
[12:28:10.729] Adding entry into typings cache: 'connect' => '/home/glaulher/.cache/typescript/4.0/node_modules/@types/connect/index.d.ts'
[12:28:10.775] Adding entry into typings cache: 'connect-history-api-fallback' => '/home/glaulher/.cache/typescript/4.0/node_modules/@types/connect-history-api-fallback/index.d.ts'
[12:28:10.827] Adding entry into typings cache: 'contains-path' => '/home/glaulher/.cache/typescript/4.0/node_modules/@types/contains-path/index.d.ts'
[12:28:10.962] Adding entry into typings cache: 'content-disposition' => '/home/glaulher/.cache/typescript/4.0/node_modules/@types/content-disposition/index.d.ts'
[12:28:11.61] Adding entry into typings cache: 'content-type' => '/home/glaulher/.cache/typescript/4.0/node_modules/@types/content-type/index.d.ts'
[12:28:11.152] Adding entry into typings cache: 'convert-source-map' => '/home/glaulher/.cache/typescript/4.0/node_modules/@types/convert-source-map/index.d.ts'
[12:28:11.240] Adding entry into typings cache: 'cookie' => '/home/glaulher/.cache/typescript/4.0/node_modules/@types/cookie/index.d.ts'
[12:28:11.325] Adding entry into typings cache: 'cookie-signature' => '/home/glaulher/.cache/typescript/4.0/node_modules/@types/cookie-signature/index.d.ts'
[12:28:11.497] Adding entry into typings cache: 'core-js' => '/home/glaulher/.cache/typescript/4.0/node_modules/@types/core-js/index.d.ts'
[12:28:11.621] Adding entry into typings cache: 'create-hash' => '/home/glaulher/.cache/typescript/4.0/node_modules/@types/create-hash/index.d.ts'
[12:28:11.653] Adding entry into typings cache: 'create-hmac' => '/home/glaulher/.cache/typescript/4.0/node_modules/@types/create-hmac/index.d.ts'
[12:28:11.838] Adding entry into typings cache: 'create-react-class' => '/home/glaulher/.cache/typescript/4.0/node_modules/@types/create-react-class/index.d.ts'
[12:28:11.958] Adding entry into typings cache: 'cross-spawn' => '/home/glaulher/.cache/typescript/4.0/node_modules/@types/cross-spawn/index.d.ts'
[12:28:12.30] Adding entry into typings cache: 'css' => '/home/glaulher/.cache/typescript/4.0/node_modules/@types/css/index.d.ts'
[12:28:12.50] Adding entry into typings cache: 'css-declaration-sorter' => '/home/glaulher/.cache/typescript/4.0/node_modules/@types/css-declaration-sorter/index.d.ts'
[12:28:12.74] Adding entry into typings cache: 'css-tree' => '/home/glaulher/.cache/typescript/4.0/node_modules/@types/css-tree/index.d.ts'
[12:28:12.79] Adding entry into typings cache: 'cssesc' => '/home/glaulher/.cache/typescript/4.0/node_modules/@types/cssesc/index.d.ts'
[12:28:12.84] Adding entry into typings cache: 'cssnano' => '/home/glaulher/.cache/typescript/4.0/node_modules/@types/cssnano/index.d.ts'
[12:28:12.89] Adding entry into typings cache: 'csso' => '/home/glaulher/.cache/typescript/4.0/node_modules/@types/csso/index.d.ts'
[12:28:12.114] Adding entry into typings cache: 'cssom' => '/home/glaulher/.cache/typescript/4.0/node_modules/@types/cssom/index.d.ts'
[12:28:12.142] Adding entry into typings cache: 'cssstyle' => '/home/glaulher/.cache/typescript/4.0/node_modules/@types/cssstyle/index.d.ts'
[12:28:12.149] Adding entry into typings cache: 'd' => '/home/glaulher/.cache/typescript/4.0/node_modules/@types/d/index.d.ts'
[12:28:12.154] Adding entry into typings cache: 'dashdash' => '/home/glaulher/.cache/typescript/4.0/node_modules/@types/dashdash/index.d.ts'
[12:28:12.206] Adding entry into typings cache: 'data-urls' => '/home/glaulher/.cache/typescript/4.0/node_modules/@types/data-urls/index.d.ts'
[12:28:12.437] Adding entry into typings cache: 'dateformat' => '/home/glaulher/.cache/typescript/4.0/node_modules/@types/dateformat/index.d.ts'
[12:28:12.536] Adding entry into typings cache: 'debug' => '/home/glaulher/.cache/typescript/4.0/node_modules/@types/debug/index.d.ts'
[12:28:12.703] Adding entry into typings cache: 'decode-uri-component' => '/home/glaulher/.cache/typescript/4.0/node_modules/@types/decode-uri-component/index.d.ts'
[12:28:12.764] Adding entry into typings cache: 'dedent' => '/home/glaulher/.cache/typescript/4.0/node_modules/@types/dedent/index.d.ts'
[12:28:12.767] Adding entry into typings cache: 'deep-equal' => '/home/glaulher/.cache/typescript/4.0/node_modules/@types/deep-equal/index.d.ts'
[12:28:12.769] Adding entry into typings cache: 'default-gateway' => '/home/glaulher/.cache/typescript/4.0/node_modules/@types/default-gateway/index.d.ts'
[12:28:12.772] Adding entry into typings cache: 'defaults' => '/home/glaulher/.cache/typescript/4.0/node_modules/@types/defaults/index.d.ts'
[12:28:12.775] Adding entry into typings cache: 'define-properties' => '/home/glaulher/.cache/typescript/4.0/node_modules/@types/define-properties/index.d.ts'
[12:28:12.779] Adding entry into typings cache: 'denodeify' => '/home/glaulher/.cache/typescript/4.0/node_modules/@types/denodeify/index.d.ts'
[12:28:12.784] Adding entry into typings cache: 'depd' => '/home/glaulher/.cache/typescript/4.0/node_modules/@types/depd/index.d.ts'
[12:28:12.813] Adding entry into typings cache: 'destroy' => '/home/glaulher/.cache/typescript/4.0/node_modules/@types/destroy/index.d.ts'
[12:28:12.876] Adding entry into typings cache: 'detect-node' => '/home/glaulher/.cache/typescript/4.0/node_modules/@types/detect-node/index.d.ts'
[12:28:12.900] Adding entry into typings cache: 'dicer' => '/home/glaulher/.cache/typescript/4.0/node_modules/@types/dicer/index.d.ts'
[12:28:13.349] Adding entry into typings cache: 'diff' => '/home/glaulher/.cache/typescript/4.0/node_modules/@types/diff/index.d.ts'
[12:28:13.375] Adding entry into typings cache: 'diffie-hellman' => '/home/glaulher/.cache/typescript/4.0/node_modules/@types/diffie-hellman/index.d.ts'
[12:28:13.505] Adding entry into typings cache: 'dir-glob' => '/home/glaulher/.cache/typescript/4.0/node_modules/@types/dir-glob/index.d.ts'
[12:28:13.558] Adding entry into typings cache: 'doctrine' => '/home/glaulher/.cache/typescript/4.0/node_modules/@types/doctrine/index.d.ts'
[12:28:13.595] Adding entry into typings cache: 'domexception' => '/home/glaulher/.cache/typescript/4.0/node_modules/@types/domexception/index.d.ts'
[12:28:13.774] Adding entry into typings cache: 'domhandler' => '/home/glaulher/.cache/typescript/4.0/node_modules/@types/domhandler/index.d.ts'
[12:28:13.873] Adding entry into typings cache: 'domutils' => '/home/glaulher/.cache/typescript/4.0/node_modules/@types/domutils/index.d.ts'
[12:28:13.985] Adding entry into typings cache: 'duplexify' => '/home/glaulher/.cache/typescript/4.0/node_modules/@types/duplexify/index.d.ts'
[12:28:14.135] Adding entry into typings cache: 'ee-first' => '/home/glaulher/.cache/typescript/4.0/node_modules/@types/ee-first/index.d.ts'
[12:28:14.163] Adding entry into typings cache: 'ejs' => '/home/glaulher/.cache/typescript/4.0/node_modules/@types/ejs/index.d.ts'
[12:28:14.166] Adding entry into typings cache: 'elliptic' => '/home/glaulher/.cache/typescript/4.0/node_modules/@types/elliptic/index.d.ts'
[12:28:14.185] Adding entry into typings cache: 'encodeurl' => '/home/glaulher/.cache/typescript/4.0/node_modules/@types/encodeurl/index.d.ts'
[12:28:14.279] Adding entry into typings cache: 'end-of-stream' => '/home/glaulher/.cache/typescript/4.0/node_modules/@types/end-of-stream/index.d.ts'
[12:28:14.446] Adding entry into typings cache: 'enhanced-resolve' => '/home/glaulher/.cache/typescript/4.0/node_modules/enhanced-resolve/types.d.ts'
[12:28:14.655] Adding entry into typings cache: 'errorhandler' => '/home/glaulher/.cache/typescript/4.0/node_modules/@types/errorhandler/index.d.ts'
[12:28:14.725] Adding entry into typings cache: 'es-abstract' => '/home/glaulher/.cache/typescript/4.0/node_modules/@types/es-abstract/index.d.ts'
[12:28:14.743] Adding entry into typings cache: 'es-to-primitive' => '/home/glaulher/.cache/typescript/4.0/node_modules/@types/es-to-primitive/index.d.ts'
[12:28:14.748] Adding entry into typings cache: 'escape-html' => '/home/glaulher/.cache/typescript/4.0/node_modules/@types/escape-html/index.d.ts'
[12:28:14.752] Adding entry into typings cache: 'escodegen' => '/home/glaulher/.cache/typescript/4.0/node_modules/@types/escodegen/index.d.ts'
[12:28:14.799] Adding entry into typings cache: 'eslint' => '/home/glaulher/.cache/typescript/4.0/node_modules/@types/eslint/index.d.ts'
[12:28:14.803] Adding entry into typings cache: 'eslint-config-prettier' => '/home/glaulher/.cache/typescript/4.0/node_modules/@types/eslint-config-prettier/index.d.ts'
[12:28:14.806] Adding entry into typings cache: 'eslint-plugin-prettier' => '/home/glaulher/.cache/typescript/4.0/node_modules/@types/eslint-plugin-prettier/index.d.ts'
[12:28:14.883] Adding entry into typings cache: 'eslint-scope' => '/home/glaulher/.cache/typescript/4.0/node_modules/@types/eslint-scope/index.d.ts'
[12:28:14.887] Adding entry into typings cache: 'eslint-visitor-keys' => '/home/glaulher/.cache/typescript/4.0/node_modules/@types/eslint-visitor-keys/index.d.ts'
[12:28:14.892] Adding entry into typings cache: 'esprima' => '/home/glaulher/.cache/typescript/4.0/node_modules/@types/esprima/index.d.ts'
[12:28:14.896] Adding entry into typings cache: 'esquery' => '/home/glaulher/.cache/typescript/4.0/node_modules/@types/esquery/index.d.ts'
[12:28:14.958] Adding entry into typings cache: 'estraverse' => '/home/glaulher/.cache/typescript/4.0/node_modules/@types/estraverse/index.d.ts'
[12:28:14.979] Adding entry into typings cache: 'etag' => '/home/glaulher/.cache/typescript/4.0/node_modules/@types/etag/index.d.ts'
[12:28:15.179] Adding entry into typings cache: 'events' => '/home/glaulher/.cache/typescript/4.0/node_modules/@types/events/index.d.ts'
[12:28:15.319] Adding entry into typings cache: 'eventsource' => '/home/glaulher/.cache/typescript/4.0/node_modules/@types/eventsource/index.d.ts'
[12:28:15.346] Adding entry into typings cache: 'exit' => '/home/glaulher/.cache/typescript/4.0/node_modules/@types/exit/index.d.ts'
[12:28:15.384] Adding entry into typings cache: 'express' => '/home/glaulher/.cache/typescript/4.0/node_modules/@types/express/index.d.ts'
[12:28:15.394] Adding entry into typings cache: 'extend' => '/home/glaulher/.cache/typescript/4.0/node_modules/@types/extend/index.d.ts'
[12:28:15.397] Adding entry into typings cache: 'extsprintf' => '/home/glaulher/.cache/typescript/4.0/node_modules/@types/extsprintf/index.d.ts'
[12:28:15.400] Adding entry into typings cache: 'fancy-log' => '/home/glaulher/.cache/typescript/4.0/node_modules/@types/fancy-log/index.d.ts'
[12:28:15.403] Adding entry into typings cache: 'fast-levenshtein' => '/home/glaulher/.cache/typescript/4.0/node_modules/@types/fast-levenshtein/index.d.ts'
[12:28:15.405] Adding entry into typings cache: 'fb-watchman' => '/home/glaulher/.cache/typescript/4.0/node_modules/@types/fb-watchman/index.d.ts'
[12:28:15.438] Adding entry into typings cache: 'figlet' => '/home/glaulher/.cache/typescript/4.0/node_modules/@types/figlet/index.d.ts'
[12:28:15.471] Adding entry into typings cache: 'file-entry-cache' => '/home/glaulher/.cache/typescript/4.0/node_modules/@types/file-entry-cache/index.d.ts'
[12:28:15.515] Adding entry into typings cache: 'file-loader' => '/home/glaulher/.cache/typescript/4.0/node_modules/@types/file-loader/index.d.ts'
[12:28:15.543] Adding entry into typings cache: 'finalhandler' => '/home/glaulher/.cache/typescript/4.0/node_modules/@types/finalhandler/index.d.ts'
[12:28:15.548] Adding entry into typings cache: 'find-cache-dir' => '/home/glaulher/.cache/typescript/4.0/node_modules/@types/find-cache-dir/index.d.ts'
[12:28:15.552] Adding entry into typings cache: 'flat-cache' => '/home/glaulher/.cache/typescript/4.0/node_modules/@types/flat-cache/index.d.ts'
[12:28:15.596] Adding entry into typings cache: 'flush-write-stream' => '/home/glaulher/.cache/typescript/4.0/node_modules/@types/flush-write-stream/index.d.ts'
[12:28:15.640] Adding entry into typings cache: 'follow-redirects' => '/home/glaulher/.cache/typescript/4.0/node_modules/@types/follow-redirects/index.d.ts'
[12:28:15.660] Adding entry into typings cache: 'forever-agent' => '/home/glaulher/.cache/typescript/4.0/node_modules/@types/forever-agent/index.d.ts'
[12:28:15.704] Adding entry into typings cache: 'forwarded' => '/home/glaulher/.cache/typescript/4.0/node_modules/@types/forwarded/index.d.ts'
[12:28:15.707] Adding entry into typings cache: 'fresh' => '/home/glaulher/.cache/typescript/4.0/node_modules/@types/fresh/index.d.ts'
[12:28:15.752] Adding entry into typings cache: 'from2' => '/home/glaulher/.cache/typescript/4.0/node_modules/@types/from2/index.d.ts'
[12:28:15.764] Adding entry into typings cache: 'fs-extra' => '/home/glaulher/.cache/typescript/4.0/node_modules/@types/fs-extra/index.d.ts'
[12:28:15.907] Adding entry into typings cache: 'function-bind' => '/home/glaulher/.cache/typescript/4.0/node_modules/@types/function-bind/index.d.ts'
[12:28:15.937] Adding entry into typings cache: 'get-caller-file' => '/home/glaulher/.cache/typescript/4.0/node_modules/@types/get-caller-file/index.d.ts'
[12:28:16.94] Adding entry into typings cache: 'get-value' => '/home/glaulher/.cache/typescript/4.0/node_modules/@types/get-value/index.d.ts'
[12:28:16.97] Adding entry into typings cache: 'getpass' => '/home/glaulher/.cache/typescript/4.0/node_modules/@types/getpass/index.d.ts'
[12:28:16.142] Adding entry into typings cache: 'glob' => '/home/glaulher/.cache/typescript/4.0/node_modules/@types/glob/index.d.ts'
[12:28:16.228] Adding entry into typings cache: 'glob-parent' => '/home/glaulher/.cache/typescript/4.0/node_modules/@types/glob-parent/index.d.ts'
[12:28:16.377] Adding entry into typings cache: 'glob-to-regexp' => '/home/glaulher/.cache/typescript/4.0/node_modules/@types/glob-to-regexp/index.d.ts'
[12:28:16.563] Adding entry into typings cache: 'global-modules' => '/home/glaulher/.cache/typescript/4.0/node_modules/@types/global-modules/index.d.ts'
[12:28:16.674] Adding entry into typings cache: 'global-prefix' => '/home/glaulher/.cache/typescript/4.0/node_modules/@types/global-prefix/index.d.ts'
[12:28:16.741] Adding entry into typings cache: 'graceful-fs' => '/home/glaulher/.cache/typescript/4.0/node_modules/@types/graceful-fs/index.d.ts'
[12:28:16.744] Adding entry into typings cache: 'has' => '/home/glaulher/.cache/typescript/4.0/node_modules/@types/has/index.d.ts'
[12:28:16.778] Adding entry into typings cache: 'has-ansi' => '/home/glaulher/.cache/typescript/4.0/node_modules/@types/has-ansi/index.d.ts'
[12:28:16.781] Adding entry into typings cache: 'has-symbols' => '/home/glaulher/.cache/typescript/4.0/node_modules/@types/has-symbols/index.d.ts'
[12:28:16.807] Adding entry into typings cache: 'he' => '/home/glaulher/.cache/typescript/4.0/node_modules/@types/he/index.d.ts'
[12:28:16.811] Adding entry into typings cache: 'hex-color-regex' => '/home/glaulher/.cache/typescript/4.0/node_modules/@types/hex-color-regex/index.d.ts'
[12:28:16.839] Adding entry into typings cache: 'history' => '/home/glaulher/.cache/typescript/4.0/node_modules/@types/history/index.d.ts'
[12:28:16.995] Adding entry into typings cache: 'hoist-non-react-statics' => '/home/glaulher/.cache/typescript/4.0/node_modules/@types/hoist-non-react-statics/index.d.ts'
[12:28:17.15] Adding entry into typings cache: 'hosted-git-info' => '/home/glaulher/.cache/typescript/4.0/node_modules/@types/hosted-git-info/index.d.ts'
[12:28:17.18] Adding entry into typings cache: 'html-encoding-sniffer' => '/home/glaulher/.cache/typescript/4.0/node_modules/@types/html-encoding-sniffer/index.d.ts'
[12:28:17.21] Adding entry into typings cache: 'html-escaper' => '/home/glaulher/.cache/typescript/4.0/node_modules/@types/html-escaper/index.d.ts'
[12:28:17.43] Adding entry into typings cache: 'html-minifier' => '/home/glaulher/.cache/typescript/4.0/node_modules/@types/html-minifier/index.d.ts'
[12:28:17.63] Adding entry into typings cache: 'html-minifier-terser' => '/home/glaulher/.cache/typescript/4.0/node_modules/@types/html-minifier-terser/index.d.ts'
[12:28:17.94] Adding entry into typings cache: 'htmlparser2' => '/home/glaulher/.cache/typescript/4.0/node_modules/@types/htmlparser2/index.d.ts'
[12:28:17.96] Adding entry into typings cache: 'http-errors' => '/home/glaulher/.cache/typescript/4.0/node_modules/@types/http-errors/index.d.ts'
[12:28:17.99] Adding entry into typings cache: 'http-proxy' => '/home/glaulher/.cache/typescript/4.0/node_modules/@types/http-proxy/index.d.ts'
[12:28:17.103] Adding entry into typings cache: 'http-proxy-middleware' => '/home/glaulher/.cache/typescript/4.0/node_modules/@types/http-proxy-middleware/index.d.ts'
[12:28:17.106] Adding entry into typings cache: 'icss-utils' => '/home/glaulher/.cache/typescript/4.0/node_modules/@types/icss-utils/index.d.ts'
[12:28:17.108] Adding entry into typings cache: 'iferr' => '/home/glaulher/.cache/typescript/4.0/node_modules/@types/iferr/index.d.ts'
[12:28:17.111] Adding entry into typings cache: 'imurmurhash' => '/home/glaulher/.cache/typescript/4.0/node_modules/@types/imurmurhash/index.d.ts'
[12:28:17.150] Adding entry into typings cache: 'inherits' => '/home/glaulher/.cache/typescript/4.0/node_modules/@types/inherits/index.d.ts'
[12:28:17.153] Adding entry into typings cache: 'ini' => '/home/glaulher/.cache/typescript/4.0/node_modules/@types/ini/index.d.ts'
[12:28:17.177] Adding entry into typings cache: 'inquirer' => '/home/glaulher/.cache/typescript/4.0/node_modules/@types/inquirer/index.d.ts'
[12:28:17.181] Adding entry into typings cache: 'internal-slot' => '/home/glaulher/.cache/typescript/4.0/node_modules/@types/internal-slot/index.d.ts'
[12:28:17.186] Adding entry into typings cache: 'invariant' => '/home/glaulher/.cache/typescript/4.0/node_modules/@types/invariant/index.d.ts'
[12:28:17.190] Adding entry into typings cache: 'ip' => '/home/glaulher/.cache/typescript/4.0/node_modules/@types/ip/index.d.ts'
[12:28:17.306] Adding entry into typings cache: 'is-buffer' => '/home/glaulher/.cache/typescript/4.0/node_modules/@types/is-buffer/index.d.ts'
[12:28:17.309] Adding entry into typings cache: 'is-callable' => '/home/glaulher/.cache/typescript/4.0/node_modules/@types/is-callable/index.d.ts'
[12:28:17.311] Adding entry into typings cache: 'is-ci' => '/home/glaulher/.cache/typescript/4.0/node_modules/@types/is-ci/index.d.ts'
[12:28:17.314] Adding entry into typings cache: 'is-date-object' => '/home/glaulher/.cache/typescript/4.0/node_modules/@types/is-date-object/index.d.ts'
[12:28:17.370] Adding entry into typings cache: 'is-finite' => '/home/glaulher/.cache/typescript/4.0/node_modules/@types/is-finite/index.d.ts'
[12:28:17.451] Adding entry into typings cache: 'is-glob' => '/home/glaulher/.cache/typescript/4.0/node_modules/@types/is-glob/index.d.ts'
[12:28:17.456] Adding entry into typings cache: 'is-number' => '/home/glaulher/.cache/typescript/4.0/node_modules/@types/is-number/index.d.ts'
[12:28:17.480] Adding entry into typings cache: 'is-promise' => '/home/glaulher/.cache/typescript/4.0/node_modules/@types/is-promise/index.d.ts'
[12:28:17.483] Adding entry into typings cache: 'is-regex' => '/home/glaulher/.cache/typescript/4.0/node_modules/@types/is-regex/index.d.ts'
[12:28:17.485] Adding entry into typings cache: 'is-typedarray' => '/home/glaulher/.cache/typescript/4.0/node_modules/@types/is-typedarray/index.d.ts'
[12:28:17.524] Adding entry into typings cache: 'is-utf8' => '/home/glaulher/.cache/typescript/4.0/node_modules/@types/is-utf8/index.d.ts'
[12:28:17.540] Adding entry into typings cache: 'is-windows' => '/home/glaulher/.cache/typescript/4.0/node_modules/@types/is-windows/index.d.ts'
[12:28:17.545] Adding entry into typings cache: 'isarray' => '/home/glaulher/.cache/typescript/4.0/node_modules/@types/isarray/index.d.ts'
[12:28:17.547] Adding entry into typings cache: 'isexe' => '/home/glaulher/.cache/typescript/4.0/node_modules/@types/isexe/index.d.ts'
[12:28:17.584] Adding entry into typings cache: 'isomorphic-fetch' => '/home/glaulher/.cache/typescript/4.0/node_modules/@types/isomorphic-fetch/index.d.ts'
[12:28:17.586] Adding entry into typings cache: 'isstream' => '/home/glaulher/.cache/typescript/4.0/node_modules/@types/isstream/index.d.ts'
[12:28:17.624] Adding entry into typings cache: 'istanbul-lib-coverage' => '/home/glaulher/.cache/typescript/4.0/node_modules/@types/istanbul-lib-coverage/index.d.ts'
[12:28:17.628] Adding entry into typings cache: 'istanbul-lib-instrument' => '/home/glaulher/.cache/typescript/4.0/node_modules/@types/istanbul-lib-instrument/index.d.ts'
[12:28:17.631] Adding entry into typings cache: 'istanbul-lib-report' => '/home/glaulher/.cache/typescript/4.0/node_modules/@types/istanbul-lib-report/index.d.ts'
[12:28:17.670] Adding entry into typings cache: 'istanbul-lib-source-maps' => '/home/glaulher/.cache/typescript/4.0/node_modules/@types/istanbul-lib-source-maps/index.d.ts'
[12:28:17.681] Adding entry into typings cache: 'istanbul-reports' => '/home/glaulher/.cache/typescript/4.0/node_modules/@types/istanbul-reports/index.d.ts'
[12:28:17.761] Adding entry into typings cache: 'jest' => '/home/glaulher/.cache/typescript/4.0/node_modules/@types/jest/index.d.ts'
[12:28:17.806] Adding entry into typings cache: 'js-yaml' => '/home/glaulher/.cache/typescript/4.0/node_modules/@types/js-yaml/index.d.ts'
[12:28:17.813] Adding entry into typings cache: 'jsbn' => '/home/glaulher/.cache/typescript/4.0/node_modules/@types/jsbn/index.d.ts'
[12:28:17.875] Adding entry into typings cache: 'jsdom' => '/home/glaulher/.cache/typescript/4.0/node_modules/@types/jsdom/index.d.ts'
[12:28:17.951] Adding entry into typings cache: 'jsesc' => '/home/glaulher/.cache/typescript/4.0/node_modules/@types/jsesc/index.d.ts'
[12:28:18.6] Adding entry into typings cache: 'json-parse-better-errors' => '/home/glaulher/.cache/typescript/4.0/node_modules/@types/json-parse-better-errors/index.d.ts'
[12:28:18.68] Adding entry into typings cache: 'json-schema' => '/home/glaulher/.cache/typescript/4.0/node_modules/@types/json-schema/index.d.ts'
[12:28:18.206] Adding entry into typings cache: 'json-schema-traverse' => '/home/glaulher/.cache/typescript/4.0/node_modules/@types/json-schema-traverse/index.d.ts'
[12:28:18.209] Adding entry into typings cache: 'json-stable-stringify' => '/home/glaulher/.cache/typescript/4.0/node_modules/@types/json-stable-stringify/index.d.ts'
[12:28:18.211] Adding entry into typings cache: 'json-stringify-safe' => '/home/glaulher/.cache/typescript/4.0/node_modules/@types/json-stringify-safe/index.d.ts'
[12:28:18.252] Adding entry into typings cache: 'json3' => '/home/glaulher/.cache/typescript/4.0/node_modules/@types/json3/index.d.ts'
[12:28:18.255] Adding entry into typings cache: 'json5' => '/home/glaulher/.cache/typescript/4.0/node_modules/@types/json5/index.d.ts'
[12:28:18.257] Adding entry into typings cache: 'jsonfile' => '/home/glaulher/.cache/typescript/4.0/node_modules/@types/jsonfile/index.d.ts'
[12:28:18.372] Adding entry into typings cache: 'jsonwebtoken' => '/home/glaulher/.cache/typescript/4.0/node_modules/@types/jsonwebtoken/index.d.ts'
[12:28:18.375] Adding entry into typings cache: 'jws' => '/home/glaulher/.cache/typescript/4.0/node_modules/@types/jws/index.d.ts'
[12:28:18.529] Adding entry into typings cache: 'kind-of' => '/home/glaulher/.cache/typescript/4.0/node_modules/@types/kind-of/index.d.ts'
[12:28:18.533] Adding entry into typings cache: 'klaw' => '/home/glaulher/.cache/typescript/4.0/node_modules/@types/klaw/index.d.ts'
[12:28:18.607] Adding entry into typings cache: 'language-tags' => '/home/glaulher/.cache/typescript/4.0/node_modules/@types/language-tags/index.d.ts'
[12:28:18.762] Adding entry into typings cache: 'loader-runner' => '/home/glaulher/.cache/typescript/4.0/node_modules/@types/loader-runner/index.d.ts'
[12:28:18.813] Adding entry into typings cache: 'loader-utils' => '/home/glaulher/.cache/typescript/4.0/node_modules/@types/loader-utils/index.d.ts'
[12:28:19.256] Adding entry into typings cache: 'lodash' => '/home/glaulher/.cache/typescript/4.0/node_modules/@types/lodash/index.d.ts'
[12:28:19.306] Adding entry into typings cache: 'lodash.includes' => '/home/glaulher/.cache/typescript/4.0/node_modules/@types/lodash.includes/index.d.ts'
[12:28:19.313] Adding entry into typings cache: 'lodash.isboolean' => '/home/glaulher/.cache/typescript/4.0/node_modules/@types/lodash.isboolean/index.d.ts'
[12:28:19.315] Adding entry into typings cache: 'lodash.isinteger' => '/home/glaulher/.cache/typescript/4.0/node_modules/@types/lodash.isinteger/index.d.ts'
[12:28:19.318] Adding entry into typings cache: 'lodash.isnumber' => '/home/glaulher/.cache/typescript/4.0/node_modules/@types/lodash.isnumber/index.d.ts'
[12:28:19.321] Adding entry into typings cache: 'lodash.isplainobject' => '/home/glaulher/.cache/typescript/4.0/node_modules/@types/lodash.isplainobject/index.d.ts'
[12:28:19.323] Adding entry into typings cache: 'lodash.isstring' => '/home/glaulher/.cache/typescript/4.0/node_modules/@types/lodash.isstring/index.d.ts'
[12:28:19.363] Adding entry into typings cache: 'lodash.memoize' => '/home/glaulher/.cache/typescript/4.0/node_modules/@types/lodash.memoize/index.d.ts'
[12:28:19.365] Adding entry into typings cache: 'lodash.once' => '/home/glaulher/.cache/typescript/4.0/node_modules/@types/lodash.once/index.d.ts'
[12:28:19.440] Adding entry into typings cache: 'lodash.sortby' => '/home/glaulher/.cache/typescript/4.0/node_modules/@types/lodash.sortby/index.d.ts'
[12:28:19.485] Adding entry into typings cache: 'lodash.template' => '/home/glaulher/.cache/typescript/4.0/node_modules/@types/lodash.template/index.d.ts'
[12:28:19.487] Adding entry into typings cache: 'lodash.throttle' => '/home/glaulher/.cache/typescript/4.0/node_modules/@types/lodash.throttle/index.d.ts'
[12:28:19.576] Adding entry into typings cache: 'lodash.unescape' => '/home/glaulher/.cache/typescript/4.0/node_modules/@types/lodash.unescape/index.d.ts'
[12:28:19.619] Adding entry into typings cache: 'lodash.uniq' => '/home/glaulher/.cache/typescript/4.0/node_modules/@types/lodash.uniq/index.d.ts'
[12:28:19.639] Adding entry into typings cache: 'lolex' => '/home/glaulher/.cache/typescript/4.0/node_modules/@types/lolex/index.d.ts'
[12:28:19.642] Adding entry into typings cache: 'lru-cache' => '/home/glaulher/.cache/typescript/4.0/node_modules/@types/lru-cache/index.d.ts'
[12:28:19.644] Adding entry into typings cache: 'lz-string' => '/home/glaulher/.cache/typescript/4.0/node_modules/@types/lz-string/index.d.ts'
[12:28:19.704] Adding entry into typings cache: 'md5-file' => '/home/glaulher/.cache/typescript/4.0/node_modules/@types/md5-file/index.d.ts'
[12:28:19.724] Adding entry into typings cache: 'media-typer' => '/home/glaulher/.cache/typescript/4.0/node_modules/@types/media-typer/index.d.ts'
[12:28:19.752] Adding entry into typings cache: 'memory-fs' => '/home/glaulher/.cache/typescript/4.0/node_modules/@types/memory-fs/index.d.ts'
[12:28:19.837] Adding entry into typings cache: 'meow' => '/home/glaulher/.cache/typescript/4.0/node_modules/@types/meow/index.d.ts'
[12:28:19.876] Adding entry into typings cache: 'merge-deep' => '/home/glaulher/.cache/typescript/4.0/node_modules/@types/merge-deep/index.d.ts'
[12:28:19.976] Adding entry into typings cache: 'merge-descriptors' => '/home/glaulher/.cache/typescript/4.0/node_modules/@types/merge-descriptors/index.d.ts'
[12:28:20.62] Adding entry into typings cache: 'merge-stream' => '/home/glaulher/.cache/typescript/4.0/node_modules/@types/merge-stream/index.d.ts'
[12:28:20.215] Adding entry into typings cache: 'merge2' => '/home/glaulher/.cache/typescript/4.0/node_modules/@types/merge2/index.d.ts'
[12:28:20.276] Adding entry into typings cache: 'methods' => '/home/glaulher/.cache/typescript/4.0/node_modules/@types/methods/index.d.ts'
[12:28:20.395] Adding entry into typings cache: 'micromatch' => '/home/glaulher/.cache/typescript/4.0/node_modules/@types/micromatch/index.d.ts'
[12:28:20.398] Adding entry into typings cache: 'mime' => '/home/glaulher/.cache/typescript/4.0/node_modules/@types/mime/index.d.ts'
[12:28:20.587] Adding entry into typings cache: 'mime-db' => '/home/glaulher/.cache/typescript/4.0/node_modules/@types/mime-db/index.d.ts'
[12:28:20.809] Adding entry into typings cache: 'mime-types' => '/home/glaulher/.cache/typescript/4.0/node_modules/@types/mime-types/index.d.ts'
[12:28:20.829] Adding entry into typings cache: 'min-indent' => '/home/glaulher/.cache/typescript/4.0/node_modules/@types/min-indent/index.d.ts'
[12:28:20.846] Adding entry into typings cache: 'mini-css-extract-plugin' => '/home/glaulher/.cache/typescript/4.0/node_modules/@types/mini-css-extract-plugin/index.d.ts'
[12:28:20.849] Adding entry into typings cache: 'minimalistic-assert' => '/home/glaulher/.cache/typescript/4.0/node_modules/@types/minimalistic-assert/index.d.ts'
[12:28:20.885] Adding entry into typings cache: 'minimatch' => '/home/glaulher/.cache/typescript/4.0/node_modules/@types/minimatch/index.d.ts'
[12:28:20.957] Adding entry into typings cache: 'minimist' => '/home/glaulher/.cache/typescript/4.0/node_modules/@types/minimist/index.d.ts'
[12:28:20.996] Adding entry into typings cache: 'minipass' => '/home/glaulher/.cache/typescript/4.0/node_modules/@types/minipass/index.d.ts'
[12:28:21.131] Adding entry into typings cache: 'mkdirp' => '/home/glaulher/.cache/typescript/4.0/node_modules/@types/mkdirp/index.d.ts'
[12:28:21.152] Adding entry into typings cache: 'move-concurrently' => '/home/glaulher/.cache/typescript/4.0/node_modules/@types/move-concurrently/index.d.ts'
[12:28:21.265] Adding entry into typings cache: 'ms' => '/home/glaulher/.cache/typescript/4.0/node_modules/@types/ms/index.d.ts'
[12:28:21.369] Adding entry into typings cache: 'multer' => '/home/glaulher/.cache/typescript/4.0/node_modules/@types/multer/index.d.ts'
[12:28:21.420] Adding entry into typings cache: 'mute-stream' => '/home/glaulher/.cache/typescript/4.0/node_modules/@types/mute-stream/index.d.ts'
[12:28:21.464] Adding entry into typings cache: 'mz' => '/home/glaulher/.cache/typescript/4.0/node_modules/@types/mz/index.d.ts'
[12:28:21.474] Adding entry into typings cache: 'natural-compare' => '/home/glaulher/.cache/typescript/4.0/node_modules/@types/natural-compare/index.d.ts'
[12:28:21.476] Adding entry into typings cache: 'negotiator' => '/home/glaulher/.cache/typescript/4.0/node_modules/@types/negotiator/index.d.ts'
[12:28:21.496] Adding entry into typings cache: 'next-tick' => '/home/glaulher/.cache/typescript/4.0/node_modules/@types/next-tick/index.d.ts'
[12:28:21.498] Adding entry into typings cache: 'nice-try' => '/home/glaulher/.cache/typescript/4.0/node_modules/@types/nice-try/index.d.ts'
[12:28:21.533] Adding entry into typings cache: 'node-fetch' => '/home/glaulher/.cache/typescript/4.0/node_modules/@types/node-fetch/index.d.ts'
[12:28:21.536] Adding entry into typings cache: 'node-forge' => '/home/glaulher/.cache/typescript/4.0/node_modules/@types/node-forge/index.d.ts'
[12:28:21.620] Adding entry into typings cache: 'node-int64' => '/home/glaulher/.cache/typescript/4.0/node_modules/@types/node-int64/index.d.ts'
[12:28:21.629] Adding entry into typings cache: 'node-notifier' => '/home/glaulher/.cache/typescript/4.0/node_modules/@types/node-notifier/index.d.ts'
[12:28:21.662] Adding entry into typings cache: 'nodemon' => '/home/glaulher/.cache/typescript/4.0/node_modules/@types/nodemon/index.d.ts'
[12:28:21.722] Adding entry into typings cache: 'normalize-package-data' => '/home/glaulher/.cache/typescript/4.0/node_modules/@types/normalize-package-data/index.d.ts'
[12:28:22.26] Adding entry into typings cache: 'normalize-path' => '/home/glaulher/.cache/typescript/4.0/node_modules/@types/normalize-path/index.d.ts'
[12:28:22.685] Adding entry into typings cache: 'num2fraction' => '/home/glaulher/.cache/typescript/4.0/node_modules/@types/num2fraction/index.d.ts'
[12:28:22.826] Adding entry into typings cache: 'number-is-nan' => '/home/glaulher/.cache/typescript/4.0/node_modules/@types/number-is-nan/index.d.ts'
[12:28:22.989] Adding entry into typings cache: 'object-assign' => '/home/glaulher/.cache/typescript/4.0/node_modules/@types/object-assign/index.d.ts'
[12:28:23.154] Adding entry into typings cache: 'object-hash' => '/home/glaulher/.cache/typescript/4.0/node_modules/@types/object-hash/index.d.ts'
[12:28:23.289] Adding entry into typings cache: 'object-inspect' => '/home/glaulher/.cache/typescript/4.0/node_modules/@types/object-inspect/index.d.ts'
[12:28:23.378] Adding entry into typings cache: 'object-keys' => '/home/glaulher/.cache/typescript/4.0/node_modules/@types/object-keys/index.d.ts'
[12:28:23.444] Adding entry into typings cache: 'object-path' => '/home/glaulher/.cache/typescript/4.0/node_modules/@types/object-path/index.d.ts'
[12:28:23.601] Adding entry into typings cache: 'object.fromentries' => '/home/glaulher/.cache/typescript/4.0/node_modules/@types/object.fromentries/index.d.ts'
[12:28:23.710] Adding entry into typings cache: 'object.getownpropertydescriptors' => '/home/glaulher/.cache/typescript/4.0/node_modules/@types/object.getownpropertydescriptors/index.d.ts'
[12:28:23.889] Adding entry into typings cache: 'object.pick' => '/home/glaulher/.cache/typescript/4.0/node_modules/@types/object.pick/index.d.ts'
[12:28:23.896] Adding entry into typings cache: 'on-finished' => '/home/glaulher/.cache/typescript/4.0/node_modules/@types/on-finished/index.d.ts'
[12:28:23.934] Adding entry into typings cache: 'on-headers' => '/home/glaulher/.cache/typescript/4.0/node_modules/@types/on-headers/index.d.ts'
[12:28:24.78] Adding entry into typings cache: 'once' => '/home/glaulher/.cache/typescript/4.0/node_modules/@types/once/index.d.ts'
[12:28:24.147] Adding entry into typings cache: 'optimize-css-assets-webpack-plugin' => '/home/glaulher/.cache/typescript/4.0/node_modules/@types/optimize-css-assets-webpack-plugin/index.d.ts'
[12:28:24.221] Adding entry into typings cache: 'original' => '/home/glaulher/.cache/typescript/4.0/node_modules/@types/original/index.d.ts'
[12:28:24.346] Adding entry into typings cache: 'os-tmpdir' => '/home/glaulher/.cache/typescript/4.0/node_modules/@types/os-tmpdir/index.d.ts'
[12:28:24.397] Adding entry into typings cache: 'pako' => '/home/glaulher/.cache/typescript/4.0/node_modules/@types/pako/index.d.ts'
[12:28:24.508] Adding entry into typings cache: 'parallel-transform' => '/home/glaulher/.cache/typescript/4.0/node_modules/@types/parallel-transform/index.d.ts'
[12:28:24.567] Adding entry into typings cache: 'parse-json' => '/home/glaulher/.cache/typescript/4.0/node_modules/@types/parse-json/index.d.ts'
[12:28:24.650] Adding entry into typings cache: 'parse5' => '/home/glaulher/.cache/typescript/4.0/node_modules/@types/parse5/index.d.ts'
[12:28:24.710] Adding entry into typings cache: 'parse5-htmlparser2-tree-adapter' => '/home/glaulher/.cache/typescript/4.0/node_modules/@types/parse5-htmlparser2-tree-adapter/index.d.ts'
[12:28:24.783] Adding entry into typings cache: 'parseurl' => '/home/glaulher/.cache/typescript/4.0/node_modules/@types/parseurl/index.d.ts'
[12:28:24.861] Adding entry into typings cache: 'pascalcase' => '/home/glaulher/.cache/typescript/4.0/node_modules/@types/pascalcase/index.d.ts'
[12:28:24.905] Adding entry into typings cache: 'path-is-absolute' => '/home/glaulher/.cache/typescript/4.0/node_modules/@types/path-is-absolute/index.d.ts'
[12:28:24.985] Adding entry into typings cache: 'path-is-inside' => '/home/glaulher/.cache/typescript/4.0/node_modules/@types/path-is-inside/index.d.ts'
[12:28:25.39] Adding entry into typings cache: 'path-parse' => '/home/glaulher/.cache/typescript/4.0/node_modules/@types/path-parse/index.d.ts'
[12:28:25.85] Adding entry into typings cache: 'pbkdf2' => '/home/glaulher/.cache/typescript/4.0/node_modules/@types/pbkdf2/index.d.ts'
[12:28:25.178] Adding entry into typings cache: 'pg' => '/home/glaulher/.cache/typescript/4.0/node_modules/@types/pg/index.d.ts'
[12:28:25.205] Adding entry into typings cache: 'pg-pool' => '/home/glaulher/.cache/typescript/4.0/node_modules/@types/pg-pool/index.d.ts'
[12:28:25.234] Adding entry into typings cache: 'pg-types' => '/home/glaulher/.cache/typescript/4.0/node_modules/@types/pg-types/index.d.ts'
[12:28:25.261] Adding entry into typings cache: 'picomatch' => '/home/glaulher/.cache/typescript/4.0/node_modules/@types/picomatch/index.d.ts'
[12:28:25.266] Adding entry into typings cache: 'pify' => '/home/glaulher/.cache/typescript/4.0/node_modules/@types/pify/index.d.ts'
[12:28:25.412] Adding entry into typings cache: 'plist' => '/home/glaulher/.cache/typescript/4.0/node_modules/@types/plist/index.d.ts'
[12:28:25.450] Adding entry into typings cache: 'plugin-error' => '/home/glaulher/.cache/typescript/4.0/node_modules/@types/plugin-error/index.d.ts'
[12:28:25.494] Adding entry into typings cache: 'postcss-calc' => '/home/glaulher/.cache/typescript/4.0/node_modules/@types/postcss-calc/index.d.ts'
[12:28:25.539] Adding entry into typings cache: 'postcss-custom-properties' => '/home/glaulher/.cache/typescript/4.0/node_modules/@types/postcss-custom-properties/index.d.ts'
[12:28:25.542] Adding entry into typings cache: 'postcss-flexbugs-fixes' => '/home/glaulher/.cache/typescript/4.0/node_modules/@types/postcss-flexbugs-fixes/index.d.ts'
[12:28:25.547] Adding entry into typings cache: 'postcss-focus-within' => '/home/glaulher/.cache/typescript/4.0/node_modules/@types/postcss-focus-within/index.d.ts'
[12:28:25.550] Adding entry into typings cache: 'postcss-gap-properties' => '/home/glaulher/.cache/typescript/4.0/node_modules/@types/postcss-gap-properties/index.d.ts'
[12:28:25.556] Adding entry into typings cache: 'postcss-load-config' => '/home/glaulher/.cache/typescript/4.0/node_modules/@types/postcss-load-config/index.d.ts'
[12:28:25.560] Adding entry into typings cache: 'postcss-modules-extract-imports' => '/home/glaulher/.cache/typescript/4.0/node_modules/@types/postcss-modules-extract-imports/index.d.ts'
[12:28:25.564] Adding entry into typings cache: 'postcss-modules-local-by-default' => '/home/glaulher/.cache/typescript/4.0/node_modules/@types/postcss-modules-local-by-default/index.d.ts'
[12:28:25.566] Adding entry into typings cache: 'postcss-modules-scope' => '/home/glaulher/.cache/typescript/4.0/node_modules/@types/postcss-modules-scope/index.d.ts'
[12:28:25.569] Adding entry into typings cache: 'postcss-modules-values' => '/home/glaulher/.cache/typescript/4.0/node_modules/@types/postcss-modules-values/index.d.ts'
[12:28:25.571] Adding entry into typings cache: 'postcss-normalize' => '/home/glaulher/.cache/typescript/4.0/node_modules/@types/postcss-normalize/index.d.ts'
[12:28:25.605] Adding entry into typings cache: 'postcss-preset-env' => '/home/glaulher/.cache/typescript/4.0/node_modules/@types/postcss-preset-env/index.d.ts'
[12:28:25.627] Adding entry into typings cache: 'postcss-safe-parser' => '/home/glaulher/.cache/typescript/4.0/node_modules/@types/postcss-safe-parser/index.d.ts'
[12:28:25.650] Adding entry into typings cache: 'prelude-ls' => '/home/glaulher/.cache/typescript/4.0/node_modules/@types/prelude-ls/index.d.ts'
[12:28:25.654] Adding entry into typings cache: 'prettier' => '/home/glaulher/.cache/typescript/4.0/node_modules/@types/prettier/index.d.ts'
[12:28:25.659] Adding entry into typings cache: 'prettier-linter-helpers' => '/home/glaulher/.cache/typescript/4.0/node_modules/@types/prettier-linter-helpers/index.d.ts'
[12:28:25.663] Adding entry into typings cache: 'progress' => '/home/glaulher/.cache/typescript/4.0/node_modules/@types/progress/index.d.ts'
[12:28:25.697] Adding entry into typings cache: 'promise-inflight' => '/home/glaulher/.cache/typescript/4.0/node_modules/@types/promise-inflight/index.d.ts'
[12:28:25.739] Adding entry into typings cache: 'prompts' => '/home/glaulher/.cache/typescript/4.0/node_modules/@types/prompts/index.d.ts'
[12:28:25.805] Adding entry into typings cache: 'prop-types' => '/home/glaulher/.cache/typescript/4.0/node_modules/@types/prop-types/index.d.ts'
[12:28:25.921] Adding entry into typings cache: 'proxy-addr' => '/home/glaulher/.cache/typescript/4.0/node_modules/@types/proxy-addr/index.d.ts'
[12:28:26.20] Adding entry into typings cache: 'psl' => '/home/glaulher/.cache/typescript/4.0/node_modules/@types/psl/index.d.ts'
[12:28:26.130] Adding entry into typings cache: 'pump' => '/home/glaulher/.cache/typescript/4.0/node_modules/@types/pump/index.d.ts'
[12:28:26.365] Adding entry into typings cache: 'pumpify' => '/home/glaulher/.cache/typescript/4.0/node_modules/@types/pumpify/index.d.ts'
[12:28:26.497] Adding entry into typings cache: 'punycode' => '/home/glaulher/.cache/typescript/4.0/node_modules/@types/punycode/index.d.ts'
[12:28:26.530] Adding entry into typings cache: 'q' => '/home/glaulher/.cache/typescript/4.0/node_modules/@types/q/index.d.ts'
[12:28:26.593] Adding entry into typings cache: 'qs' => '/home/glaulher/.cache/typescript/4.0/node_modules/@types/qs/index.d.ts'
[12:28:26.638] Adding entry into typings cache: 'querystringify' => '/home/glaulher/.cache/typescript/4.0/node_modules/@types/querystringify/index.d.ts'
[12:28:26.674] Adding entry into typings cache: 'raf' => '/home/glaulher/.cache/typescript/4.0/node_modules/@types/raf/index.d.ts'
[12:28:26.705] Adding entry into typings cache: 'ramda' => '/home/glaulher/.cache/typescript/4.0/node_modules/@types/ramda/index.d.ts'
[12:28:26.818] Adding entry into typings cache: 'randombytes' => '/home/glaulher/.cache/typescript/4.0/node_modules/@types/randombytes/index.d.ts'
[12:28:26.882] Adding entry into typings cache: 'range-parser' => '/home/glaulher/.cache/typescript/4.0/node_modules/@types/range-parser/index.d.ts'
[12:28:26.959] Adding entry into typings cache: 'react' => '/home/glaulher/.cache/typescript/4.0/node_modules/@types/react/index.d.ts'
[12:28:27.711] Adding entry into typings cache: 'react-dev-utils' => '/home/glaulher/.cache/typescript/4.0/node_modules/@types/react-dev-utils/index.d.ts'
[12:28:27.740] Adding entry into typings cache: 'react-dom' => '/home/glaulher/.cache/typescript/4.0/node_modules/@types/react-dom/index.d.ts'
[12:28:27.852] Adding entry into typings cache: 'react-is' => '/home/glaulher/.cache/typescript/4.0/node_modules/@types/react-is/index.d.ts'
[12:28:27.880] Adding entry into typings cache: 'react-native' => '/home/glaulher/.cache/typescript/4.0/node_modules/@types/react-native/index.d.ts'
[12:28:27.882] Adding entry into typings cache: 'react-native-document-picker' => '/home/glaulher/.cache/typescript/4.0/node_modules/@types/react-native-document-picker/index.d.ts'
[12:28:28.84] Adding entry into typings cache: 'react-native-table-component' => '/home/glaulher/.cache/typescript/4.0/node_modules/@types/react-native-table-component/index.d.ts'
[12:28:28.109] Adding entry into typings cache: 'react-router' => '/home/glaulher/.cache/typescript/4.0/node_modules/@types/react-router/index.d.ts'
[12:28:28.151] Adding entry into typings cache: 'react-router-dom' => '/home/glaulher/.cache/typescript/4.0/node_modules/@types/react-router-dom/index.d.ts'
[12:28:28.288] Adding entry into typings cache: 'react-test-renderer' => '/home/glaulher/.cache/typescript/4.0/node_modules/@types/react-test-renderer/index.d.ts'
[12:28:28.411] Adding entry into typings cache: 'readable-stream' => '/home/glaulher/.cache/typescript/4.0/node_modules/@types/readable-stream/index.d.ts'
[12:28:28.440] Adding entry into typings cache: 'recursive-readdir' => '/home/glaulher/.cache/typescript/4.0/node_modules/@types/recursive-readdir/index.d.ts'
[12:28:28.485] Adding entry into typings cache: 'regenerator-runtime' => '/home/glaulher/.cache/typescript/4.0/node_modules/@types/regenerator-runtime/index.d.ts'
[12:28:28.546] Adding entry into typings cache: 'relateurl' => '/home/glaulher/.cache/typescript/4.0/node_modules/@types/relateurl/index.d.ts'
[12:28:28.619] Adding entry into typings cache: 'repeat-element' => '/home/glaulher/.cache/typescript/4.0/node_modules/@types/repeat-element/index.d.ts'
[12:28:28.656] Adding entry into typings cache: 'repeat-string' => '/home/glaulher/.cache/typescript/4.0/node_modules/@types/repeat-string/index.d.ts'
[12:28:28.693] Adding entry into typings cache: 'repeating' => '/home/glaulher/.cache/typescript/4.0/node_modules/@types/repeating/index.d.ts'
[12:28:28.743] Adding entry into typings cache: 'request' => '/home/glaulher/.cache/typescript/4.0/node_modules/@types/request/index.d.ts'
[12:28:28.756] Adding entry into typings cache: 'request-promise-native' => '/home/glaulher/.cache/typescript/4.0/node_modules/@types/request-promise-native/index.d.ts'
[12:28:28.800] Adding entry into typings cache: 'require-directory' => '/home/glaulher/.cache/typescript/4.0/node_modules/@types/require-directory/index.d.ts'
[12:28:28.961] Adding entry into typings cache: 'requires-port' => '/home/glaulher/.cache/typescript/4.0/node_modules/@types/requires-port/index.d.ts'
[12:28:29.11] Adding entry into typings cache: 'resolve' => '/home/glaulher/.cache/typescript/4.0/node_modules/@types/resolve/index.d.ts'
[12:28:29.84] Adding entry into typings cache: 'retry' => '/home/glaulher/.cache/typescript/4.0/node_modules/@types/retry/index.d.ts'
[12:28:29.100] Adding entry into typings cache: 'rimraf' => '/home/glaulher/.cache/typescript/4.0/node_modules/@types/rimraf/index.d.ts'
[12:28:29.173] Adding entry into typings cache: 'ripemd160' => '/home/glaulher/.cache/typescript/4.0/node_modules/@types/ripemd160/index.d.ts'
[12:28:29.268] Adding entry into typings cache: 'rn-fetch-blob' => '/home/glaulher/.cache/typescript/4.0/node_modules/@types/rn-fetch-blob/index.d.ts'
[12:28:29.311] Adding entry into typings cache: 'rsvp' => '/home/glaulher/.cache/typescript/4.0/node_modules/@types/rsvp/index.d.ts'
[12:28:29.384] Adding entry into typings cache: 'run-parallel' => '/home/glaulher/.cache/typescript/4.0/node_modules/@types/run-parallel/index.d.ts'
[12:28:29.387] Adding entry into typings cache: 'rx-lite' => '/home/glaulher/.cache/typescript/4.0/node_modules/@types/rx-lite/index.d.ts'
[12:28:29.390] Adding entry into typings cache: 'rx-lite-aggregates' => '/home/glaulher/.cache/typescript/4.0/node_modules/@types/rx-lite-aggregates/index.d.ts'
[12:28:29.489] Adding entry into typings cache: 'safe-regex' => '/home/glaulher/.cache/typescript/4.0/node_modules/@types/safe-regex/index.d.ts'
[12:28:29.599] Adding entry into typings cache: 'safer-buffer' => '/home/glaulher/.cache/typescript/4.0/node_modules/@types/safer-buffer/index.d.ts'
[12:28:29.601] Adding entry into typings cache: 'sane' => '/home/glaulher/.cache/typescript/4.0/node_modules/@types/sane/index.d.ts'
[12:28:29.646] Adding entry into typings cache: 'sass-loader' => '/home/glaulher/.cache/typescript/4.0/node_modules/@types/sass-loader/index.d.ts'
[12:28:29.667] Adding entry into typings cache: 'sax' => '/home/glaulher/.cache/typescript/4.0/node_modules/@types/sax/index.d.ts'
[12:28:29.671] Adding entry into typings cache: 'scheduler' => '/home/glaulher/.cache/typescript/4.0/node_modules/@types/scheduler/index.d.ts'
[12:28:29.674] Adding entry into typings cache: 'semver' => '/home/glaulher/.cache/typescript/4.0/node_modules/@types/semver/index.d.ts'
[12:28:29.676] Adding entry into typings cache: 'send' => '/home/glaulher/.cache/typescript/4.0/node_modules/@types/send/index.d.ts'
[12:28:29.795] Adding entry into typings cache: 'serialize-javascript' => '/home/glaulher/.cache/typescript/4.0/node_modules/@types/serialize-javascript/index.d.ts'
[12:28:29.798] Adding entry into typings cache: 'serve-index' => '/home/glaulher/.cache/typescript/4.0/node_modules/@types/serve-index/index.d.ts'
[12:28:29.845] Adding entry into typings cache: 'serve-static' => '/home/glaulher/.cache/typescript/4.0/node_modules/@types/serve-static/index.d.ts'
[12:28:29.921] Adding entry into typings cache: 'set-value' => '/home/glaulher/.cache/typescript/4.0/node_modules/@types/set-value/index.d.ts'
[12:28:29.923] Adding entry into typings cache: 'setimmediate' => '/home/glaulher/.cache/typescript/4.0/node_modules/@types/setimmediate/index.d.ts'
[12:28:30.41] Adding entry into typings cache: 'sha.js' => '/home/glaulher/.cache/typescript/4.0/node_modules/@types/sha.js/index.d.ts'
[12:28:30.189] Adding entry into typings cache: 'shallowequal' => '/home/glaulher/.cache/typescript/4.0/node_modules/@types/shallowequal/index.d.ts'
[12:28:30.218] Adding entry into typings cache: 'shebang-command' => '/home/glaulher/.cache/typescript/4.0/node_modules/@types/shebang-command/index.d.ts'
[12:28:30.316] Adding entry into typings cache: 'shell-quote' => '/home/glaulher/.cache/typescript/4.0/node_modules/@types/shell-quote/index.d.ts'
[12:28:30.428] Adding entry into typings cache: 'signal-exit' => '/home/glaulher/.cache/typescript/4.0/node_modules/@types/signal-exit/index.d.ts'
[12:28:30.431] Adding entry into typings cache: 'slice-ansi' => '/home/glaulher/.cache/typescript/4.0/node_modules/@types/slice-ansi/index.d.ts'
[12:28:30.518] Adding entry into typings cache: 'sockjs' => '/home/glaulher/.cache/typescript/4.0/node_modules/@types/sockjs/index.d.ts'
[12:28:30.541] Adding entry into typings cache: 'sockjs-client' => '/home/glaulher/.cache/typescript/4.0/node_modules/@types/sockjs-client/index.d.ts'
[12:28:30.596] Adding entry into typings cache: 'source-list-map' => '/home/glaulher/.cache/typescript/4.0/node_modules/@types/source-list-map/index.d.ts'
[12:28:30.698] Adding entry into typings cache: 'source-map-support' => '/home/glaulher/.cache/typescript/4.0/node_modules/@types/source-map-support/index.d.ts'
[12:28:30.701] Adding entry into typings cache: 'spdx-correct' => '/home/glaulher/.cache/typescript/4.0/node_modules/@types/spdx-correct/index.d.ts'
[12:28:30.708] Adding entry into typings cache: 'spdx-expression-parse' => '/home/glaulher/.cache/typescript/4.0/node_modules/@types/spdx-expression-parse/index.d.ts'
[12:28:30.784] Adding entry into typings cache: 'spdy' => '/home/glaulher/.cache/typescript/4.0/node_modules/@types/spdy/index.d.ts'
[12:28:30.834] Adding entry into typings cache: 'split2' => '/home/glaulher/.cache/typescript/4.0/node_modules/@types/split2/index.d.ts'
[12:28:30.861] Adding entry into typings cache: 'sprintf' => '/home/glaulher/.cache/typescript/4.0/node_modules/@types/sprintf/index.d.ts'
[12:28:30.863] Adding entry into typings cache: 'sprintf-js' => '/home/glaulher/.cache/typescript/4.0/node_modules/@types/sprintf-js/index.d.ts'
[12:28:30.865] Adding entry into typings cache: 'sshpk' => '/home/glaulher/.cache/typescript/4.0/node_modules/@types/sshpk/index.d.ts'
[12:28:30.895] Adding entry into typings cache: 'ssri' => '/home/glaulher/.cache/typescript/4.0/node_modules/@types/ssri/index.d.ts'
[12:28:30.917] Adding entry into typings cache: 'stack-utils' => '/home/glaulher/.cache/typescript/4.0/node_modules/@types/stack-utils/index.d.ts'
[12:28:30.919] Adding entry into typings cache: 'statuses' => '/home/glaulher/.cache/typescript/4.0/node_modules/@types/statuses/index.d.ts'
[12:28:30.945] Adding entry into typings cache: 'stream-buffers' => '/home/glaulher/.cache/typescript/4.0/node_modules/@types/stream-buffers/index.d.ts'
[12:28:30.986] Adding entry into typings cache: 'stream-each' => '/home/glaulher/.cache/typescript/4.0/node_modules/@types/stream-each/index.d.ts'
[12:28:30.991] Adding entry into typings cache: 'stream-shift' => '/home/glaulher/.cache/typescript/4.0/node_modules/@types/stream-shift/index.d.ts'
[12:28:30.995] Adding entry into typings cache: 'strict-uri-encode' => '/home/glaulher/.cache/typescript/4.0/node_modules/@types/strict-uri-encode/index.d.ts'
[12:28:31.24] Adding entry into typings cache: 'string-natural-compare' => '/home/glaulher/.cache/typescript/4.0/node_modules/@types/string-natural-compare/index.d.ts'
[12:28:31.67] Adding entry into typings cache: 'string.prototype.matchall' => '/home/glaulher/.cache/typescript/4.0/node_modules/@types/string.prototype.matchall/index.d.ts'
[12:28:31.72] Adding entry into typings cache: 'stringify-object' => '/home/glaulher/.cache/typescript/4.0/node_modules/@types/stringify-object/index.d.ts'
[12:28:31.138] Adding entry into typings cache: 'strip-comments' => '/home/glaulher/.cache/typescript/4.0/node_modules/@types/strip-comments/index.d.ts'
[12:28:31.199] Adding entry into typings cache: 'styled-components' => '/home/glaulher/.cache/typescript/4.0/node_modules/@types/styled-components/index.d.ts'
[12:28:31.268] Adding entry into typings cache: 'supports-color' => '/home/glaulher/.cache/typescript/4.0/node_modules/@types/supports-color/index.d.ts'
[12:28:31.283] Adding entry into typings cache: 'svg-parser' => '/home/glaulher/.cache/typescript/4.0/node_modules/@types/svg-parser/index.d.ts'
[12:28:31.296] Adding entry into typings cache: 'svgo' => '/home/glaulher/.cache/typescript/4.0/node_modules/@types/svgo/index.d.ts'
[12:28:31.315] Adding entry into typings cache: 'symbol-tree' => '/home/glaulher/.cache/typescript/4.0/node_modules/@types/symbol-tree/index.d.ts'
[12:28:31.332] Adding entry into typings cache: 'table' => '/home/glaulher/.cache/typescript/4.0/node_modules/@types/table/index.d.ts'
[12:28:31.374] Adding entry into typings cache: 'tapable' => '/home/glaulher/.cache/typescript/4.0/node_modules/tapable/tapable.d.ts'
[12:28:31.572] Adding entry into typings cache: 'tar' => '/home/glaulher/.cache/typescript/4.0/node_modules/@types/tar/index.d.ts'
[12:28:31.688] Adding entry into typings cache: 'temp' => '/home/glaulher/.cache/typescript/4.0/node_modules/@types/temp/index.d.ts'
[12:28:31.895] Adding entry into typings cache: 'terser-webpack-plugin' => '/home/glaulher/.cache/typescript/4.0/node_modules/@types/terser-webpack-plugin/index.d.ts'
[12:28:31.916] Adding entry into typings cache: 'testing-library__jest-dom' => '/home/glaulher/.cache/typescript/4.0/node_modules/@types/testing-library__jest-dom/index.d.ts'
[12:28:31.955] Adding entry into typings cache: 'text-table' => '/home/glaulher/.cache/typescript/4.0/node_modules/@types/text-table/index.d.ts'
[12:28:31.961] Adding entry into typings cache: 'through' => '/home/glaulher/.cache/typescript/4.0/node_modules/@types/through/index.d.ts'
[12:28:31.966] Adding entry into typings cache: 'through2' => '/home/glaulher/.cache/typescript/4.0/node_modules/@types/through2/index.d.ts'
[12:28:31.970] Adding entry into typings cache: 'timsort' => '/home/glaulher/.cache/typescript/4.0/node_modules/@types/timsort/index.d.ts'
[12:28:31.975] Adding entry into typings cache: 'tmp' => '/home/glaulher/.cache/typescript/4.0/node_modules/@types/tmp/index.d.ts'
[12:28:31.989] Adding entry into typings cache: 'tough-cookie' => '/home/glaulher/.cache/typescript/4.0/node_modules/@types/tough-cookie/index.d.ts'
[12:28:31.993] Adding entry into typings cache: 'tryer' => '/home/glaulher/.cache/typescript/4.0/node_modules/@types/tryer/index.d.ts'
[12:28:32.129] Adding entry into typings cache: 'type-check' => '/home/glaulher/.cache/typescript/4.0/node_modules/@types/type-check/index.d.ts'
[12:28:32.134] Adding entry into typings cache: 'type-detect' => '/home/glaulher/.cache/typescript/4.0/node_modules/@types/type-detect/index.d.ts'
[12:28:32.175] Adding entry into typings cache: 'type-is' => '/home/glaulher/.cache/typescript/4.0/node_modules/@types/type-is/index.d.ts'
[12:28:32.191] Adding entry into typings cache: 'ua-parser-js' => '/home/glaulher/.cache/typescript/4.0/node_modules/@types/ua-parser-js/index.d.ts'
[12:28:32.194] Adding entry into typings cache: 'uglify-es' => '/home/glaulher/.cache/typescript/4.0/node_modules/@types/uglify-es/index.d.ts'
[12:28:32.216] Adding entry into typings cache: 'uniq' => '/home/glaulher/.cache/typescript/4.0/node_modules/@types/uniq/index.d.ts'
[12:28:32.229] Adding entry into typings cache: 'unist' => '/home/glaulher/.cache/typescript/4.0/node_modules/@types/unist/index.d.ts'
[12:28:32.232] Adding entry into typings cache: 'universalify' => '/home/glaulher/.cache/typescript/4.0/node_modules/@types/universalify/index.d.ts'
[12:28:32.324] Adding entry into typings cache: 'urix' => '/home/glaulher/.cache/typescript/4.0/node_modules/@types/urix/index.d.ts'
[12:28:32.351] Adding entry into typings cache: 'url-parse' => '/home/glaulher/.cache/typescript/4.0/node_modules/@types/url-parse/index.d.ts'
[12:28:32.354] Adding entry into typings cache: 'use-subscription' => '/home/glaulher/.cache/typescript/4.0/node_modules/@types/use-subscription/index.d.ts'
[12:28:32.363] Adding entry into typings cache: 'utf8' => '/home/glaulher/.cache/typescript/4.0/node_modules/@types/utf8/index.d.ts'
[12:28:32.411] Adding entry into typings cache: 'util-deprecate' => '/home/glaulher/.cache/typescript/4.0/node_modules/@types/util-deprecate/index.d.ts'
[12:28:32.461] Adding entry into typings cache: 'util.promisify' => '/home/glaulher/.cache/typescript/4.0/node_modules/@types/util.promisify/index.d.ts'
[12:28:32.464] Adding entry into typings cache: 'utils-merge' => '/home/glaulher/.cache/typescript/4.0/node_modules/@types/utils-merge/index.d.ts'
[12:28:32.467] Adding entry into typings cache: 'uuid' => '/home/glaulher/.cache/typescript/4.0/node_modules/@types/uuid/index.d.ts'
[12:28:32.471] Adding entry into typings cache: 'validate-npm-package-license' => '/home/glaulher/.cache/typescript/4.0/node_modules/@types/validate-npm-package-license/index.d.ts'
[12:28:32.475] Adding entry into typings cache: 'vary' => '/home/glaulher/.cache/typescript/4.0/node_modules/@types/vary/index.d.ts'
[12:28:32.478] Adding entry into typings cache: 'verror' => '/home/glaulher/.cache/typescript/4.0/node_modules/@types/verror/index.d.ts'
[12:28:32.518] Adding entry into typings cache: 'w3c-xmlserializer' => '/home/glaulher/.cache/typescript/4.0/node_modules/@types/w3c-xmlserializer/index.d.ts'
[12:28:32.595] Adding entry into typings cache: 'watchpack' => '/home/glaulher/.cache/typescript/4.0/node_modules/@types/watchpack/index.d.ts'
[12:28:32.598] Adding entry into typings cache: 'wcwidth' => '/home/glaulher/.cache/typescript/4.0/node_modules/@types/wcwidth/index.d.ts'
[12:28:32.600] Adding entry into typings cache: 'webidl-conversions' => '/home/glaulher/.cache/typescript/4.0/node_modules/@types/webidl-conversions/index.d.ts'
[12:28:32.640] Adding entry into typings cache: 'webpack' => '/home/glaulher/.cache/typescript/4.0/node_modules/webpack/types.d.ts'
[12:28:32.645] Adding entry into typings cache: 'webpack-dev-middleware' => '/home/glaulher/.cache/typescript/4.0/node_modules/@types/webpack-dev-middleware/index.d.ts'
[12:28:32.701] Adding entry into typings cache: 'webpack-dev-server' => '/home/glaulher/.cache/typescript/4.0/node_modules/@types/webpack-dev-server/index.d.ts'
[12:28:32.823] Adding entry into typings cache: 'webpack-manifest-plugin' => '/home/glaulher/.cache/typescript/4.0/node_modules/@types/webpack-manifest-plugin/index.d.ts'
[12:28:32.971] Adding entry into typings cache: 'webpack-sources' => '/home/glaulher/.cache/typescript/4.0/node_modules/@types/webpack-sources/index.d.ts'
[12:28:33.6] Adding entry into typings cache: 'whatwg-encoding' => '/home/glaulher/.cache/typescript/4.0/node_modules/@types/whatwg-encoding/index.d.ts'
[12:28:33.9] Adding entry into typings cache: 'whatwg-mimetype' => '/home/glaulher/.cache/typescript/4.0/node_modules/@types/whatwg-mimetype/index.d.ts'
[12:28:33.11] Adding entry into typings cache: 'whatwg-url' => '/home/glaulher/.cache/typescript/4.0/node_modules/@types/whatwg-url/index.d.ts'
[12:28:33.14] Adding entry into typings cache: 'which' => '/home/glaulher/.cache/typescript/4.0/node_modules/@types/which/index.d.ts'
[12:28:33.16] Adding entry into typings cache: 'wordwrap' => '/home/glaulher/.cache/typescript/4.0/node_modules/@types/wordwrap/index.d.ts'
[12:28:33.60] Adding entry into typings cache: 'workbox-background-sync' => '/home/glaulher/.cache/typescript/4.0/node_modules/@types/workbox-background-sync/index.d.ts'
[12:28:33.110] Adding entry into typings cache: 'workbox-broadcast-update' => '/home/glaulher/.cache/typescript/4.0/node_modules/@types/workbox-broadcast-update/index.d.ts'
[12:28:33.129] Adding entry into typings cache: 'workbox-build' => '/home/glaulher/.cache/typescript/4.0/node_modules/@types/workbox-build/index.d.ts'
[12:28:33.131] Adding entry into typings cache: 'workbox-cacheable-response' => '/home/glaulher/.cache/typescript/4.0/node_modules/@types/workbox-cacheable-response/index.d.ts'
[12:28:33.133] Adding entry into typings cache: 'workbox-core' => '/home/glaulher/.cache/typescript/4.0/node_modules/@types/workbox-core/index.d.ts'
[12:28:33.135] Adding entry into typings cache: 'workbox-expiration' => '/home/glaulher/.cache/typescript/4.0/node_modules/@types/workbox-expiration/index.d.ts'
[12:28:33.149] Adding entry into typings cache: 'workbox-google-analytics' => '/home/glaulher/.cache/typescript/4.0/node_modules/@types/workbox-google-analytics/index.d.ts'
[12:28:33.152] Adding entry into typings cache: 'workbox-navigation-preload' => '/home/glaulher/.cache/typescript/4.0/node_modules/@types/workbox-navigation-preload/index.d.ts'
[12:28:33.154] Adding entry into typings cache: 'workbox-precaching' => '/home/glaulher/.cache/typescript/4.0/node_modules/@types/workbox-precaching/index.d.ts'
[12:28:33.157] Adding entry into typings cache: 'workbox-range-requests' => '/home/glaulher/.cache/typescript/4.0/node_modules/@types/workbox-range-requests/index.d.ts'
[12:28:33.160] Adding entry into typings cache: 'workbox-routing' => '/home/glaulher/.cache/typescript/4.0/node_modules/@types/workbox-routing/index.d.ts'
[12:28:33.162] Adding entry into typings cache: 'workbox-strategies' => '/home/glaulher/.cache/typescript/4.0/node_modules/@types/workbox-strategies/index.d.ts'
[12:28:33.164] Adding entry into typings cache: 'workbox-streams' => '/home/glaulher/.cache/typescript/4.0/node_modules/@types/workbox-streams/index.d.ts'
[12:28:33.185] Adding entry into typings cache: 'workbox-sw' => '/home/glaulher/.cache/typescript/4.0/node_modules/@types/workbox-sw/index.d.ts'
[12:28:33.207] Adding entry into typings cache: 'workbox-webpack-plugin' => '/home/glaulher/.cache/typescript/4.0/node_modules/@types/workbox-webpack-plugin/index.d.ts'
[12:28:33.210] Adding entry into typings cache: 'workbox-window' => '/home/glaulher/.cache/typescript/4.0/node_modules/@types/workbox-window/index.d.ts'
[12:28:33.376] Adding entry into typings cache: 'wrap-ansi' => '/home/glaulher/.cache/typescript/4.0/node_modules/@types/wrap-ansi/index.d.ts'
[12:28:33.429] Adding entry into typings cache: 'write' => '/home/glaulher/.cache/typescript/4.0/node_modules/@types/write/index.d.ts'
[12:28:33.431] Adding entry into typings cache: 'write-file-atomic' => '/home/glaulher/.cache/typescript/4.0/node_modules/@types/write-file-atomic/index.d.ts'
[12:28:33.484] Adding entry into typings cache: 'ws' => '/home/glaulher/.cache/typescript/4.0/node_modules/@types/ws/index.d.ts'
[12:28:33.509] Adding entry into typings cache: 'xml2js' => '/home/glaulher/.cache/typescript/4.0/node_modules/@types/xml2js/index.d.ts'
[12:28:33.573] Adding entry into typings cache: 'xmldoc' => '/home/glaulher/.cache/typescript/4.0/node_modules/@types/xmldoc/index.d.ts'
[12:28:33.595] Adding entry into typings cache: 'xmldom' => '/home/glaulher/.cache/typescript/4.0/node_modules/@types/xmldom/index.d.ts'
[12:28:33.597] Adding entry into typings cache: 'xregexp' => '/home/glaulher/.cache/typescript/4.0/node_modules/@types/xregexp/index.d.ts'
[12:28:33.600] Adding entry into typings cache: 'xtend' => '/home/glaulher/.cache/typescript/4.0/node_modules/@types/xtend/index.d.ts'
[12:28:33.624] Adding entry into typings cache: 'y18n' => '/home/glaulher/.cache/typescript/4.0/node_modules/@types/y18n/index.d.ts'
[12:28:33.627] Adding entry into typings cache: 'yallist' => '/home/glaulher/.cache/typescript/4.0/node_modules/@types/yallist/index.d.ts'
[12:28:33.642] Adding entry into typings cache: 'yargs' => '/home/glaulher/.cache/typescript/4.0/node_modules/@types/yargs/index.d.ts'
[12:28:33.644] Adding entry into typings cache: 'yargs-parser' => '/home/glaulher/.cache/typescript/4.0/node_modules/@types/yargs-parser/index.d.ts'
[12:28:33.644] Finished processing cache location '/home/glaulher/.cache/typescript/4.0'
[12:28:33.645] Process id: 22245
[12:28:33.645] NPM location: npm (explicit '--npmLocation' not  provided)
[12:28:33.645] validateDefaultNpmLocation: true
[12:28:33.645] Npm config file: /home/glaulher/.cache/typescript/4.0/package.json
[12:28:33.646] Updating types-registry npm package...
[12:28:33.646] Exec: npm install --ignore-scripts types-registry@latest
[12:29:4.993]     Succeeded. stdout:
    + types-registry@0.1.517
    updated 1 package and audited 837 packages in 19.969s

13 packages are looking for funding
  run `npm fund` for details

found 0 vulnerabilities


[12:29:4.993] Updated types-registry npm package
[14:45:42.665] Parent process has exited, shutting down...
