Initializing document watcher...
github.search/src/pages/Repository/index.tsx: {"insertSpaces":true,"tabSize":2}
github.search/src/pages/Repository/index.tsx: {"insertSpaces":true,"tabSize":2}
github.search/src/pages/Repository/index.tsx: {"insertSpaces":true,"tabSize":2}
github.search/src/pages/Repository/index.tsx: Using EditorConfig core...
src/pages/Repository/index.tsx: editor.action.trimTrailingWhitespace
github.search/src/pages/Repository/index.tsx: {"insertSpaces":true,"tabSize":2}
github.search/src/pages/Repository/index.tsx: Using EditorConfig core...
src/pages/Repository/index.tsx: editor.action.trimTrailingWhitespace
github.search/src/pages/Repository/index.tsx: {"insertSpaces":true,"tabSize":2}
github.search/src/pages/Repository/index.tsx: Using EditorConfig core...
src/pages/Repository/index.tsx: editor.action.trimTrailingWhitespace
github.search/src/pages/Repository/index.tsx: Using EditorConfig core...
src/pages/Repository/index.tsx: editor.action.trimTrailingWhitespace
github.search/src/pages/Repository/index.tsx: Using EditorConfig core...
src/pages/Repository/index.tsx: editor.action.trimTrailingWhitespace
github.search/src/pages/Repository/index.tsx: {"insertSpaces":true,"tabSize":2}
github.search/src/pages/Repository/index.tsx: Using EditorConfig core...
src/pages/Repository/index.tsx: editor.action.trimTrailingWhitespace
github.search/src/pages/Repository/index.tsx: {"insertSpaces":true,"tabSize":2}
github.search/src/pages/Repository/index.tsx: Using EditorConfig core...
src/pages/Repository/index.tsx: editor.action.trimTrailingWhitespace
github.search/src/pages/Repository/index.tsx: Using EditorConfig core...
src/pages/Repository/index.tsx: editor.action.trimTrailingWhitespace
github.search/src/pages/Repository/index.tsx: {"insertSpaces":true,"tabSize":2}
github.search/src/pages/Repository/index.tsx: {"insertSpaces":true,"tabSize":2}
github.search/src/pages/Repository/index.tsx: Using EditorConfig core...
src/pages/Repository/index.tsx: editor.action.trimTrailingWhitespace
github.search/src/pages/Repository/index.tsx: {"insertSpaces":true,"tabSize":2}
github.search/src/pages/Repository/index.tsx: Using EditorConfig core...
src/pages/Repository/index.tsx: editor.action.trimTrailingWhitespace
github.search/src/pages/Repository/index.tsx: Using EditorConfig core...
src/pages/Repository/index.tsx: editor.action.trimTrailingWhitespace
github.search/src/pages/Dashboard/index.tsx: {"insertSpaces":true,"tabSize":2}
github.search/src/pages/Repository/index.tsx: {"insertSpaces":true,"tabSize":2}
github.search/src/pages/Repository/index.tsx: Using EditorConfig core...
src/pages/Repository/index.tsx: editor.action.trimTrailingWhitespace
github.search/src/pages/Repository/index.tsx: Using EditorConfig core...
src/pages/Repository/index.tsx: editor.action.trimTrailingWhitespace
github.search/src/pages/Repository/index.tsx: Using EditorConfig core...
src/pages/Repository/index.tsx: editor.action.trimTrailingWhitespace
github.search/src/pages/Repository/index.tsx: Using EditorConfig core...
src/pages/Repository/index.tsx: editor.action.trimTrailingWhitespace
github.search/src/pages/Repository/index.tsx: {"insertSpaces":true,"tabSize":2}
github.search/src/pages/Repository/index.tsx: Using EditorConfig core...
src/pages/Repository/index.tsx: editor.action.trimTrailingWhitespace
github.search/src/pages/Repository/index.tsx: {"insertSpaces":true,"tabSize":2}
github.search/src/pages/Repository/index.tsx: Using EditorConfig core...
src/pages/Repository/index.tsx: editor.action.trimTrailingWhitespace
github.search/src/pages/Repository/index.tsx: Using EditorConfig core...
src/pages/Repository/index.tsx: editor.action.trimTrailingWhitespace
github.search/src/pages/Repository/index.tsx: {"insertSpaces":true,"tabSize":2}
github.search/src/pages/Repository/index.tsx: Using EditorConfig core...
src/pages/Repository/index.tsx: editor.action.trimTrailingWhitespace
github.search/src/pages/Repository/index.tsx: {"insertSpaces":true,"tabSize":2}
github.search/src/pages/Repository/index.tsx: Using EditorConfig core...
src/pages/Repository/index.tsx: editor.action.trimTrailingWhitespace
github.search/src/pages/Repository/index.tsx: {"insertSpaces":true,"tabSize":2}
github.search/src/pages/Repository/index.tsx: Using EditorConfig core...
src/pages/Repository/index.tsx: editor.action.trimTrailingWhitespace
github.search/src/pages/Repository/index.tsx: {"insertSpaces":true,"tabSize":2}
github.search/src/pages/Dashboard/styles.ts: {"insertSpaces":true,"tabSize":2}
github.search/src/pages/Dashboard/index.tsx: {"insertSpaces":true,"tabSize":2}
github.search/src/pages/Repository/index.tsx: {"insertSpaces":true,"tabSize":2}
github.search/src/pages/Repository/index.tsx: Using EditorConfig core...
src/pages/Repository/index.tsx: editor.action.trimTrailingWhitespace
github.search/src/pages/Repository/index.tsx: Using EditorConfig core...
src/pages/Repository/index.tsx: editor.action.trimTrailingWhitespace
github.search/src/pages/Repository/index.tsx: {"insertSpaces":true,"tabSize":2}
github.search/src/pages/Repository/index.tsx: {"insertSpaces":true,"tabSize":2}
