Initializing document watcher...
github.search/src/pages/Dashboard/index.tsx: {"insertSpaces":true,"tabSize":2}
github.search/src/pages/Dashboard/index.tsx: Using EditorConfig core...
src/pages/Dashboard/index.tsx: editor.action.trimTrailingWhitespace
github.search/src/services/api.ts: {"insertSpaces":true,"tabSize":2}
github.search/src/services/api.ts: Using EditorConfig core...
src/services/api.ts: editor.action.trimTrailingWhitespace
github.search/src/services/api.ts: {"insertSpaces":true,"tabSize":2}
github.search/src/services/api.ts: Using EditorConfig core...
src/services/api.ts: editor.action.trimTrailingWhitespace
github.search/src/services/api.ts: Using EditorConfig core...
src/services/api.ts: editor.action.trimTrailingWhitespace
github.search/src/services/api.ts: Using EditorConfig core...
src/services/api.ts: editor.action.trimTrailingWhitespace
github.search/src/pages/Dashboard/index.tsx: {"insertSpaces":true,"tabSize":2}
github.search/src/pages/Dashboard/index.tsx: Using EditorConfig core...
src/pages/Dashboard/index.tsx: editor.action.trimTrailingWhitespace
github.search/src/pages/Dashboard/index.tsx: Using EditorConfig core...
src/pages/Dashboard/index.tsx: editor.action.trimTrailingWhitespace
github.search/src/pages/Dashboard/index.tsx: Using EditorConfig core...
src/pages/Dashboard/index.tsx: editor.action.trimTrailingWhitespace
github.search/src/pages/Dashboard/index.tsx: Using EditorConfig core...
src/pages/Dashboard/index.tsx: editor.action.trimTrailingWhitespace
github.search/src/pages/Dashboard/index.tsx: Using EditorConfig core...
src/pages/Dashboard/index.tsx: editor.action.trimTrailingWhitespace
github.search/src/pages/Dashboard/index.tsx: Using EditorConfig core...
src/pages/Dashboard/index.tsx: editor.action.trimTrailingWhitespace
github.search/src/pages/Dashboard/index.tsx: Using EditorConfig core...
src/pages/Dashboard/index.tsx: editor.action.trimTrailingWhitespace
github.search/.eslintrc.json: {"insertSpaces":true,"tabSize":2}
github.search/src/services/api.ts: {"insertSpaces":true,"tabSize":2}
github.search/src/pages/Dashboard/index.tsx: {"insertSpaces":true,"tabSize":2}
github.search/src/pages/Dashboard/index.tsx: Using EditorConfig core...
src/pages/Dashboard/index.tsx: editor.action.trimTrailingWhitespace
github.search/src/pages/Dashboard/index.tsx: Using EditorConfig core...
src/pages/Dashboard/index.tsx: editor.action.trimTrailingWhitespace
github.search/src/pages/Dashboard/index.tsx: {"insertSpaces":true,"tabSize":2}
github.search/src/pages/Dashboard/index.tsx: Using EditorConfig core...
src/pages/Dashboard/index.tsx: editor.action.trimTrailingWhitespace
github.search/src/pages/Dashboard/index.tsx: Using EditorConfig core...
src/pages/Dashboard/index.tsx: editor.action.trimTrailingWhitespace
github.search/src/pages/Dashboard/index.tsx: Using EditorConfig core...
src/pages/Dashboard/index.tsx: editor.action.trimTrailingWhitespace
github.search/src/pages/Dashboard/index.tsx: Using EditorConfig core...
src/pages/Dashboard/index.tsx: editor.action.trimTrailingWhitespace
github.search/src/pages/Dashboard/index.tsx: {"insertSpaces":true,"tabSize":2}
github.search/src/pages/Dashboard/index.tsx: Using EditorConfig core...
src/pages/Dashboard/index.tsx: editor.action.trimTrailingWhitespace
github.search/src/pages/Dashboard/index.tsx: Using EditorConfig core...
src/pages/Dashboard/index.tsx: editor.action.trimTrailingWhitespace
github.search/src/pages/Dashboard/index.tsx: Using EditorConfig core...
src/pages/Dashboard/index.tsx: editor.action.trimTrailingWhitespace
github.search/src/pages/Dashboard/index.tsx: {"insertSpaces":true,"tabSize":2}
github.search/src/pages/Dashboard/index.tsx: Using EditorConfig core...
src/pages/Dashboard/index.tsx: editor.action.trimTrailingWhitespace
github.search/src/pages/Dashboard/index.tsx: {"insertSpaces":true,"tabSize":2}
github.search/src/pages/Dashboard/index.tsx: Using EditorConfig core...
src/pages/Dashboard/index.tsx: editor.action.trimTrailingWhitespace
github.search/src/pages/Dashboard/index.tsx: Using EditorConfig core...
src/pages/Dashboard/index.tsx: editor.action.trimTrailingWhitespace
github.search/src/pages/Dashboard/index.tsx: Using EditorConfig core...
src/pages/Dashboard/index.tsx: editor.action.trimTrailingWhitespace
github.search/src/pages/Dashboard/index.tsx: Using EditorConfig core...
src/pages/Dashboard/index.tsx: editor.action.trimTrailingWhitespace
github.search/src/pages/Dashboard/index.tsx: {"insertSpaces":true,"tabSize":2}
github.search/src/pages/Dashboard/index.tsx: Using EditorConfig core...
src/pages/Dashboard/index.tsx: editor.action.trimTrailingWhitespace
github.search/src/pages/Dashboard/index.tsx: Using EditorConfig core...
src/pages/Dashboard/index.tsx: editor.action.trimTrailingWhitespace
github.search/src/pages/Dashboard/index.tsx: {"insertSpaces":true,"tabSize":2}
github.search/.eslintrc.json: {"insertSpaces":true,"tabSize":2}
github.search/.eslintrc.json: Using EditorConfig core...
.eslintrc.json: editor.action.trimTrailingWhitespace
github.search/src/pages/Dashboard/index.tsx: {"insertSpaces":true,"tabSize":2}
github.search/src/pages/Dashboard/index.tsx: Using EditorConfig core...
src/pages/Dashboard/index.tsx: editor.action.trimTrailingWhitespace
github.search/src/pages/Dashboard/index.tsx: Using EditorConfig core...
src/pages/Dashboard/index.tsx: editor.action.trimTrailingWhitespace
github.search/src/pages/Dashboard/index.tsx: Using EditorConfig core...
src/pages/Dashboard/index.tsx: editor.action.trimTrailingWhitespace
github.search/src/pages/Dashboard/index.tsx: Using EditorConfig core...
src/pages/Dashboard/index.tsx: editor.action.trimTrailingWhitespace
github.search/src/pages/Dashboard/index.tsx: Using EditorConfig core...
src/pages/Dashboard/index.tsx: editor.action.trimTrailingWhitespace
github.search/src/pages/Dashboard/index.tsx: Using EditorConfig core...
src/pages/Dashboard/index.tsx: editor.action.trimTrailingWhitespace
github.search/src/pages/Dashboard/index.tsx: Using EditorConfig core...
src/pages/Dashboard/index.tsx: editor.action.trimTrailingWhitespace
github.search/src/pages/Dashboard/index.tsx: {"insertSpaces":true,"tabSize":2}
github.search/src/pages/Dashboard/index.tsx: {"insertSpaces":true,"tabSize":2}
github.search/src/pages/Dashboard/index.tsx: {"insertSpaces":true,"tabSize":2}
github.search/src/pages/Dashboard/index.tsx: Using EditorConfig core...
src/pages/Dashboard/index.tsx: editor.action.trimTrailingWhitespace
github.search/src/pages/Dashboard/index.tsx: {"insertSpaces":true,"tabSize":2}
github.search/src/pages/Dashboard/index.tsx: Using EditorConfig core...
src/pages/Dashboard/index.tsx: editor.action.trimTrailingWhitespace
github.search/src/pages/Dashboard/index.tsx: {"insertSpaces":true,"tabSize":2}
github.search/src/pages/Dashboard/index.tsx: Using EditorConfig core...
src/pages/Dashboard/index.tsx: editor.action.trimTrailingWhitespace
github.search/src/pages/Dashboard/index.tsx: {"insertSpaces":true,"tabSize":2}
github.search/src/pages/Dashboard/index.tsx: {"insertSpaces":true,"tabSize":2}
github.search/src/pages/Dashboard/styles.ts: {"insertSpaces":true,"tabSize":2}
github.search/src/pages/Dashboard/styles.ts: Using EditorConfig core...
src/pages/Dashboard/styles.ts: editor.action.trimTrailingWhitespace
github.search/src/pages/Dashboard/styles.ts: Using EditorConfig core...
src/pages/Dashboard/styles.ts: editor.action.trimTrailingWhitespace
github.search/src/pages/Dashboard/styles.ts: Using EditorConfig core...
src/pages/Dashboard/styles.ts: editor.action.trimTrailingWhitespace
github.search/src/pages/Dashboard/styles.ts: {"insertSpaces":true,"tabSize":2}
github.search/src/pages/Dashboard/styles.ts: Using EditorConfig core...
src/pages/Dashboard/styles.ts: editor.action.trimTrailingWhitespace
github.search/src/pages/Dashboard/styles.ts: {"insertSpaces":true,"tabSize":2}
github.search/src/pages/Dashboard/styles.ts: Using EditorConfig core...
src/pages/Dashboard/styles.ts: editor.action.trimTrailingWhitespace
github.search/src/pages/Dashboard/styles.ts: {"insertSpaces":true,"tabSize":2}
github.search/src/pages/Dashboard/index.tsx: {"insertSpaces":true,"tabSize":2}
github.search/src/pages/Dashboard/index.tsx: Using EditorConfig core...
src/pages/Dashboard/index.tsx: editor.action.trimTrailingWhitespace
github.search/src/pages/Dashboard/index.tsx: {"insertSpaces":true,"tabSize":2}
github.search/src/pages/Dashboard/index.tsx: Using EditorConfig core...
src/pages/Dashboard/index.tsx: editor.action.trimTrailingWhitespace
github.search/src/pages/Dashboard/index.tsx: Using EditorConfig core...
src/pages/Dashboard/index.tsx: editor.action.trimTrailingWhitespace
github.search/src/pages/Dashboard/index.tsx: {"insertSpaces":true,"tabSize":2}
github.search/src/pages/Dashboard/index.tsx: {"insertSpaces":true,"tabSize":2}
github.search/src/pages/Dashboard/index.tsx: {"insertSpaces":true,"tabSize":2}
github.search/src/pages/Dashboard/index.tsx: Using EditorConfig core...
src/pages/Dashboard/index.tsx: editor.action.trimTrailingWhitespace
github.search/src/pages/Dashboard/index.tsx: Using EditorConfig core...
src/pages/Dashboard/index.tsx: editor.action.trimTrailingWhitespace
github.search/src/pages/Dashboard/index.tsx: {"insertSpaces":true,"tabSize":2}
github.search/src/pages/Dashboard/index.tsx: {"insertSpaces":true,"tabSize":2}
github.search/src/pages/Dashboard/index.tsx: {"insertSpaces":true,"tabSize":2}
github.search/src/pages/Dashboard/index.tsx: Using EditorConfig core...
src/pages/Dashboard/index.tsx: editor.action.trimTrailingWhitespace
github.search/src/pages/Dashboard/index.tsx: {"insertSpaces":true,"tabSize":2}
github.search/src/pages/Dashboard/index.tsx: Using EditorConfig core...
src/pages/Dashboard/index.tsx: editor.action.trimTrailingWhitespace
github.search/src/pages/Dashboard/index.tsx: Using EditorConfig core...
src/pages/Dashboard/index.tsx: editor.action.trimTrailingWhitespace
github.search/src/pages/Dashboard/index.tsx: {"insertSpaces":true,"tabSize":2}
github.search/src/pages/Dashboard/index.tsx: Using EditorConfig core...
src/pages/Dashboard/index.tsx: editor.action.trimTrailingWhitespace
github.search/src/pages/Dashboard/styles.ts: {"insertSpaces":true,"tabSize":2}
github.search/src/pages/Dashboard/styles.ts: Using EditorConfig core...
src/pages/Dashboard/styles.ts: editor.action.trimTrailingWhitespace
github.search/src/pages/Dashboard/styles.ts: Using EditorConfig core...
src/pages/Dashboard/styles.ts: editor.action.trimTrailingWhitespace
github.search/src/pages/Dashboard/styles.ts: Using EditorConfig core...
src/pages/Dashboard/styles.ts: editor.action.trimTrailingWhitespace
github.search/src/pages/Dashboard/index.tsx: {"insertSpaces":true,"tabSize":2}
github.search/src/pages/Dashboard/index.tsx: Using EditorConfig core...
src/pages/Dashboard/index.tsx: editor.action.trimTrailingWhitespace
github.search/src/pages/Dashboard/index.tsx: {"insertSpaces":true,"tabSize":2}
github.search/src/pages/Dashboard/index.tsx: {"insertSpaces":true,"tabSize":2}
github.search/src/pages/Dashboard/styles.ts: {"insertSpaces":true,"tabSize":2}
github.search/src/pages/Dashboard/index.tsx: {"insertSpaces":true,"tabSize":2}
github.search/src/pages/Dashboard/index.tsx: {"insertSpaces":true,"tabSize":2}
github.search/src/pages/Dashboard/styles.ts: {"insertSpaces":true,"tabSize":2}
github.search/src/pages/Dashboard/styles.ts: {"insertSpaces":true,"tabSize":2}
github.search/src/pages/Dashboard/styles.ts: Using EditorConfig core...
src/pages/Dashboard/styles.ts: editor.action.trimTrailingWhitespace
github.search/src/pages/Dashboard/styles.ts: {"insertSpaces":true,"tabSize":2}
github.search/src/pages/Dashboard/styles.ts: Using EditorConfig core...
src/pages/Dashboard/styles.ts: editor.action.trimTrailingWhitespace
github.search/src/pages/Dashboard/index.tsx: {"insertSpaces":true,"tabSize":2}
github.search/src/pages/Dashboard/index.tsx: {"insertSpaces":true,"tabSize":2}
github.search/src/pages/Dashboard/styles.ts: {"insertSpaces":true,"tabSize":2}
github.search/src/pages/Dashboard/styles.ts: Using EditorConfig core...
src/pages/Dashboard/styles.ts: editor.action.trimTrailingWhitespace
github.search/src/pages/Dashboard/styles.ts: Using EditorConfig core...
src/pages/Dashboard/styles.ts: editor.action.trimTrailingWhitespace
github.search/src/pages/Dashboard/index.tsx: {"insertSpaces":true,"tabSize":2}
github.search/src/pages/Dashboard/styles.ts: {"insertSpaces":true,"tabSize":2}
github.search/src/pages/Dashboard/styles.ts: {"insertSpaces":true,"tabSize":2}
github.search/src/pages/Dashboard/styles.ts: Using EditorConfig core...
src/pages/Dashboard/styles.ts: editor.action.trimTrailingWhitespace
github.search/src/pages/Dashboard/styles.ts: {"insertSpaces":true,"tabSize":2}
github.search/src/pages/Dashboard/styles.ts: Using EditorConfig core...
src/pages/Dashboard/styles.ts: editor.action.trimTrailingWhitespace
github.search/src/pages/Dashboard/index.tsx: {"insertSpaces":true,"tabSize":2}
github.search/src/pages/Dashboard/index.tsx: {"insertSpaces":true,"tabSize":2}
github.search/src/pages/Dashboard/index.tsx: Using EditorConfig core...
src/pages/Dashboard/index.tsx: editor.action.trimTrailingWhitespace
github.search/src/pages/Dashboard/index.tsx: {"insertSpaces":true,"tabSize":2}
