[2020-12-01 10:53:47.624] [renderer1] [error] <semantic> TypeScript Server Error (4.0.3)
Debug Failure. Invalid cast. The supplied value [object Object] did not pass the test 'isStringLiteral'.
Error: Debug Failure. Invalid cast. The supplied value [object Object] did not pass the test 'isStringLiteral'.
    at Object.cast (/usr/lib/code-oss/resources/app/extensions/node_modules/typescript/lib/tsserver.js:1499:25)
    at tryGetImportedPackageName (/usr/lib/code-oss/resources/app/extensions/node_modules/typescript/lib/tsserver.js:134519:33)
    at Object.getCodeActions (/usr/lib/code-oss/resources/app/extensions/node_modules/typescript/lib/tsserver.js:134487:35)
    at /usr/lib/code-oss/resources/app/extensions/node_modules/typescript/lib/tsserver.js:130599:77
    at Object.flatMap (/usr/lib/code-oss/resources/app/extensions/node_modules/typescript/lib/tsserver.js:513:25)
    at Object.getFixes (/usr/lib/code-oss/resources/app/extensions/node_modules/typescript/lib/tsserver.js:130599:23)
    at /usr/lib/code-oss/resources/app/extensions/node_modules/typescript/lib/tsserver.js:143796:35
    at Object.flatMap (/usr/lib/code-oss/resources/app/extensions/node_modules/typescript/lib/tsserver.js:513:25)
    at Proxy.getCodeFixesAtPosition (/usr/lib/code-oss/resources/app/extensions/node_modules/typescript/lib/tsserver.js:143794:23)
    at Proxy.<anonymous> (/home/glaulher/.vscode-oss/extensions/jpoissonnier.vscode-styled-components-1.3.0/node_modules/typescript-template-language-service-decorator/lib/template-language-service-decorator.js:144:20)
    at IOSession.Session.getCodeFixes (/usr/lib/code-oss/resources/app/extensions/node_modules/typescript/lib/tsserver.js:154662:64)
    at Session.handlers.ts.Map.ts.getEntries._a.<computed> (/usr/lib/code-oss/resources/app/extensions/node_modules/typescript/lib/tsserver.js:153339:61)
    at /usr/lib/code-oss/resources/app/extensions/node_modules/typescript/lib/tsserver.js:154962:88
    at IOSession.Session.executeWithRequestId (/usr/lib/code-oss/resources/app/extensions/node_modules/typescript/lib/tsserver.js:154953:28)
    at IOSession.Session.executeCommand (/usr/lib/code-oss/resources/app/extensions/node_modules/typescript/lib/tsserver.js:154962:33)
    at IOSession.Session.onMessage (/usr/lib/code-oss/resources/app/extensions/node_modules/typescript/lib/tsserver.js:154986:35)
    at Interface.<anonymous> (/usr/lib/code-oss/resources/app/extensions/node_modules/typescript/lib/tsserver.js:157202:27)
    at Interface.emit (events.js:223:5)
    at Interface._onLine (readline.js:315:10)
    at Interface._normalWrite (readline.js:460:12)
    at Socket.ondata (readline.js:172:10)
    at Socket.emit (events.js:223:5)
    at addChunk (_stream_readable.js:309:12)
    at readableAddChunk (_stream_readable.js:290:11)
    at Socket.Readable.push (_stream_readable.js:224:10)
    at Pipe.onStreamRead (internal/stream_base_commons.js:181:23): Error: <semantic> TypeScript Server Error (4.0.3)
Debug Failure. Invalid cast. The supplied value [object Object] did not pass the test 'isStringLiteral'.
Error: Debug Failure. Invalid cast. The supplied value [object Object] did not pass the test 'isStringLiteral'.
    at Object.cast (/usr/lib/code-oss/resources/app/extensions/node_modules/typescript/lib/tsserver.js:1499:25)
    at tryGetImportedPackageName (/usr/lib/code-oss/resources/app/extensions/node_modules/typescript/lib/tsserver.js:134519:33)
    at Object.getCodeActions (/usr/lib/code-oss/resources/app/extensions/node_modules/typescript/lib/tsserver.js:134487:35)
    at /usr/lib/code-oss/resources/app/extensions/node_modules/typescript/lib/tsserver.js:130599:77
    at Object.flatMap (/usr/lib/code-oss/resources/app/extensions/node_modules/typescript/lib/tsserver.js:513:25)
    at Object.getFixes (/usr/lib/code-oss/resources/app/extensions/node_modules/typescript/lib/tsserver.js:130599:23)
    at /usr/lib/code-oss/resources/app/extensions/node_modules/typescript/lib/tsserver.js:143796:35
    at Object.flatMap (/usr/lib/code-oss/resources/app/extensions/node_modules/typescript/lib/tsserver.js:513:25)
    at Proxy.getCodeFixesAtPosition (/usr/lib/code-oss/resources/app/extensions/node_modules/typescript/lib/tsserver.js:143794:23)
    at Proxy.<anonymous> (/home/glaulher/.vscode-oss/extensions/jpoissonnier.vscode-styled-components-1.3.0/node_modules/typescript-template-language-service-decorator/lib/template-language-service-decorator.js:144:20)
    at IOSession.Session.getCodeFixes (/usr/lib/code-oss/resources/app/extensions/node_modules/typescript/lib/tsserver.js:154662:64)
    at Session.handlers.ts.Map.ts.getEntries._a.<computed> (/usr/lib/code-oss/resources/app/extensions/node_modules/typescript/lib/tsserver.js:153339:61)
    at /usr/lib/code-oss/resources/app/extensions/node_modules/typescript/lib/tsserver.js:154962:88
    at IOSession.Session.executeWithRequestId (/usr/lib/code-oss/resources/app/extensions/node_modules/typescript/lib/tsserver.js:154953:28)
    at IOSession.Session.executeCommand (/usr/lib/code-oss/resources/app/extensions/node_modules/typescript/lib/tsserver.js:154962:33)
    at IOSession.Session.onMessage (/usr/lib/code-oss/resources/app/extensions/node_modules/typescript/lib/tsserver.js:154986:35)
    at Interface.<anonymous> (/usr/lib/code-oss/resources/app/extensions/node_modules/typescript/lib/tsserver.js:157202:27)
    at Interface.emit (events.js:223:5)
    at Interface._onLine (readline.js:315:10)
    at Interface._normalWrite (readline.js:460:12)
    at Socket.ondata (readline.js:172:10)
    at Socket.emit (events.js:223:5)
    at addChunk (_stream_readable.js:309:12)
    at readableAddChunk (_stream_readable.js:290:11)
    at Socket.Readable.push (_stream_readable.js:224:10)
    at Pipe.onStreamRead (internal/stream_base_commons.js:181:23)
	at Function.create (/usr/lib/code-oss/resources/app/extensions/typescript-language-features/dist/extension.js:1:76414)
	at dispatchResponse (/usr/lib/code-oss/resources/app/extensions/typescript-language-features/dist/extension.js:1:70289)
	at dispatchMessage (/usr/lib/code-oss/resources/app/extensions/typescript-language-features/dist/extension.js:1:69148)
	at /usr/lib/code-oss/resources/app/extensions/typescript-language-features/dist/extension.js:1:68658
	at l.fire (/usr/lib/code-oss/resources/app/out/vs/workbench/services/extensions/node/extensionHostProcess.js:46:67)
	at g.onLengthData (/usr/lib/code-oss/resources/app/extensions/typescript-language-features/dist/extension.js:45:60018)
	at Socket.<anonymous> (/usr/lib/code-oss/resources/app/extensions/typescript-language-features/dist/extension.js:45:59666)
	at Socket.emit (events.js:223:5)
	at addChunk (_stream_readable.js:309:12)
	at readableAddChunk (_stream_readable.js:290:11)
	at Socket.Readable.push (_stream_readable.js:224:10)
	at Pipe.onStreamRead (internal/stream_base_commons.js:181:23)
