Looking for git in: git
Using git 2.29.2 from git
> git rev-parse --git-dir
Open repository: /home/glaulher/Documentos/javascript/bootcamp/github.search
> git status -z -u
> git symbolic-ref --short HEAD
> git rev-parse main
> git rev-parse --symbolic-full-name main@{u}
> git rev-list --left-right main...refs/remotes/origin/main
> git for-each-ref --sort -committerdate --format %(refname) %(objectname)
> git remote --verbose
> git check-ignore -v -z --stdin
> git config --get commit.template
> git show --textconv :.eslintrc.json
> git ls-files --stage -- /home/glaulher/Documentos/javascript/bootcamp/github.search/.eslintrc.json
> git show --textconv :src/pages/Dashboard/index.tsx
> git ls-files --stage -- /home/glaulher/Documentos/javascript/bootcamp/github.search/src/pages/Dashboard/index.tsx
> git status -z -u
> git symbolic-ref --short HEAD
> git rev-parse main
> git rev-parse --symbolic-full-name main@{u}
> git rev-list --left-right main...refs/remotes/origin/main
> git for-each-ref --sort -committerdate --format %(refname) %(objectname)
> git remote --verbose
> git config --get commit.template
> git status -z -u
> git symbolic-ref --short HEAD
> git rev-parse main
> git rev-parse --symbolic-full-name main@{u}
> git rev-list --left-right main...refs/remotes/origin/main
> git for-each-ref --sort -committerdate --format %(refname) %(objectname)
> git remote --verbose
> git config --get commit.template
> git status -z -u
> git symbolic-ref --short HEAD
> git rev-parse main
> git rev-parse --symbolic-full-name main@{u}
> git rev-list --left-right main...refs/remotes/origin/main
> git for-each-ref --sort -committerdate --format %(refname) %(objectname)
> git remote --verbose
> git config --get commit.template
> git show --textconv :tsconfig.json
> git ls-files --stage -- /home/glaulher/Documentos/javascript/bootcamp/github.search/tsconfig.json
> git cat-file -s a273b0cfc0e965c35524e3cd0d3574cbe1ad2d0d
> git status -z -u
> git symbolic-ref --short HEAD
> git rev-parse main
> git rev-parse --symbolic-full-name main@{u}
> git rev-list --left-right main...refs/remotes/origin/main
> git for-each-ref --sort -committerdate --format %(refname) %(objectname)
> git remote --verbose
> git config --get commit.template
> git ls-files --stage -- /home/glaulher/Documentos/javascript/bootcamp/github.search/tsconfig.json
> git cat-file -s a273b0cfc0e965c35524e3cd0d3574cbe1ad2d0d
> git show --textconv :tsconfig.json
> git status -z -u
> git symbolic-ref --short HEAD
> git rev-parse main
> git rev-parse --symbolic-full-name main@{u}
> git rev-list --left-right main...refs/remotes/origin/main
> git for-each-ref --sort -committerdate --format %(refname) %(objectname)
> git remote --verbose
> git config --get commit.template
