Initializing document watcher...
github.search/src/pages/Repository/index.tsx: Using EditorConfig core...
src/pages/Repository/index.tsx: editor.action.trimTrailingWhitespace
github.search/src/pages/Repository/index.tsx: Using EditorConfig core...
src/pages/Repository/index.tsx: editor.action.trimTrailingWhitespace
github.search/src/pages/Repository/index.tsx: Using EditorConfig core...
src/pages/Repository/index.tsx: editor.action.trimTrailingWhitespace
github.search/src/pages/Repository/index.tsx: Using EditorConfig core...
src/pages/Repository/index.tsx: editor.action.trimTrailingWhitespace
github.search/src/components/Issue/index.tsx: {"insertSpaces":true,"tabSize":2}
github.search/src/components/Issue/index.tsx: {"insertSpaces":true,"tabSize":2}
github.search/src/pages/Repository/index.tsx: {"insertSpaces":true,"tabSize":2}
github.search/src/components/Issue/index.tsx: {"insertSpaces":true,"tabSize":2}
github.search/src/components/Issue/index.tsx: Using EditorConfig core...
src/components/Issue/index.tsx: editor.action.trimTrailingWhitespace
github.search/src/components/Issue/index.tsx: Using EditorConfig core...
src/components/Issue/index.tsx: editor.action.trimTrailingWhitespace
github.search/src/pages/Repository/index.tsx: {"insertSpaces":true,"tabSize":2}
github.search/src/components/Issue/index.tsx: {"insertSpaces":true,"tabSize":2}
github.search/src/components/Issue/index.tsx: Using EditorConfig core...
src/components/Issue/index.tsx: editor.action.trimTrailingWhitespace
src/components/Issue/index.tsx: insertFinalNewline(LF)
github.search/src/pages/Repository/index.tsx: {"insertSpaces":true,"tabSize":2}
github.search/src/pages/Repository/index.tsx: {"insertSpaces":true,"tabSize":2}
github.search/src/components/Issue/index.tsx: {"insertSpaces":true,"tabSize":2}
github.search/src/components/Issue/index.tsx: Using EditorConfig core...
src/components/Issue/index.tsx: editor.action.trimTrailingWhitespace
github.search/src/pages/Repository/index.tsx: {"insertSpaces":true,"tabSize":2}
github.search/src/components/Issue/index.tsx: {"insertSpaces":true,"tabSize":2}
github.search/src/pages/Repository/styles.ts: {"insertSpaces":true,"tabSize":2}
github.search/src/pages/Repository/index.tsx: {"insertSpaces":true,"tabSize":2}
github.search/src/components/Issue/index.tsx: {"insertSpaces":true,"tabSize":2}
github.search/src/components/Issue/index.tsx: Using EditorConfig core...
src/components/Issue/index.tsx: editor.action.trimTrailingWhitespace
github.search/src/components/Issue/index.tsx: Using EditorConfig core...
src/components/Issue/index.tsx: editor.action.trimTrailingWhitespace
github.search/src/pages/Repository/index.tsx: {"insertSpaces":true,"tabSize":2}
github.search/src/components/Issue/index.tsx: {"insertSpaces":true,"tabSize":2}
github.search/src/components/Issue/index.tsx: Using EditorConfig core...
src/components/Issue/index.tsx: editor.action.trimTrailingWhitespace
github.search/src/pages/Repository/index.tsx: {"insertSpaces":true,"tabSize":2}
github.search/src/components/Issue/index.tsx: {"insertSpaces":true,"tabSize":2}
github.search/src/pages/Repository/index.tsx: {"insertSpaces":true,"tabSize":2}
github.search/src/components/Issue/index.tsx: {"insertSpaces":true,"tabSize":2}
github.search/src/components/Issue/index.tsx: Using EditorConfig core...
src/components/Issue/index.tsx: editor.action.trimTrailingWhitespace
github.search/src/pages/Repository/index.tsx: {"insertSpaces":true,"tabSize":2}
github.search/src/components/Issue/index.tsx: {"insertSpaces":true,"tabSize":2}
github.search/src/components/Issue/index.tsx: Using EditorConfig core...
src/components/Issue/index.tsx: editor.action.trimTrailingWhitespace
github.search/src/pages/Repository/index.tsx: {"insertSpaces":true,"tabSize":2}
github.search/src/components/Issue/index.tsx: {"insertSpaces":true,"tabSize":2}
github.search/src/components/Issue/index.tsx: Using EditorConfig core...
src/components/Issue/index.tsx: editor.action.trimTrailingWhitespace
github.search/src/components/Issue/index.tsx: Using EditorConfig core...
src/components/Issue/index.tsx: editor.action.trimTrailingWhitespace
github.search/src/components/Issue/index.tsx: Using EditorConfig core...
src/components/Issue/index.tsx: editor.action.trimTrailingWhitespace
github.search/src/components/Issue/index.tsx: Using EditorConfig core...
src/components/Issue/index.tsx: editor.action.trimTrailingWhitespace
github.search/src/components/Issue/index.tsx: Using EditorConfig core...
src/components/Issue/index.tsx: editor.action.trimTrailingWhitespace
github.search/src/components/Issue/index.tsx: Using EditorConfig core...
src/components/Issue/index.tsx: editor.action.trimTrailingWhitespace
github.search/src/components/Issue/index.tsx: Using EditorConfig core...
src/components/Issue/index.tsx: editor.action.trimTrailingWhitespace
github.search/src/components/Issue/index.tsx: Using EditorConfig core...
src/components/Issue/index.tsx: editor.action.trimTrailingWhitespace
github.search/src/components/Issue/styles.ts: {"insertSpaces":true,"tabSize":2}
github.search/src/pages/Repository/styles.ts: {"insertSpaces":true,"tabSize":2}
github.search/src/components/Issue/styles.ts: {"insertSpaces":true,"tabSize":2}
github.search/src/components/Issue/styles.ts: Using EditorConfig core...
src/components/Issue/styles.ts: editor.action.trimTrailingWhitespace
github.search/src/pages/Repository/styles.ts: {"insertSpaces":true,"tabSize":2}
github.search/src/pages/Repository/styles.ts: Using EditorConfig core...
src/pages/Repository/styles.ts: editor.action.trimTrailingWhitespace
github.search/src/pages/Repository/index.tsx: {"insertSpaces":true,"tabSize":2}
github.search/src/pages/Repository/index.tsx: Using EditorConfig core...
src/pages/Repository/index.tsx: editor.action.trimTrailingWhitespace
github.search/src/components/Issue/styles.ts: {"insertSpaces":true,"tabSize":2}
github.search/src/components/Issue/index.tsx: {"insertSpaces":true,"tabSize":2}
github.search/src/pages/Repository/index.tsx: {"insertSpaces":true,"tabSize":2}
github.search/src/pages/Repository/index.tsx: Using EditorConfig core...
src/pages/Repository/index.tsx: editor.action.trimTrailingWhitespace
github.search/src/pages/Repository/index.tsx: {"insertSpaces":true,"tabSize":2}
github.search/src/components/Issue/styles.ts: {"insertSpaces":true,"tabSize":2}
github.search/src/components/Issue/index.tsx: {"insertSpaces":true,"tabSize":2}
github.search/src/components/Issue/index.tsx: Using EditorConfig core...
src/components/Issue/index.tsx: editor.action.trimTrailingWhitespace
github.search/src/components/Issue/index.tsx: Using EditorConfig core...
src/components/Issue/index.tsx: editor.action.trimTrailingWhitespace
github.search/src/pages/Repository/index.tsx: {"insertSpaces":true,"tabSize":2}
github.search/src/pages/Repository/index.tsx: Using EditorConfig core...
src/pages/Repository/index.tsx: editor.action.trimTrailingWhitespace
github.search/src/pages/Repository/index.tsx: Using EditorConfig core...
src/pages/Repository/index.tsx: editor.action.trimTrailingWhitespace
github.search/src/pages/Repository/index.tsx: Using EditorConfig core...
src/pages/Repository/index.tsx: editor.action.trimTrailingWhitespace
github.search/src/pages/Repository/index.tsx: {"insertSpaces":true,"tabSize":2}
github.search/src/components/ListIssue/styles.ts: {"insertSpaces":true,"tabSize":2}
github.search/src/components/ListIssue/index.tsx: {"insertSpaces":true,"tabSize":2}
github.search/src/pages/Repository/index.tsx: {"insertSpaces":true,"tabSize":2}
github.search/src/pages/Repository/styles.ts: {"insertSpaces":true,"tabSize":2}
github.search/src/pages/Repository/index.tsx: {"insertSpaces":true,"tabSize":2}
github.search/src/pages/Repository/index.tsx: Using EditorConfig core...
src/pages/Repository/index.tsx: editor.action.trimTrailingWhitespace
github.search/src/pages/Repository/index.tsx: Using EditorConfig core...
src/pages/Repository/index.tsx: editor.action.trimTrailingWhitespace
github.search/src/pages/Repository/index.tsx: {"insertSpaces":true,"tabSize":2}
github.search/src/pages/Repository/index.tsx: {"insertSpaces":true,"tabSize":2}
github.search/src/components/Pagination/index.tsx: {"insertSpaces":true,"tabSize":2}
github.search/src/components/Pagination/index.tsx: {"insertSpaces":true,"tabSize":2}
github.search/src/components/Pagination/index.tsx: Using EditorConfig core...
src/components/Pagination/index.tsx: editor.action.trimTrailingWhitespace
github.search/src/components/Pagination/index.tsx: {"insertSpaces":true,"tabSize":2}
github.search/src/components/ListIssue/index.tsx: {"insertSpaces":true,"tabSize":2}
github.search/src/components/ListIssue/styles.ts: {"insertSpaces":true,"tabSize":2}
github.search/src/components/ListIssue/index.tsx: {"insertSpaces":true,"tabSize":2}
github.search/src/components/Pagination/index.tsx: {"insertSpaces":true,"tabSize":2}
github.search/src/components/Pagination/index.tsx: Using EditorConfig core...
src/components/Pagination/index.tsx: editor.action.trimTrailingWhitespace
github.search/src/components/Pagination/index.tsx: Using EditorConfig core...
src/components/Pagination/index.tsx: editor.action.trimTrailingWhitespace
github.search/src/pages/Dashboard/index.tsx: {"insertSpaces":true,"tabSize":2}
github.search/src/components/Pagination/index.tsx: {"insertSpaces":true,"tabSize":2}
github.search/src/components/Pagination/index.tsx: Using EditorConfig core...
src/components/Pagination/index.tsx: editor.action.trimTrailingWhitespace
github.search/src/pages/Repository/index.tsx: {"insertSpaces":true,"tabSize":2}
github.search/src/pages/Dashboard/index.tsx: {"insertSpaces":true,"tabSize":2}
github.search/src/components/Pagination/index.tsx: {"insertSpaces":true,"tabSize":2}
github.search/src/components/ListIssue/index.tsx: {"insertSpaces":true,"tabSize":2}
github.search/src/components/Pagination/index.tsx: {"insertSpaces":true,"tabSize":2}
github.search/src/components/ListIssue/index.tsx: {"insertSpaces":true,"tabSize":2}
github.search/src/components/Pagination/index.tsx: {"insertSpaces":true,"tabSize":2}
github.search/src/components/ListIssue/index.tsx: {"insertSpaces":true,"tabSize":2}
github.search/src/components/Pagination/index.tsx: {"insertSpaces":true,"tabSize":2}
github.search/src/components/Pagination/index.tsx: Using EditorConfig core...
src/components/Pagination/index.tsx: editor.action.trimTrailingWhitespace
github.search/src/components/Pagination/index.tsx: Using EditorConfig core...
src/components/Pagination/index.tsx: editor.action.trimTrailingWhitespace
github.search/src/pages/Dashboard/index.tsx: {"insertSpaces":true,"tabSize":2}
github.search/src/components/ListIssue/index.tsx: {"insertSpaces":true,"tabSize":2}
github.search/src/components/ListIssue/index.tsx: {"insertSpaces":true,"tabSize":2}
github.search/src/components/Pagination/index.tsx: {"insertSpaces":true,"tabSize":2}
github.search/src/components/Pagination/index.tsx: Using EditorConfig core...
src/components/Pagination/index.tsx: editor.action.trimTrailingWhitespace
github.search/src/components/Pagination/index.tsx: {"insertSpaces":true,"tabSize":2}
github.search/src/components/Pagination/index.tsx: {"insertSpaces":true,"tabSize":2}
github.search/src/components/Pagination/index.tsx: {"insertSpaces":true,"tabSize":2}
github.search/src/components/Pagination/index.tsx: {"insertSpaces":true,"tabSize":2}
github.search/src/components/Pagination/index.tsx: Using EditorConfig core...
src/components/Pagination/index.tsx: editor.action.trimTrailingWhitespace
github.search/src/components/Pagination/index.tsx: {"insertSpaces":true,"tabSize":2}
github.search/src/components/ListIssue/index.tsx: {"insertSpaces":true,"tabSize":2}
github.search/src/components/Pagination/index.tsx: {"insertSpaces":true,"tabSize":2}
github.search/src/components/Pagination/index.tsx: {"insertSpaces":true,"tabSize":2}
github.search/src/components/Pagination/index.tsx: Using EditorConfig core...
src/components/Pagination/index.tsx: editor.action.trimTrailingWhitespace
github.search/src/components/Pagination/index.tsx: Using EditorConfig core...
src/components/Pagination/index.tsx: editor.action.trimTrailingWhitespace
github.search/src/components/Pagination/index.tsx: {"insertSpaces":true,"tabSize":2}
github.search/src/components/Pagination/index.tsx: Using EditorConfig core...
src/components/Pagination/index.tsx: editor.action.trimTrailingWhitespace
github.search/src/components/Pagination/index.tsx: {"insertSpaces":true,"tabSize":2}
github.search/src/components/Pagination/index.tsx: {"insertSpaces":true,"tabSize":2}
github.search/src/components/Pagination/index.tsx: Using EditorConfig core...
src/components/Pagination/index.tsx: editor.action.trimTrailingWhitespace
github.search/src/components/Pagination/index.tsx: Using EditorConfig core...
src/components/Pagination/index.tsx: editor.action.trimTrailingWhitespace
github.search/src/components/Pagination/index.tsx: {"insertSpaces":true,"tabSize":2}
github.search/src/components/Pagination/index.tsx: {"insertSpaces":true,"tabSize":2}
github.search/src/components/Pagination/index.tsx: {"insertSpaces":true,"tabSize":2}
github.search/src/components/Pagination/index.tsx: {"insertSpaces":true,"tabSize":2}
github.search/src/components/Pagination/index.tsx: {"insertSpaces":true,"tabSize":2}
github.search/src/components/Pagination/index.tsx: {"insertSpaces":true,"tabSize":2}
github.search/src/components/Pagination/index.tsx: {"insertSpaces":true,"tabSize":2}
github.search/src/components/Pagination/index.tsx: Using EditorConfig core...
src/components/Pagination/index.tsx: editor.action.trimTrailingWhitespace
github.search/src/components/Pagination/index.tsx: Using EditorConfig core...
src/components/Pagination/index.tsx: editor.action.trimTrailingWhitespace
github.search/src/components/Pagination/index.tsx: {"insertSpaces":true,"tabSize":2}
github.search/src/pages/Repository/index.tsx: {"insertSpaces":true,"tabSize":2}
github.search/src/pages/Repository/index.tsx: Using EditorConfig core...
src/pages/Repository/index.tsx: editor.action.trimTrailingWhitespace
github.search/src/pages/Repository/index.tsx: {"insertSpaces":true,"tabSize":2}
github.search/src/pages/Repository/index.tsx: Using EditorConfig core...
src/pages/Repository/index.tsx: editor.action.trimTrailingWhitespace
github.search/src/pages/Repository/index.tsx: {"insertSpaces":true,"tabSize":2}
github.search/src/components/Pagination/index.tsx: {"insertSpaces":true,"tabSize":2}
github.search/src/components/Pagination/index.tsx: Using EditorConfig core...
src/components/Pagination/index.tsx: editor.action.trimTrailingWhitespace
src/components/Pagination/index.tsx: insertFinalNewline(LF)
github.search/src/components/Pagination/index.tsx: {"insertSpaces":true,"tabSize":2}
github.search/src/components/Pagination/index.tsx: Using EditorConfig core...
src/components/Pagination/index.tsx: editor.action.trimTrailingWhitespace
github.search/src/components/Pagination/index.tsx: Using EditorConfig core...
src/components/Pagination/index.tsx: editor.action.trimTrailingWhitespace
github.search/src/components/Pagination/index.tsx: Using EditorConfig core...
src/components/Pagination/index.tsx: editor.action.trimTrailingWhitespace
github.search/src/components/Pagination/index.tsx: Using EditorConfig core...
src/components/Pagination/index.tsx: editor.action.trimTrailingWhitespace
github.search/src/components/Pagination/index.tsx: Using EditorConfig core...
src/components/Pagination/index.tsx: editor.action.trimTrailingWhitespace
github.search/src/components/Pagination/index.tsx: Using EditorConfig core...
src/components/Pagination/index.tsx: editor.action.trimTrailingWhitespace
github.search/src/components/Pagination/index.tsx: Using EditorConfig core...
src/components/Pagination/index.tsx: editor.action.trimTrailingWhitespace
github.search/src/components/Pagination/index.tsx: Using EditorConfig core...
src/components/Pagination/index.tsx: editor.action.trimTrailingWhitespace
github.search/src/components/Pagination/index.tsx: Using EditorConfig core...
src/components/Pagination/index.tsx: editor.action.trimTrailingWhitespace
github.search/src/components/Pagination/index.tsx: Using EditorConfig core...
src/components/Pagination/index.tsx: editor.action.trimTrailingWhitespace
github.search/src/components/Pagination/index.tsx: {"insertSpaces":true,"tabSize":2}
github.search/src/components/Pagination/index.tsx: Using EditorConfig core...
src/components/Pagination/index.tsx: editor.action.trimTrailingWhitespace
github.search/src/components/Pagination/index.tsx: {"insertSpaces":true,"tabSize":2}
github.search/src/components/Pagination/index.tsx: {"insertSpaces":true,"tabSize":2}
github.search/src/components/Pagination/index.tsx: {"insertSpaces":true,"tabSize":2}
github.search/src/components/Pagination/index.tsx: {"insertSpaces":true,"tabSize":2}
github.search/src/components/Pagination/index.tsx: {"insertSpaces":true,"tabSize":2}
github.search/src/components/Pagination/index.tsx: Using EditorConfig core...
src/components/Pagination/index.tsx: editor.action.trimTrailingWhitespace
github.search/src/pages/Repository/index.tsx: {"insertSpaces":true,"tabSize":2}
github.search/src/pages/Repository/index.tsx: Using EditorConfig core...
src/pages/Repository/index.tsx: editor.action.trimTrailingWhitespace
github.search/src/pages/Repository/index.tsx: {"insertSpaces":true,"tabSize":2}
github.search/src/pages/Repository/index.tsx: Using EditorConfig core...
src/pages/Repository/index.tsx: editor.action.trimTrailingWhitespace
github.search/src/pages/Repository/index.tsx: {"insertSpaces":true,"tabSize":2}
github.search/src/pages/Repository/index.tsx: Using EditorConfig core...
src/pages/Repository/index.tsx: editor.action.trimTrailingWhitespace
github.search/src/pages/Repository/index.tsx: {"insertSpaces":true,"tabSize":2}
github.search/src/pages/Repository/index.tsx: Using EditorConfig core...
src/pages/Repository/index.tsx: editor.action.trimTrailingWhitespace
github.search/src/components/Pagination/index.tsx: {"insertSpaces":true,"tabSize":2}
github.search/src/components/Pagination/index.tsx: Using EditorConfig core...
src/components/Pagination/index.tsx: editor.action.trimTrailingWhitespace
github.search/src/components/Pagination/index.tsx: Using EditorConfig core...
src/components/Pagination/index.tsx: editor.action.trimTrailingWhitespace
github.search/src/pages/Repository/index.tsx: {"insertSpaces":true,"tabSize":2}
github.search/src/pages/Repository/index.tsx: Using EditorConfig core...
src/pages/Repository/index.tsx: editor.action.trimTrailingWhitespace
github.search/src/pages/Repository/index.tsx: Using EditorConfig core...
src/pages/Repository/index.tsx: editor.action.trimTrailingWhitespace
github.search/src/pages/Repository/index.tsx: {"insertSpaces":true,"tabSize":2}
github.search/src/pages/Repository/index.tsx: Using EditorConfig core...
src/pages/Repository/index.tsx: editor.action.trimTrailingWhitespace
github.search/src/components/ListIssue/index.tsx: {"insertSpaces":true,"tabSize":2}
github.search/src/components/ListIssue/index.tsx: Using EditorConfig core...
src/components/ListIssue/index.tsx: editor.action.trimTrailingWhitespace
github.search/src/pages/Repository/index.tsx: {"insertSpaces":true,"tabSize":2}
github.search/src/pages/Repository/index.tsx: Using EditorConfig core...
src/pages/Repository/index.tsx: editor.action.trimTrailingWhitespace
github.search/src/components/ListIssue/index.tsx: {"insertSpaces":true,"tabSize":2}
github.search/src/pages/Repository/index.tsx: {"insertSpaces":true,"tabSize":2}
github.search/src/pages/Repository/index.tsx: Using EditorConfig core...
src/pages/Repository/index.tsx: editor.action.trimTrailingWhitespace
github.search/src/components/ListIssue/index.tsx: {"insertSpaces":true,"tabSize":2}
github.search/src/components/ListIssue/index.tsx: Using EditorConfig core...
src/components/ListIssue/index.tsx: editor.action.trimTrailingWhitespace
github.search/src/components/ListIssue/index.tsx: Using EditorConfig core...
src/components/ListIssue/index.tsx: editor.action.trimTrailingWhitespace
github.search/src/components/ListIssue/index.tsx: Using EditorConfig core...
src/components/ListIssue/index.tsx: editor.action.trimTrailingWhitespace
github.search/src/components/ListIssue/index.tsx: {"insertSpaces":true,"tabSize":2}
github.search/src/components/ListIssue/index.tsx: Using EditorConfig core...
src/components/ListIssue/index.tsx: editor.action.trimTrailingWhitespace
github.search/src/components/ListIssue/index.tsx: Using EditorConfig core...
src/components/ListIssue/index.tsx: editor.action.trimTrailingWhitespace
github.search/src/components/ListIssue/index.tsx: Using EditorConfig core...
src/components/ListIssue/index.tsx: editor.action.trimTrailingWhitespace
github.search/src/components/Pagination/index.tsx: {"insertSpaces":true,"tabSize":2}
github.search/src/components/ListIssue/index.tsx: {"insertSpaces":true,"tabSize":2}
github.search/src/components/ListIssue/index.tsx: Using EditorConfig core...
src/components/ListIssue/index.tsx: editor.action.trimTrailingWhitespace
github.search/src/components/ListIssue/index.tsx: Using EditorConfig core...
src/components/ListIssue/index.tsx: editor.action.trimTrailingWhitespace
github.search/src/components/ListIssue/index.tsx: {"insertSpaces":true,"tabSize":2}
github.search/src/components/ListIssue/index.tsx: Using EditorConfig core...
src/components/ListIssue/index.tsx: editor.action.trimTrailingWhitespace
github.search/src/components/ListIssue/index.tsx: Using EditorConfig core...
src/components/ListIssue/index.tsx: editor.action.trimTrailingWhitespace
github.search/src/components/ListIssue/index.tsx: Using EditorConfig core...
src/components/ListIssue/index.tsx: editor.action.trimTrailingWhitespace
github.search/src/components/ListIssue/index.tsx: Using EditorConfig core...
src/components/ListIssue/index.tsx: editor.action.trimTrailingWhitespace
github.search/src/components/ListIssue/index.tsx: Using EditorConfig core...
src/components/ListIssue/index.tsx: editor.action.trimTrailingWhitespace
github.search/src/components/ListIssue/index.tsx: Using EditorConfig core...
src/components/ListIssue/index.tsx: editor.action.trimTrailingWhitespace
github.search/src/components/ListIssue/index.tsx: Using EditorConfig core...
src/components/ListIssue/index.tsx: editor.action.trimTrailingWhitespace
github.search/src/components/ListIssue/index.tsx: {"insertSpaces":true,"tabSize":2}
github.search/src/components/ListIssue/index.tsx: Using EditorConfig core...
src/components/ListIssue/index.tsx: editor.action.trimTrailingWhitespace
github.search/src/components/ListIssue/index.tsx: {"insertSpaces":true,"tabSize":2}
github.search/src/components/ListIssue/index.tsx: {"insertSpaces":true,"tabSize":2}
github.search/src/components/ListIssue/index.tsx: Using EditorConfig core...
src/components/ListIssue/index.tsx: editor.action.trimTrailingWhitespace
github.search/src/components/ListIssue/index.tsx: Using EditorConfig core...
src/components/ListIssue/index.tsx: editor.action.trimTrailingWhitespace
github.search/src/components/ListIssue/index.tsx: Using EditorConfig core...
src/components/ListIssue/index.tsx: editor.action.trimTrailingWhitespace
github.search/src/components/ListIssue/index.tsx: Using EditorConfig core...
src/components/ListIssue/index.tsx: editor.action.trimTrailingWhitespace
github.search/src/components/ListIssue/index.tsx: {"insertSpaces":true,"tabSize":2}
github.search/src/components/Pagination/index.tsx: {"insertSpaces":true,"tabSize":2}
github.search/src/components/Pagination/index.tsx: {"insertSpaces":true,"tabSize":2}
github.search/src/components/Pagination/index.tsx: {"insertSpaces":true,"tabSize":2}
github.search/src/components/Pagination/index.tsx: {"insertSpaces":true,"tabSize":2}
github.search/src/pages/Repository/index.tsx: {"insertSpaces":true,"tabSize":2}
github.search/src/components/Pagination/index.tsx: {"insertSpaces":true,"tabSize":2}
github.search/src/pages/Repository/index.tsx: {"insertSpaces":true,"tabSize":2}
github.search/src/components/ListIssue/index.tsx: {"insertSpaces":true,"tabSize":2}
github.search/src/components/ListIssue/index.tsx: Using EditorConfig core...
src/components/ListIssue/index.tsx: editor.action.trimTrailingWhitespace
github.search/src/components/ListIssue/index.tsx: {"insertSpaces":true,"tabSize":2}
github.search/src/components/ListIssue/index.tsx: Using EditorConfig core...
src/components/ListIssue/index.tsx: editor.action.trimTrailingWhitespace
github.search/src/components/ListIssue/index.tsx: Using EditorConfig core...
src/components/ListIssue/index.tsx: editor.action.trimTrailingWhitespace
github.search/src/components/ListIssue/index.tsx: {"insertSpaces":true,"tabSize":2}
github.search/src/components/ListIssue/index.tsx: {"insertSpaces":true,"tabSize":2}
github.search/src/components/ListIssue/index.tsx: {"insertSpaces":true,"tabSize":2}
github.search/src/components/ListIssue/index.tsx: {"insertSpaces":true,"tabSize":2}
github.search/src/components/Pagination/index.tsx: {"insertSpaces":true,"tabSize":2}
github.search/src/components/Pagination/index.tsx: Using EditorConfig core...
src/components/Pagination/index.tsx: editor.action.trimTrailingWhitespace
github.search/src/components/Pagination/index.tsx: Using EditorConfig core...
src/components/Pagination/index.tsx: editor.action.trimTrailingWhitespace
github.search/src/components/Pagination/index.tsx: Using EditorConfig core...
src/components/Pagination/index.tsx: editor.action.trimTrailingWhitespace
github.search/src/components/Pagination/index.tsx: Using EditorConfig core...
src/components/Pagination/index.tsx: editor.action.trimTrailingWhitespace
github.search/src/components/Pagination/index.tsx: Using EditorConfig core...
src/components/Pagination/index.tsx: editor.action.trimTrailingWhitespace
github.search/src/components/Pagination/index.tsx: {"insertSpaces":true,"tabSize":2}
github.search/src/components/Pagination/index.tsx: Using EditorConfig core...
src/components/Pagination/index.tsx: editor.action.trimTrailingWhitespace
github.search/src/components/ListIssue/index.tsx: {"insertSpaces":true,"tabSize":2}
github.search/src/components/Pagination/index.tsx: {"insertSpaces":true,"tabSize":2}
github.search/src/components/Pagination/index.tsx: Using EditorConfig core...
src/components/Pagination/index.tsx: editor.action.trimTrailingWhitespace
github.search/src/components/Pagination/index.tsx: {"insertSpaces":true,"tabSize":2}
github.search/src/components/ListIssue/index.tsx: {"insertSpaces":true,"tabSize":2}
github.search/src/components/ListIssue/index.tsx: Using EditorConfig core...
src/components/ListIssue/index.tsx: editor.action.trimTrailingWhitespace
github.search/src/components/ListIssue/index.tsx: Using EditorConfig core...
src/components/ListIssue/index.tsx: editor.action.trimTrailingWhitespace
github.search/src/components/ListIssue/index.tsx: Using EditorConfig core...
src/components/ListIssue/index.tsx: editor.action.trimTrailingWhitespace
github.search/src/components/ListIssue/index.tsx: Using EditorConfig core...
src/components/ListIssue/index.tsx: editor.action.trimTrailingWhitespace
github.search/src/components/ListIssue/index.tsx: {"insertSpaces":true,"tabSize":2}
github.search/src/components/ListIssue/index.tsx: Using EditorConfig core...
src/components/ListIssue/index.tsx: editor.action.trimTrailingWhitespace
github.search/src/components/Pagination/index.tsx: {"insertSpaces":true,"tabSize":2}
github.search/src/components/Pagination/index.tsx: Using EditorConfig core...
src/components/Pagination/index.tsx: editor.action.trimTrailingWhitespace
github.search/src/components/ListIssue/styles.ts: {"insertSpaces":true,"tabSize":2}
github.search/src/components/ListIssue/index.tsx: {"insertSpaces":true,"tabSize":2}
github.search/src/components/ListIssue/index.tsx: {"insertSpaces":true,"tabSize":2}
github.search/src/components/ListIssue/index.tsx: Using EditorConfig core...
src/components/ListIssue/index.tsx: editor.action.trimTrailingWhitespace
github.search/src/components/ListIssue/index.tsx: {"insertSpaces":true,"tabSize":2}
github.search/src/components/ListIssue/index.tsx: Using EditorConfig core...
src/components/ListIssue/index.tsx: editor.action.trimTrailingWhitespace
github.search/src/components/ListIssue/index.tsx: {"insertSpaces":true,"tabSize":2}
github.search/src/components/ListIssue/index.tsx: {"insertSpaces":true,"tabSize":2}
github.search/src/components/ListIssue/index.tsx: Using EditorConfig core...
src/components/ListIssue/index.tsx: editor.action.trimTrailingWhitespace
github.search/src/components/ListIssue/index.tsx: {"insertSpaces":true,"tabSize":2}
github.search/src/components/ListIssue/index.tsx: Using EditorConfig core...
src/components/ListIssue/index.tsx: editor.action.trimTrailingWhitespace
github.search/src/components/ListIssue/index.tsx: {"insertSpaces":true,"tabSize":2}
github.search/src/components/ListIssue/index.tsx: Using EditorConfig core...
src/components/ListIssue/index.tsx: editor.action.trimTrailingWhitespace
github.search/src/components/ListIssue/index.tsx: {"insertSpaces":true,"tabSize":2}
github.search/src/components/ListIssue/index.tsx: Using EditorConfig core...
src/components/ListIssue/index.tsx: editor.action.trimTrailingWhitespace
github.search/src/components/ListIssue/index.tsx: Using EditorConfig core...
src/components/ListIssue/index.tsx: editor.action.trimTrailingWhitespace
github.search/src/components/ListIssue/index.tsx: Using EditorConfig core...
src/components/ListIssue/index.tsx: editor.action.trimTrailingWhitespace
github.search/src/components/ListIssue/index.tsx: Using EditorConfig core...
src/components/ListIssue/index.tsx: editor.action.trimTrailingWhitespace
github.search/src/components/ListIssue/index.tsx: Using EditorConfig core...
src/components/ListIssue/index.tsx: editor.action.trimTrailingWhitespace
github.search/src/components/ListIssue/index.tsx: Using EditorConfig core...
src/components/ListIssue/index.tsx: editor.action.trimTrailingWhitespace
github.search/src/components/ListIssue/index.tsx: Using EditorConfig core...
src/components/ListIssue/index.tsx: editor.action.trimTrailingWhitespace
github.search/src/components/ListIssue/index.tsx: Using EditorConfig core...
src/components/ListIssue/index.tsx: editor.action.trimTrailingWhitespace
github.search/src/components/ListIssue/index.tsx: {"insertSpaces":true,"tabSize":2}
github.search/src/components/ListIssue/index.tsx: Using EditorConfig core...
src/components/ListIssue/index.tsx: editor.action.trimTrailingWhitespace
github.search/src/components/ListIssue/index.tsx: Using EditorConfig core...
src/components/ListIssue/index.tsx: editor.action.trimTrailingWhitespace
github.search/src/components/ListIssue/index.tsx: Using EditorConfig core...
src/components/ListIssue/index.tsx: editor.action.trimTrailingWhitespace
github.search/src/components/ListIssue/index.tsx: Using EditorConfig core...
src/components/ListIssue/index.tsx: editor.action.trimTrailingWhitespace
github.search/src/components/ListIssue/index.tsx: Using EditorConfig core...
src/components/ListIssue/index.tsx: editor.action.trimTrailingWhitespace
github.search/src/components/ListIssue/index.tsx: Using EditorConfig core...
src/components/ListIssue/index.tsx: editor.action.trimTrailingWhitespace
github.search/src/components/ListIssue/index.tsx: Using EditorConfig core...
src/components/ListIssue/index.tsx: editor.action.trimTrailingWhitespace
github.search/src/components/ListIssue/index.tsx: Using EditorConfig core...
src/components/ListIssue/index.tsx: editor.action.trimTrailingWhitespace
github.search/src/components/ListIssue/index.tsx: Using EditorConfig core...
src/components/ListIssue/index.tsx: editor.action.trimTrailingWhitespace
github.search/src/components/ListIssue/index.tsx: Using EditorConfig core...
src/components/ListIssue/index.tsx: editor.action.trimTrailingWhitespace
github.search/node_modules/@types/react-paginate/index.d.ts: {"insertSpaces":true,"tabSize":2}
github.search/src/components/ListIssue/index.tsx: {"insertSpaces":true,"tabSize":2}
github.search/src/components/ListIssue/index.tsx: Using EditorConfig core...
src/components/ListIssue/index.tsx: editor.action.trimTrailingWhitespace
github.search/src/components/ListIssue/index.tsx: {"insertSpaces":true,"tabSize":2}
github.search/src/components/ListIssue/index.tsx: Using EditorConfig core...
src/components/ListIssue/index.tsx: editor.action.trimTrailingWhitespace
github.search/src/components/ListIssue/index.tsx: Using EditorConfig core...
src/components/ListIssue/index.tsx: editor.action.trimTrailingWhitespace
github.search/src/components/ListIssue/index.tsx: Using EditorConfig core...
src/components/ListIssue/index.tsx: editor.action.trimTrailingWhitespace
github.search/src/components/ListIssue/index.tsx: {"insertSpaces":true,"tabSize":2}
github.search/src/components/ListIssue/index.tsx: {"insertSpaces":true,"tabSize":2}
