[2020-06-26 19:56:12.265] [exthost] [info] extension host started
[2020-06-26 19:56:12.430] [exthost] [info] ExtensionService#_doActivateExtension vscode.debug-auto-launch {"startup":true,"extensionId":{"value":"vscode.debug-auto-launch","_lower":"vscode.debug-auto-launch"},"activationEvent":"*"}
[2020-06-26 19:56:12.432] [exthost] [info] ExtensionService#loadCommonJSModule file:///usr/lib/code-oss/resources/app/extensions/debug-auto-launch/dist/extension
[2020-06-26 19:56:12.448] [exthost] [info] ExtensionService#_doActivateExtension vscode.emmet {"startup":true,"extensionId":{"value":"vscode.emmet","_lower":"vscode.emmet"},"activationEvent":"*"}
[2020-06-26 19:56:12.448] [exthost] [info] ExtensionService#loadCommonJSModule file:///usr/lib/code-oss/resources/app/extensions/emmet/dist/extension
[2020-06-26 19:56:12.524] [exthost] [info] ExtensionService#_doActivateExtension vscode.git {"startup":true,"extensionId":{"value":"vscode.github","_lower":"vscode.github"},"activationEvent":"*"}
[2020-06-26 19:56:12.524] [exthost] [info] ExtensionService#loadCommonJSModule file:///usr/lib/code-oss/resources/app/extensions/git/dist/main
[2020-06-26 19:56:12.654] [exthost] [info] ExtensionService#_doActivateExtension vscode.github-authentication {"startup":true,"extensionId":{"value":"vscode.github-authentication","_lower":"vscode.github-authentication"},"activationEvent":"*"}
[2020-06-26 19:56:12.654] [exthost] [info] ExtensionService#loadCommonJSModule file:///usr/lib/code-oss/resources/app/extensions/github-authentication/dist/extension.js
[2020-06-26 19:56:12.675] [exthost] [info] ExtensionService#_doActivateExtension vscode.merge-conflict {"startup":true,"extensionId":{"value":"vscode.merge-conflict","_lower":"vscode.merge-conflict"},"activationEvent":"*"}
[2020-06-26 19:56:12.675] [exthost] [info] ExtensionService#loadCommonJSModule file:///usr/lib/code-oss/resources/app/extensions/merge-conflict/dist/extension
[2020-06-26 19:56:12.681] [exthost] [info] ExtensionService#_doActivateExtension vscode.microsoft-authentication {"startup":true,"extensionId":{"value":"vscode.microsoft-authentication","_lower":"vscode.microsoft-authentication"},"activationEvent":"*"}
[2020-06-26 19:56:12.682] [exthost] [info] ExtensionService#loadCommonJSModule file:///usr/lib/code-oss/resources/app/extensions/microsoft-authentication/dist/extension.js
[2020-06-26 19:56:12.705] [exthost] [info] ExtensionService#_doActivateExtension vscode.search-result {"startup":true,"extensionId":{"value":"vscode.search-result","_lower":"vscode.search-result"},"activationEvent":"*"}
[2020-06-26 19:56:12.705] [exthost] [info] ExtensionService#loadCommonJSModule file:///usr/lib/code-oss/resources/app/extensions/search-result/dist/extension.js
[2020-06-26 19:56:12.707] [exthost] [info] ExtensionService#_doActivateExtension CoenraadS.bracket-pair-colorizer {"startup":true,"extensionId":{"value":"CoenraadS.bracket-pair-colorizer","_lower":"coenraads.bracket-pair-colorizer"},"activationEvent":"*"}
[2020-06-26 19:56:12.707] [exthost] [info] ExtensionService#loadCommonJSModule file:///home/glaulher/.vscode-oss/extensions/coenraads.bracket-pair-colorizer-1.0.61/out/src/extension
[2020-06-26 19:56:13.416] [exthost] [info] ExtensionService#_doActivateExtension dbaeumer.vscode-eslint {"startup":true,"extensionId":{"value":"dbaeumer.vscode-eslint","_lower":"dbaeumer.vscode-eslint"},"activationEvent":"*"}
[2020-06-26 19:56:13.416] [exthost] [info] ExtensionService#loadCommonJSModule file:///home/glaulher/.vscode-oss/extensions/dbaeumer.vscode-eslint-2.1.5/client/out/extension
[2020-06-26 19:56:13.468] [exthost] [info] ExtensionService#_doActivateExtension EditorConfig.EditorConfig {"startup":true,"extensionId":{"value":"EditorConfig.EditorConfig","_lower":"editorconfig.editorconfig"},"activationEvent":"*"}
[2020-06-26 19:56:13.468] [exthost] [info] ExtensionService#loadCommonJSModule file:///home/glaulher/.vscode-oss/extensions/editorconfig.editorconfig-0.14.5/out/editorConfigMain.js
[2020-06-26 19:56:13.684] [exthost] [info] ExtensionService#_doActivateExtension esbenp.prettier-vscode {"startup":true,"extensionId":{"value":"esbenp.prettier-vscode","_lower":"esbenp.prettier-vscode"},"activationEvent":"*"}
[2020-06-26 19:56:13.684] [exthost] [info] ExtensionService#loadCommonJSModule file:///home/glaulher/.vscode-oss/extensions/esbenp.prettier-vscode-4.6.0/dist/extension
[2020-06-26 19:56:13.975] [exthost] [info] ExtensionService#_doActivateExtension naumovs.color-highlight {"startup":true,"extensionId":{"value":"naumovs.color-highlight","_lower":"naumovs.color-highlight"},"activationEvent":"*"}
[2020-06-26 19:56:13.976] [exthost] [info] ExtensionService#loadCommonJSModule file:///home/glaulher/.vscode-oss/extensions/naumovs.color-highlight-2.3.0/dist/extension
[2020-06-26 19:56:14.051] [exthost] [info] ExtensionService#_doActivateExtension PKief.material-icon-theme {"startup":true,"extensionId":{"value":"PKief.material-icon-theme","_lower":"pkief.material-icon-theme"},"activationEvent":"*"}
[2020-06-26 19:56:14.051] [exthost] [info] ExtensionService#loadCommonJSModule file:///home/glaulher/.vscode-oss/extensions/pkief.material-icon-theme-4.1.0/dist/extension
[2020-06-26 19:56:14.988] [exthost] [info] ExtensionService#_doActivateExtension vscode.github {"startup":true,"extensionId":{"value":"vscode.github","_lower":"vscode.github"},"activationEvent":"*"}
[2020-06-26 19:56:14.989] [exthost] [info] ExtensionService#loadCommonJSModule file:///usr/lib/code-oss/resources/app/extensions/github/dist/extension.js
[2020-06-26 19:56:15.059] [exthost] [info] eager extensions activated
[2020-06-26 19:56:25.951] [exthost] [info] extension host started
[2020-06-26 19:56:25.993] [exthost] [info] ExtensionService#_doActivateExtension vscode.debug-auto-launch {"startup":true,"extensionId":{"value":"vscode.debug-auto-launch","_lower":"vscode.debug-auto-launch"},"activationEvent":"*"}
[2020-06-26 19:56:25.994] [exthost] [info] ExtensionService#loadCommonJSModule file:///usr/lib/code-oss/resources/app/extensions/debug-auto-launch/dist/extension
[2020-06-26 19:56:26.002] [exthost] [info] ExtensionService#_doActivateExtension vscode.emmet {"startup":true,"extensionId":{"value":"vscode.emmet","_lower":"vscode.emmet"},"activationEvent":"*"}
[2020-06-26 19:56:26.002] [exthost] [info] ExtensionService#loadCommonJSModule file:///usr/lib/code-oss/resources/app/extensions/emmet/dist/extension
[2020-06-26 19:56:26.041] [exthost] [info] ExtensionService#_doActivateExtension vscode.git {"startup":true,"extensionId":{"value":"vscode.github","_lower":"vscode.github"},"activationEvent":"*"}
[2020-06-26 19:56:26.041] [exthost] [info] ExtensionService#loadCommonJSModule file:///usr/lib/code-oss/resources/app/extensions/git/dist/main
[2020-06-26 19:56:26.115] [exthost] [info] ExtensionService#_doActivateExtension vscode.github-authentication {"startup":true,"extensionId":{"value":"vscode.github-authentication","_lower":"vscode.github-authentication"},"activationEvent":"*"}
[2020-06-26 19:56:26.115] [exthost] [info] ExtensionService#loadCommonJSModule file:///usr/lib/code-oss/resources/app/extensions/github-authentication/dist/extension.js
[2020-06-26 19:56:26.136] [exthost] [info] ExtensionService#_doActivateExtension vscode.merge-conflict {"startup":true,"extensionId":{"value":"vscode.merge-conflict","_lower":"vscode.merge-conflict"},"activationEvent":"*"}
[2020-06-26 19:56:26.136] [exthost] [info] ExtensionService#loadCommonJSModule file:///usr/lib/code-oss/resources/app/extensions/merge-conflict/dist/extension
[2020-06-26 19:56:26.143] [exthost] [info] ExtensionService#_doActivateExtension vscode.microsoft-authentication {"startup":true,"extensionId":{"value":"vscode.microsoft-authentication","_lower":"vscode.microsoft-authentication"},"activationEvent":"*"}
[2020-06-26 19:56:26.144] [exthost] [info] ExtensionService#loadCommonJSModule file:///usr/lib/code-oss/resources/app/extensions/microsoft-authentication/dist/extension.js
[2020-06-26 19:56:26.162] [exthost] [info] ExtensionService#_doActivateExtension vscode.search-result {"startup":true,"extensionId":{"value":"vscode.search-result","_lower":"vscode.search-result"},"activationEvent":"*"}
[2020-06-26 19:56:26.163] [exthost] [info] ExtensionService#loadCommonJSModule file:///usr/lib/code-oss/resources/app/extensions/search-result/dist/extension.js
[2020-06-26 19:56:26.165] [exthost] [info] ExtensionService#_doActivateExtension CoenraadS.bracket-pair-colorizer {"startup":true,"extensionId":{"value":"CoenraadS.bracket-pair-colorizer","_lower":"coenraads.bracket-pair-colorizer"},"activationEvent":"*"}
[2020-06-26 19:56:26.165] [exthost] [info] ExtensionService#loadCommonJSModule file:///home/glaulher/.vscode-oss/extensions/coenraads.bracket-pair-colorizer-1.0.61/out/src/extension
[2020-06-26 19:56:26.186] [exthost] [info] ExtensionService#_doActivateExtension dbaeumer.vscode-eslint {"startup":true,"extensionId":{"value":"dbaeumer.vscode-eslint","_lower":"dbaeumer.vscode-eslint"},"activationEvent":"*"}
[2020-06-26 19:56:26.186] [exthost] [info] ExtensionService#loadCommonJSModule file:///home/glaulher/.vscode-oss/extensions/dbaeumer.vscode-eslint-2.1.5/client/out/extension
[2020-06-26 19:56:26.212] [exthost] [info] ExtensionService#_doActivateExtension EditorConfig.EditorConfig {"startup":true,"extensionId":{"value":"EditorConfig.EditorConfig","_lower":"editorconfig.editorconfig"},"activationEvent":"*"}
[2020-06-26 19:56:26.212] [exthost] [info] ExtensionService#loadCommonJSModule file:///home/glaulher/.vscode-oss/extensions/editorconfig.editorconfig-0.15.1/out/editorConfigMain.js
[2020-06-26 19:56:26.247] [exthost] [info] ExtensionService#_doActivateExtension esbenp.prettier-vscode {"startup":true,"extensionId":{"value":"esbenp.prettier-vscode","_lower":"esbenp.prettier-vscode"},"activationEvent":"*"}
[2020-06-26 19:56:26.247] [exthost] [info] ExtensionService#loadCommonJSModule file:///home/glaulher/.vscode-oss/extensions/esbenp.prettier-vscode-5.1.0/dist/extension
[2020-06-26 19:56:26.398] [exthost] [info] ExtensionService#_doActivateExtension naumovs.color-highlight {"startup":true,"extensionId":{"value":"naumovs.color-highlight","_lower":"naumovs.color-highlight"},"activationEvent":"*"}
[2020-06-26 19:56:26.398] [exthost] [info] ExtensionService#loadCommonJSModule file:///home/glaulher/.vscode-oss/extensions/naumovs.color-highlight-2.3.0/dist/extension
[2020-06-26 19:56:26.421] [exthost] [info] ExtensionService#_doActivateExtension PKief.material-icon-theme {"startup":true,"extensionId":{"value":"PKief.material-icon-theme","_lower":"pkief.material-icon-theme"},"activationEvent":"*"}
[2020-06-26 19:56:26.421] [exthost] [info] ExtensionService#loadCommonJSModule file:///home/glaulher/.vscode-oss/extensions/pkief.material-icon-theme-4.2.0/dist/extension
[2020-06-26 19:56:26.714] [exthost] [info] ExtensionService#_doActivateExtension vscode.github {"startup":true,"extensionId":{"value":"vscode.github","_lower":"vscode.github"},"activationEvent":"*"}
[2020-06-26 19:56:26.714] [exthost] [info] ExtensionService#loadCommonJSModule file:///usr/lib/code-oss/resources/app/extensions/github/dist/extension.js
[2020-06-26 19:56:26.751] [exthost] [info] eager extensions activated
[2020-06-26 19:56:34.453] [exthost] [info] ExtensionService#_doActivateExtension vscode.configuration-editing {"startup":false,"extensionId":{"value":"vscode.configuration-editing","_lower":"vscode.configuration-editing"},"activationEvent":"onLanguage:jsonc"}
[2020-06-26 19:56:34.453] [exthost] [info] ExtensionService#loadCommonJSModule file:///usr/lib/code-oss/resources/app/extensions/configuration-editing/dist/extension
[2020-06-26 19:56:34.463] [exthost] [info] ExtensionService#_doActivateExtension vscode.json-language-features {"startup":false,"extensionId":{"value":"vscode.json-language-features","_lower":"vscode.json-language-features"},"activationEvent":"onLanguage:jsonc"}
[2020-06-26 19:56:34.463] [exthost] [info] ExtensionService#loadCommonJSModule file:///usr/lib/code-oss/resources/app/extensions/json-language-features/client/dist/jsonMain
[2020-06-26 19:56:34.520] [exthost] [info] ExtensionService#_doActivateExtension vscode.typescript-language-features {"startup":false,"extensionId":{"value":"vscode.typescript-language-features","_lower":"vscode.typescript-language-features"},"activationEvent":"onLanguage:jsonc"}
[2020-06-26 19:56:34.520] [exthost] [info] ExtensionService#loadCommonJSModule file:///usr/lib/code-oss/resources/app/extensions/typescript-language-features/dist/extension
