[11:47:36.114] Global cache location '/home/glaulher/.cache/typescript/4.0', safe file path '/usr/lib/code-oss/resources/app/extensions/node_modules/typescript/lib/typingSafeList.json', types map path /usr/lib/code-oss/resources/app/extensions/node_modules/typescript/lib/typesMap.json
[11:47:36.116] Processing cache location '/home/glaulher/.cache/typescript/4.0'
[11:47:36.116] Trying to find '/home/glaulher/.cache/typescript/4.0/package.json'...
[11:47:36.190] Loaded content of '/home/glaulher/.cache/typescript/4.0/package.json': {"private":true,"dependencies":{"types-registry":"^0.1.517"},"devDependencies":{"@types/accepts":"^1.3.5","@types/acorn":"^4.0.5","@types/ajv-errors":"^1.0.2","@types/ansi-styles":"^3.2.1","@types/anymatch":"^1.3.1","@types/app-root-path":"^1.2.4","@types/argparse":"^2.0.4","@types/aria-query":"^4.2.0","@types/arr-diff":"^4.0.0","@types/arr-union":"^3.1.0","@types/array-find-index":"^1.0.0","@types/array-unique":"^0.3.0","@types/array.prototype.flat":"^1.2.1","@types/array.prototype.flatmap":"^1.2.2","@types/asap":"^2.0.0","@types/asn1":"^0.2.0","@types/assert":"^1.5.2","@types/assert-plus":"^1.0.4","@types/async":"^3.2.4","@types/atob":"^2.1.2","@types/autoprefixer":"^9.7.2","@types/aws4":"^1.5.1","@types/babel-code-frame":"^6.20.4","@types/babel-plugin-macros":"^2.8.4","@types/babel-plugin-syntax-jsx":"^6.18.0","@types/babel__core":"^7.1.12","@types/babylon":"^6.16.5","@types/balanced-match":"^1.0.1","@types/base-64":"^0.1.3","@types/base64-js":"^1.3.0","@types/bcryptjs":"^2.4.2","@types/big.js":"^6.0.0","@types/bluebird":"^3.5.33","@types/blueimp-md5":"^2.7.0","@types/bn.js":"^4.11.6","@types/body-parser":"^1.19.0","@types/bonjour":"^3.5.8","@types/brace-expansion":"^1.1.0","@types/braces":"^3.0.0","@types/brorand":"^1.0.30","@types/browser-resolve":"^2.0.0","@types/browserslist":"^4.8.0","@types/bser":"^2.0.0","@types/buffer-crc32":"^0.2.0","@types/buffer-from":"^1.1.0","@types/buffer-xor":"^2.0.0","@types/busboy":"^0.2.3","@types/bytes":"^3.1.0","@types/cacache":"^12.0.1","@types/caniuse-api":"^3.0.1","@types/caniuse-lite":"^1.0.0","@types/case-sensitive-paths-webpack-plugin":"^2.1.4","@types/caseless":"^0.12.2","@types/chardet":"^0.8.0","@types/check-types":"^7.3.1","@types/chownr":"^1.0.0","@types/ci-info":"^2.0.0","@types/cipher-base":"^1.0.0","@types/clean-css":"^4.2.2","@types/cli-spinners":"^1.3.0","@types/clone":"^2.1.0","@types/clone-deep":"^4.0.1","@types/co":"^4.6.2","@types/color":"^3.0.1","@types/color-convert":"^1.9.0","@types/color-name":"^1.1.1","@types/color-string":"^1.5.0","@types/color-support":"^1.1.0","@types/combined-stream":"^1.0.2","@types/command-exists":"^1.2.0","@types/common-tags":"^1.8.0","@types/commondir":"^1.0.0","@types/component-emitter":"^1.2.10","@types/compose-function":"0.0.30","@types/compressible":"^2.0.0","@types/compression":"^1.7.0","@types/concat-map":"0.0.0","@types/concat-stream":"^1.6.0","@types/confusing-browser-globals":"^1.0.0","@types/connect":"^3.4.33","@types/connect-history-api-fallback":"^1.3.3","@types/contains-path":"^1.0.0","@types/content-disposition":"^0.5.3","@types/content-type":"^1.1.3","@types/convert-source-map":"^1.5.1","@types/cookie":"^0.4.0","@types/cookie-signature":"^1.0.3","@types/core-js":"^2.5.4","@types/create-hash":"^1.2.2","@types/create-hmac":"^1.1.0","@types/create-react-class":"^15.6.3","@types/cross-spawn":"^6.0.2","@types/css":"0.0.31","@types/css-declaration-sorter":"^5.1.0","@types/css-tree":"^1.0.4","@types/cssesc":"^3.0.0","@types/cssnano":"^4.0.0","@types/csso":"^3.5.1","@types/cssom":"^0.4.1","@types/cssstyle":"^2.2.1","@types/d":"^1.0.0","@types/dashdash":"^1.14.0","@types/data-urls":"^2.0.0","@types/dateformat":"^3.0.1","@types/debug":"^4.1.5","@types/decode-uri-component":"^0.2.0","@types/dedent":"^0.7.0","@types/deep-equal":"^1.0.1","@types/default-gateway":"^3.0.1","@types/defaults":"^1.0.3","@types/define-properties":"^1.1.3","@types/denodeify":"^1.2.31","@types/depd":"^1.1.32","@types/destroy":"^1.0.0","@types/detect-node":"^2.0.0","@types/dicer":"^0.2.0","@types/diff":"^4.0.2","@types/diffie-hellman":"^5.0.0","@types/dir-glob":"^2.0.0","@types/doctrine":"0.0.3","@types/domexception":"^2.0.1","@types/domhandler":"^2.4.1","@types/domutils":"^1.7.3","@types/duplexify":"^3.6.0","@types/ee-first":"^1.1.0","@types/ejs":"^3.0.5","@types/elliptic":"^6.4.12","@types/encodeurl":"^1.0.0","@types/end-of-stream":"^1.4.0","@types/enhanced-resolve":"^3.0.6","@types/errorhandler":"^1.5.0","@types/es-abstract":"^1.17.2","@types/es-to-primitive":"^1.2.4","@types/escape-html":"^1.0.0","@types/escodegen":"0.0.6","@types/eslint":"^7.2.5","@types/eslint-config-prettier":"^6.11.0","@types/eslint-plugin-prettier":"^3.1.0","@types/eslint-scope":"^3.7.0","@types/eslint-visitor-keys":"^1.0.0","@types/esprima":"^4.0.2","@types/esquery":"^1.0.1","@types/estraverse":"^5.1.0","@types/etag":"^1.8.0","@types/events":"^3.0.0","@types/eventsource":"^1.1.5","@types/exit":"^0.1.31","@types/express":"^4.17.9","@types/extend":"^3.0.1","@types/extsprintf":"^1.4.1","@types/fancy-log":"^1.3.1","@types/fast-levenshtein":"0.0.1","@types/fb-watchman":"^2.0.0","@types/figlet":"^1.2.1","@types/file-entry-cache":"^5.0.1","@types/file-loader":"^4.2.0","@types/finalhandler":"^1.1.0","@types/find-cache-dir":"^3.2.0","@types/flat-cache":"^2.0.0","@types/flush-write-stream":"^1.0.0","@types/follow-redirects":"^1.13.0","@types/forever-agent":"^0.6.0","@types/forwarded":"^0.1.0","@types/fresh":"^0.5.0","@types/from2":"^2.3.0","@types/fs-extra":"^9.0.4","@types/function-bind":"^1.1.6","@types/get-caller-file":"^1.0.0","@types/get-value":"^3.0.1","@types/getpass":"^0.1.0","@types/glob":"^7.1.3","@types/glob-parent":"^5.1.0","@types/glob-to-regexp":"^0.4.0","@types/global-modules":"^2.0.0","@types/global-prefix":"^3.0.0","@types/graceful-fs":"^4.1.4","@types/has":"^1.0.0","@types/has-ansi":"^3.0.0","@types/has-symbols":"^1.0.0","@types/he":"^1.1.1","@types/hex-color-regex":"^1.1.0","@types/history":"^4.7.8","@types/hoist-non-react-statics":"^3.3.1","@types/hosted-git-info":"^3.0.1","@types/html-encoding-sniffer":"^2.0.1","@types/html-escaper":"^3.0.0","@types/html-minifier":"^4.0.0","@types/html-minifier-terser":"^5.1.1","@types/htmlparser2":"^3.10.2","@types/http-errors":"^1.8.0","@types/http-proxy":"^1.17.4","@types/http-proxy-middleware":"^0.19.3","@types/icss-utils":"^4.1.0","@types/iferr":"^1.0.2","@types/imurmurhash":"^0.1.1","@types/inherits":"0.0.30","@types/ini":"^1.3.30","@types/inquirer":"^7.3.1","@types/internal-slot":"^1.0.1","@types/invariant":"^2.2.34","@types/ip":"^1.1.0","@types/is-buffer":"^2.0.0","@types/is-callable":"^1.1.0","@types/is-ci":"^2.0.0","@types/is-date-object":"^1.0.1","@types/is-finite":"^1.0.0","@types/is-glob":"^4.0.1","@types/is-number":"^7.0.1","@types/is-promise":"^2.1.0","@types/is-regex":"^1.0.0","@types/is-typedarray":"^1.0.0","@types/is-utf8":"^0.2.0","@types/is-windows":"^1.0.0","@types/isarray":"^2.0.0","@types/isexe":"^2.0.0","@types/isomorphic-fetch":"0.0.35","@types/isstream":"^0.1.0","@types/istanbul-lib-coverage":"^2.0.3","@types/istanbul-lib-instrument":"^1.7.4","@types/istanbul-lib-report":"^3.0.0","@types/istanbul-lib-source-maps":"^4.0.1","@types/istanbul-reports":"^3.0.0","@types/jest":"^26.0.15","@types/js-yaml":"^3.12.5","@types/jsbn":"^1.2.29","@types/jsdom":"^16.2.5","@types/jsesc":"^2.5.1","@types/json-parse-better-errors":"^1.0.0","@types/json-schema":"^7.0.6","@types/json-schema-traverse":"^0.4.0","@types/json-stable-stringify":"^1.0.32","@types/json-stringify-safe":"^5.0.0","@types/json3":"^3.3.2","@types/json5":"0.0.30","@types/jsonfile":"^6.0.0","@types/jsonwebtoken":"^8.5.0","@types/jws":"^3.2.2","@types/kind-of":"^6.0.0","@types/klaw":"^3.0.1","@types/language-tags":"^1.0.0","@types/loader-runner":"^2.2.3","@types/loader-utils":"^2.0.1","@types/lodash":"^4.14.165","@types/lodash.includes":"^4.3.6","@types/lodash.isboolean":"^3.0.6","@types/lodash.isinteger":"^4.0.6","@types/lodash.isnumber":"^3.0.6","@types/lodash.isplainobject":"^4.0.6","@types/lodash.isstring":"^4.0.6","@types/lodash.memoize":"^4.1.6","@types/lodash.once":"^4.1.6","@types/lodash.sortby":"^4.7.6","@types/lodash.template":"^4.5.0","@types/lodash.throttle":"^4.1.6","@types/lodash.unescape":"^4.0.6","@types/lodash.uniq":"^4.5.6","@types/lolex":"^5.1.0","@types/lru-cache":"^5.1.0","@types/lz-string":"^1.3.34","@types/md5-file":"^4.0.2","@types/media-typer":"^1.1.0","@types/memory-fs":"^0.3.2","@types/meow":"^5.0.0","@types/merge-deep":"^3.0.0","@types/merge-descriptors":"^1.0.1","@types/merge-stream":"^1.1.2","@types/merge2":"^1.3.0","@types/methods":"^1.1.1","@types/micromatch":"^4.0.1","@types/mime":"^2.0.3","@types/mime-db":"^1.43.0","@types/mime-types":"^2.1.0","@types/min-indent":"^1.0.0","@types/mini-css-extract-plugin":"^1.2.1","@types/minimalistic-assert":"^1.0.1","@types/minimatch":"^3.0.3","@types/minimist":"^1.2.1","@types/minipass":"^2.2.0","@types/mkdirp":"^1.0.1","@types/move-concurrently":"^1.0.2","@types/ms":"^0.7.31","@types/multer":"^1.4.4","@types/mute-stream":"0.0.0","@types/mz":"^2.7.2","@types/natural-compare":"^1.4.0","@types/negotiator":"^0.6.1","@types/next-tick":"^1.0.0","@types/nice-try":"^2.1.0","@types/node-fetch":"^2.5.7","@types/node-forge":"^0.9.5","@types/node-int64":"^0.4.29","@types/node-notifier":"^8.0.0","@types/nodemon":"^1.19.0","@types/normalize-package-data":"^2.4.0","@types/normalize-path":"^3.0.0","@types/num2fraction":"^1.2.0","@types/number-is-nan":"^1.0.0","@types/object-assign":"^4.0.30","@types/object-hash":"^1.3.4","@types/object-inspect":"^1.8.0","@types/object-keys":"^1.0.1","@types/object-path":"^0.11.0","@types/object.fromentries":"^2.0.0","@types/object.getownpropertydescriptors":"^2.1.1","@types/object.pick":"^1.3.0","@types/on-finished":"^2.3.1","@types/on-headers":"^1.0.0","@types/once":"^1.4.0","@types/optimize-css-assets-webpack-plugin":"^5.0.1","@types/original":"^1.0.0","@types/os-tmpdir":"^1.0.0","@types/pako":"^1.0.1","@types/parallel-transform":"^1.1.0","@types/parse-json":"^4.0.0","@types/parse5":"^5.0.3","@types/parse5-htmlparser2-tree-adapter":"^5.0.1","@types/parseurl":"^1.3.1","@types/pascalcase":"^1.0.0","@types/path-is-absolute":"^1.0.0","@types/path-is-inside":"^1.0.0","@types/path-parse":"^1.0.19","@types/pbkdf2":"^3.1.0","@types/pg":"^7.14.7","@types/pg-pool":"^2.0.2","@types/pg-types":"^1.11.5","@types/picomatch":"^2.2.1","@types/pify":"^3.0.2","@types/plist":"^3.0.2","@types/plugin-error":"^0.1.1","@types/postcss-calc":"^7.0.0","@types/postcss-custom-properties":"^9.1.0","@types/postcss-flexbugs-fixes":"^4.2.0","@types/postcss-focus-within":"^4.0.0","@types/postcss-gap-properties":"^2.0.0","@types/postcss-load-config":"^2.0.1","@types/postcss-modules-extract-imports":"^2.0.0","@types/postcss-modules-local-by-default":"^1.2.0","@types/postcss-modules-scope":"^1.1.0","@types/postcss-modules-values":"^3.0.0","@types/postcss-normalize":"^9.0.0","@types/postcss-preset-env":"^6.7.0","@types/postcss-safe-parser":"^4.0.0","@types/prelude-ls":"^1.1.29","@types/prettier":"^2.1.5","@types/prettier-linter-helpers":"^1.0.0","@types/progress":"^2.0.3","@types/promise-inflight":"^1.0.0","@types/prompts":"^2.0.9","@types/prop-types":"^15.7.3","@types/proxy-addr":"^2.0.0","@types/psl":"^1.1.0","@types/pump":"^1.1.0","@types/pumpify":"^1.4.1","@types/punycode":"^2.1.0","@types/q":"^1.5.4","@types/qs":"^6.9.5","@types/querystringify":"^2.0.0","@types/raf":"^3.4.0","@types/ramda":"^0.27.32","@types/randombytes":"^2.0.0","@types/range-parser":"^1.2.3","@types/react":"^17.0.0","@types/react-dev-utils":"^9.0.4","@types/react-dom":"^17.0.0","@types/react-is":"^16.7.1","@types/react-native":"^0.63.33","@types/react-native-document-picker":"^2.0.1","@types/react-native-table-component":"^1.2.0","@types/react-router":"^5.1.8","@types/react-router-dom":"^5.1.6","@types/react-test-renderer":"^16.9.3","@types/readable-stream":"^2.3.9","@types/recursive-readdir":"^2.2.0","@types/regenerator-runtime":"^0.13.0","@types/relateurl":"^0.2.28","@types/repeat-element":"^1.1.0","@types/repeat-string":"^1.6.0","@types/repeating":"^3.0.0","@types/request":"^2.48.5","@types/request-promise-native":"^1.0.17","@types/require-directory":"^2.1.1","@types/requires-port":"^1.0.0","@types/resolve":"^1.17.1","@types/retry":"^0.12.0","@types/rimraf":"^3.0.0","@types/ripemd160":"^2.0.0","@types/rn-fetch-blob":"^1.2.1","@types/rsvp":"^4.0.3","@types/run-parallel":"^1.1.0","@types/rx-lite":"^4.0.6","@types/rx-lite-aggregates":"^4.0.3","@types/safe-regex":"^1.1.2","@types/safer-buffer":"^2.1.0","@types/sane":"^2.0.0","@types/sass-loader":"^8.0.0","@types/sax":"^1.2.1","@types/scheduler":"^0.16.1","@types/semver":"^7.3.4","@types/send":"^0.14.5","@types/serialize-javascript":"^4.0.0","@types/serve-index":"^1.7.30","@types/serve-static":"^1.13.8","@types/set-value":"^2.0.0","@types/setimmediate":"^1.0.2","@types/sha.js":"^2.4.0","@types/shallowequal":"^1.1.1","@types/shebang-command":"^1.2.0","@types/shell-quote":"^1.7.0","@types/signal-exit":"^3.0.0","@types/slice-ansi":"^4.0.0","@types/sockjs":"^0.3.32","@types/sockjs-client":"^1.5.0","@types/source-list-map":"^0.1.2","@types/source-map-support":"^0.5.3","@types/spdx-correct":"^2.0.0","@types/spdx-expression-parse":"^3.0.0","@types/spdy":"^3.4.4","@types/split2":"^2.1.6","@types/sprintf":"^0.1.0","@types/sprintf-js":"^1.1.2","@types/sshpk":"^1.10.5","@types/ssri":"^7.1.0","@types/stack-utils":"^2.0.0","@types/statuses":"^2.0.0","@types/stream-buffers":"^3.0.3","@types/stream-each":"^1.2.0","@types/stream-shift":"^1.0.0","@types/strict-uri-encode":"^2.0.0","@types/string-natural-compare":"^3.0.0","@types/string.prototype.matchall":"^4.0.0","@types/stringify-object":"^3.3.0","@types/strip-comments":"^2.0.0","@types/styled-components":"^5.1.4","@types/supports-color":"^7.2.0","@types/svg-parser":"^2.0.1","@types/svgo":"^1.3.3","@types/symbol-tree":"^3.2.1","@types/table":"^6.0.0","@types/tapable":"^1.0.6","@types/tar":"^4.0.4","@types/temp":"^0.8.34","@types/terser-webpack-plugin":"^5.0.2","@types/testing-library__jest-dom":"^5.9.5","@types/text-table":"^0.2.1","@types/through":"0.0.30","@types/through2":"^2.0.36","@types/timsort":"^0.3.0","@types/tmp":"^0.2.0","@types/tough-cookie":"^4.0.0","@types/tryer":"^1.0.1","@types/type-check":"^0.3.27","@types/type-detect":"^4.0.1","@types/type-is":"^1.6.3","@types/ua-parser-js":"^0.7.33","@types/uglify-es":"^3.0.0","@types/uniq":"0.0.27","@types/unist":"^2.0.3","@types/universalify":"^1.0.0","@types/urix":"^0.1.0","@types/url-parse":"^1.4.3","@types/use-subscription":"^1.0.0","@types/utf8":"^2.1.6","@types/util-deprecate":"^1.0.0","@types/util.promisify":"^1.0.4","@types/utils-merge":"0.0.28","@types/uuid":"^8.3.0","@types/validate-npm-package-license":"^3.0.0","@types/vary":"^1.1.0","@types/verror":"^1.10.4","@types/w3c-xmlserializer":"^2.0.1","@types/watchpack":"^1.1.5","@types/wcwidth":"^1.0.0","@types/webidl-conversions":"^6.1.0","@types/webpack":"^4.41.25","@types/webpack-dev-middleware":"^3.7.2","@types/webpack-dev-server":"^3.11.1","@types/webpack-manifest-plugin":"^2.1.0","@types/webpack-sources":"^2.0.0","@types/whatwg-encoding":"^1.0.0","@types/whatwg-mimetype":"^2.1.0","@types/whatwg-url":"^8.0.0","@types/which":"^1.3.2","@types/wordwrap":"^1.0.0","@types/workbox-background-sync":"^4.3.1","@types/workbox-broadcast-update":"^4.3.0","@types/workbox-build":"^5.0.0","@types/workbox-cacheable-response":"^4.3.0","@types/workbox-core":"^4.3.0","@types/workbox-expiration":"^4.3.0","@types/workbox-google-analytics":"^4.3.0","@types/workbox-navigation-preload":"^4.3.0","@types/workbox-precaching":"^4.3.0","@types/workbox-range-requests":"^4.3.0","@types/workbox-routing":"^4.3.0","@types/workbox-strategies":"^4.3.0","@types/workbox-streams":"^4.3.0","@types/workbox-sw":"^4.3.1","@types/workbox-webpack-plugin":"^5.1.5","@types/workbox-window":"^4.3.3","@types/wrap-ansi":"^3.0.0","@types/write":"^2.0.0","@types/write-file-atomic":"^3.0.1","@types/ws":"^7.4.0","@types/xml2js":"^0.4.7","@types/xmldoc":"^1.1.5","@types/xmldom":"^0.1.30","@types/xregexp":"^4.3.0","@types/xtend":"^4.0.3","@types/y18n":"^4.0.0","@types/yallist":"^3.0.1","@types/yargs":"^15.0.10","@types/yargs-parser":"^15.0.0"}}
[11:47:36.191] Loaded content of '/home/glaulher/.cache/typescript/4.0/package-lock.json'
[11:47:36.336] Adding entry into typings cache: 'accepts' => '/home/glaulher/.cache/typescript/4.0/node_modules/@types/accepts/index.d.ts'
[11:47:36.436] Adding entry into typings cache: 'acorn' => '/home/glaulher/.cache/typescript/4.0/node_modules/acorn/dist/acorn.d.ts'
[11:47:36.547] Adding entry into typings cache: 'ajv-errors' => '/home/glaulher/.cache/typescript/4.0/node_modules/@types/ajv-errors/index.d.ts'
[11:47:36.612] Adding entry into typings cache: 'ansi-styles' => '/home/glaulher/.cache/typescript/4.0/node_modules/ansi-styles/index.d.ts'
[11:47:36.751] Adding entry into typings cache: 'anymatch' => '/home/glaulher/.cache/typescript/4.0/node_modules/@types/anymatch/index.d.ts'
[11:47:36.800] Adding entry into typings cache: 'app-root-path' => '/home/glaulher/.cache/typescript/4.0/node_modules/@types/app-root-path/index.d.ts'
[11:47:36.912] Adding entry into typings cache: 'argparse' => '/home/glaulher/.cache/typescript/4.0/node_modules/@types/argparse/index.d.ts'
[11:47:37.29] Adding entry into typings cache: 'aria-query' => '/home/glaulher/.cache/typescript/4.0/node_modules/@types/aria-query/index.d.ts'
[11:47:37.155] Adding entry into typings cache: 'arr-diff' => '/home/glaulher/.cache/typescript/4.0/node_modules/@types/arr-diff/index.d.ts'
[11:47:37.267] Adding entry into typings cache: 'arr-union' => '/home/glaulher/.cache/typescript/4.0/node_modules/@types/arr-union/index.d.ts'
[11:47:37.487] Adding entry into typings cache: 'array-find-index' => '/home/glaulher/.cache/typescript/4.0/node_modules/@types/array-find-index/index.d.ts'
[11:47:37.612] Adding entry into typings cache: 'array-unique' => '/home/glaulher/.cache/typescript/4.0/node_modules/@types/array-unique/index.d.ts'
[11:47:37.725] Adding entry into typings cache: 'array.prototype.flat' => '/home/glaulher/.cache/typescript/4.0/node_modules/@types/array.prototype.flat/index.d.ts'
[11:47:37.756] Adding entry into typings cache: 'array.prototype.flatmap' => '/home/glaulher/.cache/typescript/4.0/node_modules/@types/array.prototype.flatmap/index.d.ts'
[11:47:37.789] Adding entry into typings cache: 'asap' => '/home/glaulher/.cache/typescript/4.0/node_modules/@types/asap/index.d.ts'
[11:47:37.797] Adding entry into typings cache: 'asn1' => '/home/glaulher/.cache/typescript/4.0/node_modules/@types/asn1/index.d.ts'
[11:47:37.840] Adding entry into typings cache: 'assert' => '/home/glaulher/.cache/typescript/4.0/node_modules/@types/assert/index.d.ts'
[11:47:37.853] Adding entry into typings cache: 'assert-plus' => '/home/glaulher/.cache/typescript/4.0/node_modules/@types/assert-plus/index.d.ts'
[11:47:37.879] Adding entry into typings cache: 'async' => '/home/glaulher/.cache/typescript/4.0/node_modules/@types/async/index.d.ts'
[11:47:38.57] Adding entry into typings cache: 'atob' => '/home/glaulher/.cache/typescript/4.0/node_modules/@types/atob/index.d.ts'
[11:47:38.100] Adding entry into typings cache: 'autoprefixer' => '/home/glaulher/.cache/typescript/4.0/node_modules/@types/autoprefixer/index.d.ts'
[11:47:38.130] Adding entry into typings cache: 'aws4' => '/home/glaulher/.cache/typescript/4.0/node_modules/@types/aws4/index.d.ts'
[11:47:38.215] Adding entry into typings cache: 'babel-code-frame' => '/home/glaulher/.cache/typescript/4.0/node_modules/@types/babel-code-frame/index.d.ts'
[11:47:38.354] Adding entry into typings cache: 'babel-plugin-macros' => '/home/glaulher/.cache/typescript/4.0/node_modules/@types/babel-plugin-macros/index.d.ts'
[11:47:38.469] Adding entry into typings cache: 'babel-plugin-syntax-jsx' => '/home/glaulher/.cache/typescript/4.0/node_modules/@types/babel-plugin-syntax-jsx/index.d.ts'
[11:47:38.650] Adding entry into typings cache: 'babel__core' => '/home/glaulher/.cache/typescript/4.0/node_modules/@types/babel__core/index.d.ts'
[11:47:38.683] Adding entry into typings cache: 'babylon' => '/home/glaulher/.cache/typescript/4.0/node_modules/@types/babylon/index.d.ts'
[11:47:38.763] Adding entry into typings cache: 'balanced-match' => '/home/glaulher/.cache/typescript/4.0/node_modules/@types/balanced-match/index.d.ts'
[11:47:38.808] Adding entry into typings cache: 'base-64' => '/home/glaulher/.cache/typescript/4.0/node_modules/@types/base-64/index.d.ts'
[11:47:38.876] Adding entry into typings cache: 'base64-js' => '/home/glaulher/.cache/typescript/4.0/node_modules/@types/base64-js/index.d.ts'
[11:47:38.969] Adding entry into typings cache: 'bcryptjs' => '/home/glaulher/.cache/typescript/4.0/node_modules/@types/bcryptjs/index.d.ts'
[11:47:39.28] Adding entry into typings cache: 'big.js' => '/home/glaulher/.cache/typescript/4.0/node_modules/@types/big.js/index.d.ts'
[11:47:39.69] Adding entry into typings cache: 'bluebird' => '/home/glaulher/.cache/typescript/4.0/node_modules/@types/bluebird/index.d.ts'
[11:47:39.128] Adding entry into typings cache: 'blueimp-md5' => '/home/glaulher/.cache/typescript/4.0/node_modules/@types/blueimp-md5/index.d.ts'
[11:47:39.176] Adding entry into typings cache: 'bn.js' => '/home/glaulher/.cache/typescript/4.0/node_modules/@types/bn.js/index.d.ts'
[11:47:39.210] Adding entry into typings cache: 'body-parser' => '/home/glaulher/.cache/typescript/4.0/node_modules/@types/body-parser/index.d.ts'
[11:47:39.217] Adding entry into typings cache: 'bonjour' => '/home/glaulher/.cache/typescript/4.0/node_modules/@types/bonjour/index.d.ts'
[11:47:39.246] Adding entry into typings cache: 'brace-expansion' => '/home/glaulher/.cache/typescript/4.0/node_modules/@types/brace-expansion/index.d.ts'
[11:47:39.407] Adding entry into typings cache: 'braces' => '/home/glaulher/.cache/typescript/4.0/node_modules/@types/braces/index.d.ts'
[11:47:39.443] Adding entry into typings cache: 'brorand' => '/home/glaulher/.cache/typescript/4.0/node_modules/@types/brorand/index.d.ts'
[11:47:39.515] Adding entry into typings cache: 'browser-resolve' => '/home/glaulher/.cache/typescript/4.0/node_modules/@types/browser-resolve/index.d.ts'
[11:47:39.597] Adding entry into typings cache: 'browserslist' => '/home/glaulher/.cache/typescript/4.0/node_modules/@types/browserslist/index.d.ts'
[11:47:39.702] Adding entry into typings cache: 'bser' => '/home/glaulher/.cache/typescript/4.0/node_modules/@types/bser/index.d.ts'
[11:47:39.728] Adding entry into typings cache: 'buffer-crc32' => '/home/glaulher/.cache/typescript/4.0/node_modules/@types/buffer-crc32/index.d.ts'
[11:47:39.765] Adding entry into typings cache: 'buffer-from' => '/home/glaulher/.cache/typescript/4.0/node_modules/@types/buffer-from/index.d.ts'
[11:47:39.886] Adding entry into typings cache: 'buffer-xor' => '/home/glaulher/.cache/typescript/4.0/node_modules/@types/buffer-xor/index.d.ts'
[11:47:39.942] Adding entry into typings cache: 'busboy' => '/home/glaulher/.cache/typescript/4.0/node_modules/@types/busboy/index.d.ts'
[11:47:39.963] Adding entry into typings cache: 'bytes' => '/home/glaulher/.cache/typescript/4.0/node_modules/@types/bytes/index.d.ts'
[11:47:39.999] Adding entry into typings cache: 'cacache' => '/home/glaulher/.cache/typescript/4.0/node_modules/@types/cacache/index.d.ts'
[11:47:40.6] Adding entry into typings cache: 'caniuse-api' => '/home/glaulher/.cache/typescript/4.0/node_modules/@types/caniuse-api/index.d.ts'
[11:47:40.198] Adding entry into typings cache: 'caniuse-lite' => '/home/glaulher/.cache/typescript/4.0/node_modules/@types/caniuse-lite/index.d.ts'
[11:47:40.297] Adding entry into typings cache: 'case-sensitive-paths-webpack-plugin' => '/home/glaulher/.cache/typescript/4.0/node_modules/@types/case-sensitive-paths-webpack-plugin/index.d.ts'
[11:47:40.329] Adding entry into typings cache: 'caseless' => '/home/glaulher/.cache/typescript/4.0/node_modules/@types/caseless/index.d.ts'
[11:47:40.335] Adding entry into typings cache: 'chardet' => '/home/glaulher/.cache/typescript/4.0/node_modules/@types/chardet/index.d.ts'
[11:47:40.364] Adding entry into typings cache: 'check-types' => '/home/glaulher/.cache/typescript/4.0/node_modules/@types/check-types/index.d.ts'
[11:47:40.370] Adding entry into typings cache: 'chownr' => '/home/glaulher/.cache/typescript/4.0/node_modules/@types/chownr/index.d.ts'
[11:47:40.396] Adding entry into typings cache: 'ci-info' => '/home/glaulher/.cache/typescript/4.0/node_modules/@types/ci-info/index.d.ts'
[11:47:40.411] Adding entry into typings cache: 'cipher-base' => '/home/glaulher/.cache/typescript/4.0/node_modules/@types/cipher-base/index.d.ts'
[11:47:40.550] Adding entry into typings cache: 'clean-css' => '/home/glaulher/.cache/typescript/4.0/node_modules/@types/clean-css/index.d.ts'
[11:47:40.599] Adding entry into typings cache: 'cli-spinners' => '/home/glaulher/.cache/typescript/4.0/node_modules/@types/cli-spinners/index.d.ts'
[11:47:40.604] Adding entry into typings cache: 'clone' => '/home/glaulher/.cache/typescript/4.0/node_modules/@types/clone/index.d.ts'
[11:47:40.631] Adding entry into typings cache: 'clone-deep' => '/home/glaulher/.cache/typescript/4.0/node_modules/@types/clone-deep/index.d.ts'
[11:47:40.652] Adding entry into typings cache: 'co' => '/home/glaulher/.cache/typescript/4.0/node_modules/@types/co/index.d.ts'
[11:47:40.656] Adding entry into typings cache: 'color' => '/home/glaulher/.cache/typescript/4.0/node_modules/@types/color/index.d.ts'
[11:47:40.697] Adding entry into typings cache: 'color-convert' => '/home/glaulher/.cache/typescript/4.0/node_modules/@types/color-convert/index.d.ts'
[11:47:40.779] Adding entry into typings cache: 'color-name' => '/home/glaulher/.cache/typescript/4.0/node_modules/@types/color-name/index.d.ts'
[11:47:40.806] Adding entry into typings cache: 'color-string' => '/home/glaulher/.cache/typescript/4.0/node_modules/@types/color-string/index.d.ts'
[11:47:40.814] Adding entry into typings cache: 'color-support' => '/home/glaulher/.cache/typescript/4.0/node_modules/@types/color-support/index.d.ts'
[11:47:40.882] Adding entry into typings cache: 'combined-stream' => '/home/glaulher/.cache/typescript/4.0/node_modules/@types/combined-stream/index.d.ts'
[11:47:40.892] Adding entry into typings cache: 'command-exists' => '/home/glaulher/.cache/typescript/4.0/node_modules/@types/command-exists/index.d.ts'
[11:47:40.930] Adding entry into typings cache: 'common-tags' => '/home/glaulher/.cache/typescript/4.0/node_modules/@types/common-tags/index.d.ts'
[11:47:40.969] Adding entry into typings cache: 'commondir' => '/home/glaulher/.cache/typescript/4.0/node_modules/@types/commondir/index.d.ts'
[11:47:41.69] Adding entry into typings cache: 'component-emitter' => '/home/glaulher/.cache/typescript/4.0/node_modules/@types/component-emitter/index.d.ts'
[11:47:41.119] Adding entry into typings cache: 'compose-function' => '/home/glaulher/.cache/typescript/4.0/node_modules/@types/compose-function/index.d.ts'
[11:47:41.127] Adding entry into typings cache: 'compressible' => '/home/glaulher/.cache/typescript/4.0/node_modules/@types/compressible/index.d.ts'
[11:47:41.166] Adding entry into typings cache: 'compression' => '/home/glaulher/.cache/typescript/4.0/node_modules/@types/compression/index.d.ts'
[11:47:41.227] Adding entry into typings cache: 'concat-map' => '/home/glaulher/.cache/typescript/4.0/node_modules/@types/concat-map/index.d.ts'
[11:47:41.232] Adding entry into typings cache: 'concat-stream' => '/home/glaulher/.cache/typescript/4.0/node_modules/@types/concat-stream/index.d.ts'
[11:47:41.276] Adding entry into typings cache: 'confusing-browser-globals' => '/home/glaulher/.cache/typescript/4.0/node_modules/@types/confusing-browser-globals/index.d.ts'
[11:47:41.299] Adding entry into typings cache: 'connect' => '/home/glaulher/.cache/typescript/4.0/node_modules/@types/connect/index.d.ts'
[11:47:41.394] Adding entry into typings cache: 'connect-history-api-fallback' => '/home/glaulher/.cache/typescript/4.0/node_modules/@types/connect-history-api-fallback/index.d.ts'
[11:47:41.442] Adding entry into typings cache: 'contains-path' => '/home/glaulher/.cache/typescript/4.0/node_modules/@types/contains-path/index.d.ts'
[11:47:41.537] Adding entry into typings cache: 'content-disposition' => '/home/glaulher/.cache/typescript/4.0/node_modules/@types/content-disposition/index.d.ts'
[11:47:41.712] Adding entry into typings cache: 'content-type' => '/home/glaulher/.cache/typescript/4.0/node_modules/@types/content-type/index.d.ts'
[11:47:41.845] Adding entry into typings cache: 'convert-source-map' => '/home/glaulher/.cache/typescript/4.0/node_modules/@types/convert-source-map/index.d.ts'
[11:47:42.30] Adding entry into typings cache: 'cookie' => '/home/glaulher/.cache/typescript/4.0/node_modules/@types/cookie/index.d.ts'
[11:47:42.244] Adding entry into typings cache: 'cookie-signature' => '/home/glaulher/.cache/typescript/4.0/node_modules/@types/cookie-signature/index.d.ts'
[11:47:42.362] Adding entry into typings cache: 'core-js' => '/home/glaulher/.cache/typescript/4.0/node_modules/@types/core-js/index.d.ts'
[11:47:42.449] Adding entry into typings cache: 'create-hash' => '/home/glaulher/.cache/typescript/4.0/node_modules/@types/create-hash/index.d.ts'
[11:47:42.513] Adding entry into typings cache: 'create-hmac' => '/home/glaulher/.cache/typescript/4.0/node_modules/@types/create-hmac/index.d.ts'
[11:47:42.686] Adding entry into typings cache: 'create-react-class' => '/home/glaulher/.cache/typescript/4.0/node_modules/@types/create-react-class/index.d.ts'
[11:47:42.739] Adding entry into typings cache: 'cross-spawn' => '/home/glaulher/.cache/typescript/4.0/node_modules/@types/cross-spawn/index.d.ts'
[11:47:42.800] Adding entry into typings cache: 'css' => '/home/glaulher/.cache/typescript/4.0/node_modules/@types/css/index.d.ts'
[11:47:42.865] Adding entry into typings cache: 'css-declaration-sorter' => '/home/glaulher/.cache/typescript/4.0/node_modules/@types/css-declaration-sorter/index.d.ts'
[11:47:42.902] Adding entry into typings cache: 'css-tree' => '/home/glaulher/.cache/typescript/4.0/node_modules/@types/css-tree/index.d.ts'
[11:47:42.907] Adding entry into typings cache: 'cssesc' => '/home/glaulher/.cache/typescript/4.0/node_modules/@types/cssesc/index.d.ts'
[11:47:42.913] Adding entry into typings cache: 'cssnano' => '/home/glaulher/.cache/typescript/4.0/node_modules/@types/cssnano/index.d.ts'
[11:47:42.918] Adding entry into typings cache: 'csso' => '/home/glaulher/.cache/typescript/4.0/node_modules/@types/csso/index.d.ts'
[11:47:42.984] Adding entry into typings cache: 'cssom' => '/home/glaulher/.cache/typescript/4.0/node_modules/@types/cssom/index.d.ts'
[11:47:42.993] Adding entry into typings cache: 'cssstyle' => '/home/glaulher/.cache/typescript/4.0/node_modules/@types/cssstyle/index.d.ts'
[11:47:43.49] Adding entry into typings cache: 'd' => '/home/glaulher/.cache/typescript/4.0/node_modules/@types/d/index.d.ts'
[11:47:43.53] Adding entry into typings cache: 'dashdash' => '/home/glaulher/.cache/typescript/4.0/node_modules/@types/dashdash/index.d.ts'
[11:47:43.131] Adding entry into typings cache: 'data-urls' => '/home/glaulher/.cache/typescript/4.0/node_modules/@types/data-urls/index.d.ts'
[11:47:43.319] Adding entry into typings cache: 'dateformat' => '/home/glaulher/.cache/typescript/4.0/node_modules/@types/dateformat/index.d.ts'
[11:47:43.550] Adding entry into typings cache: 'debug' => '/home/glaulher/.cache/typescript/4.0/node_modules/@types/debug/index.d.ts'
[11:47:43.717] Adding entry into typings cache: 'decode-uri-component' => '/home/glaulher/.cache/typescript/4.0/node_modules/@types/decode-uri-component/index.d.ts'
[11:47:43.778] Adding entry into typings cache: 'dedent' => '/home/glaulher/.cache/typescript/4.0/node_modules/@types/dedent/index.d.ts'
[11:47:43.822] Adding entry into typings cache: 'deep-equal' => '/home/glaulher/.cache/typescript/4.0/node_modules/@types/deep-equal/index.d.ts'
[11:47:43.826] Adding entry into typings cache: 'default-gateway' => '/home/glaulher/.cache/typescript/4.0/node_modules/@types/default-gateway/index.d.ts'
[11:47:43.873] Adding entry into typings cache: 'defaults' => '/home/glaulher/.cache/typescript/4.0/node_modules/@types/defaults/index.d.ts'
[11:47:43.877] Adding entry into typings cache: 'define-properties' => '/home/glaulher/.cache/typescript/4.0/node_modules/@types/define-properties/index.d.ts'
[11:47:43.880] Adding entry into typings cache: 'denodeify' => '/home/glaulher/.cache/typescript/4.0/node_modules/@types/denodeify/index.d.ts'
[11:47:43.882] Adding entry into typings cache: 'depd' => '/home/glaulher/.cache/typescript/4.0/node_modules/@types/depd/index.d.ts'
[11:47:43.885] Adding entry into typings cache: 'destroy' => '/home/glaulher/.cache/typescript/4.0/node_modules/@types/destroy/index.d.ts'
[11:47:43.909] Adding entry into typings cache: 'detect-node' => '/home/glaulher/.cache/typescript/4.0/node_modules/@types/detect-node/index.d.ts'
[11:47:43.980] Adding entry into typings cache: 'dicer' => '/home/glaulher/.cache/typescript/4.0/node_modules/@types/dicer/index.d.ts'
[11:47:44.8] Adding entry into typings cache: 'diff' => '/home/glaulher/.cache/typescript/4.0/node_modules/@types/diff/index.d.ts'
[11:47:44.12] Adding entry into typings cache: 'diffie-hellman' => '/home/glaulher/.cache/typescript/4.0/node_modules/@types/diffie-hellman/index.d.ts'
[11:47:44.163] Adding entry into typings cache: 'dir-glob' => '/home/glaulher/.cache/typescript/4.0/node_modules/@types/dir-glob/index.d.ts'
[11:47:44.329] Adding entry into typings cache: 'doctrine' => '/home/glaulher/.cache/typescript/4.0/node_modules/@types/doctrine/index.d.ts'
[11:47:44.364] Adding entry into typings cache: 'domexception' => '/home/glaulher/.cache/typescript/4.0/node_modules/@types/domexception/index.d.ts'
[11:47:44.479] Adding entry into typings cache: 'domhandler' => '/home/glaulher/.cache/typescript/4.0/node_modules/@types/domhandler/index.d.ts'
[11:47:44.545] Adding entry into typings cache: 'domutils' => '/home/glaulher/.cache/typescript/4.0/node_modules/@types/domutils/index.d.ts'
[11:47:44.578] Adding entry into typings cache: 'duplexify' => '/home/glaulher/.cache/typescript/4.0/node_modules/@types/duplexify/index.d.ts'
[11:47:44.695] Adding entry into typings cache: 'ee-first' => '/home/glaulher/.cache/typescript/4.0/node_modules/@types/ee-first/index.d.ts'
[11:47:44.767] Adding entry into typings cache: 'ejs' => '/home/glaulher/.cache/typescript/4.0/node_modules/@types/ejs/index.d.ts'
[11:47:44.769] Adding entry into typings cache: 'elliptic' => '/home/glaulher/.cache/typescript/4.0/node_modules/@types/elliptic/index.d.ts'
[11:47:44.794] Adding entry into typings cache: 'encodeurl' => '/home/glaulher/.cache/typescript/4.0/node_modules/@types/encodeurl/index.d.ts'
[11:47:44.805] Adding entry into typings cache: 'end-of-stream' => '/home/glaulher/.cache/typescript/4.0/node_modules/@types/end-of-stream/index.d.ts'
[11:47:44.950] Adding entry into typings cache: 'enhanced-resolve' => '/home/glaulher/.cache/typescript/4.0/node_modules/enhanced-resolve/types.d.ts'
[11:47:45.114] Adding entry into typings cache: 'errorhandler' => '/home/glaulher/.cache/typescript/4.0/node_modules/@types/errorhandler/index.d.ts'
[11:47:45.161] Adding entry into typings cache: 'es-abstract' => '/home/glaulher/.cache/typescript/4.0/node_modules/@types/es-abstract/index.d.ts'
[11:47:45.197] Adding entry into typings cache: 'es-to-primitive' => '/home/glaulher/.cache/typescript/4.0/node_modules/@types/es-to-primitive/index.d.ts'
[11:47:45.201] Adding entry into typings cache: 'escape-html' => '/home/glaulher/.cache/typescript/4.0/node_modules/@types/escape-html/index.d.ts'
[11:47:45.204] Adding entry into typings cache: 'escodegen' => '/home/glaulher/.cache/typescript/4.0/node_modules/@types/escodegen/index.d.ts'
[11:47:45.236] Adding entry into typings cache: 'eslint' => '/home/glaulher/.cache/typescript/4.0/node_modules/@types/eslint/index.d.ts'
[11:47:45.239] Adding entry into typings cache: 'eslint-config-prettier' => '/home/glaulher/.cache/typescript/4.0/node_modules/@types/eslint-config-prettier/index.d.ts'
[11:47:45.244] Adding entry into typings cache: 'eslint-plugin-prettier' => '/home/glaulher/.cache/typescript/4.0/node_modules/@types/eslint-plugin-prettier/index.d.ts'
[11:47:45.331] Adding entry into typings cache: 'eslint-scope' => '/home/glaulher/.cache/typescript/4.0/node_modules/@types/eslint-scope/index.d.ts'
[11:47:45.334] Adding entry into typings cache: 'eslint-visitor-keys' => '/home/glaulher/.cache/typescript/4.0/node_modules/@types/eslint-visitor-keys/index.d.ts'
[11:47:45.338] Adding entry into typings cache: 'esprima' => '/home/glaulher/.cache/typescript/4.0/node_modules/@types/esprima/index.d.ts'
[11:47:45.342] Adding entry into typings cache: 'esquery' => '/home/glaulher/.cache/typescript/4.0/node_modules/@types/esquery/index.d.ts'
[11:47:45.422] Adding entry into typings cache: 'estraverse' => '/home/glaulher/.cache/typescript/4.0/node_modules/@types/estraverse/index.d.ts'
[11:47:45.483] Adding entry into typings cache: 'etag' => '/home/glaulher/.cache/typescript/4.0/node_modules/@types/etag/index.d.ts'
[11:47:45.695] Adding entry into typings cache: 'events' => '/home/glaulher/.cache/typescript/4.0/node_modules/@types/events/index.d.ts'
[11:47:45.726] Adding entry into typings cache: 'eventsource' => '/home/glaulher/.cache/typescript/4.0/node_modules/@types/eventsource/index.d.ts'
[11:47:45.760] Adding entry into typings cache: 'exit' => '/home/glaulher/.cache/typescript/4.0/node_modules/@types/exit/index.d.ts'
[11:47:45.810] Adding entry into typings cache: 'express' => '/home/glaulher/.cache/typescript/4.0/node_modules/@types/express/index.d.ts'
[11:47:45.814] Adding entry into typings cache: 'extend' => '/home/glaulher/.cache/typescript/4.0/node_modules/@types/extend/index.d.ts'
[11:47:45.817] Adding entry into typings cache: 'extsprintf' => '/home/glaulher/.cache/typescript/4.0/node_modules/@types/extsprintf/index.d.ts'
[11:47:45.820] Adding entry into typings cache: 'fancy-log' => '/home/glaulher/.cache/typescript/4.0/node_modules/@types/fancy-log/index.d.ts'
[11:47:45.823] Adding entry into typings cache: 'fast-levenshtein' => '/home/glaulher/.cache/typescript/4.0/node_modules/@types/fast-levenshtein/index.d.ts'
[11:47:45.827] Adding entry into typings cache: 'fb-watchman' => '/home/glaulher/.cache/typescript/4.0/node_modules/@types/fb-watchman/index.d.ts'
[11:47:45.853] Adding entry into typings cache: 'figlet' => '/home/glaulher/.cache/typescript/4.0/node_modules/@types/figlet/index.d.ts'
[11:47:46.41] Adding entry into typings cache: 'file-entry-cache' => '/home/glaulher/.cache/typescript/4.0/node_modules/@types/file-entry-cache/index.d.ts'
[11:47:46.118] Adding entry into typings cache: 'file-loader' => '/home/glaulher/.cache/typescript/4.0/node_modules/@types/file-loader/index.d.ts'
[11:47:46.141] Adding entry into typings cache: 'finalhandler' => '/home/glaulher/.cache/typescript/4.0/node_modules/@types/finalhandler/index.d.ts'
[11:47:46.146] Adding entry into typings cache: 'find-cache-dir' => '/home/glaulher/.cache/typescript/4.0/node_modules/@types/find-cache-dir/index.d.ts'
[11:47:46.150] Adding entry into typings cache: 'flat-cache' => '/home/glaulher/.cache/typescript/4.0/node_modules/@types/flat-cache/index.d.ts'
[11:47:46.189] Adding entry into typings cache: 'flush-write-stream' => '/home/glaulher/.cache/typescript/4.0/node_modules/@types/flush-write-stream/index.d.ts'
[11:47:46.210] Adding entry into typings cache: 'follow-redirects' => '/home/glaulher/.cache/typescript/4.0/node_modules/@types/follow-redirects/index.d.ts'
[11:47:46.213] Adding entry into typings cache: 'forever-agent' => '/home/glaulher/.cache/typescript/4.0/node_modules/@types/forever-agent/index.d.ts'
[11:47:46.241] Adding entry into typings cache: 'forwarded' => '/home/glaulher/.cache/typescript/4.0/node_modules/@types/forwarded/index.d.ts'
[11:47:46.243] Adding entry into typings cache: 'fresh' => '/home/glaulher/.cache/typescript/4.0/node_modules/@types/fresh/index.d.ts'
[11:47:46.322] Adding entry into typings cache: 'from2' => '/home/glaulher/.cache/typescript/4.0/node_modules/@types/from2/index.d.ts'
[11:47:46.327] Adding entry into typings cache: 'fs-extra' => '/home/glaulher/.cache/typescript/4.0/node_modules/@types/fs-extra/index.d.ts'
[11:47:46.400] Adding entry into typings cache: 'function-bind' => '/home/glaulher/.cache/typescript/4.0/node_modules/@types/function-bind/index.d.ts'
[11:47:46.442] Adding entry into typings cache: 'get-caller-file' => '/home/glaulher/.cache/typescript/4.0/node_modules/@types/get-caller-file/index.d.ts'
[11:47:46.664] Adding entry into typings cache: 'get-value' => '/home/glaulher/.cache/typescript/4.0/node_modules/@types/get-value/index.d.ts'
[11:47:46.668] Adding entry into typings cache: 'getpass' => '/home/glaulher/.cache/typescript/4.0/node_modules/@types/getpass/index.d.ts'
[11:47:46.702] Adding entry into typings cache: 'glob' => '/home/glaulher/.cache/typescript/4.0/node_modules/@types/glob/index.d.ts'
[11:47:46.850] Adding entry into typings cache: 'glob-parent' => '/home/glaulher/.cache/typescript/4.0/node_modules/@types/glob-parent/index.d.ts'
[11:47:46.969] Adding entry into typings cache: 'glob-to-regexp' => '/home/glaulher/.cache/typescript/4.0/node_modules/@types/glob-to-regexp/index.d.ts'
[11:47:47.67] Adding entry into typings cache: 'global-modules' => '/home/glaulher/.cache/typescript/4.0/node_modules/@types/global-modules/index.d.ts'
[11:47:47.69] Adding entry into typings cache: 'global-prefix' => '/home/glaulher/.cache/typescript/4.0/node_modules/@types/global-prefix/index.d.ts'
[11:47:47.256] Adding entry into typings cache: 'graceful-fs' => '/home/glaulher/.cache/typescript/4.0/node_modules/@types/graceful-fs/index.d.ts'
[11:47:47.280] Adding entry into typings cache: 'has' => '/home/glaulher/.cache/typescript/4.0/node_modules/@types/has/index.d.ts'
[11:47:47.338] Adding entry into typings cache: 'has-ansi' => '/home/glaulher/.cache/typescript/4.0/node_modules/@types/has-ansi/index.d.ts'
[11:47:47.352] Adding entry into typings cache: 'has-symbols' => '/home/glaulher/.cache/typescript/4.0/node_modules/@types/has-symbols/index.d.ts'
[11:47:47.501] Adding entry into typings cache: 'he' => '/home/glaulher/.cache/typescript/4.0/node_modules/@types/he/index.d.ts'
[11:47:47.545] Adding entry into typings cache: 'hex-color-regex' => '/home/glaulher/.cache/typescript/4.0/node_modules/@types/hex-color-regex/index.d.ts'
[11:47:47.588] Adding entry into typings cache: 'history' => '/home/glaulher/.cache/typescript/4.0/node_modules/@types/history/index.d.ts'
[11:47:47.871] Adding entry into typings cache: 'hoist-non-react-statics' => '/home/glaulher/.cache/typescript/4.0/node_modules/@types/hoist-non-react-statics/index.d.ts'
[11:47:47.975] Adding entry into typings cache: 'hosted-git-info' => '/home/glaulher/.cache/typescript/4.0/node_modules/@types/hosted-git-info/index.d.ts'
[11:47:47.979] Adding entry into typings cache: 'html-encoding-sniffer' => '/home/glaulher/.cache/typescript/4.0/node_modules/@types/html-encoding-sniffer/index.d.ts'
[11:47:47.981] Adding entry into typings cache: 'html-escaper' => '/home/glaulher/.cache/typescript/4.0/node_modules/@types/html-escaper/index.d.ts'
[11:47:48.47] Adding entry into typings cache: 'html-minifier' => '/home/glaulher/.cache/typescript/4.0/node_modules/@types/html-minifier/index.d.ts'
[11:47:48.78] Adding entry into typings cache: 'html-minifier-terser' => '/home/glaulher/.cache/typescript/4.0/node_modules/@types/html-minifier-terser/index.d.ts'
[11:47:48.120] Adding entry into typings cache: 'htmlparser2' => '/home/glaulher/.cache/typescript/4.0/node_modules/@types/htmlparser2/index.d.ts'
[11:47:48.196] Adding entry into typings cache: 'http-errors' => '/home/glaulher/.cache/typescript/4.0/node_modules/@types/http-errors/index.d.ts'
[11:47:48.245] Adding entry into typings cache: 'http-proxy' => '/home/glaulher/.cache/typescript/4.0/node_modules/@types/http-proxy/index.d.ts'
[11:47:48.248] Adding entry into typings cache: 'http-proxy-middleware' => '/home/glaulher/.cache/typescript/4.0/node_modules/@types/http-proxy-middleware/index.d.ts'
[11:47:48.286] Adding entry into typings cache: 'icss-utils' => '/home/glaulher/.cache/typescript/4.0/node_modules/@types/icss-utils/index.d.ts'
[11:47:48.289] Adding entry into typings cache: 'iferr' => '/home/glaulher/.cache/typescript/4.0/node_modules/@types/iferr/index.d.ts'
[11:47:48.374] Adding entry into typings cache: 'imurmurhash' => '/home/glaulher/.cache/typescript/4.0/node_modules/@types/imurmurhash/index.d.ts'
[11:47:48.554] Adding entry into typings cache: 'inherits' => '/home/glaulher/.cache/typescript/4.0/node_modules/@types/inherits/index.d.ts'
[11:47:48.666] Adding entry into typings cache: 'ini' => '/home/glaulher/.cache/typescript/4.0/node_modules/@types/ini/index.d.ts'
[11:47:48.692] Adding entry into typings cache: 'inquirer' => '/home/glaulher/.cache/typescript/4.0/node_modules/@types/inquirer/index.d.ts'
[11:47:48.765] Adding entry into typings cache: 'internal-slot' => '/home/glaulher/.cache/typescript/4.0/node_modules/@types/internal-slot/index.d.ts'
[11:47:48.767] Adding entry into typings cache: 'invariant' => '/home/glaulher/.cache/typescript/4.0/node_modules/@types/invariant/index.d.ts'
[11:47:48.773] Adding entry into typings cache: 'ip' => '/home/glaulher/.cache/typescript/4.0/node_modules/@types/ip/index.d.ts'
[11:47:48.820] Adding entry into typings cache: 'is-buffer' => '/home/glaulher/.cache/typescript/4.0/node_modules/@types/is-buffer/index.d.ts'
[11:47:48.823] Adding entry into typings cache: 'is-callable' => '/home/glaulher/.cache/typescript/4.0/node_modules/@types/is-callable/index.d.ts'
[11:47:48.827] Adding entry into typings cache: 'is-ci' => '/home/glaulher/.cache/typescript/4.0/node_modules/@types/is-ci/index.d.ts'
[11:47:48.830] Adding entry into typings cache: 'is-date-object' => '/home/glaulher/.cache/typescript/4.0/node_modules/@types/is-date-object/index.d.ts'
[11:47:49.152] Adding entry into typings cache: 'is-finite' => '/home/glaulher/.cache/typescript/4.0/node_modules/@types/is-finite/index.d.ts'
[11:47:49.303] Adding entry into typings cache: 'is-glob' => '/home/glaulher/.cache/typescript/4.0/node_modules/@types/is-glob/index.d.ts'
[11:47:49.382] Adding entry into typings cache: 'is-number' => '/home/glaulher/.cache/typescript/4.0/node_modules/@types/is-number/index.d.ts'
[11:47:49.417] Adding entry into typings cache: 'is-promise' => '/home/glaulher/.cache/typescript/4.0/node_modules/@types/is-promise/index.d.ts'
[11:47:49.420] Adding entry into typings cache: 'is-regex' => '/home/glaulher/.cache/typescript/4.0/node_modules/@types/is-regex/index.d.ts'
[11:47:49.422] Adding entry into typings cache: 'is-typedarray' => '/home/glaulher/.cache/typescript/4.0/node_modules/@types/is-typedarray/index.d.ts'
[11:47:49.481] Adding entry into typings cache: 'is-utf8' => '/home/glaulher/.cache/typescript/4.0/node_modules/@types/is-utf8/index.d.ts'
[11:47:49.532] Adding entry into typings cache: 'is-windows' => '/home/glaulher/.cache/typescript/4.0/node_modules/@types/is-windows/index.d.ts'
[11:47:49.539] Adding entry into typings cache: 'isarray' => '/home/glaulher/.cache/typescript/4.0/node_modules/@types/isarray/index.d.ts'
[11:47:49.543] Adding entry into typings cache: 'isexe' => '/home/glaulher/.cache/typescript/4.0/node_modules/@types/isexe/index.d.ts'
[11:47:49.566] Adding entry into typings cache: 'isomorphic-fetch' => '/home/glaulher/.cache/typescript/4.0/node_modules/@types/isomorphic-fetch/index.d.ts'
[11:47:49.570] Adding entry into typings cache: 'isstream' => '/home/glaulher/.cache/typescript/4.0/node_modules/@types/isstream/index.d.ts'
[11:47:49.673] Adding entry into typings cache: 'istanbul-lib-coverage' => '/home/glaulher/.cache/typescript/4.0/node_modules/@types/istanbul-lib-coverage/index.d.ts'
[11:47:49.745] Adding entry into typings cache: 'istanbul-lib-instrument' => '/home/glaulher/.cache/typescript/4.0/node_modules/@types/istanbul-lib-instrument/index.d.ts'
[11:47:49.749] Adding entry into typings cache: 'istanbul-lib-report' => '/home/glaulher/.cache/typescript/4.0/node_modules/@types/istanbul-lib-report/index.d.ts'
[11:47:49.819] Adding entry into typings cache: 'istanbul-lib-source-maps' => '/home/glaulher/.cache/typescript/4.0/node_modules/@types/istanbul-lib-source-maps/index.d.ts'
[11:47:49.904] Adding entry into typings cache: 'istanbul-reports' => '/home/glaulher/.cache/typescript/4.0/node_modules/@types/istanbul-reports/index.d.ts'
[11:47:49.966] Adding entry into typings cache: 'jest' => '/home/glaulher/.cache/typescript/4.0/node_modules/@types/jest/index.d.ts'
[11:47:50.88] Adding entry into typings cache: 'js-yaml' => '/home/glaulher/.cache/typescript/4.0/node_modules/@types/js-yaml/index.d.ts'
[11:47:50.92] Adding entry into typings cache: 'jsbn' => '/home/glaulher/.cache/typescript/4.0/node_modules/@types/jsbn/index.d.ts'
[11:47:50.135] Adding entry into typings cache: 'jsdom' => '/home/glaulher/.cache/typescript/4.0/node_modules/@types/jsdom/index.d.ts'
[11:47:50.138] Adding entry into typings cache: 'jsesc' => '/home/glaulher/.cache/typescript/4.0/node_modules/@types/jsesc/index.d.ts'
[11:47:50.288] Adding entry into typings cache: 'json-parse-better-errors' => '/home/glaulher/.cache/typescript/4.0/node_modules/@types/json-parse-better-errors/index.d.ts'
[11:47:50.339] Adding entry into typings cache: 'json-schema' => '/home/glaulher/.cache/typescript/4.0/node_modules/@types/json-schema/index.d.ts'
[11:47:50.499] Adding entry into typings cache: 'json-schema-traverse' => '/home/glaulher/.cache/typescript/4.0/node_modules/@types/json-schema-traverse/index.d.ts'
[11:47:50.502] Adding entry into typings cache: 'json-stable-stringify' => '/home/glaulher/.cache/typescript/4.0/node_modules/@types/json-stable-stringify/index.d.ts'
[11:47:50.506] Adding entry into typings cache: 'json-stringify-safe' => '/home/glaulher/.cache/typescript/4.0/node_modules/@types/json-stringify-safe/index.d.ts'
[11:47:50.523] Adding entry into typings cache: 'json3' => '/home/glaulher/.cache/typescript/4.0/node_modules/@types/json3/index.d.ts'
[11:47:50.528] Adding entry into typings cache: 'json5' => '/home/glaulher/.cache/typescript/4.0/node_modules/@types/json5/index.d.ts'
[11:47:50.535] Adding entry into typings cache: 'jsonfile' => '/home/glaulher/.cache/typescript/4.0/node_modules/@types/jsonfile/index.d.ts'
[11:47:50.611] Adding entry into typings cache: 'jsonwebtoken' => '/home/glaulher/.cache/typescript/4.0/node_modules/@types/jsonwebtoken/index.d.ts'
[11:47:50.614] Adding entry into typings cache: 'jws' => '/home/glaulher/.cache/typescript/4.0/node_modules/@types/jws/index.d.ts'
[11:47:50.666] Adding entry into typings cache: 'kind-of' => '/home/glaulher/.cache/typescript/4.0/node_modules/@types/kind-of/index.d.ts'
[11:47:50.668] Adding entry into typings cache: 'klaw' => '/home/glaulher/.cache/typescript/4.0/node_modules/@types/klaw/index.d.ts'
[11:47:50.699] Adding entry into typings cache: 'language-tags' => '/home/glaulher/.cache/typescript/4.0/node_modules/@types/language-tags/index.d.ts'
[11:47:50.704] Adding entry into typings cache: 'loader-runner' => '/home/glaulher/.cache/typescript/4.0/node_modules/@types/loader-runner/index.d.ts'
[11:47:50.761] Adding entry into typings cache: 'loader-utils' => '/home/glaulher/.cache/typescript/4.0/node_modules/@types/loader-utils/index.d.ts'
[11:47:50.888] Adding entry into typings cache: 'lodash' => '/home/glaulher/.cache/typescript/4.0/node_modules/@types/lodash/index.d.ts'
[11:47:51.10] Adding entry into typings cache: 'lodash.includes' => '/home/glaulher/.cache/typescript/4.0/node_modules/@types/lodash.includes/index.d.ts'
[11:47:51.66] Adding entry into typings cache: 'lodash.isboolean' => '/home/glaulher/.cache/typescript/4.0/node_modules/@types/lodash.isboolean/index.d.ts'
[11:47:51.68] Adding entry into typings cache: 'lodash.isinteger' => '/home/glaulher/.cache/typescript/4.0/node_modules/@types/lodash.isinteger/index.d.ts'
[11:47:51.70] Adding entry into typings cache: 'lodash.isnumber' => '/home/glaulher/.cache/typescript/4.0/node_modules/@types/lodash.isnumber/index.d.ts'
[11:47:51.72] Adding entry into typings cache: 'lodash.isplainobject' => '/home/glaulher/.cache/typescript/4.0/node_modules/@types/lodash.isplainobject/index.d.ts'
[11:47:51.75] Adding entry into typings cache: 'lodash.isstring' => '/home/glaulher/.cache/typescript/4.0/node_modules/@types/lodash.isstring/index.d.ts'
[11:47:51.111] Adding entry into typings cache: 'lodash.memoize' => '/home/glaulher/.cache/typescript/4.0/node_modules/@types/lodash.memoize/index.d.ts'
[11:47:51.114] Adding entry into typings cache: 'lodash.once' => '/home/glaulher/.cache/typescript/4.0/node_modules/@types/lodash.once/index.d.ts'
[11:47:51.154] Adding entry into typings cache: 'lodash.sortby' => '/home/glaulher/.cache/typescript/4.0/node_modules/@types/lodash.sortby/index.d.ts'
[11:47:51.184] Adding entry into typings cache: 'lodash.template' => '/home/glaulher/.cache/typescript/4.0/node_modules/@types/lodash.template/index.d.ts'
[11:47:51.192] Adding entry into typings cache: 'lodash.throttle' => '/home/glaulher/.cache/typescript/4.0/node_modules/@types/lodash.throttle/index.d.ts'
[11:47:51.247] Adding entry into typings cache: 'lodash.unescape' => '/home/glaulher/.cache/typescript/4.0/node_modules/@types/lodash.unescape/index.d.ts'
[11:47:51.266] Adding entry into typings cache: 'lodash.uniq' => '/home/glaulher/.cache/typescript/4.0/node_modules/@types/lodash.uniq/index.d.ts'
[11:47:51.299] Adding entry into typings cache: 'lolex' => '/home/glaulher/.cache/typescript/4.0/node_modules/@types/lolex/index.d.ts'
[11:47:51.301] Adding entry into typings cache: 'lru-cache' => '/home/glaulher/.cache/typescript/4.0/node_modules/@types/lru-cache/index.d.ts'
[11:47:51.303] Adding entry into typings cache: 'lz-string' => '/home/glaulher/.cache/typescript/4.0/node_modules/@types/lz-string/index.d.ts'
[11:47:51.430] Adding entry into typings cache: 'md5-file' => '/home/glaulher/.cache/typescript/4.0/node_modules/@types/md5-file/index.d.ts'
[11:47:51.472] Adding entry into typings cache: 'media-typer' => '/home/glaulher/.cache/typescript/4.0/node_modules/@types/media-typer/index.d.ts'
[11:47:51.599] Adding entry into typings cache: 'memory-fs' => '/home/glaulher/.cache/typescript/4.0/node_modules/@types/memory-fs/index.d.ts'
[11:47:51.630] Adding entry into typings cache: 'meow' => '/home/glaulher/.cache/typescript/4.0/node_modules/@types/meow/index.d.ts'
[11:47:51.657] Adding entry into typings cache: 'merge-deep' => '/home/glaulher/.cache/typescript/4.0/node_modules/@types/merge-deep/index.d.ts'
[11:47:51.770] Adding entry into typings cache: 'merge-descriptors' => '/home/glaulher/.cache/typescript/4.0/node_modules/@types/merge-descriptors/index.d.ts'
[11:47:51.821] Adding entry into typings cache: 'merge-stream' => '/home/glaulher/.cache/typescript/4.0/node_modules/@types/merge-stream/index.d.ts'
[11:47:51.886] Adding entry into typings cache: 'merge2' => '/home/glaulher/.cache/typescript/4.0/node_modules/@types/merge2/index.d.ts'
[11:47:51.948] Adding entry into typings cache: 'methods' => '/home/glaulher/.cache/typescript/4.0/node_modules/@types/methods/index.d.ts'
[11:47:52.35] Adding entry into typings cache: 'micromatch' => '/home/glaulher/.cache/typescript/4.0/node_modules/@types/micromatch/index.d.ts'
[11:47:52.39] Adding entry into typings cache: 'mime' => '/home/glaulher/.cache/typescript/4.0/node_modules/@types/mime/index.d.ts'
[11:47:52.180] Adding entry into typings cache: 'mime-db' => '/home/glaulher/.cache/typescript/4.0/node_modules/@types/mime-db/index.d.ts'
[11:47:52.183] Adding entry into typings cache: 'mime-types' => '/home/glaulher/.cache/typescript/4.0/node_modules/@types/mime-types/index.d.ts'
[11:47:52.211] Adding entry into typings cache: 'min-indent' => '/home/glaulher/.cache/typescript/4.0/node_modules/@types/min-indent/index.d.ts'
[11:47:52.228] Adding entry into typings cache: 'mini-css-extract-plugin' => '/home/glaulher/.cache/typescript/4.0/node_modules/@types/mini-css-extract-plugin/index.d.ts'
[11:47:52.230] Adding entry into typings cache: 'minimalistic-assert' => '/home/glaulher/.cache/typescript/4.0/node_modules/@types/minimalistic-assert/index.d.ts'
[11:47:52.233] Adding entry into typings cache: 'minimatch' => '/home/glaulher/.cache/typescript/4.0/node_modules/@types/minimatch/index.d.ts'
[11:47:52.294] Adding entry into typings cache: 'minimist' => '/home/glaulher/.cache/typescript/4.0/node_modules/@types/minimist/index.d.ts'
[11:47:52.311] Adding entry into typings cache: 'minipass' => '/home/glaulher/.cache/typescript/4.0/node_modules/@types/minipass/index.d.ts'
[11:47:52.357] Adding entry into typings cache: 'mkdirp' => '/home/glaulher/.cache/typescript/4.0/node_modules/@types/mkdirp/index.d.ts'
[11:47:52.360] Adding entry into typings cache: 'move-concurrently' => '/home/glaulher/.cache/typescript/4.0/node_modules/@types/move-concurrently/index.d.ts'
[11:47:52.446] Adding entry into typings cache: 'ms' => '/home/glaulher/.cache/typescript/4.0/node_modules/@types/ms/index.d.ts'
[11:47:52.584] Adding entry into typings cache: 'multer' => '/home/glaulher/.cache/typescript/4.0/node_modules/@types/multer/index.d.ts'
[11:47:52.635] Adding entry into typings cache: 'mute-stream' => '/home/glaulher/.cache/typescript/4.0/node_modules/@types/mute-stream/index.d.ts'
[11:47:52.812] Adding entry into typings cache: 'mz' => '/home/glaulher/.cache/typescript/4.0/node_modules/@types/mz/index.d.ts'
[11:47:52.902] Adding entry into typings cache: 'natural-compare' => '/home/glaulher/.cache/typescript/4.0/node_modules/@types/natural-compare/index.d.ts'
[11:47:52.904] Adding entry into typings cache: 'negotiator' => '/home/glaulher/.cache/typescript/4.0/node_modules/@types/negotiator/index.d.ts'
[11:47:52.944] Adding entry into typings cache: 'next-tick' => '/home/glaulher/.cache/typescript/4.0/node_modules/@types/next-tick/index.d.ts'
[11:47:52.946] Adding entry into typings cache: 'nice-try' => '/home/glaulher/.cache/typescript/4.0/node_modules/@types/nice-try/index.d.ts'
[11:47:53.15] Adding entry into typings cache: 'node-fetch' => '/home/glaulher/.cache/typescript/4.0/node_modules/@types/node-fetch/index.d.ts'
[11:47:53.17] Adding entry into typings cache: 'node-forge' => '/home/glaulher/.cache/typescript/4.0/node_modules/@types/node-forge/index.d.ts'
[11:47:53.80] Adding entry into typings cache: 'node-int64' => '/home/glaulher/.cache/typescript/4.0/node_modules/@types/node-int64/index.d.ts'
[11:47:53.124] Adding entry into typings cache: 'node-notifier' => '/home/glaulher/.cache/typescript/4.0/node_modules/@types/node-notifier/index.d.ts'
[11:47:53.155] Adding entry into typings cache: 'nodemon' => '/home/glaulher/.cache/typescript/4.0/node_modules/@types/nodemon/index.d.ts'
[11:47:53.236] Adding entry into typings cache: 'normalize-package-data' => '/home/glaulher/.cache/typescript/4.0/node_modules/@types/normalize-package-data/index.d.ts'
[11:47:53.273] Adding entry into typings cache: 'normalize-path' => '/home/glaulher/.cache/typescript/4.0/node_modules/@types/normalize-path/index.d.ts'
[11:47:53.288] Adding entry into typings cache: 'num2fraction' => '/home/glaulher/.cache/typescript/4.0/node_modules/@types/num2fraction/index.d.ts'
[11:47:53.330] Adding entry into typings cache: 'number-is-nan' => '/home/glaulher/.cache/typescript/4.0/node_modules/@types/number-is-nan/index.d.ts'
[11:47:53.448] Adding entry into typings cache: 'object-assign' => '/home/glaulher/.cache/typescript/4.0/node_modules/@types/object-assign/index.d.ts'
[11:47:53.480] Adding entry into typings cache: 'object-hash' => '/home/glaulher/.cache/typescript/4.0/node_modules/@types/object-hash/index.d.ts'
[11:47:53.482] Adding entry into typings cache: 'object-inspect' => '/home/glaulher/.cache/typescript/4.0/node_modules/@types/object-inspect/index.d.ts'
[11:47:53.484] Adding entry into typings cache: 'object-keys' => '/home/glaulher/.cache/typescript/4.0/node_modules/@types/object-keys/index.d.ts'
[11:47:53.535] Adding entry into typings cache: 'object-path' => '/home/glaulher/.cache/typescript/4.0/node_modules/@types/object-path/index.d.ts'
[11:47:53.538] Adding entry into typings cache: 'object.fromentries' => '/home/glaulher/.cache/typescript/4.0/node_modules/@types/object.fromentries/index.d.ts'
[11:47:53.580] Adding entry into typings cache: 'object.getownpropertydescriptors' => '/home/glaulher/.cache/typescript/4.0/node_modules/@types/object.getownpropertydescriptors/index.d.ts'
[11:47:53.648] Adding entry into typings cache: 'object.pick' => '/home/glaulher/.cache/typescript/4.0/node_modules/@types/object.pick/index.d.ts'
[11:47:53.650] Adding entry into typings cache: 'on-finished' => '/home/glaulher/.cache/typescript/4.0/node_modules/@types/on-finished/index.d.ts'
[11:47:53.652] Adding entry into typings cache: 'on-headers' => '/home/glaulher/.cache/typescript/4.0/node_modules/@types/on-headers/index.d.ts'
[11:47:53.654] Adding entry into typings cache: 'once' => '/home/glaulher/.cache/typescript/4.0/node_modules/@types/once/index.d.ts'
[11:47:53.739] Adding entry into typings cache: 'optimize-css-assets-webpack-plugin' => '/home/glaulher/.cache/typescript/4.0/node_modules/@types/optimize-css-assets-webpack-plugin/index.d.ts'
[11:47:53.766] Adding entry into typings cache: 'original' => '/home/glaulher/.cache/typescript/4.0/node_modules/@types/original/index.d.ts'
[11:47:53.881] Adding entry into typings cache: 'os-tmpdir' => '/home/glaulher/.cache/typescript/4.0/node_modules/@types/os-tmpdir/index.d.ts'
[11:47:53.933] Adding entry into typings cache: 'pako' => '/home/glaulher/.cache/typescript/4.0/node_modules/@types/pako/index.d.ts'
[11:47:53.935] Adding entry into typings cache: 'parallel-transform' => '/home/glaulher/.cache/typescript/4.0/node_modules/@types/parallel-transform/index.d.ts'
[11:47:54.147] Adding entry into typings cache: 'parse-json' => '/home/glaulher/.cache/typescript/4.0/node_modules/@types/parse-json/index.d.ts'
[11:47:54.231] Adding entry into typings cache: 'parse5' => '/home/glaulher/.cache/typescript/4.0/node_modules/@types/parse5/index.d.ts'
[11:47:54.256] Adding entry into typings cache: 'parse5-htmlparser2-tree-adapter' => '/home/glaulher/.cache/typescript/4.0/node_modules/@types/parse5-htmlparser2-tree-adapter/index.d.ts'
[11:47:54.258] Adding entry into typings cache: 'parseurl' => '/home/glaulher/.cache/typescript/4.0/node_modules/@types/parseurl/index.d.ts'
[11:47:54.289] Adding entry into typings cache: 'pascalcase' => '/home/glaulher/.cache/typescript/4.0/node_modules/@types/pascalcase/index.d.ts'
[11:47:54.293] Adding entry into typings cache: 'path-is-absolute' => '/home/glaulher/.cache/typescript/4.0/node_modules/@types/path-is-absolute/index.d.ts'
[11:47:54.321] Adding entry into typings cache: 'path-is-inside' => '/home/glaulher/.cache/typescript/4.0/node_modules/@types/path-is-inside/index.d.ts'
[11:47:54.324] Adding entry into typings cache: 'path-parse' => '/home/glaulher/.cache/typescript/4.0/node_modules/@types/path-parse/index.d.ts'
[11:47:54.326] Adding entry into typings cache: 'pbkdf2' => '/home/glaulher/.cache/typescript/4.0/node_modules/@types/pbkdf2/index.d.ts'
[11:47:54.370] Adding entry into typings cache: 'pg' => '/home/glaulher/.cache/typescript/4.0/node_modules/@types/pg/index.d.ts'
[11:47:54.408] Adding entry into typings cache: 'pg-pool' => '/home/glaulher/.cache/typescript/4.0/node_modules/@types/pg-pool/index.d.ts'
[11:47:54.470] Adding entry into typings cache: 'pg-types' => '/home/glaulher/.cache/typescript/4.0/node_modules/@types/pg-types/index.d.ts'
[11:47:54.508] Adding entry into typings cache: 'picomatch' => '/home/glaulher/.cache/typescript/4.0/node_modules/@types/picomatch/index.d.ts'
[11:47:54.510] Adding entry into typings cache: 'pify' => '/home/glaulher/.cache/typescript/4.0/node_modules/@types/pify/index.d.ts'
[11:47:54.548] Adding entry into typings cache: 'plist' => '/home/glaulher/.cache/typescript/4.0/node_modules/@types/plist/index.d.ts'
[11:47:54.550] Adding entry into typings cache: 'plugin-error' => '/home/glaulher/.cache/typescript/4.0/node_modules/@types/plugin-error/index.d.ts'
[11:47:54.575] Adding entry into typings cache: 'postcss-calc' => '/home/glaulher/.cache/typescript/4.0/node_modules/@types/postcss-calc/index.d.ts'
[11:47:54.587] Adding entry into typings cache: 'postcss-custom-properties' => '/home/glaulher/.cache/typescript/4.0/node_modules/@types/postcss-custom-properties/index.d.ts'
[11:47:54.589] Adding entry into typings cache: 'postcss-flexbugs-fixes' => '/home/glaulher/.cache/typescript/4.0/node_modules/@types/postcss-flexbugs-fixes/index.d.ts'
[11:47:54.592] Adding entry into typings cache: 'postcss-focus-within' => '/home/glaulher/.cache/typescript/4.0/node_modules/@types/postcss-focus-within/index.d.ts'
[11:47:54.594] Adding entry into typings cache: 'postcss-gap-properties' => '/home/glaulher/.cache/typescript/4.0/node_modules/@types/postcss-gap-properties/index.d.ts'
[11:47:54.598] Adding entry into typings cache: 'postcss-load-config' => '/home/glaulher/.cache/typescript/4.0/node_modules/@types/postcss-load-config/index.d.ts'
[11:47:54.600] Adding entry into typings cache: 'postcss-modules-extract-imports' => '/home/glaulher/.cache/typescript/4.0/node_modules/@types/postcss-modules-extract-imports/index.d.ts'
[11:47:54.603] Adding entry into typings cache: 'postcss-modules-local-by-default' => '/home/glaulher/.cache/typescript/4.0/node_modules/@types/postcss-modules-local-by-default/index.d.ts'
[11:47:54.606] Adding entry into typings cache: 'postcss-modules-scope' => '/home/glaulher/.cache/typescript/4.0/node_modules/@types/postcss-modules-scope/index.d.ts'
[11:47:54.608] Adding entry into typings cache: 'postcss-modules-values' => '/home/glaulher/.cache/typescript/4.0/node_modules/@types/postcss-modules-values/index.d.ts'
[11:47:54.611] Adding entry into typings cache: 'postcss-normalize' => '/home/glaulher/.cache/typescript/4.0/node_modules/@types/postcss-normalize/index.d.ts'
[11:47:54.614] Adding entry into typings cache: 'postcss-preset-env' => '/home/glaulher/.cache/typescript/4.0/node_modules/@types/postcss-preset-env/index.d.ts'
[11:47:54.616] Adding entry into typings cache: 'postcss-safe-parser' => '/home/glaulher/.cache/typescript/4.0/node_modules/@types/postcss-safe-parser/index.d.ts'
[11:47:54.652] Adding entry into typings cache: 'prelude-ls' => '/home/glaulher/.cache/typescript/4.0/node_modules/@types/prelude-ls/index.d.ts'
[11:47:54.655] Adding entry into typings cache: 'prettier' => '/home/glaulher/.cache/typescript/4.0/node_modules/@types/prettier/index.d.ts'
[11:47:54.658] Adding entry into typings cache: 'prettier-linter-helpers' => '/home/glaulher/.cache/typescript/4.0/node_modules/@types/prettier-linter-helpers/index.d.ts'
[11:47:54.660] Adding entry into typings cache: 'progress' => '/home/glaulher/.cache/typescript/4.0/node_modules/@types/progress/index.d.ts'
[11:47:54.688] Adding entry into typings cache: 'promise-inflight' => '/home/glaulher/.cache/typescript/4.0/node_modules/@types/promise-inflight/index.d.ts'
[11:47:54.690] Adding entry into typings cache: 'prompts' => '/home/glaulher/.cache/typescript/4.0/node_modules/@types/prompts/index.d.ts'
[11:47:54.718] Adding entry into typings cache: 'prop-types' => '/home/glaulher/.cache/typescript/4.0/node_modules/@types/prop-types/index.d.ts'
[11:47:54.835] Adding entry into typings cache: 'proxy-addr' => '/home/glaulher/.cache/typescript/4.0/node_modules/@types/proxy-addr/index.d.ts'
[11:47:54.956] Adding entry into typings cache: 'psl' => '/home/glaulher/.cache/typescript/4.0/node_modules/@types/psl/index.d.ts'
[11:47:54.960] Adding entry into typings cache: 'pump' => '/home/glaulher/.cache/typescript/4.0/node_modules/@types/pump/index.d.ts'
[11:47:55.3] Adding entry into typings cache: 'pumpify' => '/home/glaulher/.cache/typescript/4.0/node_modules/@types/pumpify/index.d.ts'
[11:47:55.90] Adding entry into typings cache: 'punycode' => '/home/glaulher/.cache/typescript/4.0/node_modules/@types/punycode/index.d.ts'
[11:47:55.132] Adding entry into typings cache: 'q' => '/home/glaulher/.cache/typescript/4.0/node_modules/@types/q/index.d.ts'
[11:47:55.174] Adding entry into typings cache: 'qs' => '/home/glaulher/.cache/typescript/4.0/node_modules/@types/qs/index.d.ts'
[11:47:55.197] Adding entry into typings cache: 'querystringify' => '/home/glaulher/.cache/typescript/4.0/node_modules/@types/querystringify/index.d.ts'
[11:47:55.200] Adding entry into typings cache: 'raf' => '/home/glaulher/.cache/typescript/4.0/node_modules/@types/raf/index.d.ts'
[11:47:55.241] Adding entry into typings cache: 'ramda' => '/home/glaulher/.cache/typescript/4.0/node_modules/@types/ramda/index.d.ts'
[11:47:55.264] Adding entry into typings cache: 'randombytes' => '/home/glaulher/.cache/typescript/4.0/node_modules/@types/randombytes/index.d.ts'
[11:47:55.297] Adding entry into typings cache: 'range-parser' => '/home/glaulher/.cache/typescript/4.0/node_modules/@types/range-parser/index.d.ts'
[11:47:55.330] Adding entry into typings cache: 'react' => '/home/glaulher/.cache/typescript/4.0/node_modules/@types/react/index.d.ts'
[11:47:55.370] Adding entry into typings cache: 'react-dev-utils' => '/home/glaulher/.cache/typescript/4.0/node_modules/@types/react-dev-utils/index.d.ts'
[11:47:55.577] Adding entry into typings cache: 'react-dom' => '/home/glaulher/.cache/typescript/4.0/node_modules/@types/react-dom/index.d.ts'
[11:47:55.724] Adding entry into typings cache: 'react-is' => '/home/glaulher/.cache/typescript/4.0/node_modules/@types/react-is/index.d.ts'
[11:47:55.895] Adding entry into typings cache: 'react-native' => '/home/glaulher/.cache/typescript/4.0/node_modules/@types/react-native/index.d.ts'
[11:47:55.899] Adding entry into typings cache: 'react-native-document-picker' => '/home/glaulher/.cache/typescript/4.0/node_modules/@types/react-native-document-picker/index.d.ts'
[11:47:56.12] Adding entry into typings cache: 'react-native-table-component' => '/home/glaulher/.cache/typescript/4.0/node_modules/@types/react-native-table-component/index.d.ts'
[11:47:56.56] Adding entry into typings cache: 'react-router' => '/home/glaulher/.cache/typescript/4.0/node_modules/@types/react-router/index.d.ts'
[11:47:56.60] Adding entry into typings cache: 'react-router-dom' => '/home/glaulher/.cache/typescript/4.0/node_modules/@types/react-router-dom/index.d.ts'
[11:47:56.80] Adding entry into typings cache: 'react-test-renderer' => '/home/glaulher/.cache/typescript/4.0/node_modules/@types/react-test-renderer/index.d.ts'
[11:47:56.170] Adding entry into typings cache: 'readable-stream' => '/home/glaulher/.cache/typescript/4.0/node_modules/@types/readable-stream/index.d.ts'
[11:47:56.199] Adding entry into typings cache: 'recursive-readdir' => '/home/glaulher/.cache/typescript/4.0/node_modules/@types/recursive-readdir/index.d.ts'
[11:47:56.256] Adding entry into typings cache: 'regenerator-runtime' => '/home/glaulher/.cache/typescript/4.0/node_modules/@types/regenerator-runtime/index.d.ts'
[11:47:56.295] Adding entry into typings cache: 'relateurl' => '/home/glaulher/.cache/typescript/4.0/node_modules/@types/relateurl/index.d.ts'
[11:47:56.490] Adding entry into typings cache: 'repeat-element' => '/home/glaulher/.cache/typescript/4.0/node_modules/@types/repeat-element/index.d.ts'
[11:47:56.571] Adding entry into typings cache: 'repeat-string' => '/home/glaulher/.cache/typescript/4.0/node_modules/@types/repeat-string/index.d.ts'
[11:47:56.642] Adding entry into typings cache: 'repeating' => '/home/glaulher/.cache/typescript/4.0/node_modules/@types/repeating/index.d.ts'
[11:47:56.738] Adding entry into typings cache: 'request' => '/home/glaulher/.cache/typescript/4.0/node_modules/@types/request/index.d.ts'
[11:47:56.761] Adding entry into typings cache: 'request-promise-native' => '/home/glaulher/.cache/typescript/4.0/node_modules/@types/request-promise-native/index.d.ts'
[11:47:56.815] Adding entry into typings cache: 'require-directory' => '/home/glaulher/.cache/typescript/4.0/node_modules/@types/require-directory/index.d.ts'
[11:47:56.832] Adding entry into typings cache: 'requires-port' => '/home/glaulher/.cache/typescript/4.0/node_modules/@types/requires-port/index.d.ts'
[11:47:56.834] Adding entry into typings cache: 'resolve' => '/home/glaulher/.cache/typescript/4.0/node_modules/@types/resolve/index.d.ts'
[11:47:56.854] Adding entry into typings cache: 'retry' => '/home/glaulher/.cache/typescript/4.0/node_modules/@types/retry/index.d.ts'
[11:47:56.857] Adding entry into typings cache: 'rimraf' => '/home/glaulher/.cache/typescript/4.0/node_modules/@types/rimraf/index.d.ts'
[11:47:56.865] Adding entry into typings cache: 'ripemd160' => '/home/glaulher/.cache/typescript/4.0/node_modules/@types/ripemd160/index.d.ts'
[11:47:56.971] Adding entry into typings cache: 'rn-fetch-blob' => '/home/glaulher/.cache/typescript/4.0/node_modules/@types/rn-fetch-blob/index.d.ts'
[11:47:57.4] Adding entry into typings cache: 'rsvp' => '/home/glaulher/.cache/typescript/4.0/node_modules/@types/rsvp/index.d.ts'
[11:47:57.53] Adding entry into typings cache: 'run-parallel' => '/home/glaulher/.cache/typescript/4.0/node_modules/@types/run-parallel/index.d.ts'
[11:47:57.66] Adding entry into typings cache: 'rx-lite' => '/home/glaulher/.cache/typescript/4.0/node_modules/@types/rx-lite/index.d.ts'
[11:47:57.68] Adding entry into typings cache: 'rx-lite-aggregates' => '/home/glaulher/.cache/typescript/4.0/node_modules/@types/rx-lite-aggregates/index.d.ts'
[11:47:57.96] Adding entry into typings cache: 'safe-regex' => '/home/glaulher/.cache/typescript/4.0/node_modules/@types/safe-regex/index.d.ts'
[11:47:57.147] Adding entry into typings cache: 'safer-buffer' => '/home/glaulher/.cache/typescript/4.0/node_modules/@types/safer-buffer/index.d.ts'
[11:47:57.150] Adding entry into typings cache: 'sane' => '/home/glaulher/.cache/typescript/4.0/node_modules/@types/sane/index.d.ts'
[11:47:57.194] Adding entry into typings cache: 'sass-loader' => '/home/glaulher/.cache/typescript/4.0/node_modules/@types/sass-loader/index.d.ts'
[11:47:57.315] Adding entry into typings cache: 'sax' => '/home/glaulher/.cache/typescript/4.0/node_modules/@types/sax/index.d.ts'
[11:47:57.370] Adding entry into typings cache: 'scheduler' => '/home/glaulher/.cache/typescript/4.0/node_modules/@types/scheduler/index.d.ts'
[11:47:57.373] Adding entry into typings cache: 'semver' => '/home/glaulher/.cache/typescript/4.0/node_modules/@types/semver/index.d.ts'
[11:47:57.378] Adding entry into typings cache: 'send' => '/home/glaulher/.cache/typescript/4.0/node_modules/@types/send/index.d.ts'
[11:47:57.477] Adding entry into typings cache: 'serialize-javascript' => '/home/glaulher/.cache/typescript/4.0/node_modules/@types/serialize-javascript/index.d.ts'
[11:47:57.544] Adding entry into typings cache: 'serve-index' => '/home/glaulher/.cache/typescript/4.0/node_modules/@types/serve-index/index.d.ts'
[11:47:57.582] Adding entry into typings cache: 'serve-static' => '/home/glaulher/.cache/typescript/4.0/node_modules/@types/serve-static/index.d.ts'
[11:47:57.758] Adding entry into typings cache: 'set-value' => '/home/glaulher/.cache/typescript/4.0/node_modules/@types/set-value/index.d.ts'
[11:47:57.791] Adding entry into typings cache: 'setimmediate' => '/home/glaulher/.cache/typescript/4.0/node_modules/@types/setimmediate/index.d.ts'
[11:47:57.823] Adding entry into typings cache: 'sha.js' => '/home/glaulher/.cache/typescript/4.0/node_modules/@types/sha.js/index.d.ts'
[11:47:57.848] Adding entry into typings cache: 'shallowequal' => '/home/glaulher/.cache/typescript/4.0/node_modules/@types/shallowequal/index.d.ts'
[11:47:57.887] Adding entry into typings cache: 'shebang-command' => '/home/glaulher/.cache/typescript/4.0/node_modules/@types/shebang-command/index.d.ts'
[11:47:57.891] Adding entry into typings cache: 'shell-quote' => '/home/glaulher/.cache/typescript/4.0/node_modules/@types/shell-quote/index.d.ts'
[11:47:57.895] Adding entry into typings cache: 'signal-exit' => '/home/glaulher/.cache/typescript/4.0/node_modules/@types/signal-exit/index.d.ts'
[11:47:57.901] Adding entry into typings cache: 'slice-ansi' => '/home/glaulher/.cache/typescript/4.0/node_modules/@types/slice-ansi/index.d.ts'
[11:47:57.988] Adding entry into typings cache: 'sockjs' => '/home/glaulher/.cache/typescript/4.0/node_modules/@types/sockjs/index.d.ts'
[11:47:57.991] Adding entry into typings cache: 'sockjs-client' => '/home/glaulher/.cache/typescript/4.0/node_modules/@types/sockjs-client/index.d.ts'
[11:47:58.210] Adding entry into typings cache: 'source-list-map' => '/home/glaulher/.cache/typescript/4.0/node_modules/@types/source-list-map/index.d.ts'
[11:47:58.423] Adding entry into typings cache: 'source-map-support' => '/home/glaulher/.cache/typescript/4.0/node_modules/@types/source-map-support/index.d.ts'
[11:47:58.489] Adding entry into typings cache: 'spdx-correct' => '/home/glaulher/.cache/typescript/4.0/node_modules/@types/spdx-correct/index.d.ts'
[11:47:58.511] Adding entry into typings cache: 'spdx-expression-parse' => '/home/glaulher/.cache/typescript/4.0/node_modules/@types/spdx-expression-parse/index.d.ts'
[11:47:58.532] Adding entry into typings cache: 'spdy' => '/home/glaulher/.cache/typescript/4.0/node_modules/@types/spdy/index.d.ts'
[11:47:58.560] Adding entry into typings cache: 'split2' => '/home/glaulher/.cache/typescript/4.0/node_modules/@types/split2/index.d.ts'
[11:47:58.609] Adding entry into typings cache: 'sprintf' => '/home/glaulher/.cache/typescript/4.0/node_modules/@types/sprintf/index.d.ts'
[11:47:58.613] Adding entry into typings cache: 'sprintf-js' => '/home/glaulher/.cache/typescript/4.0/node_modules/@types/sprintf-js/index.d.ts'
[11:47:58.615] Adding entry into typings cache: 'sshpk' => '/home/glaulher/.cache/typescript/4.0/node_modules/@types/sshpk/index.d.ts'
[11:47:58.810] Adding entry into typings cache: 'ssri' => '/home/glaulher/.cache/typescript/4.0/node_modules/@types/ssri/index.d.ts'
[11:47:58.910] Adding entry into typings cache: 'stack-utils' => '/home/glaulher/.cache/typescript/4.0/node_modules/@types/stack-utils/index.d.ts'
[11:47:58.920] Adding entry into typings cache: 'statuses' => '/home/glaulher/.cache/typescript/4.0/node_modules/@types/statuses/index.d.ts'
[11:47:58.949] Adding entry into typings cache: 'stream-buffers' => '/home/glaulher/.cache/typescript/4.0/node_modules/@types/stream-buffers/index.d.ts'
[11:47:58.999] Adding entry into typings cache: 'stream-each' => '/home/glaulher/.cache/typescript/4.0/node_modules/@types/stream-each/index.d.ts'
[11:47:59.3] Adding entry into typings cache: 'stream-shift' => '/home/glaulher/.cache/typescript/4.0/node_modules/@types/stream-shift/index.d.ts'
[11:47:59.5] Adding entry into typings cache: 'strict-uri-encode' => '/home/glaulher/.cache/typescript/4.0/node_modules/@types/strict-uri-encode/index.d.ts'
[11:47:59.99] Adding entry into typings cache: 'string-natural-compare' => '/home/glaulher/.cache/typescript/4.0/node_modules/@types/string-natural-compare/index.d.ts'
[11:47:59.161] Adding entry into typings cache: 'string.prototype.matchall' => '/home/glaulher/.cache/typescript/4.0/node_modules/@types/string.prototype.matchall/index.d.ts'
[11:47:59.167] Adding entry into typings cache: 'stringify-object' => '/home/glaulher/.cache/typescript/4.0/node_modules/@types/stringify-object/index.d.ts'
[11:47:59.220] Adding entry into typings cache: 'strip-comments' => '/home/glaulher/.cache/typescript/4.0/node_modules/@types/strip-comments/index.d.ts'
[11:47:59.237] Adding entry into typings cache: 'styled-components' => '/home/glaulher/.cache/typescript/4.0/node_modules/@types/styled-components/index.d.ts'
[11:47:59.293] Adding entry into typings cache: 'supports-color' => '/home/glaulher/.cache/typescript/4.0/node_modules/@types/supports-color/index.d.ts'
[11:47:59.305] Adding entry into typings cache: 'svg-parser' => '/home/glaulher/.cache/typescript/4.0/node_modules/@types/svg-parser/index.d.ts'
[11:47:59.359] Adding entry into typings cache: 'svgo' => '/home/glaulher/.cache/typescript/4.0/node_modules/@types/svgo/index.d.ts'
[11:47:59.469] Adding entry into typings cache: 'symbol-tree' => '/home/glaulher/.cache/typescript/4.0/node_modules/@types/symbol-tree/index.d.ts'
[11:47:59.471] Adding entry into typings cache: 'table' => '/home/glaulher/.cache/typescript/4.0/node_modules/@types/table/index.d.ts'
[11:47:59.499] Adding entry into typings cache: 'tapable' => '/home/glaulher/.cache/typescript/4.0/node_modules/tapable/tapable.d.ts'
[11:47:59.553] Adding entry into typings cache: 'tar' => '/home/glaulher/.cache/typescript/4.0/node_modules/@types/tar/index.d.ts'
[11:47:59.613] Adding entry into typings cache: 'temp' => '/home/glaulher/.cache/typescript/4.0/node_modules/@types/temp/index.d.ts'
[11:47:59.753] Adding entry into typings cache: 'terser-webpack-plugin' => '/home/glaulher/.cache/typescript/4.0/node_modules/@types/terser-webpack-plugin/index.d.ts'
[11:47:59.809] Adding entry into typings cache: 'testing-library__jest-dom' => '/home/glaulher/.cache/typescript/4.0/node_modules/@types/testing-library__jest-dom/index.d.ts'
[11:47:59.836] Adding entry into typings cache: 'text-table' => '/home/glaulher/.cache/typescript/4.0/node_modules/@types/text-table/index.d.ts'
[11:47:59.859] Adding entry into typings cache: 'through' => '/home/glaulher/.cache/typescript/4.0/node_modules/@types/through/index.d.ts'
[11:47:59.863] Adding entry into typings cache: 'through2' => '/home/glaulher/.cache/typescript/4.0/node_modules/@types/through2/index.d.ts'
[11:47:59.908] Adding entry into typings cache: 'timsort' => '/home/glaulher/.cache/typescript/4.0/node_modules/@types/timsort/index.d.ts'
[11:47:59.911] Adding entry into typings cache: 'tmp' => '/home/glaulher/.cache/typescript/4.0/node_modules/@types/tmp/index.d.ts'
[11:47:59.916] Adding entry into typings cache: 'tough-cookie' => '/home/glaulher/.cache/typescript/4.0/node_modules/@types/tough-cookie/index.d.ts'
[11:47:59.927] Adding entry into typings cache: 'tryer' => '/home/glaulher/.cache/typescript/4.0/node_modules/@types/tryer/index.d.ts'
[11:47:59.943] Adding entry into typings cache: 'type-check' => '/home/glaulher/.cache/typescript/4.0/node_modules/@types/type-check/index.d.ts'
[11:47:59.959] Adding entry into typings cache: 'type-detect' => '/home/glaulher/.cache/typescript/4.0/node_modules/@types/type-detect/index.d.ts'
[11:47:59.977] Adding entry into typings cache: 'type-is' => '/home/glaulher/.cache/typescript/4.0/node_modules/@types/type-is/index.d.ts'
[11:47:59.980] Adding entry into typings cache: 'ua-parser-js' => '/home/glaulher/.cache/typescript/4.0/node_modules/@types/ua-parser-js/index.d.ts'
[11:47:59.982] Adding entry into typings cache: 'uglify-es' => '/home/glaulher/.cache/typescript/4.0/node_modules/@types/uglify-es/index.d.ts'
[11:48:0.8] Adding entry into typings cache: 'uniq' => '/home/glaulher/.cache/typescript/4.0/node_modules/@types/uniq/index.d.ts'
[11:48:0.33] Adding entry into typings cache: 'unist' => '/home/glaulher/.cache/typescript/4.0/node_modules/@types/unist/index.d.ts'
[11:48:0.35] Adding entry into typings cache: 'universalify' => '/home/glaulher/.cache/typescript/4.0/node_modules/@types/universalify/index.d.ts'
[11:48:0.69] Adding entry into typings cache: 'urix' => '/home/glaulher/.cache/typescript/4.0/node_modules/@types/urix/index.d.ts'
[11:48:0.176] Adding entry into typings cache: 'url-parse' => '/home/glaulher/.cache/typescript/4.0/node_modules/@types/url-parse/index.d.ts'
[11:48:0.204] Adding entry into typings cache: 'use-subscription' => '/home/glaulher/.cache/typescript/4.0/node_modules/@types/use-subscription/index.d.ts'
[11:48:0.207] Adding entry into typings cache: 'utf8' => '/home/glaulher/.cache/typescript/4.0/node_modules/@types/utf8/index.d.ts'
[11:48:0.277] Adding entry into typings cache: 'util-deprecate' => '/home/glaulher/.cache/typescript/4.0/node_modules/@types/util-deprecate/index.d.ts'
[11:48:0.342] Adding entry into typings cache: 'util.promisify' => '/home/glaulher/.cache/typescript/4.0/node_modules/@types/util.promisify/index.d.ts'
[11:48:0.387] Adding entry into typings cache: 'utils-merge' => '/home/glaulher/.cache/typescript/4.0/node_modules/@types/utils-merge/index.d.ts'
[11:48:0.390] Adding entry into typings cache: 'uuid' => '/home/glaulher/.cache/typescript/4.0/node_modules/@types/uuid/index.d.ts'
[11:48:0.392] Adding entry into typings cache: 'validate-npm-package-license' => '/home/glaulher/.cache/typescript/4.0/node_modules/@types/validate-npm-package-license/index.d.ts'
[11:48:0.394] Adding entry into typings cache: 'vary' => '/home/glaulher/.cache/typescript/4.0/node_modules/@types/vary/index.d.ts'
[11:48:0.397] Adding entry into typings cache: 'verror' => '/home/glaulher/.cache/typescript/4.0/node_modules/@types/verror/index.d.ts'
[11:48:0.432] Adding entry into typings cache: 'w3c-xmlserializer' => '/home/glaulher/.cache/typescript/4.0/node_modules/@types/w3c-xmlserializer/index.d.ts'
[11:48:0.524] Adding entry into typings cache: 'watchpack' => '/home/glaulher/.cache/typescript/4.0/node_modules/@types/watchpack/index.d.ts'
[11:48:0.577] Adding entry into typings cache: 'wcwidth' => '/home/glaulher/.cache/typescript/4.0/node_modules/@types/wcwidth/index.d.ts'
[11:48:0.585] Adding entry into typings cache: 'webidl-conversions' => '/home/glaulher/.cache/typescript/4.0/node_modules/@types/webidl-conversions/index.d.ts'
[11:48:0.597] Adding entry into typings cache: 'webpack' => '/home/glaulher/.cache/typescript/4.0/node_modules/webpack/types.d.ts'
[11:48:0.603] Adding entry into typings cache: 'webpack-dev-middleware' => '/home/glaulher/.cache/typescript/4.0/node_modules/@types/webpack-dev-middleware/index.d.ts'
[11:48:0.627] Adding entry into typings cache: 'webpack-dev-server' => '/home/glaulher/.cache/typescript/4.0/node_modules/@types/webpack-dev-server/index.d.ts'
[11:48:0.652] Adding entry into typings cache: 'webpack-manifest-plugin' => '/home/glaulher/.cache/typescript/4.0/node_modules/@types/webpack-manifest-plugin/index.d.ts'
[11:48:0.775] Adding entry into typings cache: 'webpack-sources' => '/home/glaulher/.cache/typescript/4.0/node_modules/@types/webpack-sources/index.d.ts'
[11:48:0.821] Adding entry into typings cache: 'whatwg-encoding' => '/home/glaulher/.cache/typescript/4.0/node_modules/@types/whatwg-encoding/index.d.ts'
[11:48:0.824] Adding entry into typings cache: 'whatwg-mimetype' => '/home/glaulher/.cache/typescript/4.0/node_modules/@types/whatwg-mimetype/index.d.ts'
[11:48:0.827] Adding entry into typings cache: 'whatwg-url' => '/home/glaulher/.cache/typescript/4.0/node_modules/@types/whatwg-url/index.d.ts'
[11:48:0.900] Adding entry into typings cache: 'which' => '/home/glaulher/.cache/typescript/4.0/node_modules/@types/which/index.d.ts'
[11:48:0.917] Adding entry into typings cache: 'wordwrap' => '/home/glaulher/.cache/typescript/4.0/node_modules/@types/wordwrap/index.d.ts'
[11:48:0.974] Adding entry into typings cache: 'workbox-background-sync' => '/home/glaulher/.cache/typescript/4.0/node_modules/@types/workbox-background-sync/index.d.ts'
[11:48:0.999] Adding entry into typings cache: 'workbox-broadcast-update' => '/home/glaulher/.cache/typescript/4.0/node_modules/@types/workbox-broadcast-update/index.d.ts'
[11:48:1.10] Adding entry into typings cache: 'workbox-build' => '/home/glaulher/.cache/typescript/4.0/node_modules/@types/workbox-build/index.d.ts'
[11:48:1.12] Adding entry into typings cache: 'workbox-cacheable-response' => '/home/glaulher/.cache/typescript/4.0/node_modules/@types/workbox-cacheable-response/index.d.ts'
[11:48:1.15] Adding entry into typings cache: 'workbox-core' => '/home/glaulher/.cache/typescript/4.0/node_modules/@types/workbox-core/index.d.ts'
[11:48:1.17] Adding entry into typings cache: 'workbox-expiration' => '/home/glaulher/.cache/typescript/4.0/node_modules/@types/workbox-expiration/index.d.ts'
[11:48:1.30] Adding entry into typings cache: 'workbox-google-analytics' => '/home/glaulher/.cache/typescript/4.0/node_modules/@types/workbox-google-analytics/index.d.ts'
[11:48:1.34] Adding entry into typings cache: 'workbox-navigation-preload' => '/home/glaulher/.cache/typescript/4.0/node_modules/@types/workbox-navigation-preload/index.d.ts'
[11:48:1.62] Adding entry into typings cache: 'workbox-precaching' => '/home/glaulher/.cache/typescript/4.0/node_modules/@types/workbox-precaching/index.d.ts'
[11:48:1.65] Adding entry into typings cache: 'workbox-range-requests' => '/home/glaulher/.cache/typescript/4.0/node_modules/@types/workbox-range-requests/index.d.ts'
[11:48:1.67] Adding entry into typings cache: 'workbox-routing' => '/home/glaulher/.cache/typescript/4.0/node_modules/@types/workbox-routing/index.d.ts'
[11:48:1.69] Adding entry into typings cache: 'workbox-strategies' => '/home/glaulher/.cache/typescript/4.0/node_modules/@types/workbox-strategies/index.d.ts'
[11:48:1.71] Adding entry into typings cache: 'workbox-streams' => '/home/glaulher/.cache/typescript/4.0/node_modules/@types/workbox-streams/index.d.ts'
[11:48:1.74] Adding entry into typings cache: 'workbox-sw' => '/home/glaulher/.cache/typescript/4.0/node_modules/@types/workbox-sw/index.d.ts'
[11:48:1.77] Adding entry into typings cache: 'workbox-webpack-plugin' => '/home/glaulher/.cache/typescript/4.0/node_modules/@types/workbox-webpack-plugin/index.d.ts'
[11:48:1.80] Adding entry into typings cache: 'workbox-window' => '/home/glaulher/.cache/typescript/4.0/node_modules/@types/workbox-window/index.d.ts'
[11:48:1.313] Adding entry into typings cache: 'wrap-ansi' => '/home/glaulher/.cache/typescript/4.0/node_modules/@types/wrap-ansi/index.d.ts'
[11:48:1.354] Adding entry into typings cache: 'write' => '/home/glaulher/.cache/typescript/4.0/node_modules/@types/write/index.d.ts'
[11:48:1.357] Adding entry into typings cache: 'write-file-atomic' => '/home/glaulher/.cache/typescript/4.0/node_modules/@types/write-file-atomic/index.d.ts'
[11:48:1.376] Adding entry into typings cache: 'ws' => '/home/glaulher/.cache/typescript/4.0/node_modules/@types/ws/index.d.ts'
[11:48:1.424] Adding entry into typings cache: 'xml2js' => '/home/glaulher/.cache/typescript/4.0/node_modules/@types/xml2js/index.d.ts'
[11:48:1.453] Adding entry into typings cache: 'xmldoc' => '/home/glaulher/.cache/typescript/4.0/node_modules/@types/xmldoc/index.d.ts'
[11:48:1.484] Adding entry into typings cache: 'xmldom' => '/home/glaulher/.cache/typescript/4.0/node_modules/@types/xmldom/index.d.ts'
[11:48:1.497] Adding entry into typings cache: 'xregexp' => '/home/glaulher/.cache/typescript/4.0/node_modules/@types/xregexp/index.d.ts'
[11:48:1.499] Adding entry into typings cache: 'xtend' => '/home/glaulher/.cache/typescript/4.0/node_modules/@types/xtend/index.d.ts'
[11:48:1.583] Adding entry into typings cache: 'y18n' => '/home/glaulher/.cache/typescript/4.0/node_modules/@types/y18n/index.d.ts'
[11:48:1.585] Adding entry into typings cache: 'yallist' => '/home/glaulher/.cache/typescript/4.0/node_modules/@types/yallist/index.d.ts'
[11:48:1.601] Adding entry into typings cache: 'yargs' => '/home/glaulher/.cache/typescript/4.0/node_modules/@types/yargs/index.d.ts'
[11:48:1.603] Adding entry into typings cache: 'yargs-parser' => '/home/glaulher/.cache/typescript/4.0/node_modules/@types/yargs-parser/index.d.ts'
[11:48:1.603] Finished processing cache location '/home/glaulher/.cache/typescript/4.0'
[11:48:1.604] Process id: 20022
[11:48:1.604] NPM location: npm (explicit '--npmLocation' not  provided)
[11:48:1.604] validateDefaultNpmLocation: true
[11:48:1.604] Npm config file: /home/glaulher/.cache/typescript/4.0/package.json
[11:48:1.604] Updating types-registry npm package...
[11:48:1.604] Exec: npm install --ignore-scripts types-registry@latest
[11:48:44.463]     Succeeded. stdout:
    + types-registry@0.1.517
    updated 1 package and audited 837 packages in 29.026s

13 packages are looking for funding
  run `npm fund` for details

found 0 vulnerabilities


[11:48:44.463] Updated types-registry npm package
[15:3:40.756] Parent process has exited, shutting down...
