[2020-12-02 18:09:27.226] [info] [db] Initialized DB client
[2020-12-02 18:09:27.537] [info] [plugin] Loaded /home/glaulher/.config/Insomnia/plugins/dracula
[2020-12-02 18:09:29.231] [info] [FileSystemDriver] Initialized in "/home/glaulher/.config/Insomnia/version-control"
[2020-12-02 18:09:29.503] [info] [ga] Event Activity, Change, insomnia
[2020-12-02 18:09:29.505] [info] [ga] Page /insomnia
[2020-12-02 18:09:30.572] [info] [sync] Initialized
[2020-12-02 18:09:50.007] [info] [ga] Event Modals, Show, WorkspaceEnvironmentsEditModal
[2020-12-02 18:10:03.265] [info] [App] Forcing update from environment change [
  'insert',
  {
    _id: 'env_c20a9378d5d24ecbbed755e4f809b34c',
    type: 'Environment',
    parentId: 'env_9bb39589510f0b60a8b75c39b071d974b499bd36',
    modified: 1606943403199,
    created: 1606943403199,
    name: 'New Environment',
    data: {},
    dataPropertyOrder: null,
    color: null,
    isPrivate: false,
    metaSortKey: 1606943403199
  },
  false
]
[2020-12-02 18:10:15.028] [info] [App] Forcing update from environment change [
  'update',
  {
    _id: 'env_c20a9378d5d24ecbbed755e4f809b34c',
    type: 'Environment',
    parentId: 'env_9bb39589510f0b60a8b75c39b071d974b499bd36',
    modified: 1606943414985,
    created: 1606943403199,
    name: 'github',
    data: {},
    dataPropertyOrder: null,
    color: null,
    isPrivate: false,
    metaSortKey: 1606943403199
  },
  false
]
[2020-12-02 18:10:17.040] [info] [App] Forcing update from environment change [
  'update',
  {
    _id: 'env_c20a9378d5d24ecbbed755e4f809b34c',
    type: 'Environment',
    parentId: 'env_9bb39589510f0b60a8b75c39b071d974b499bd36',
    modified: 1606943416302,
    created: 1606943403199,
    name: 'github',
    data: {},
    dataPropertyOrder: null,
    color: '#7d69cb',
    isPrivate: false,
    metaSortKey: 1606943403199
  },
  false
]
[2020-12-02 18:10:19.395] [info] [App] Forcing update from environment change [
  'update',
  {
    _id: 'env_c20a9378d5d24ecbbed755e4f809b34c',
    type: 'Environment',
    parentId: 'env_9bb39589510f0b60a8b75c39b071d974b499bd36',
    modified: 1606943419331,
    created: 1606943403199,
    name: 'github',
    data: {},
    dataPropertyOrder: null,
    color: '#8767cb',
    isPrivate: false,
    metaSortKey: 1606943403199
  },
  false
]
[2020-12-02 18:10:20.587] [info] [App] Forcing update from environment change [
  'update',
  {
    _id: 'env_c20a9378d5d24ecbbed755e4f809b34c',
    type: 'Environment',
    parentId: 'env_9bb39589510f0b60a8b75c39b071d974b499bd36',
    modified: 1606943420563,
    created: 1606943403199,
    name: 'github',
    data: {},
    dataPropertyOrder: null,
    color: '#8fcb67',
    isPrivate: false,
    metaSortKey: 1606943403199
  },
  false
]
[2020-12-02 18:10:21.093] [info] [App] Forcing update from environment change [
  'update',
  {
    _id: 'env_c20a9378d5d24ecbbed755e4f809b34c',
    type: 'Environment',
    parentId: 'env_9bb39589510f0b60a8b75c39b071d974b499bd36',
    modified: 1606943421068,
    created: 1606943403199,
    name: 'github',
    data: {},
    dataPropertyOrder: null,
    color: '#67cb78',
    isPrivate: false,
    metaSortKey: 1606943403199
  },
  false
]
[2020-12-02 18:10:21.622] [info] [App] Forcing update from environment change [
  'update',
  {
    _id: 'env_c20a9378d5d24ecbbed755e4f809b34c',
    type: 'Environment',
    parentId: 'env_9bb39589510f0b60a8b75c39b071d974b499bd36',
    modified: 1606943421375,
    created: 1606943403199,
    name: 'github',
    data: {},
    dataPropertyOrder: null,
    color: '#67cb9c',
    isPrivate: false,
    metaSortKey: 1606943403199
  },
  false
]
[2020-12-02 18:10:38.164] [info] [ga] Event Modals, Show, WorkspaceEnvironmentsEditModal
[2020-12-02 18:10:52.925] [info] [ga] Event Modals, Show, WorkspaceEnvironmentsEditModal
[2020-12-02 18:11:10.420] [info] [App] Forcing update from environment change [
  'insert',
  {
    _id: 'env_e6648a12b9cc443385f13216cdf57405',
    type: 'Environment',
    parentId: 'env_9bb39589510f0b60a8b75c39b071d974b499bd36',
    modified: 1606943470376,
    created: 1606943470376,
    name: 'github (Copy)',
    data: {},
    dataPropertyOrder: null,
    color: '#67cb9c',
    isPrivate: false,
    metaSortKey: 1606943403249
  },
  false
]
[2020-12-02 18:11:14.706] [info] [App] Forcing update from environment change [
  'remove',
  {
    _id: 'env_e6648a12b9cc443385f13216cdf57405',
    type: 'Environment',
    parentId: 'env_9bb39589510f0b60a8b75c39b071d974b499bd36',
    modified: 1606943470376,
    created: 1606943470376,
    name: 'github (Copy)',
    data: {},
    dataPropertyOrder: null,
    color: '#67cb9c',
    isPrivate: false,
    metaSortKey: 1606943403249
  },
  false
]
[2020-12-02 18:11:20.086] [info] [App] Forcing update from environment change [
  'remove',
  {
    _id: 'env_c20a9378d5d24ecbbed755e4f809b34c',
    type: 'Environment',
    parentId: 'env_9bb39589510f0b60a8b75c39b071d974b499bd36',
    modified: 1606943421375,
    created: 1606943403199,
    name: 'github',
    data: {},
    dataPropertyOrder: null,
    color: '#67cb9c',
    isPrivate: false,
    metaSortKey: 1606943403199
  },
  false
]
[2020-12-02 18:11:34.758] [info] [ga] Event Modals, Show, PromptModal
[2020-12-02 18:11:40.769] [info] [ga] Page /insomnia
[2020-12-02 18:11:40.848] [info] [app] Waiting for migration to complete
[2020-12-02 18:11:40.852] [info] [app] Waiting for migration to complete
[2020-12-02 18:11:40.857] [info] [ga] Page /insomnia
[2020-12-02 18:11:41.009] [info] [app] Waiting for migration to complete
[2020-12-02 18:11:41.010] [info] [App] Forcing update from environment change [
  'insert',
  {
    _id: 'env_2ea3b6152734a0ffd501cf62f41b0c33f509a19d',
    type: 'Environment',
    parentId: 'wrk_7330e90e9e3a40abb413a901414f901e',
    modified: 1606943500937,
    created: 1606943500937,
    name: 'Base Environment',
    data: {},
    dataPropertyOrder: null,
    color: null,
    isPrivate: false,
    metaSortKey: 1606943500937
  },
  false
]
[2020-12-02 18:11:41.060] [info] [ga] Page /insomnia
[2020-12-02 18:13:48.931] [info] [ga] Event Modals, Show, WorkspaceEnvironmentsEditModal
[2020-12-02 18:13:53.832] [info] [App] Forcing update from environment change [
  'update',
  {
    _id: 'env_2ea3b6152734a0ffd501cf62f41b0c33f509a19d',
    type: 'Environment',
    parentId: 'wrk_7330e90e9e3a40abb413a901414f901e',
    modified: 1606943633569,
    created: 1606943500937,
    name: 'Base Environment',
    data: {},
    dataPropertyOrder: {},
    color: null,
    isPrivate: false,
    metaSortKey: 1606943500937
  },
  false
]
[2020-12-02 18:14:15.072] [info] [App] Forcing update from environment change [
  'update',
  {
    _id: 'env_2ea3b6152734a0ffd501cf62f41b0c33f509a19d',
    type: 'Environment',
    parentId: 'wrk_7330e90e9e3a40abb413a901414f901e',
    modified: 1606943655051,
    created: 1606943500937,
    name: 'Base Environment',
    data: { base_url: '' },
    dataPropertyOrder: { '&': [ 'base_url' ] },
    color: null,
    isPrivate: false,
    metaSortKey: 1606943500937
  },
  false
]
[2020-12-02 18:14:20.109] [info] [App] Forcing update from environment change [
  'update',
  {
    _id: 'env_2ea3b6152734a0ffd501cf62f41b0c33f509a19d',
    type: 'Environment',
    parentId: 'wrk_7330e90e9e3a40abb413a901414f901e',
    modified: 1606943660091,
    created: 1606943500937,
    name: 'Base Environment',
    data: { base_url: 'h' },
    dataPropertyOrder: { '&': [ 'base_url' ] },
    color: null,
    isPrivate: false,
    metaSortKey: 1606943500937
  },
  false
]
[2020-12-02 18:14:21.148] [info] [App] Forcing update from environment change [
  'update',
  {
    _id: 'env_2ea3b6152734a0ffd501cf62f41b0c33f509a19d',
    type: 'Environment',
    parentId: 'wrk_7330e90e9e3a40abb413a901414f901e',
    modified: 1606943661137,
    created: 1606943500937,
    name: 'Base Environment',
    data: { base_url: 'http' },
    dataPropertyOrder: { '&': [ 'base_url' ] },
    color: null,
    isPrivate: false,
    metaSortKey: 1606943500937
  },
  false
]
[2020-12-02 18:14:21.591] [info] [App] Forcing update from environment change [
  'update',
  {
    _id: 'env_2ea3b6152734a0ffd501cf62f41b0c33f509a19d',
    type: 'Environment',
    parentId: 'wrk_7330e90e9e3a40abb413a901414f901e',
    modified: 1606943661582,
    created: 1606943500937,
    name: 'Base Environment',
    data: { base_url: 'https' },
    dataPropertyOrder: { '&': [ 'base_url' ] },
    color: null,
    isPrivate: false,
    metaSortKey: 1606943500937
  },
  false
]
[2020-12-02 18:14:22.829] [info] [App] Forcing update from environment change [
  'update',
  {
    _id: 'env_2ea3b6152734a0ffd501cf62f41b0c33f509a19d',
    type: 'Environment',
    parentId: 'wrk_7330e90e9e3a40abb413a901414f901e',
    modified: 1606943662789,
    created: 1606943500937,
    name: 'Base Environment',
    data: { base_url: 'https://' },
    dataPropertyOrder: { '&': [ 'base_url' ] },
    color: null,
    isPrivate: false,
    metaSortKey: 1606943500937
  },
  false
]
[2020-12-02 18:14:25.248] [info] [App] Forcing update from environment change [
  'update',
  {
    _id: 'env_2ea3b6152734a0ffd501cf62f41b0c33f509a19d',
    type: 'Environment',
    parentId: 'wrk_7330e90e9e3a40abb413a901414f901e',
    modified: 1606943665226,
    created: 1606943500937,
    name: 'Base Environment',
    data: { base_url: 'https://api' },
    dataPropertyOrder: { '&': [ 'base_url' ] },
    color: null,
    isPrivate: false,
    metaSortKey: 1606943500937
  },
  false
]
[2020-12-02 18:14:26.356] [info] [App] Forcing update from environment change [
  'update',
  {
    _id: 'env_2ea3b6152734a0ffd501cf62f41b0c33f509a19d',
    type: 'Environment',
    parentId: 'wrk_7330e90e9e3a40abb413a901414f901e',
    modified: 1606943666261,
    created: 1606943500937,
    name: 'Base Environment',
    data: { base_url: 'https://api.' },
    dataPropertyOrder: { '&': [ 'base_url' ] },
    color: null,
    isPrivate: false,
    metaSortKey: 1606943500937
  },
  false
]
[2020-12-02 18:14:28.371] [info] [App] Forcing update from environment change [
  'update',
  {
    _id: 'env_2ea3b6152734a0ffd501cf62f41b0c33f509a19d',
    type: 'Environment',
    parentId: 'wrk_7330e90e9e3a40abb413a901414f901e',
    modified: 1606943668360,
    created: 1606943500937,
    name: 'Base Environment',
    data: { base_url: 'https://api.git' },
    dataPropertyOrder: { '&': [ 'base_url' ] },
    color: null,
    isPrivate: false,
    metaSortKey: 1606943500937
  },
  false
]
[2020-12-02 18:14:31.435] [info] [App] Forcing update from environment change [
  'update',
  {
    _id: 'env_2ea3b6152734a0ffd501cf62f41b0c33f509a19d',
    type: 'Environment',
    parentId: 'wrk_7330e90e9e3a40abb413a901414f901e',
    modified: 1606943671426,
    created: 1606943500937,
    name: 'Base Environment',
    data: { base_url: 'https://api.github' },
    dataPropertyOrder: { '&': [ 'base_url' ] },
    color: null,
    isPrivate: false,
    metaSortKey: 1606943500937
  },
  false
]
[2020-12-02 18:14:32.723] [info] [App] Forcing update from environment change [
  'update',
  {
    _id: 'env_2ea3b6152734a0ffd501cf62f41b0c33f509a19d',
    type: 'Environment',
    parentId: 'wrk_7330e90e9e3a40abb413a901414f901e',
    modified: 1606943672714,
    created: 1606943500937,
    name: 'Base Environment',
    data: { base_url: 'https://api.github.com' },
    dataPropertyOrder: { '&': [ 'base_url' ] },
    color: null,
    isPrivate: false,
    metaSortKey: 1606943500937
  },
  false
]
[2020-12-02 18:14:44.933] [info] [ga] Event Modals, Show, RequestCreateModal
[2020-12-02 18:14:50.393] [info] [ga] Event Request, Create
[2020-12-02 18:15:00.184] [info] [network] Sending req=req_5d1464d2553b4a20b083e039d9113d23 env=n/a
[2020-12-02 18:15:00.416] [info] [net] Set CA to /tmp/insomnia_2020.4.2/2017-09-20.pem
[2020-12-02 18:15:01.342] [info] [network] Response succeeded req=req_5d1464d2553b4a20b083e039d9113d23 status=200
[2020-12-02 18:16:31.004] [info] [network] Sending req=req_5d1464d2553b4a20b083e039d9113d23 env=n/a
[2020-12-02 18:16:32.476] [info] [network] Response succeeded req=req_5d1464d2553b4a20b083e039d9113d23 status=200
[2020-12-02 18:21:07.490] [info] [network] Sending req=req_5d1464d2553b4a20b083e039d9113d23 env=n/a
[2020-12-02 18:21:08.952] [info] [network] Response succeeded req=req_5d1464d2553b4a20b083e039d9113d23 status=200
[2020-12-02 18:22:23.855] [info] [network] Sending req=req_5d1464d2553b4a20b083e039d9113d23 env=n/a
[2020-12-02 18:22:24.889] [info] [network] Response succeeded req=req_5d1464d2553b4a20b083e039d9113d23 status=200
[2020-12-02 18:41:33.380] [info] [network] Sending req=req_5d1464d2553b4a20b083e039d9113d23 env=n/a
[2020-12-02 18:41:33.981] [info] [network] Response succeeded req=req_5d1464d2553b4a20b083e039d9113d23 status=200
[2020-12-02 18:42:26.060] [info] [ga] Event Modals, Show, PromptModal
[2020-12-02 18:42:31.146] [info] [network] Sending req=req_78f51892d40c47569a67c0607ffdc207 env=n/a
[2020-12-02 18:42:31.668] [info] [network] Response succeeded req=req_78f51892d40c47569a67c0607ffdc207 status=200
[2020-12-02 18:43:00.225] [info] [network] Sending req=req_5d1464d2553b4a20b083e039d9113d23 env=n/a
[2020-12-02 18:43:01.221] [info] [network] Response succeeded req=req_5d1464d2553b4a20b083e039d9113d23 status=200
[2020-12-02 19:42:13.646] [info] [network] Sending req=req_5d1464d2553b4a20b083e039d9113d23 env=n/a
[2020-12-02 19:42:14.881] [info] [network] Response succeeded req=req_5d1464d2553b4a20b083e039d9113d23 status=200
[2020-12-02 19:43:03.480] [info] [network] Sending req=req_78f51892d40c47569a67c0607ffdc207 env=n/a
[2020-12-02 19:43:03.756] [info] [network] Response succeeded req=req_78f51892d40c47569a67c0607ffdc207 status=200
[2020-12-02 19:43:18.793] [info] [network] Sending req=req_78f51892d40c47569a67c0607ffdc207 env=n/a
[2020-12-02 19:43:19.429] [info] [network] Response succeeded req=req_78f51892d40c47569a67c0607ffdc207 status=404
[2020-12-02 19:43:30.753] [info] [network] Sending req=req_78f51892d40c47569a67c0607ffdc207 env=n/a
[2020-12-02 19:43:31.082] [info] [network] Response succeeded req=req_78f51892d40c47569a67c0607ffdc207 status=404
[2020-12-02 19:43:39.286] [info] [network] Sending req=req_78f51892d40c47569a67c0607ffdc207 env=n/a
[2020-12-02 19:43:40.153] [info] [network] Response succeeded req=req_78f51892d40c47569a67c0607ffdc207 status=200
[2020-12-02 19:57:43.136] [info] [network] Sending req=req_78f51892d40c47569a67c0607ffdc207 env=n/a
[2020-12-02 19:57:46.350] [error] Error: Minified React error #185; visit https://reactjs.org/docs/error-decoder.html?invariant=185 for the full message or use the non-minified dev environment for full errors and additional helpful warnings.
    at Ig (file:///tmp/.mount_InsomnGH4Jai/resources/app.asar/bundle.js:195777:46)
    at Object.enqueueSetState (file:///tmp/.mount_InsomnGH4Jai/resources/app.asar/bundle.js:195679:237)
    at ResponseTimer.module.exports.F.setState (file:///tmp/.mount_InsomnGH4Jai/resources/app.asar/bundle.js:195527:369)
    at ResponseTimer._handleUpdateElapsedTime (file:///tmp/.mount_InsomnGH4Jai/resources/app.asar/bundle.js:120532:10)
    at ResponseTimer.componentDidUpdate (file:///tmp/.mount_InsomnGH4Jai/resources/app.asar/bundle.js:120551:10)
    at Ji (file:///tmp/.mount_InsomnGH4Jai/resources/app.asar/bundle.js:195759:231)
    at Sj (file:///tmp/.mount_InsomnGH4Jai/resources/app.asar/bundle.js:195802:229)
    at module.exports.exports.unstable_runWithPriority (file:///tmp/.mount_InsomnGH4Jai/resources/app.asar/bundle.js:195877:467)
    at cg (file:///tmp/.mount_InsomnGH4Jai/resources/app.asar/bundle.js:195669:325)
    at Jj (file:///tmp/.mount_InsomnGH4Jai/resources/app.asar/bundle.js:195795:370)
[2020-12-02 19:57:46.825] [info] [network] Response succeeded req=req_78f51892d40c47569a67c0607ffdc207 status=200
[2020-12-02 20:01:25.364] [info] [ga] Event Modals, Show, PromptModal
[2020-12-02 20:02:01.654] [info] [network] Sending req=req_501112c9824c4105bf19edea910359e5 env=n/a
[2020-12-02 20:02:02.916] [info] [network] Response succeeded req=req_501112c9824c4105bf19edea910359e5 status=200
[2020-12-02 20:07:29.010] [info] [network] Sending req=req_501112c9824c4105bf19edea910359e5 env=n/a
[2020-12-02 20:07:29.993] [error] Error: Minified React error #185; visit https://reactjs.org/docs/error-decoder.html?invariant=185 for the full message or use the non-minified dev environment for full errors and additional helpful warnings.
    at Ig (file:///tmp/.mount_InsomnGH4Jai/resources/app.asar/bundle.js:195777:46)
    at Object.enqueueSetState (file:///tmp/.mount_InsomnGH4Jai/resources/app.asar/bundle.js:195679:237)
    at ResponseTimer.module.exports.F.setState (file:///tmp/.mount_InsomnGH4Jai/resources/app.asar/bundle.js:195527:369)
    at ResponseTimer._handleUpdateElapsedTime (file:///tmp/.mount_InsomnGH4Jai/resources/app.asar/bundle.js:120532:10)
    at ResponseTimer.componentDidUpdate (file:///tmp/.mount_InsomnGH4Jai/resources/app.asar/bundle.js:120551:10)
    at Ji (file:///tmp/.mount_InsomnGH4Jai/resources/app.asar/bundle.js:195759:231)
    at Sj (file:///tmp/.mount_InsomnGH4Jai/resources/app.asar/bundle.js:195802:229)
    at module.exports.exports.unstable_runWithPriority (file:///tmp/.mount_InsomnGH4Jai/resources/app.asar/bundle.js:195877:467)
    at cg (file:///tmp/.mount_InsomnGH4Jai/resources/app.asar/bundle.js:195669:325)
    at Jj (file:///tmp/.mount_InsomnGH4Jai/resources/app.asar/bundle.js:195795:370)
[2020-12-02 20:07:31.450] [info] [network] Response succeeded req=req_501112c9824c4105bf19edea910359e5 status=422
[2020-12-02 20:08:19.167] [info] [network] Sending req=req_501112c9824c4105bf19edea910359e5 env=n/a
[2020-12-02 20:08:19.405] [info] [network] Response succeeded req=req_501112c9824c4105bf19edea910359e5 status=403
