Initializing document watcher...
github.search/src/pages/Dashboard/index.tsx: {"insertSpaces":true,"tabSize":2}
github.search/src/routes/index.tsx: {"insertSpaces":true,"tabSize":2}
github.search/src/pages/Dashboard/index.tsx: {"insertSpaces":true,"tabSize":2}
github.search/yarn-error.log: {"insertSpaces":true,"tabSize":2}
github.search/tsconfig.json: {"insertSpaces":true,"tabSize":2}
github.search/src/pages/Dashboard/index.tsx: {"insertSpaces":true,"tabSize":2}
github.search/src/routes/index.tsx: {"insertSpaces":true,"tabSize":2}
github.search/src/pages/Dashboard/index.tsx: {"insertSpaces":true,"tabSize":2}
github.search/src/pages/Dashboard/index.tsx: {"insertSpaces":true,"tabSize":2}
github.search/src/pages/Dashboard/index.tsx: {"insertSpaces":true,"tabSize":2}
github.search/src/pages/Dashboard/index.tsx: {"insertSpaces":true,"tabSize":2}
github.search/tsconfig.json: {"insertSpaces":true,"tabSize":2}
github.search/tsconfig.json: {"insertSpaces":true,"tabSize":2}
github.search/tsconfig.json: {"insertSpaces":true,"tabSize":2}
github.search/src/pages/Dashboard/index.tsx: {"insertSpaces":true,"tabSize":2}
github.search/package.json: {"insertSpaces":true,"tabSize":2}
github.search/package.json: {"insertSpaces":true,"tabSize":2}
github.search/package.json: Using EditorConfig core...
package.json: editor.action.trimTrailingWhitespace
github.search/package.json: {"insertSpaces":true,"tabSize":2}
github.search/package.json: Using EditorConfig core...
package.json: editor.action.trimTrailingWhitespace
github.search/yarn-error.log: {"insertSpaces":true,"tabSize":2}
github.search/yarn-error.log: {"insertSpaces":true,"tabSize":2}
github.search/yarn-error.log: {"insertSpaces":true,"tabSize":2}
github.search/package.json: {"insertSpaces":true,"tabSize":2}
github.search/yarn.lock: {"insertSpaces":true,"tabSize":2}
github.search/yarn.lock: {"insertSpaces":true,"tabSize":2}
github.search/yarn.lock: {"insertSpaces":true,"tabSize":2}
github.search/package.json: {"insertSpaces":true,"tabSize":2}
github.search/.eslintrc.json: {"insertSpaces":true,"tabSize":2}
github.search/.eslintrc.json: Using EditorConfig core...
.eslintrc.json: editor.action.trimTrailingWhitespace
github.search/.eslintrc.json: {"insertSpaces":true,"tabSize":2}
github.search/.eslintrc.json: {"insertSpaces":true,"tabSize":2}
github.search/tsconfig.json: {"insertSpaces":true,"tabSize":2}
github.search/tsconfig.json: Using EditorConfig core...
tsconfig.json: editor.action.trimTrailingWhitespace
github.search/package.json: {"insertSpaces":true,"tabSize":2}
github.search/tsconfig.json: {"insertSpaces":true,"tabSize":2}
github.search/src/routes/index.tsx: {"insertSpaces":true,"tabSize":2}
github.search/src/routes/index.tsx: Using EditorConfig core...
src/routes/index.tsx: editor.action.trimTrailingWhitespace
github.search/src/routes/index.tsx: Using EditorConfig core...
src/routes/index.tsx: editor.action.trimTrailingWhitespace
github.search/src/pages/Dashboard/index.tsx: {"insertSpaces":true,"tabSize":2}
github.search/src/routes/index.tsx: {"insertSpaces":true,"tabSize":2}
github.search/src/pages/Dashboard/index.tsx: {"insertSpaces":true,"tabSize":2}
github.search/src/pages/Dashboard/index.tsx: Using EditorConfig core...
src/pages/Dashboard/index.tsx: editor.action.trimTrailingWhitespace
github.search/src/pages/Dashboard/index.tsx: Using EditorConfig core...
src/pages/Dashboard/index.tsx: editor.action.trimTrailingWhitespace
github.search/src/pages/Dashboard/index.tsx: Using EditorConfig core...
src/pages/Dashboard/index.tsx: editor.action.trimTrailingWhitespace
src/pages/Dashboard/index.tsx: insertFinalNewline(LF)
github.search/src/routes/index.tsx: {"insertSpaces":true,"tabSize":2}
github.search/src/App.tsx: {"insertSpaces":true,"tabSize":2}
github.search/src/App.tsx: Using EditorConfig core...
src/App.tsx: editor.action.trimTrailingWhitespace
github.search/src/routes/index.tsx: {"insertSpaces":true,"tabSize":2}
github.search/src/App.tsx: {"insertSpaces":true,"tabSize":2}
github.search/src/App.tsx: Using EditorConfig core...
src/App.tsx: editor.action.trimTrailingWhitespace
github.search/src/index.tsx: {"insertSpaces":true,"tabSize":2}
github.search/src/index.tsx: Using EditorConfig core...
src/index.tsx: editor.action.trimTrailingWhitespace
github.search/src/App.tsx: {"insertSpaces":true,"tabSize":2}
github.search/src/pages/Dashboard/index.tsx: {"insertSpaces":true,"tabSize":2}
github.search/src/pages/Dashboard/index.tsx: Using EditorConfig core...
src/pages/Dashboard/index.tsx: editor.action.trimTrailingWhitespace
github.search/.eslintrc.json: {"insertSpaces":true,"tabSize":2}
github.search/.eslintignore: {"insertSpaces":true,"tabSize":2}
github.search/.eslintcache: {"insertSpaces":true,"tabSize":2}
github.search/.editorconfig: {"insertSpaces":true,"tabSize":2}
github.search/.eslintcache: {"insertSpaces":true,"tabSize":2}
github.search/.eslintignore: {"insertSpaces":true,"tabSize":2}
github.search/.eslintrc.json: {"insertSpaces":true,"tabSize":2}
github.search/prettier.config.js: {"insertSpaces":true,"tabSize":2}
github.search/.eslintrc.json: {"insertSpaces":true,"tabSize":2}
