Looking for git in: git
Using git 2.29.2 from git
> git rev-parse --git-dir
Open repository: /home/glaulher/Documentos/javascript/bootcamp/github.search
> git status -z -u
> git symbolic-ref --short HEAD
> git rev-parse main
> git check-ignore -v -z --stdin
> git rev-parse --symbolic-full-name main@{u}
> git rev-list --left-right main...refs/remotes/origin/main
> git for-each-ref --sort -committerdate --format %(refname) %(objectname)
> git remote --verbose
> git config --get commit.template
> git show --textconv :src/pages/Dashboard/index.tsx
> git ls-files --stage -- /home/glaulher/Documentos/javascript/bootcamp/github.search/src/pages/Dashboard/index.tsx
> git show --textconv :src/routes/index.tsx
> git ls-files --stage -- /home/glaulher/Documentos/javascript/bootcamp/github.search/src/routes/index.tsx
> git show --textconv :src/pages/Dashboard/index.tsx
> git ls-files --stage -- /home/glaulher/Documentos/javascript/bootcamp/github.search/src/pages/Dashboard/index.tsx
> git show --textconv :yarn-error.log
> git ls-files --stage -- /home/glaulher/Documentos/javascript/bootcamp/github.search/yarn-error.log
> git show --textconv :tsconfig.json
> git ls-files --stage -- /home/glaulher/Documentos/javascript/bootcamp/github.search/tsconfig.json
> git cat-file -s a273b0cfc0e965c35524e3cd0d3574cbe1ad2d0d
> git show --textconv :src/pages/Dashboard/index.tsx
> git ls-files --stage -- /home/glaulher/Documentos/javascript/bootcamp/github.search/src/pages/Dashboard/index.tsx
> git show --textconv :src/routes/index.tsx
> git ls-files --stage -- /home/glaulher/Documentos/javascript/bootcamp/github.search/src/routes/index.tsx
> git show --textconv :src/pages/Dashboard/index.tsx
> git ls-files --stage -- /home/glaulher/Documentos/javascript/bootcamp/github.search/src/pages/Dashboard/index.tsx
> git check-ignore -v -z --stdin
> git show --textconv :tsconfig.json
> git ls-files --stage -- /home/glaulher/Documentos/javascript/bootcamp/github.search/tsconfig.json
> git cat-file -s a273b0cfc0e965c35524e3cd0d3574cbe1ad2d0d
> git show --textconv :src/pages/Dashboard/index.tsx
> git ls-files --stage -- /home/glaulher/Documentos/javascript/bootcamp/github.search/src/pages/Dashboard/index.tsx
> git status -z -u
> git symbolic-ref --short HEAD
> git rev-parse main
> git rev-parse --symbolic-full-name main@{u}
> git rev-list --left-right main...refs/remotes/origin/main
> git for-each-ref --sort -committerdate --format %(refname) %(objectname)
> git remote --verbose
> git config --get commit.template
> git show --textconv :package.json
> git ls-files --stage -- /home/glaulher/Documentos/javascript/bootcamp/github.search/package.json
> git cat-file -s fcdfc60c90b3352bdf0ba37a769a93a1da163079
> git status -z -u
> git symbolic-ref --short HEAD
> git rev-parse main
> git rev-parse --symbolic-full-name main@{u}
> git rev-list --left-right main...refs/remotes/origin/main
> git for-each-ref --sort -committerdate --format %(refname) %(objectname)
> git remote --verbose
> git config --get commit.template
> git status -z -u
> git symbolic-ref --short HEAD
> git rev-parse main
> git rev-parse --symbolic-full-name main@{u}
> git rev-list --left-right main...refs/remotes/origin/main
> git for-each-ref --sort -committerdate --format %(refname) %(objectname)
> git remote --verbose
> git config --get commit.template
> git show --textconv :yarn-error.log
> git ls-files --stage -- /home/glaulher/Documentos/javascript/bootcamp/github.search/yarn-error.log
> git show --textconv :package.json
> git ls-files --stage -- /home/glaulher/Documentos/javascript/bootcamp/github.search/package.json
> git cat-file -s fcdfc60c90b3352bdf0ba37a769a93a1da163079
> git status -z -u
> git symbolic-ref --short HEAD
> git rev-parse main
> git rev-parse --symbolic-full-name main@{u}
> git rev-list --left-right main...refs/remotes/origin/main
> git for-each-ref --sort -committerdate --format %(refname) %(objectname)
> git remote --verbose
> git config --get commit.template
> git show --textconv :yarn.lock
> git ls-files --stage -- /home/glaulher/Documentos/javascript/bootcamp/github.search/yarn.lock
> git cat-file -s 06127e5339cb8a73f9e52bf430867e6db9296017
> git show --textconv :package.json
> git ls-files --stage -- /home/glaulher/Documentos/javascript/bootcamp/github.search/package.json
> git cat-file -s fcdfc60c90b3352bdf0ba37a769a93a1da163079
> git status -z -u
> git symbolic-ref --short HEAD
> git rev-parse main
> git rev-parse --symbolic-full-name main@{u}
> git rev-list --left-right main...refs/remotes/origin/main
> git for-each-ref --sort -committerdate --format %(refname) %(objectname)
> git remote --verbose
> git config --get commit.template
> git show --textconv :.eslintrc.json
> git ls-files --stage -- /home/glaulher/Documentos/javascript/bootcamp/github.search/.eslintrc.json
> git status -z -u
> git symbolic-ref --short HEAD
> git rev-parse main
> git rev-parse --symbolic-full-name main@{u}
> git rev-list --left-right main...refs/remotes/origin/main
> git for-each-ref --sort -committerdate --format %(refname) %(objectname)
> git remote --verbose
> git config --get commit.template
> git status -z -u
> git symbolic-ref --short HEAD
> git rev-parse main
> git rev-parse --symbolic-full-name main@{u}
> git rev-list --left-right main...refs/remotes/origin/main
> git for-each-ref --sort -committerdate --format %(refname) %(objectname)
> git remote --verbose
> git config --get commit.template
> git status -z -u
> git symbolic-ref --short HEAD
> git rev-parse main
> git rev-parse --symbolic-full-name main@{u}
> git rev-list --left-right main...refs/remotes/origin/main
> git for-each-ref --sort -committerdate --format %(refname) %(objectname)
> git remote --verbose
> git config --get commit.template
> git show --textconv :tsconfig.json
> git ls-files --stage -- /home/glaulher/Documentos/javascript/bootcamp/github.search/tsconfig.json
> git cat-file -s a273b0cfc0e965c35524e3cd0d3574cbe1ad2d0d
> git status -z -u
> git symbolic-ref --short HEAD
> git rev-parse main
> git rev-parse --symbolic-full-name main@{u}
> git ls-files --stage -- /home/glaulher/Documentos/javascript/bootcamp/github.search/tsconfig.json
> git rev-list --left-right main...refs/remotes/origin/main
> git cat-file -s a273b0cfc0e965c35524e3cd0d3574cbe1ad2d0d
> git for-each-ref --sort -committerdate --format %(refname) %(objectname)
> git remote --verbose
> git config --get commit.template
> git show --textconv :tsconfig.json
> git status -z -u
> git symbolic-ref --short HEAD
> git rev-parse main
> git rev-parse --symbolic-full-name main@{u}
> git rev-list --left-right main...refs/remotes/origin/main
> git for-each-ref --sort -committerdate --format %(refname) %(objectname)
> git remote --verbose
> git config --get commit.template
> git status -z -u
> git symbolic-ref --short HEAD
> git rev-parse main
> git rev-parse --symbolic-full-name main@{u}
> git rev-list --left-right main...refs/remotes/origin/main
> git for-each-ref --sort -committerdate --format %(refname) %(objectname)
> git remote --verbose
> git config --get commit.template
> git status -z -u
> git symbolic-ref --short HEAD
> git rev-parse main
> git rev-parse --symbolic-full-name main@{u}
> git rev-list --left-right main...refs/remotes/origin/main
> git for-each-ref --sort -committerdate --format %(refname) %(objectname)
> git remote --verbose
> git config --get commit.template
> git show --textconv :package.json
> git ls-files --stage -- /home/glaulher/Documentos/javascript/bootcamp/github.search/package.json
> git cat-file -s fcdfc60c90b3352bdf0ba37a769a93a1da163079
> git show --textconv :tsconfig.json
> git ls-files --stage -- /home/glaulher/Documentos/javascript/bootcamp/github.search/tsconfig.json
> git cat-file -s a273b0cfc0e965c35524e3cd0d3574cbe1ad2d0d
> git show --textconv :src/routes/index.tsx
> git ls-files --stage -- /home/glaulher/Documentos/javascript/bootcamp/github.search/src/routes/index.tsx
> git status -z -u
> git symbolic-ref --short HEAD
> git rev-parse main
> git rev-parse --symbolic-full-name main@{u}
> git rev-list --left-right main...refs/remotes/origin/main
> git for-each-ref --sort -committerdate --format %(refname) %(objectname)
> git remote --verbose
> git config --get commit.template
> git status -z -u
> git symbolic-ref --short HEAD
> git rev-parse main
> git rev-parse --symbolic-full-name main@{u}
> git rev-list --left-right main...refs/remotes/origin/main
> git for-each-ref --sort -committerdate --format %(refname) %(objectname)
> git remote --verbose
> git config --get commit.template
> git show --textconv :src/pages/Dashboard/index.tsx
> git ls-files --stage -- /home/glaulher/Documentos/javascript/bootcamp/github.search/src/pages/Dashboard/index.tsx
> git show --textconv :src/routes/index.tsx
> git ls-files --stage -- /home/glaulher/Documentos/javascript/bootcamp/github.search/src/routes/index.tsx
> git show --textconv :src/pages/Dashboard/index.tsx
> git ls-files --stage -- /home/glaulher/Documentos/javascript/bootcamp/github.search/src/pages/Dashboard/index.tsx
> git status -z -u
> git symbolic-ref --short HEAD
> git rev-parse main
> git rev-parse --symbolic-full-name main@{u}
> git rev-list --left-right main...refs/remotes/origin/main
> git for-each-ref --sort -committerdate --format %(refname) %(objectname)
> git remote --verbose
> git config --get commit.template
> git status -z -u
> git symbolic-ref --short HEAD
> git rev-parse main
> git rev-parse --symbolic-full-name main@{u}
> git rev-list --left-right main...refs/remotes/origin/main
> git for-each-ref --sort -committerdate --format %(refname) %(objectname)
> git remote --verbose
> git config --get commit.template
> git status -z -u
> git symbolic-ref --short HEAD
> git rev-parse main
> git rev-parse --symbolic-full-name main@{u}
> git rev-list --left-right main...refs/remotes/origin/main
> git for-each-ref --sort -committerdate --format %(refname) %(objectname)
> git remote --verbose
> git config --get commit.template
> git show --textconv :src/routes/index.tsx
> git ls-files --stage -- /home/glaulher/Documentos/javascript/bootcamp/github.search/src/routes/index.tsx
> git show --textconv :src/App.tsx
> git ls-files --stage -- /home/glaulher/Documentos/javascript/bootcamp/github.search/src/App.tsx
> git cat-file -s a53698aab3c66049c61980112dd0109dd2cd0845
> git status -z -u
> git symbolic-ref --short HEAD
> git rev-parse main
> git rev-parse --symbolic-full-name main@{u}
> git rev-list --left-right main...refs/remotes/origin/main
> git for-each-ref --sort -committerdate --format %(refname) %(objectname)
> git remote --verbose
> git config --get commit.template
> git show --textconv :src/routes/index.tsx
> git ls-files --stage -- /home/glaulher/Documentos/javascript/bootcamp/github.search/src/routes/index.tsx
> git show --textconv :src/App.tsx
> git ls-files --stage -- /home/glaulher/Documentos/javascript/bootcamp/github.search/src/App.tsx
> git cat-file -s a53698aab3c66049c61980112dd0109dd2cd0845
> git status -z -u
> git symbolic-ref --short HEAD
> git rev-parse main
> git rev-parse --symbolic-full-name main@{u}
> git rev-list --left-right main...refs/remotes/origin/main
> git for-each-ref --sort -committerdate --format %(refname) %(objectname)
> git remote --verbose
> git config --get commit.template
> git show --textconv :src/index.tsx
> git ls-files --stage -- /home/glaulher/Documentos/javascript/bootcamp/github.search/src/index.tsx
> git cat-file -s ef2edf8ea3fc42258464231e29140c8723458c1e
> git status -z -u
> git symbolic-ref --short HEAD
> git rev-parse main
> git rev-parse --symbolic-full-name main@{u}
> git rev-list --left-right main...refs/remotes/origin/main
> git for-each-ref --sort -committerdate --format %(refname) %(objectname)
> git remote --verbose
> git config --get commit.template
> git show --textconv :src/App.tsx
> git ls-files --stage -- /home/glaulher/Documentos/javascript/bootcamp/github.search/src/App.tsx
> git cat-file -s a53698aab3c66049c61980112dd0109dd2cd0845
> git show --textconv :src/pages/Dashboard/index.tsx
> git ls-files --stage -- /home/glaulher/Documentos/javascript/bootcamp/github.search/src/pages/Dashboard/index.tsx
> git status -z -u
> git symbolic-ref --short HEAD
> git rev-parse main
> git rev-parse --symbolic-full-name main@{u}
> git rev-list --left-right main...refs/remotes/origin/main
> git for-each-ref --sort -committerdate --format %(refname) %(objectname)
> git remote --verbose
> git config --get commit.template
> git status -z -u
> git symbolic-ref --short HEAD
> git rev-parse main
> git rev-parse --symbolic-full-name main@{u}
> git rev-list --left-right main...refs/remotes/origin/main
> git for-each-ref --sort -committerdate --format %(refname) %(objectname)
> git remote --verbose
> git config --get commit.template
> git status -z -u
> git symbolic-ref --short HEAD
> git rev-parse main
> git rev-parse --symbolic-full-name main@{u}
> git rev-list --left-right main...refs/remotes/origin/main
> git for-each-ref --sort -committerdate --format %(refname) %(objectname)
> git remote --verbose
> git config --get commit.template
> git status -z -u
> git symbolic-ref --short HEAD
> git rev-parse main
> git rev-parse --symbolic-full-name main@{u}
> git rev-list --left-right main...refs/remotes/origin/main
> git for-each-ref --sort -committerdate --format %(refname) %(objectname)
> git remote --verbose
> git config --get commit.template
> git status -z -u
> git symbolic-ref --short HEAD
> git rev-parse main
> git rev-parse --symbolic-full-name main@{u}
> git rev-list --left-right main...refs/remotes/origin/main
> git for-each-ref --sort -committerdate --format %(refname) %(objectname)
> git remote --verbose
> git config --get commit.template
> git show --textconv :.eslintrc.json
> git ls-files --stage -- /home/glaulher/Documentos/javascript/bootcamp/github.search/.eslintrc.json
> git show --textconv :.eslintignore
> git ls-files --stage -- /home/glaulher/Documentos/javascript/bootcamp/github.search/.eslintignore
> git show --textconv :.eslintcache
> git ls-files --stage -- /home/glaulher/Documentos/javascript/bootcamp/github.search/.eslintcache
> git show --textconv :.editorconfig
> git ls-files --stage -- /home/glaulher/Documentos/javascript/bootcamp/github.search/.editorconfig
> git show --textconv :.eslintcache
> git ls-files --stage -- /home/glaulher/Documentos/javascript/bootcamp/github.search/.eslintcache
> git show --textconv :.eslintignore
> git ls-files --stage -- /home/glaulher/Documentos/javascript/bootcamp/github.search/.eslintignore
> git show --textconv :.eslintrc.json
> git ls-files --stage -- /home/glaulher/Documentos/javascript/bootcamp/github.search/.eslintrc.json
> git show --textconv :prettier.config.js
> git ls-files --stage -- /home/glaulher/Documentos/javascript/bootcamp/github.search/prettier.config.js
> git show --textconv :.eslintrc.json
> git ls-files --stage -- /home/glaulher/Documentos/javascript/bootcamp/github.search/.eslintrc.json
