2020/06/20 19:33:33 ERROR: Error: 400 Bad Request
Try again later- 267: searchcity
2020/06/20 19:33:59 ERROR: Error: 400 Bad Request
Try again later- 267: searchcity
2020/06/20 19:45:12 WARNING: Actual day forcast n° 1 : No precipitation info provided- 1619: meteo_qt
2020/06/20 19:45:12 WARNING: Actual day forcast n° 2 : No precipitation info provided- 1619: meteo_qt
2020/06/20 19:45:12 WARNING: Actual day forcast n° 3 : No precipitation info provided- 1619: meteo_qt
2020/06/20 19:45:12 WARNING: Actual day forcast n° 4 : No precipitation info provided- 1619: meteo_qt
2020/06/20 19:45:12 WARNING: Actual day forcast n° 5 : No precipitation info provided- 1619: meteo_qt
2020/06/20 19:45:12 WARNING: Actual day forcast n° 6 : No precipitation info provided- 1619: meteo_qt
2020/06/20 20:49:01 WARNING: Actual day forcast n° 1 : No precipitation info provided- 1619: meteo_qt
2020/06/20 20:49:01 WARNING: Actual day forcast n° 2 : No precipitation info provided- 1619: meteo_qt
2020/06/20 20:49:01 WARNING: Actual day forcast n° 3 : No precipitation info provided- 1619: meteo_qt
2020/06/20 20:49:01 WARNING: Actual day forcast n° 4 : No precipitation info provided- 1619: meteo_qt
2020/06/20 20:49:01 WARNING: Actual day forcast n° 5 : No precipitation info provided- 1619: meteo_qt
2020/06/20 20:49:01 WARNING: Actual day forcast n° 6 : No precipitation info provided- 1619: meteo_qt
2020/06/20 20:53:06 WARNING: Actual day forcast n° 1 : No precipitation info provided- 1619: meteo_qt
2020/06/20 20:53:06 WARNING: Actual day forcast n° 2 : No precipitation info provided- 1619: meteo_qt
2020/06/20 20:53:06 WARNING: Actual day forcast n° 3 : No precipitation info provided- 1619: meteo_qt
2020/06/20 20:53:06 WARNING: Actual day forcast n° 4 : No precipitation info provided- 1619: meteo_qt
2020/06/20 20:53:06 WARNING: Actual day forcast n° 5 : No precipitation info provided- 1619: meteo_qt
2020/06/20 20:53:06 WARNING: Actual day forcast n° 6 : No precipitation info provided- 1619: meteo_qt
2020/06/20 20:53:06 INFO: Actual weather status for: Rio de Janeiro BR 23.4°<br/>Feels like 25.85 °C<br/>clear sky- 2362: meteo_qt
2020/06/20 20:53:57 INFO: Actual weather status for: Rio de Janeiro BR 23.4°<br/>Feels like 25.85 °C<br/>clear sky- 2362: meteo_qt
2020/06/20 20:53:59 WARNING: Actual day forcast n° 1 : No precipitation info provided- 1619: meteo_qt
2020/06/20 20:53:59 WARNING: Actual day forcast n° 2 : No precipitation info provided- 1619: meteo_qt
2020/06/20 20:53:59 WARNING: Actual day forcast n° 3 : No precipitation info provided- 1619: meteo_qt
2020/06/20 20:53:59 WARNING: Actual day forcast n° 4 : No precipitation info provided- 1619: meteo_qt
2020/06/20 20:53:59 WARNING: Actual day forcast n° 5 : No precipitation info provided- 1619: meteo_qt
2020/06/20 20:53:59 WARNING: Actual day forcast n° 6 : No precipitation info provided- 1619: meteo_qt
2020/06/20 20:53:59 INFO: Actual weather status for: Rio de Janeiro BR 23.4°<br/>Feels like 25.85 °C<br/>clear sky- 2362: meteo_qt
2020/06/20 20:54:02 INFO: Actual weather status for: Rio de Janeiro BR 23.4°<br/>Feels like 25.85 °C<br/>clear sky- 2362: meteo_qt
2020/06/20 20:54:23 INFO: Actual weather status for: Rio de Janeiro BR 23.4°<br/>Feels like 25.85 °C<br/>clear sky- 2362: meteo_qt
2020/06/20 20:54:25 WARNING: Actual day forcast n° 1 : No precipitation info provided- 1619: meteo_qt
2020/06/20 20:54:25 WARNING: Actual day forcast n° 2 : No precipitation info provided- 1619: meteo_qt
2020/06/20 20:54:25 WARNING: Actual day forcast n° 3 : No precipitation info provided- 1619: meteo_qt
2020/06/20 20:54:25 WARNING: Actual day forcast n° 4 : No precipitation info provided- 1619: meteo_qt
2020/06/20 20:54:25 WARNING: Actual day forcast n° 5 : No precipitation info provided- 1619: meteo_qt
2020/06/20 20:54:25 WARNING: Actual day forcast n° 6 : No precipitation info provided- 1619: meteo_qt
2020/06/20 20:54:25 INFO: Actual weather status for: Rio de Janeiro BR 23.4°<br/>Feels like 25.85 °C<br/>clear sky- 2362: meteo_qt
2020/06/20 20:54:42 INFO: Actual weather status for: Rio de Janeiro BR 23.4°<br/>Feels like 25.85 °C<br/>clear sky- 2362: meteo_qt
2020/06/20 20:54:49 INFO: Actual weather status for: Rio de Janeiro BR 23.4°<br/>Feels like 25.85 °C<br/>clear sky- 2362: meteo_qt
2020/06/20 20:54:56 INFO: Actual weather status for: Rio de Janeiro BR 23.4°<br/>Feels like 25.85 °C<br/>clear sky- 2362: meteo_qt
2020/06/20 20:55:06 INFO: Actual weather status for: Rio de Janeiro BR 23.4°<br/>Feels like 25.85 °C<br/>clear sky- 2362: meteo_qt
2020/06/20 20:55:11 INFO: Actual weather status for: Rio de Janeiro BR 23.4°<br/>Feels like 25.85 °C<br/>clear sky- 2362: meteo_qt
2020/06/20 20:55:34 INFO: Actual weather status for: Rio de Janeiro BR 23.4°<br/>Feels like 25.85 °C<br/>clear sky- 2362: meteo_qt
2020/06/20 20:55:40 INFO: Actual weather status for: Rio de Janeiro BR 23.4°<br/>Feels like 25.85 °C<br/>clear sky- 2362: meteo_qt
2020/06/20 20:55:52 INFO: Actual weather status for: Rio de Janeiro BR 23.4°<br/>Feels like 25.85 °C<br/>clear sky- 2362: meteo_qt
2020/06/20 20:56:13 INFO: Actual weather status for: Rio de Janeiro BR 23.4°<br/>Feels like 25.85 °C<br/>clear sky- 2362: meteo_qt
2020/06/20 20:56:49 INFO: Actual weather status for: Rio de Janeiro BR 23.4°<br/>Feels like 25.85 °C<br/>clear sky- 2362: meteo_qt
2020/06/20 20:56:57 INFO: Actual weather status for: Rio de Janeiro BR 23.4°<br/>Feels like 25.85 °C<br/>clear sky- 2362: meteo_qt
2020/06/20 20:57:16 INFO: Actual weather status for: Rio de Janeiro BR 23.4°<br/>Feels like 25.85 °C<br/>clear sky- 2362: meteo_qt
2020/06/20 20:57:22 INFO: Actual weather status for: Rio de Janeiro BR 23.4°<br/>Feels like 25.85 °C<br/>clear sky- 2362: meteo_qt
2020/06/20 20:57:29 INFO: Actual weather status for: Rio de Janeiro BR 23.4°<br/>Feels like 25.85 °C<br/>clear sky- 2362: meteo_qt
2020/06/20 20:58:07 INFO: Actual weather status for: Rio de Janeiro BR 23.4°<br/>Feels like 25.85 °C<br/>clear sky- 2362: meteo_qt
2020/06/20 20:58:10 INFO: Actual weather status for: Rio de Janeiro BR 23.4°<br/>Feels like 25.85 °C<br/>clear sky- 2362: meteo_qt
2020/06/20 20:58:10 INFO: Actual weather status for: Rio de Janeiro BR 23.4°<br/>Feels like 25.85 °C<br/>clear sky- 2362: meteo_qt
2020/06/20 21:24:26 WARNING: Actual day forcast n° 1 : No precipitation info provided- 1619: meteo_qt
2020/06/20 21:24:26 WARNING: Actual day forcast n° 2 : No precipitation info provided- 1619: meteo_qt
2020/06/20 21:24:26 WARNING: Actual day forcast n° 3 : No precipitation info provided- 1619: meteo_qt
2020/06/20 21:24:26 WARNING: Actual day forcast n° 4 : No precipitation info provided- 1619: meteo_qt
2020/06/20 21:24:26 WARNING: Actual day forcast n° 5 : No precipitation info provided- 1619: meteo_qt
2020/06/20 21:24:26 WARNING: Actual day forcast n° 6 : No precipitation info provided- 1619: meteo_qt
2020/06/20 21:52:55 WARNING: Actual day forcast n° 1 : No precipitation info provided- 1619: meteo_qt
2020/06/20 21:52:55 WARNING: Actual day forcast n° 2 : No precipitation info provided- 1619: meteo_qt
2020/06/20 21:52:55 WARNING: Actual day forcast n° 3 : No precipitation info provided- 1619: meteo_qt
2020/06/20 21:52:55 WARNING: Actual day forcast n° 4 : No precipitation info provided- 1619: meteo_qt
2020/06/20 21:52:55 WARNING: Actual day forcast n° 5 : No precipitation info provided- 1619: meteo_qt
2020/06/20 21:52:55 WARNING: Actual day forcast n° 6 : No precipitation info provided- 1619: meteo_qt
2020/06/20 22:22:54 WARNING: Actual day forcast n° 1 : No precipitation info provided- 1619: meteo_qt
2020/06/20 22:22:54 WARNING: Actual day forcast n° 2 : No precipitation info provided- 1619: meteo_qt
2020/06/20 22:22:54 WARNING: Actual day forcast n° 3 : No precipitation info provided- 1619: meteo_qt
2020/06/20 22:22:54 WARNING: Actual day forcast n° 4 : No precipitation info provided- 1619: meteo_qt
2020/06/20 22:22:54 WARNING: Actual day forcast n° 5 : No precipitation info provided- 1619: meteo_qt
2020/06/20 22:22:54 WARNING: Actual day forcast n° 6 : No precipitation info provided- 1619: meteo_qt
2020/06/20 22:52:51 WARNING: Error: <urlopen error [Errno -3] Falha temporário na resolução de nome>- 2710: meteo_qt
2020/06/20 22:52:51 INFO: Try again...1- 2711: meteo_qt
2020/06/20 22:52:51 WARNING: Error: <urlopen error [Errno -3] Falha temporário na resolução de nome>- 2710: meteo_qt
2020/06/20 22:52:51 INFO: Try again...2- 2711: meteo_qt
2020/06/20 22:52:51 WARNING: Error: <urlopen error [Errno -3] Falha temporário na resolução de nome>- 2710: meteo_qt
2020/06/20 22:52:51 INFO: Try again...3- 2711: meteo_qt
2020/06/20 22:52:51 WARNING: Error: <urlopen error [Errno -3] Falha temporário na resolução de nome>- 2710: meteo_qt
2020/06/20 22:52:51 INFO: Try again...4- 2711: meteo_qt
2020/06/20 22:52:51 WARNING: Error: <urlopen error [Errno -3] Falha temporário na resolução de nome>- 2710: meteo_qt
2020/06/20 22:52:51 INFO: Try again...5- 2711: meteo_qt
2020/06/20 22:52:51 WARNING: Error: <urlopen error [Errno -3] Falha temporário na resolução de nome>- 2710: meteo_qt
2020/06/20 22:52:51 INFO: Try again...6- 2711: meteo_qt
2020/06/20 22:52:51 WARNING: Error: <urlopen error [Errno -3] Falha temporário na resolução de nome>- 2710: meteo_qt
2020/06/20 22:52:51 INFO: Try again...7- 2711: meteo_qt
2020/06/20 22:52:51 WARNING: Error: <urlopen error [Errno -3] Falha temporário na resolução de nome>- 2710: meteo_qt
2020/06/20 22:52:51 INFO: Try again...8- 2711: meteo_qt
2020/06/20 22:52:51 WARNING: Error: <urlopen error [Errno -3] Falha temporário na resolução de nome>- 2710: meteo_qt
2020/06/20 22:52:51 INFO: Try again...9- 2711: meteo_qt
2020/06/20 22:52:51 WARNING: Error: <urlopen error [Errno -3] Falha temporário na resolução de nome>- 2710: meteo_qt
2020/06/20 22:52:51 INFO: Try again...10- 2711: meteo_qt
2020/06/20 22:52:51 ERROR: <urlopen error [Errno -3] Falha temporário na resolução de nome>- 2704: meteo_qt
2020/06/20 22:52:51 ERROR: Error:
<urlopen error [Errno -3] Falha temporário na resolução de nome>- 2042: meteo_qt
2020/06/20 22:52:51 CRITICAL: Cannot paint icon!- 2289: meteo_qt
2020/06/20 22:53:05 CRITICAL: Cannot paint icon!- 2289: meteo_qt
2020/06/20 22:53:09 WARNING: Actual day forcast n° 1 : No precipitation info provided- 1619: meteo_qt
2020/06/20 22:53:09 WARNING: Actual day forcast n° 2 : No precipitation info provided- 1619: meteo_qt
2020/06/20 22:53:09 WARNING: Actual day forcast n° 3 : No precipitation info provided- 1619: meteo_qt
2020/06/20 22:53:09 WARNING: Actual day forcast n° 4 : No precipitation info provided- 1619: meteo_qt
2020/06/20 22:53:09 WARNING: Actual day forcast n° 5 : No precipitation info provided- 1619: meteo_qt
2020/06/20 22:53:09 WARNING: Actual day forcast n° 6 : No precipitation info provided- 1619: meteo_qt
2020/06/20 22:53:09 INFO: Actual weather status for: Rio de Janeiro BR 22.2°<br/>Feels like 25.29 °C<br/>clear sky- 2362: meteo_qt
2020/06/20 23:23:26 WARNING: Error: <urlopen error [Errno -3] Falha temporário na resolução de nome>- 2710: meteo_qt
2020/06/20 23:23:26 INFO: Try again...1- 2711: meteo_qt
2020/06/20 23:23:46 WARNING: Error: <urlopen error [Errno -3] Falha temporário na resolução de nome>- 2710: meteo_qt
2020/06/20 23:23:46 INFO: Try again...2- 2711: meteo_qt
2020/06/20 23:23:54 INFO: Actual weather status for: Rio de Janeiro BR 22.2°<br/>Feels like 25.29 °C<br/>clear sky- 2362: meteo_qt
2020/06/20 23:24:04 INFO: Actual weather status for: Rio de Janeiro BR 22.2°<br/>Feels like 25.29 °C<br/>clear sky- 2362: meteo_qt
2020/06/20 23:24:04 INFO: Actual weather status for: Rio de Janeiro BR 22.2°<br/>Feels like 25.29 °C<br/>clear sky- 2362: meteo_qt
2020/06/20 23:24:06 WARNING: Error: <urlopen error [Errno -3] Falha temporário na resolução de nome>- 2710: meteo_qt
2020/06/20 23:24:06 INFO: Try again...3- 2711: meteo_qt
2020/06/20 23:24:26 WARNING: Error: <urlopen error [Errno -3] Falha temporário na resolução de nome>- 2710: meteo_qt
2020/06/20 23:24:26 INFO: Try again...4- 2711: meteo_qt
2020/06/20 23:24:46 WARNING: Error: <urlopen error [Errno -3] Falha temporário na resolução de nome>- 2710: meteo_qt
2020/06/20 23:24:46 INFO: Try again...5- 2711: meteo_qt
2020/06/20 23:25:06 WARNING: Error: <urlopen error [Errno -3] Falha temporário na resolução de nome>- 2710: meteo_qt
2020/06/20 23:25:06 INFO: Try again...6- 2711: meteo_qt
2020/06/20 23:25:26 WARNING: Error: <urlopen error [Errno -3] Falha temporário na resolução de nome>- 2710: meteo_qt
2020/06/20 23:25:26 INFO: Try again...7- 2711: meteo_qt
2020/06/20 23:25:46 WARNING: Error: <urlopen error [Errno -3] Falha temporário na resolução de nome>- 2710: meteo_qt
2020/06/20 23:25:46 INFO: Try again...8- 2711: meteo_qt
2020/06/20 23:26:07 WARNING: Error: <urlopen error [Errno -3] Falha temporário na resolução de nome>- 2710: meteo_qt
2020/06/20 23:26:07 INFO: Try again...9- 2711: meteo_qt
2020/06/20 23:26:12 WARNING: Error: HTTP Error 404: Site or Page Not Found- 2710: meteo_qt
2020/06/20 23:26:12 INFO: Try again...10- 2711: meteo_qt
2020/06/20 23:26:12 ERROR: Error:
404 Site or Page Not Found- 2704: meteo_qt
2020/06/20 23:26:12 ERROR: Error:
Error:
404 Site or Page Not Found- 2042: meteo_qt
2020/06/20 23:26:12 CRITICAL: Cannot paint icon!- 2289: meteo_qt
2020/06/20 23:26:18 CRITICAL: Cannot paint icon!- 2289: meteo_qt
2020/06/20 23:26:26 WARNING: Error: HTTP Error 404: Site or Page Not Found- 2710: meteo_qt
2020/06/20 23:26:26 INFO: Try again...1- 2711: meteo_qt
2020/06/20 23:26:26 WARNING: Error: HTTP Error 404: Site or Page Not Found- 2710: meteo_qt
2020/06/20 23:26:26 INFO: Try again...2- 2711: meteo_qt
2020/06/20 23:26:26 WARNING: Error: HTTP Error 404: Site or Page Not Found- 2710: meteo_qt
2020/06/20 23:26:26 INFO: Try again...3- 2711: meteo_qt
2020/06/20 23:26:26 WARNING: Error: HTTP Error 404: Site or Page Not Found- 2710: meteo_qt
2020/06/20 23:26:26 INFO: Try again...4- 2711: meteo_qt
2020/06/20 23:26:26 WARNING: Error: HTTP Error 404: Site or Page Not Found- 2710: meteo_qt
2020/06/20 23:26:26 INFO: Try again...5- 2711: meteo_qt
2020/06/20 23:26:26 WARNING: Error: HTTP Error 404: Site or Page Not Found- 2710: meteo_qt
2020/06/20 23:26:26 INFO: Try again...6- 2711: meteo_qt
2020/06/20 23:26:26 WARNING: Error: HTTP Error 404: Site or Page Not Found- 2710: meteo_qt
2020/06/20 23:26:26 INFO: Try again...7- 2711: meteo_qt
2020/06/20 23:26:26 WARNING: Error: HTTP Error 404: Site or Page Not Found- 2710: meteo_qt
2020/06/20 23:26:26 INFO: Try again...8- 2711: meteo_qt
2020/06/20 23:26:27 WARNING: Error: HTTP Error 404: Site or Page Not Found- 2710: meteo_qt
2020/06/20 23:26:27 INFO: Try again...9- 2711: meteo_qt
2020/06/20 23:26:27 WARNING: Error: HTTP Error 404: Site or Page Not Found- 2710: meteo_qt
2020/06/20 23:26:27 INFO: Try again...10- 2711: meteo_qt
2020/06/20 23:26:27 ERROR: Error:
404 Site or Page Not Found- 2704: meteo_qt
2020/06/20 23:26:27 ERROR: Error:
Error:
404 Site or Page Not Found- 2042: meteo_qt
2020/06/20 23:26:27 CRITICAL: Cannot paint icon!- 2289: meteo_qt
2020/06/20 23:26:33 CRITICAL: Cannot paint icon!- 2289: meteo_qt
2020/06/20 23:26:41 WARNING: Error: HTTP Error 404: Site or Page Not Found- 2710: meteo_qt
2020/06/20 23:26:41 INFO: Try again...1- 2711: meteo_qt
2020/06/20 23:26:41 WARNING: Error: HTTP Error 404: Site or Page Not Found- 2710: meteo_qt
2020/06/20 23:26:41 INFO: Try again...2- 2711: meteo_qt
2020/06/20 23:26:41 WARNING: Error: HTTP Error 404: Site or Page Not Found- 2710: meteo_qt
2020/06/20 23:26:41 INFO: Try again...3- 2711: meteo_qt
2020/06/20 23:26:41 WARNING: Error: HTTP Error 404: Site or Page Not Found- 2710: meteo_qt
2020/06/20 23:26:41 INFO: Try again...4- 2711: meteo_qt
2020/06/20 23:26:41 WARNING: Error: HTTP Error 404: Site or Page Not Found- 2710: meteo_qt
2020/06/20 23:26:41 INFO: Try again...5- 2711: meteo_qt
2020/06/20 23:26:41 WARNING: Error: HTTP Error 404: Site or Page Not Found- 2710: meteo_qt
2020/06/20 23:26:41 INFO: Try again...6- 2711: meteo_qt
2020/06/20 23:26:41 WARNING: Error: HTTP Error 404: Site or Page Not Found- 2710: meteo_qt
2020/06/20 23:26:41 INFO: Try again...7- 2711: meteo_qt
2020/06/20 23:26:41 WARNING: Error: HTTP Error 404: Site or Page Not Found- 2710: meteo_qt
2020/06/20 23:26:41 INFO: Try again...8- 2711: meteo_qt
2020/06/20 23:26:41 WARNING: Error: HTTP Error 404: Site or Page Not Found- 2710: meteo_qt
2020/06/20 23:26:41 INFO: Try again...9- 2711: meteo_qt
2020/06/20 23:26:42 WARNING: Error: HTTP Error 404: Site or Page Not Found- 2710: meteo_qt
2020/06/20 23:26:42 INFO: Try again...10- 2711: meteo_qt
2020/06/20 23:26:42 ERROR: Error:
404 Site or Page Not Found- 2704: meteo_qt
2020/06/20 23:26:42 ERROR: Error:
Error:
404 Site or Page Not Found- 2042: meteo_qt
2020/06/20 23:26:42 CRITICAL: Cannot paint icon!- 2289: meteo_qt
2020/06/20 23:26:48 CRITICAL: Cannot paint icon!- 2289: meteo_qt
2020/06/20 23:27:16 WARNING: Error: <urlopen error [Errno -3] Falha temporário na resolução de nome>- 2710: meteo_qt
2020/06/20 23:27:16 INFO: Try again...1- 2711: meteo_qt
2020/06/20 23:27:36 WARNING: Error: <urlopen error [Errno -3] Falha temporário na resolução de nome>- 2710: meteo_qt
2020/06/20 23:27:36 INFO: Try again...2- 2711: meteo_qt
2020/06/20 23:27:40 WARNING: Actual day forcast n° 1 : No precipitation info provided- 1619: meteo_qt
2020/06/20 23:27:40 WARNING: Actual day forcast n° 2 : No precipitation info provided- 1619: meteo_qt
2020/06/20 23:27:40 WARNING: Actual day forcast n° 3 : No precipitation info provided- 1619: meteo_qt
2020/06/20 23:27:40 WARNING: Actual day forcast n° 4 : No precipitation info provided- 1619: meteo_qt
2020/06/20 23:27:40 WARNING: Actual day forcast n° 5 : No precipitation info provided- 1619: meteo_qt
2020/06/20 23:27:40 WARNING: Actual day forcast n° 6 : No precipitation info provided- 1619: meteo_qt
2020/06/20 23:30:28 WARNING: Actual day forcast n° 1 : No precipitation info provided- 1619: meteo_qt
2020/06/20 23:30:28 WARNING: Actual day forcast n° 2 : No precipitation info provided- 1619: meteo_qt
2020/06/20 23:30:28 WARNING: Actual day forcast n° 3 : No precipitation info provided- 1619: meteo_qt
2020/06/20 23:30:28 WARNING: Actual day forcast n° 4 : No precipitation info provided- 1619: meteo_qt
2020/06/20 23:30:28 WARNING: Actual day forcast n° 5 : No precipitation info provided- 1619: meteo_qt
2020/06/20 23:30:28 WARNING: Actual day forcast n° 6 : No precipitation info provided- 1619: meteo_qt
2020/06/20 23:42:42 WARNING: Actual day forcast n° 1 : No precipitation info provided- 1619: meteo_qt
2020/06/20 23:42:42 WARNING: Actual day forcast n° 2 : No precipitation info provided- 1619: meteo_qt
2020/06/20 23:42:42 WARNING: Actual day forcast n° 3 : No precipitation info provided- 1619: meteo_qt
2020/06/20 23:42:42 WARNING: Actual day forcast n° 4 : No precipitation info provided- 1619: meteo_qt
2020/06/20 23:42:42 WARNING: Actual day forcast n° 5 : No precipitation info provided- 1619: meteo_qt
2020/06/20 23:42:42 WARNING: Actual day forcast n° 6 : No precipitation info provided- 1619: meteo_qt
2020/06/20 23:50:31 WARNING: Actual day forcast n° 1 : No precipitation info provided- 1619: meteo_qt
2020/06/20 23:50:31 WARNING: Actual day forcast n° 2 : No precipitation info provided- 1619: meteo_qt
2020/06/20 23:50:31 WARNING: Actual day forcast n° 3 : No precipitation info provided- 1619: meteo_qt
2020/06/20 23:50:31 WARNING: Actual day forcast n° 4 : No precipitation info provided- 1619: meteo_qt
2020/06/20 23:50:31 WARNING: Actual day forcast n° 5 : No precipitation info provided- 1619: meteo_qt
2020/06/20 23:50:31 WARNING: Actual day forcast n° 6 : No precipitation info provided- 1619: meteo_qt
2020/06/20 23:57:28 WARNING: Actual day forcast n° 1 : No precipitation info provided- 1619: meteo_qt
2020/06/20 23:57:28 WARNING: Actual day forcast n° 2 : No precipitation info provided- 1619: meteo_qt
2020/06/20 23:57:28 WARNING: Actual day forcast n° 3 : No precipitation info provided- 1619: meteo_qt
2020/06/20 23:57:28 WARNING: Actual day forcast n° 4 : No precipitation info provided- 1619: meteo_qt
2020/06/20 23:57:28 WARNING: Actual day forcast n° 5 : No precipitation info provided- 1619: meteo_qt
2020/06/20 23:57:28 WARNING: Actual day forcast n° 6 : No precipitation info provided- 1619: meteo_qt
2020/06/21 00:03:20 WARNING: Actual day forcast n° 1 : No precipitation info provided- 1619: meteo_qt
2020/06/21 00:03:20 WARNING: Actual day forcast n° 2 : No precipitation info provided- 1619: meteo_qt
2020/06/21 00:03:20 WARNING: Actual day forcast n° 3 : No precipitation info provided- 1619: meteo_qt
2020/06/21 00:03:20 WARNING: Actual day forcast n° 4 : No precipitation info provided- 1619: meteo_qt
2020/06/21 00:03:20 WARNING: Actual day forcast n° 5 : No precipitation info provided- 1619: meteo_qt
2020/06/21 00:03:20 WARNING: Actual day forcast n° 6 : No precipitation info provided- 1619: meteo_qt
2020/06/21 00:06:50 WARNING: Actual day forcast n° 1 : No precipitation info provided- 1619: meteo_qt
2020/06/21 00:06:50 WARNING: Actual day forcast n° 2 : No precipitation info provided- 1619: meteo_qt
2020/06/21 00:06:50 WARNING: Actual day forcast n° 3 : No precipitation info provided- 1619: meteo_qt
2020/06/21 00:06:50 WARNING: Actual day forcast n° 4 : No precipitation info provided- 1619: meteo_qt
2020/06/21 00:06:50 WARNING: Actual day forcast n° 5 : No precipitation info provided- 1619: meteo_qt
2020/06/21 00:06:50 WARNING: Actual day forcast n° 6 : No precipitation info provided- 1619: meteo_qt
2020/06/21 00:21:03 WARNING: Actual day forcast n° 1 : No precipitation info provided- 1619: meteo_qt
2020/06/21 00:21:03 WARNING: Actual day forcast n° 2 : No precipitation info provided- 1619: meteo_qt
2020/06/21 00:21:03 WARNING: Actual day forcast n° 3 : No precipitation info provided- 1619: meteo_qt
2020/06/21 00:21:03 WARNING: Actual day forcast n° 4 : No precipitation info provided- 1619: meteo_qt
2020/06/21 00:21:03 WARNING: Actual day forcast n° 5 : No precipitation info provided- 1619: meteo_qt
2020/06/21 00:21:03 WARNING: Actual day forcast n° 6 : No precipitation info provided- 1619: meteo_qt
2020/06/21 00:37:19 WARNING: Actual day forcast n° 1 : No precipitation info provided- 1619: meteo_qt
2020/06/21 00:37:19 WARNING: Actual day forcast n° 2 : No precipitation info provided- 1619: meteo_qt
2020/06/21 00:37:19 WARNING: Actual day forcast n° 3 : No precipitation info provided- 1619: meteo_qt
2020/06/21 00:37:19 WARNING: Actual day forcast n° 4 : No precipitation info provided- 1619: meteo_qt
2020/06/21 00:37:19 WARNING: Actual day forcast n° 5 : No precipitation info provided- 1619: meteo_qt
2020/06/21 00:37:19 WARNING: Actual day forcast n° 6 : No precipitation info provided- 1619: meteo_qt
2020/06/21 01:07:19 WARNING: Actual day forcast n° 1 : No precipitation info provided- 1619: meteo_qt
2020/06/21 01:07:19 WARNING: Actual day forcast n° 2 : No precipitation info provided- 1619: meteo_qt
2020/06/21 01:07:19 WARNING: Actual day forcast n° 3 : No precipitation info provided- 1619: meteo_qt
2020/06/21 01:07:19 WARNING: Actual day forcast n° 4 : No precipitation info provided- 1619: meteo_qt
2020/06/21 01:07:19 WARNING: Actual day forcast n° 5 : No precipitation info provided- 1619: meteo_qt
2020/06/21 01:07:19 WARNING: Actual day forcast n° 6 : No precipitation info provided- 1619: meteo_qt
2020/06/21 01:12:31 WARNING: Actual day forcast n° 1 : No precipitation info provided- 1619: meteo_qt
2020/06/21 01:12:31 WARNING: Actual day forcast n° 2 : No precipitation info provided- 1619: meteo_qt
2020/06/21 01:12:31 WARNING: Actual day forcast n° 3 : No precipitation info provided- 1619: meteo_qt
2020/06/21 01:12:31 WARNING: Actual day forcast n° 4 : No precipitation info provided- 1619: meteo_qt
2020/06/21 01:12:31 WARNING: Actual day forcast n° 5 : No precipitation info provided- 1619: meteo_qt
2020/06/21 01:12:31 WARNING: Actual day forcast n° 6 : No precipitation info provided- 1619: meteo_qt
