Initializing document watcher...
github.search/.gitignore: {"insertSpaces":true,"tabSize":2}
github.search/.gitignore: {"insertSpaces":true,"tabSize":2}
github.search/yarn.lock: {"insertSpaces":true,"tabSize":2}
github.search/yarn.lock: {"insertSpaces":true,"tabSize":2}
github.search/src/pages/Dashboard/index.tsx: {"insertSpaces":true,"tabSize":2}
github.search/prettier.config.js: {"insertSpaces":true,"tabSize":2}
github.search/package.json: {"insertSpaces":true,"tabSize":2}
github.search/package.json: {"insertSpaces":true,"tabSize":2}
github.search/package.json: {"insertSpaces":true,"tabSize":2}
github.search/package.json: {"insertSpaces":true,"tabSize":2}
github.search/package.json: {"insertSpaces":true,"tabSize":2}
github.search/package.json: {"insertSpaces":true,"tabSize":2}
github.search/.env: {"insertSpaces":true,"tabSize":2}
github.search/.env: Using EditorConfig core...
.env: editor.action.trimTrailingWhitespace
.env: insertFinalNewline(LF)
github.search/.env: {"insertSpaces":true,"tabSize":2}
github.search/src/routes/index.tsx: {"insertSpaces":true,"tabSize":2}
github.search/src/index.tsx: {"insertSpaces":true,"tabSize":2}
github.search/src/pages/Dashboard/index.tsx: {"insertSpaces":true,"tabSize":2}
github.search/src/pages/Dashboard/index.tsx: {"insertSpaces":true,"tabSize":2}
github.search/src/routes/index.tsx: {"insertSpaces":true,"tabSize":2}
github.search/src/routes/index.tsx: Using EditorConfig core...
src/routes/index.tsx: editor.action.trimTrailingWhitespace
github.search/src/routes/index.tsx: {"insertSpaces":true,"tabSize":2}
github.search/src/index.tsx: {"insertSpaces":true,"tabSize":2}
github.search/src/App.tsx: {"insertSpaces":true,"tabSize":2}
github.search/src/App.tsx: Using EditorConfig core...
src/App.tsx: editor.action.trimTrailingWhitespace
github.search/src/App.tsx: Using EditorConfig core...
src/App.tsx: editor.action.trimTrailingWhitespace
github.search/src/App.tsx: {"insertSpaces":true,"tabSize":2}
github.search/package.json: {"insertSpaces":true,"tabSize":2}
github.search/src/routes/index.tsx: {"insertSpaces":true,"tabSize":2}
github.search/src/pages/Dashboard/index.tsx: {"insertSpaces":true,"tabSize":2}
github.search/src/pages/Dashboard/index.tsx: Using EditorConfig core...
src/pages/Dashboard/index.tsx: editor.action.trimTrailingWhitespace
github.search/src/pages/Dashboard/index.tsx: Using EditorConfig core...
src/pages/Dashboard/index.tsx: editor.action.trimTrailingWhitespace
github.search/src/pages/Dashboard/index.tsx: Using EditorConfig core...
src/pages/Dashboard/index.tsx: editor.action.trimTrailingWhitespace
src/pages/Dashboard/index.tsx: insertFinalNewline(LF)
github.search/src/pages/Dashboard/index.tsx: Using EditorConfig core...
src/pages/Dashboard/index.tsx: editor.action.trimTrailingWhitespace
github.search/src/pages/Repository/index.tsx: {"insertSpaces":true,"tabSize":2}
github.search/src/pages/Dashboard/index.tsx: {"insertSpaces":true,"tabSize":2}
github.search/src/pages/Repository/index.tsx: {"insertSpaces":true,"tabSize":2}
github.search/src/pages/Repository/index.tsx: Using EditorConfig core...
src/pages/Repository/index.tsx: editor.action.trimTrailingWhitespace
github.search/src/routes/index.tsx: {"insertSpaces":true,"tabSize":2}
github.search/src/routes/index.tsx: Using EditorConfig core...
src/routes/index.tsx: editor.action.trimTrailingWhitespace
github.search/src/routes/index.tsx: Using EditorConfig core...
src/routes/index.tsx: editor.action.trimTrailingWhitespace
github.search/src/index.tsx: {"insertSpaces":true,"tabSize":2}
github.search/src/App.tsx: {"insertSpaces":true,"tabSize":2}
github.search/src/App.tsx: Using EditorConfig core...
src/App.tsx: editor.action.trimTrailingWhitespace
github.search/src/App.tsx: {"insertSpaces":true,"tabSize":2}
github.search/src/routes/index.tsx: {"insertSpaces":true,"tabSize":2}
github.search/src/routes/index.tsx: Using EditorConfig core...
src/routes/index.tsx: editor.action.trimTrailingWhitespace
github.search/src/App.tsx: {"insertSpaces":true,"tabSize":2}
github.search/src/App.tsx: Using EditorConfig core...
src/App.tsx: editor.action.trimTrailingWhitespace
github.search/src/App.tsx: {"insertSpaces":true,"tabSize":2}
github.search/src/App.tsx: Using EditorConfig core...
src/App.tsx: editor.action.trimTrailingWhitespace
github.search/src/App.tsx: Using EditorConfig core...
src/App.tsx: editor.action.trimTrailingWhitespace
github.search/src/App.tsx: Using EditorConfig core...
src/App.tsx: editor.action.trimTrailingWhitespace
github.search/src/App.tsx: Using EditorConfig core...
src/App.tsx: editor.action.trimTrailingWhitespace
github.search/src/App.tsx: Using EditorConfig core...
src/App.tsx: editor.action.trimTrailingWhitespace
github.search/src/App.tsx: {"insertSpaces":true,"tabSize":2}
github.search/src/pages/Dashboard/index.tsx: {"insertSpaces":true,"tabSize":2}
github.search/src/routes/index.tsx: {"insertSpaces":true,"tabSize":2}
github.search/src/routes/index.tsx: Using EditorConfig core...
src/routes/index.tsx: editor.action.trimTrailingWhitespace
github.search/src/routes/index.tsx: {"insertSpaces":true,"tabSize":2}
github.search/src/routes/index.tsx: Using EditorConfig core...
src/routes/index.tsx: editor.action.trimTrailingWhitespace
github.search/src/routes/index.tsx: {"insertSpaces":true,"tabSize":2}
github.search/src/routes/index.tsx: Using EditorConfig core...
src/routes/index.tsx: editor.action.trimTrailingWhitespace
github.search/src/routes/index.tsx: {"insertSpaces":true,"tabSize":2}
github.search/src/routes/index.tsx: {"insertSpaces":true,"tabSize":2}
github.search/src/routes/index.tsx: {"insertSpaces":true,"tabSize":2}
github.search/src/routes/index.tsx: {"insertSpaces":true,"tabSize":2}
github.search/src/routes/index.tsx: {"insertSpaces":true,"tabSize":2}
github.search/src/routes/index.tsx: {"insertSpaces":true,"tabSize":2}
github.search/src/routes/index.tsx: {"insertSpaces":true,"tabSize":2}
github.search/src/routes/index.tsx: {"insertSpaces":true,"tabSize":2}
github.search/src/routes/index.tsx: {"insertSpaces":true,"tabSize":2}
github.search/src/pages/Dashboard/index.tsx: {"insertSpaces":true,"tabSize":2}
github.search/src/pages/Dashboard/styles.css: {"insertSpaces":true,"tabSize":2}
github.search/src/pages/Dashboard/styles.css: {"insertSpaces":true,"tabSize":2}
github.search/src/pages/Dashboard/styles.css: Using EditorConfig core...
src/pages/Dashboard/styles.css: editor.action.trimTrailingWhitespace
src/pages/Dashboard/styles.css: insertFinalNewline(LF)
github.search/src/pages/Dashboard/styles.css: {"insertSpaces":true,"tabSize":2}
github.search/src/pages/Dashboard/styles.css: {"insertSpaces":true,"tabSize":2}
github.search/src/pages/Dashboard/index.tsx: {"insertSpaces":true,"tabSize":2}
github.search/src/pages/Dashboard/index.tsx: Using EditorConfig core...
src/pages/Dashboard/index.tsx: editor.action.trimTrailingWhitespace
github.search/src/pages/Dashboard/index.tsx: {"insertSpaces":true,"tabSize":2}
github.search/src/pages/Dashboard/index.tsx: {"insertSpaces":true,"tabSize":2}
github.search/src/pages/Dashboard/index.tsx: {"insertSpaces":true,"tabSize":2}
github.search/src/pages/Dashboard/index.tsx: {"insertSpaces":true,"tabSize":2}
github.search/src/pages/Dashboard/index.tsx: {"insertSpaces":true,"tabSize":2}
github.search/src/pages/Dashboard/styles.css: {"insertSpaces":true,"tabSize":2}
github.search/src/pages/Dashboard/styles.ts: {"insertSpaces":true,"tabSize":2}
github.search/src/pages/Dashboard/styles.ts: Using EditorConfig core...
src/pages/Dashboard/styles.ts: editor.action.trimTrailingWhitespace
github.search/src/pages/Dashboard/styles.ts: Using EditorConfig core...
src/pages/Dashboard/styles.ts: editor.action.trimTrailingWhitespace
github.search/src/pages/Dashboard/styles.ts: {"insertSpaces":true,"tabSize":2}
github.search/src/pages/Dashboard/styles.ts: Using EditorConfig core...
src/pages/Dashboard/styles.ts: editor.action.trimTrailingWhitespace
github.search/src/pages/Dashboard/index.tsx: {"insertSpaces":true,"tabSize":2}
github.search/src/pages/Dashboard/index.tsx: {"insertSpaces":true,"tabSize":2}
github.search/src/pages/Dashboard/index.tsx: Using EditorConfig core...
src/pages/Dashboard/index.tsx: editor.action.trimTrailingWhitespace
github.search/src/pages/Dashboard/index.tsx: Using EditorConfig core...
src/pages/Dashboard/index.tsx: editor.action.trimTrailingWhitespace
github.search/src/pages/Dashboard/index.tsx: Using EditorConfig core...
src/pages/Dashboard/index.tsx: editor.action.trimTrailingWhitespace
github.search/src/pages/Dashboard/index.tsx: {"insertSpaces":true,"tabSize":2}
github.search/src/pages/Dashboard/index.tsx: {"insertSpaces":true,"tabSize":2}
github.search/src/pages/Dashboard/index.tsx: Using EditorConfig core...
src/pages/Dashboard/index.tsx: editor.action.trimTrailingWhitespace
github.search/src/pages/Dashboard/index.tsx: {"insertSpaces":true,"tabSize":2}
github.search/src/pages/Dashboard/index.tsx: {"insertSpaces":true,"tabSize":2}
github.search/src/pages/Dashboard/index.tsx: {"insertSpaces":true,"tabSize":2}
github.search/src/pages/Dashboard/index.tsx: {"insertSpaces":true,"tabSize":2}
github.search/src/pages/Dashboard/index.tsx: {"insertSpaces":true,"tabSize":2}
github.search/src/pages/Dashboard/index.tsx: {"insertSpaces":true,"tabSize":2}
github.search/src/styles/global.ts: {"insertSpaces":true,"tabSize":2}
github.search/src/styles/global.ts: {"insertSpaces":true,"tabSize":2}
github.search/src/styles/global.ts: {"insertSpaces":true,"tabSize":2}
github.search/src/styles/global.ts: Using EditorConfig core...
src/styles/global.ts: editor.action.trimTrailingWhitespace
github.search/src/styles/global.ts: Using EditorConfig core...
src/styles/global.ts: editor.action.trimTrailingWhitespace
github.search/src/styles/global.ts: Using EditorConfig core...
src/styles/global.ts: editor.action.trimTrailingWhitespace
github.search/src/styles/global.ts: Using EditorConfig core...
src/styles/global.ts: editor.action.trimTrailingWhitespace
github.search/src/styles/global.ts: {"insertSpaces":true,"tabSize":2}
github.search/src/styles/global.ts: {"insertSpaces":true,"tabSize":2}
github.search/src/styles/global.ts: {"insertSpaces":true,"tabSize":2}
github.search/src/styles/global.ts: {"insertSpaces":true,"tabSize":2}
github.search/src/styles/global.ts: {"insertSpaces":true,"tabSize":2}
github.search/src/styles/global.ts: {"insertSpaces":true,"tabSize":2}
github.search/src/styles/global.ts: {"insertSpaces":true,"tabSize":2}
github.search/src/styles/global.ts: {"insertSpaces":true,"tabSize":2}
github.search/src/App.tsx: {"insertSpaces":true,"tabSize":2}
github.search/src/App.tsx: {"insertSpaces":true,"tabSize":2}
github.search/src/App.tsx: Using EditorConfig core...
src/App.tsx: editor.action.trimTrailingWhitespace
github.search/src/App.tsx: {"insertSpaces":true,"tabSize":2}
github.search/src/App.tsx: Using EditorConfig core...
src/App.tsx: editor.action.trimTrailingWhitespace
github.search/src/App.tsx: Using EditorConfig core...
src/App.tsx: editor.action.trimTrailingWhitespace
github.search/src/App.tsx: {"insertSpaces":true,"tabSize":2}
github.search/src/App.tsx: {"insertSpaces":true,"tabSize":2}
github.search/src/App.tsx: Using EditorConfig core...
src/App.tsx: editor.action.trimTrailingWhitespace
github.search/src/App.tsx: {"insertSpaces":true,"tabSize":2}
github.search/src/App.tsx: {"insertSpaces":true,"tabSize":2}
github.search/src/App.tsx: {"insertSpaces":true,"tabSize":2}
github.search/src/styles/global.ts: {"insertSpaces":true,"tabSize":2}
github.search/src/styles/global.ts: {"insertSpaces":true,"tabSize":2}
github.search/public/index.html: {"insertSpaces":true,"tabSize":2}
github.search/public/index.html: {"insertSpaces":true,"tabSize":2}
github.search/public/index.html: Using EditorConfig core...
public/index.html: editor.action.trimTrailingWhitespace
github.search/public/index.html: {"insertSpaces":true,"tabSize":2}
github.search/public/index.html: Using EditorConfig core...
public/index.html: editor.action.trimTrailingWhitespace
github.search/public/index.html: {"insertSpaces":true,"tabSize":2}
github.search/src/styles/global.ts: {"insertSpaces":true,"tabSize":2}
github.search/src/styles/global.ts: {"insertSpaces":true,"tabSize":2}
github.search/src/styles/global.ts: {"insertSpaces":true,"tabSize":2}
github.search/src/styles/global.ts: {"insertSpaces":true,"tabSize":2}
github.search/src/styles/global.ts: Using EditorConfig core...
src/styles/global.ts: editor.action.trimTrailingWhitespace
github.search/src/styles/global.ts: {"insertSpaces":true,"tabSize":2}
github.search/src/styles/global.ts: {"insertSpaces":true,"tabSize":2}
github.search/src/styles/global.ts: Using EditorConfig core...
src/styles/global.ts: editor.action.trimTrailingWhitespace
github.search/src/styles/global.ts: {"insertSpaces":true,"tabSize":2}
github.search/src/styles/global.ts: {"insertSpaces":true,"tabSize":2}
github.search/src/styles/global.ts: {"insertSpaces":true,"tabSize":2}
github.search/src/styles/global.ts: {"insertSpaces":true,"tabSize":2}
github.search/src/styles/global.ts: {"insertSpaces":true,"tabSize":2}
github.search/src/styles/global.ts: {"insertSpaces":true,"tabSize":2}
github.search/src/styles/global.ts: {"insertSpaces":true,"tabSize":2}
github.search/src/pages/Dashboard/index.tsx: {"insertSpaces":true,"tabSize":2}
github.search/src/pages/Dashboard/index.tsx: Using EditorConfig core...
src/pages/Dashboard/index.tsx: editor.action.trimTrailingWhitespace
github.search/src/pages/Dashboard/index.tsx: Using EditorConfig core...
src/pages/Dashboard/index.tsx: editor.action.trimTrailingWhitespace
github.search/src/pages/Dashboard/index.tsx: Using EditorConfig core...
src/pages/Dashboard/index.tsx: editor.action.trimTrailingWhitespace
github.search/src/pages/Dashboard/index.tsx: Using EditorConfig core...
src/pages/Dashboard/index.tsx: editor.action.trimTrailingWhitespace
github.search/src/pages/Dashboard/index.tsx: Using EditorConfig core...
src/pages/Dashboard/index.tsx: editor.action.trimTrailingWhitespace
github.search/src/pages/Dashboard/index.tsx: {"insertSpaces":true,"tabSize":2}
github.search/src/pages/Dashboard/styles.ts: {"insertSpaces":true,"tabSize":2}
github.search/src/pages/Dashboard/styles.ts: Using EditorConfig core...
src/pages/Dashboard/styles.ts: editor.action.trimTrailingWhitespace
github.search/src/pages/Dashboard/styles.ts: {"insertSpaces":true,"tabSize":2}
github.search/src/pages/Dashboard/styles.ts: Using EditorConfig core...
src/pages/Dashboard/styles.ts: editor.action.trimTrailingWhitespace
github.search/src/pages/Dashboard/styles.ts: Using EditorConfig core...
src/pages/Dashboard/styles.ts: editor.action.trimTrailingWhitespace
github.search/src/pages/Dashboard/styles.ts: {"insertSpaces":true,"tabSize":2}
github.search/src/pages/Repository/index.tsx: {"insertSpaces":true,"tabSize":2}
github.search/src/pages/Dashboard/styles.ts: {"insertSpaces":true,"tabSize":2}
github.search/src/pages/Dashboard/index.tsx: {"insertSpaces":true,"tabSize":2}
github.search/src/pages/Dashboard/index.tsx: Using EditorConfig core...
src/pages/Dashboard/index.tsx: editor.action.trimTrailingWhitespace
github.search/src/pages/Dashboard/index.tsx: {"insertSpaces":true,"tabSize":2}
github.search/src/pages/Dashboard/styles.ts: {"insertSpaces":true,"tabSize":2}
github.search/src/pages/Dashboard/styles.ts: Using EditorConfig core...
src/pages/Dashboard/styles.ts: editor.action.trimTrailingWhitespace
github.search/src/pages/Dashboard/styles.ts: Using EditorConfig core...
src/pages/Dashboard/styles.ts: editor.action.trimTrailingWhitespace
github.search/src/pages/Dashboard/styles.ts: {"insertSpaces":true,"tabSize":2}
github.search/src/pages/Dashboard/styles.ts: Using EditorConfig core...
src/pages/Dashboard/styles.ts: editor.action.trimTrailingWhitespace
github.search/src/pages/Dashboard/styles.ts: {"insertSpaces":true,"tabSize":2}
github.search/src/pages/Dashboard/index.tsx: {"insertSpaces":true,"tabSize":2}
github.search/src/pages/Dashboard/index.tsx: Using EditorConfig core...
src/pages/Dashboard/index.tsx: editor.action.trimTrailingWhitespace
github.search/src/pages/Dashboard/index.tsx: Using EditorConfig core...
src/pages/Dashboard/index.tsx: editor.action.trimTrailingWhitespace
github.search/src/pages/Dashboard/styles.ts: {"insertSpaces":true,"tabSize":2}
github.search/src/pages/Dashboard/styles.ts: Using EditorConfig core...
src/pages/Dashboard/styles.ts: editor.action.trimTrailingWhitespace
github.search/src/pages/Dashboard/styles.ts: Using EditorConfig core...
src/pages/Dashboard/styles.ts: editor.action.trimTrailingWhitespace
github.search/src/pages/Dashboard/index.tsx: {"insertSpaces":true,"tabSize":2}
github.search/src/pages/Dashboard/index.tsx: Using EditorConfig core...
src/pages/Dashboard/index.tsx: editor.action.trimTrailingWhitespace
github.search/src/pages/Dashboard/index.tsx: {"insertSpaces":true,"tabSize":2}
github.search/src/pages/Dashboard/index.tsx: Using EditorConfig core...
src/pages/Dashboard/index.tsx: editor.action.trimTrailingWhitespace
github.search/src/pages/Dashboard/index.tsx: Using EditorConfig core...
src/pages/Dashboard/index.tsx: editor.action.trimTrailingWhitespace
github.search/src/pages/Dashboard/index.tsx: {"insertSpaces":true,"tabSize":2}
github.search/src/pages/Dashboard/styles.ts: {"insertSpaces":true,"tabSize":2}
github.search/src/pages/Dashboard/styles.ts: {"insertSpaces":true,"tabSize":2}
github.search/src/pages/Dashboard/styles.ts: Using EditorConfig core...
src/pages/Dashboard/styles.ts: editor.action.trimTrailingWhitespace
github.search/src/pages/Dashboard/styles.ts: Using EditorConfig core...
src/pages/Dashboard/styles.ts: editor.action.trimTrailingWhitespace
github.search/src/pages/Dashboard/styles.ts: Using EditorConfig core...
src/pages/Dashboard/styles.ts: editor.action.trimTrailingWhitespace
github.search/src/pages/Dashboard/styles.ts: Using EditorConfig core...
src/pages/Dashboard/styles.ts: editor.action.trimTrailingWhitespace
github.search/src/pages/Dashboard/index.tsx: {"insertSpaces":true,"tabSize":2}
github.search/src/pages/Dashboard/index.tsx: {"insertSpaces":true,"tabSize":2}
github.search/src/pages/Dashboard/styles.ts: {"insertSpaces":true,"tabSize":2}
github.search/src/pages/Dashboard/styles.ts: Using EditorConfig core...
src/pages/Dashboard/styles.ts: editor.action.trimTrailingWhitespace
github.search/src/pages/Dashboard/styles.ts: {"insertSpaces":true,"tabSize":2}
github.search/src/pages/Dashboard/index.tsx: {"insertSpaces":true,"tabSize":2}
github.search/src/pages/Dashboard/index.tsx: Using EditorConfig core...
src/pages/Dashboard/index.tsx: editor.action.trimTrailingWhitespace
github.search/src/pages/Dashboard/index.tsx: {"insertSpaces":true,"tabSize":2}
github.search/src/pages/Dashboard/styles.ts: {"insertSpaces":true,"tabSize":2}
github.search/src/pages/Dashboard/styles.ts: Using EditorConfig core...
src/pages/Dashboard/styles.ts: editor.action.trimTrailingWhitespace
github.search/src/pages/Dashboard/styles.ts: Using EditorConfig core...
src/pages/Dashboard/styles.ts: editor.action.trimTrailingWhitespace
github.search/src/pages/Dashboard/styles.ts: Using EditorConfig core...
src/pages/Dashboard/styles.ts: editor.action.trimTrailingWhitespace
github.search/src/pages/Dashboard/styles.ts: Using EditorConfig core...
src/pages/Dashboard/styles.ts: editor.action.trimTrailingWhitespace
github.search/src/pages/Dashboard/styles.ts: {"insertSpaces":true,"tabSize":2}
github.search/src/pages/Dashboard/styles.ts: Using EditorConfig core...
src/pages/Dashboard/styles.ts: editor.action.trimTrailingWhitespace
github.search/src/pages/Dashboard/styles.ts: Using EditorConfig core...
src/pages/Dashboard/styles.ts: editor.action.trimTrailingWhitespace
github.search/src/pages/Dashboard/styles.ts: {"insertSpaces":true,"tabSize":2}
github.search/src/pages/Dashboard/styles.ts: Using EditorConfig core...
src/pages/Dashboard/styles.ts: editor.action.trimTrailingWhitespace
github.search/src/pages/Dashboard/styles.ts: {"insertSpaces":true,"tabSize":2}
github.search/src/pages/Dashboard/styles.ts: Using EditorConfig core...
src/pages/Dashboard/styles.ts: editor.action.trimTrailingWhitespace
github.search/src/pages/Dashboard/styles.ts: {"insertSpaces":true,"tabSize":2}
github.search/src/pages/Dashboard/styles.ts: Using EditorConfig core...
src/pages/Dashboard/styles.ts: editor.action.trimTrailingWhitespace
github.search/src/pages/Dashboard/styles.ts: {"insertSpaces":true,"tabSize":2}
github.search/src/pages/Dashboard/styles.ts: Using EditorConfig core...
src/pages/Dashboard/styles.ts: editor.action.trimTrailingWhitespace
github.search/src/pages/Dashboard/styles.ts: {"insertSpaces":true,"tabSize":2}
github.search/src/pages/Dashboard/styles.ts: Using EditorConfig core...
src/pages/Dashboard/styles.ts: editor.action.trimTrailingWhitespace
github.search/src/pages/Dashboard/styles.ts: {"insertSpaces":true,"tabSize":2}
github.search/src/pages/Dashboard/styles.ts: Using EditorConfig core...
src/pages/Dashboard/styles.ts: editor.action.trimTrailingWhitespace
github.search/src/pages/Dashboard/styles.ts: {"insertSpaces":true,"tabSize":2}
github.search/src/pages/Dashboard/styles.ts: Using EditorConfig core...
src/pages/Dashboard/styles.ts: editor.action.trimTrailingWhitespace
github.search/src/pages/Dashboard/styles.ts: {"insertSpaces":true,"tabSize":2}
github.search/src/pages/Dashboard/styles.ts: Using EditorConfig core...
src/pages/Dashboard/styles.ts: editor.action.trimTrailingWhitespace
github.search/src/pages/Dashboard/styles.ts: Using EditorConfig core...
src/pages/Dashboard/styles.ts: editor.action.trimTrailingWhitespace
github.search/src/pages/Dashboard/styles.ts: {"insertSpaces":true,"tabSize":2}
github.search/src/pages/Dashboard/styles.ts: {"insertSpaces":true,"tabSize":2}
github.search/src/pages/Dashboard/styles.ts: {"insertSpaces":true,"tabSize":2}
github.search/src/pages/Dashboard/styles.ts: Using EditorConfig core...
src/pages/Dashboard/styles.ts: editor.action.trimTrailingWhitespace
github.search/src/pages/Dashboard/styles.ts: Using EditorConfig core...
src/pages/Dashboard/styles.ts: editor.action.trimTrailingWhitespace
github.search/src/pages/Dashboard/styles.ts: {"insertSpaces":true,"tabSize":2}
github.search/src/pages/Dashboard/styles.ts: {"insertSpaces":true,"tabSize":2}
github.search/src/pages/Dashboard/styles.ts: Using EditorConfig core...
src/pages/Dashboard/styles.ts: editor.action.trimTrailingWhitespace
github.search/src/pages/Dashboard/styles.ts: Using EditorConfig core...
src/pages/Dashboard/styles.ts: editor.action.trimTrailingWhitespace
github.search/src/pages/Dashboard/styles.ts: {"insertSpaces":true,"tabSize":2}
github.search/src/pages/Dashboard/styles.ts: Using EditorConfig core...
src/pages/Dashboard/styles.ts: editor.action.trimTrailingWhitespace
github.search/src/pages/Dashboard/styles.ts: {"insertSpaces":true,"tabSize":2}
github.search/src/pages/Dashboard/styles.ts: Using EditorConfig core...
src/pages/Dashboard/styles.ts: editor.action.trimTrailingWhitespace
github.search/src/pages/Dashboard/styles.ts: {"insertSpaces":true,"tabSize":2}
github.search/src/pages/Dashboard/styles.ts: Using EditorConfig core...
src/pages/Dashboard/styles.ts: editor.action.trimTrailingWhitespace
github.search/src/pages/Dashboard/styles.ts: Using EditorConfig core...
src/pages/Dashboard/styles.ts: editor.action.trimTrailingWhitespace
github.search/src/pages/Dashboard/styles.ts: {"insertSpaces":true,"tabSize":2}
github.search/src/pages/Dashboard/styles.ts: Using EditorConfig core...
src/pages/Dashboard/styles.ts: editor.action.trimTrailingWhitespace
github.search/src/pages/Dashboard/styles.ts: Using EditorConfig core...
src/pages/Dashboard/styles.ts: editor.action.trimTrailingWhitespace
github.search/src/pages/Dashboard/styles.ts: {"insertSpaces":true,"tabSize":2}
github.search/src/pages/Dashboard/styles.ts: Using EditorConfig core...
src/pages/Dashboard/styles.ts: editor.action.trimTrailingWhitespace
github.search/src/pages/Dashboard/styles.ts: {"insertSpaces":true,"tabSize":2}
github.search/src/pages/Dashboard/styles.ts: {"insertSpaces":true,"tabSize":2}
github.search/src/pages/Dashboard/styles.ts: {"insertSpaces":true,"tabSize":2}
github.search/src/pages/Dashboard/index.tsx: {"insertSpaces":true,"tabSize":2}
github.search/src/pages/Dashboard/styles.ts: {"insertSpaces":true,"tabSize":2}
github.search/src/pages/Dashboard/styles.ts: Using EditorConfig core...
src/pages/Dashboard/styles.ts: editor.action.trimTrailingWhitespace
github.search/src/pages/Dashboard/index.tsx: {"insertSpaces":true,"tabSize":2}
github.search/src/pages/Dashboard/index.tsx: {"insertSpaces":true,"tabSize":2}
github.search/src/pages/Dashboard/index.tsx: {"insertSpaces":true,"tabSize":2}
github.search/src/pages/Dashboard/index.tsx: Using EditorConfig core...
src/pages/Dashboard/index.tsx: editor.action.trimTrailingWhitespace
github.search/src/pages/Dashboard/index.tsx: {"insertSpaces":true,"tabSize":2}
github.search/src/pages/Dashboard/index.tsx: {"insertSpaces":true,"tabSize":2}
github.search/src/pages/Dashboard/index.tsx: {"insertSpaces":true,"tabSize":2}
github.search/src/pages/Dashboard/index.tsx: {"insertSpaces":true,"tabSize":2}
github.search/src/pages/Dashboard/index.tsx: Using EditorConfig core...
src/pages/Dashboard/index.tsx: editor.action.trimTrailingWhitespace
github.search/src/pages/Dashboard/index.tsx: {"insertSpaces":true,"tabSize":2}
github.search/src/pages/Dashboard/index.tsx: {"insertSpaces":true,"tabSize":2}
github.search/src/pages/Dashboard/index.tsx: {"insertSpaces":true,"tabSize":2}
github.search/src/pages/Dashboard/index.tsx: {"insertSpaces":true,"tabSize":2}
github.search/src/pages/Dashboard/styles.ts: {"insertSpaces":true,"tabSize":2}
github.search/src/pages/Dashboard/styles.ts: {"insertSpaces":true,"tabSize":2}
github.search/src/pages/Dashboard/styles.ts: Using EditorConfig core...
src/pages/Dashboard/styles.ts: editor.action.trimTrailingWhitespace
github.search/src/pages/Dashboard/styles.ts: {"insertSpaces":true,"tabSize":2}
github.search/src/pages/Dashboard/styles.ts: Using EditorConfig core...
src/pages/Dashboard/styles.ts: editor.action.trimTrailingWhitespace
github.search/src/pages/Dashboard/styles.ts: Using EditorConfig core...
src/pages/Dashboard/styles.ts: editor.action.trimTrailingWhitespace
github.search/src/pages/Dashboard/styles.ts: {"insertSpaces":true,"tabSize":2}
github.search/src/pages/Dashboard/styles.ts: Using EditorConfig core...
src/pages/Dashboard/styles.ts: editor.action.trimTrailingWhitespace
github.search/src/pages/Dashboard/styles.ts: Using EditorConfig core...
src/pages/Dashboard/styles.ts: editor.action.trimTrailingWhitespace
github.search/src/pages/Dashboard/styles.ts: Using EditorConfig core...
src/pages/Dashboard/styles.ts: editor.action.trimTrailingWhitespace
github.search/src/pages/Dashboard/styles.ts: Using EditorConfig core...
src/pages/Dashboard/styles.ts: editor.action.trimTrailingWhitespace
github.search/src/pages/Dashboard/styles.ts: {"insertSpaces":true,"tabSize":2}
github.search/src/pages/Dashboard/styles.ts: {"insertSpaces":true,"tabSize":2}
github.search/src/pages/Dashboard/styles.ts: {"insertSpaces":true,"tabSize":2}
github.search/src/pages/Dashboard/styles.ts: Using EditorConfig core...
src/pages/Dashboard/styles.ts: editor.action.trimTrailingWhitespace
github.search/src/pages/Dashboard/styles.ts: Using EditorConfig core...
src/pages/Dashboard/styles.ts: editor.action.trimTrailingWhitespace
github.search/src/pages/Dashboard/styles.ts: Using EditorConfig core...
src/pages/Dashboard/styles.ts: editor.action.trimTrailingWhitespace
github.search/src/pages/Dashboard/styles.ts: {"insertSpaces":true,"tabSize":2}
github.search/src/pages/Dashboard/styles.ts: {"insertSpaces":true,"tabSize":2}
github.search/src/pages/Dashboard/index.tsx: {"insertSpaces":true,"tabSize":2}
github.search/src/pages/Dashboard/index.tsx: {"insertSpaces":true,"tabSize":2}
github.search/src/pages/Dashboard/index.tsx: {"insertSpaces":true,"tabSize":2}
github.search/src/pages/Dashboard/styles.ts: {"insertSpaces":true,"tabSize":2}
github.search/src/pages/Dashboard/styles.ts: Using EditorConfig core...
src/pages/Dashboard/styles.ts: editor.action.trimTrailingWhitespace
github.search/src/pages/Dashboard/styles.ts: Using EditorConfig core...
src/pages/Dashboard/styles.ts: editor.action.trimTrailingWhitespace
github.search/src/pages/Dashboard/styles.ts: Using EditorConfig core...
src/pages/Dashboard/styles.ts: editor.action.trimTrailingWhitespace
github.search/src/pages/Dashboard/index.tsx: {"insertSpaces":true,"tabSize":2}
github.search/src/pages/Dashboard/styles.ts: {"insertSpaces":true,"tabSize":2}
github.search/src/pages/Dashboard/styles.ts: Using EditorConfig core...
src/pages/Dashboard/styles.ts: editor.action.trimTrailingWhitespace
github.search/src/pages/Dashboard/styles.ts: Using EditorConfig core...
src/pages/Dashboard/styles.ts: editor.action.trimTrailingWhitespace
github.search/src/pages/Dashboard/styles.ts: Using EditorConfig core...
src/pages/Dashboard/styles.ts: editor.action.trimTrailingWhitespace
github.search/src/pages/Dashboard/styles.ts: Using EditorConfig core...
src/pages/Dashboard/styles.ts: editor.action.trimTrailingWhitespace
github.search/src/pages/Dashboard/styles.ts: {"insertSpaces":true,"tabSize":2}
github.search/src/pages/Dashboard/styles.ts: Using EditorConfig core...
src/pages/Dashboard/styles.ts: editor.action.trimTrailingWhitespace
github.search/src/pages/Dashboard/styles.ts: Using EditorConfig core...
src/pages/Dashboard/styles.ts: editor.action.trimTrailingWhitespace
github.search/src/pages/Dashboard/styles.ts: Using EditorConfig core...
src/pages/Dashboard/styles.ts: editor.action.trimTrailingWhitespace
github.search/src/pages/Dashboard/styles.ts: {"insertSpaces":true,"tabSize":2}
github.search/src/pages/Dashboard/styles.ts: {"insertSpaces":true,"tabSize":2}
github.search/src/pages/Dashboard/styles.ts: {"insertSpaces":true,"tabSize":2}
github.search/src/pages/Dashboard/styles.ts: {"insertSpaces":true,"tabSize":2}
github.search/src/pages/Dashboard/index.tsx: {"insertSpaces":true,"tabSize":2}
github.search/src/pages/Dashboard/index.tsx: Using EditorConfig core...
src/pages/Dashboard/index.tsx: editor.action.trimTrailingWhitespace
github.search/src/pages/Dashboard/index.tsx: Using EditorConfig core...
src/pages/Dashboard/index.tsx: editor.action.trimTrailingWhitespace
github.search/src/pages/Dashboard/index.tsx: Using EditorConfig core...
src/pages/Dashboard/index.tsx: editor.action.trimTrailingWhitespace
github.search/src/pages/Dashboard/index.tsx: {"insertSpaces":true,"tabSize":2}
github.search/src/pages/Dashboard/styles.ts: {"insertSpaces":true,"tabSize":2}
github.search/src/pages/Dashboard/styles.ts: {"insertSpaces":true,"tabSize":2}
github.search/src/pages/Dashboard/styles.ts: Using EditorConfig core...
src/pages/Dashboard/styles.ts: editor.action.trimTrailingWhitespace
github.search/src/pages/Dashboard/styles.ts: {"insertSpaces":true,"tabSize":2}
github.search/src/pages/Dashboard/styles.ts: Using EditorConfig core...
src/pages/Dashboard/styles.ts: editor.action.trimTrailingWhitespace
github.search/src/pages/Dashboard/styles.ts: {"insertSpaces":true,"tabSize":2}
github.search/src/pages/Dashboard/styles.ts: {"insertSpaces":true,"tabSize":2}
github.search/src/pages/Dashboard/styles.ts: {"insertSpaces":true,"tabSize":2}
github.search/src/pages/Dashboard/index.tsx: {"insertSpaces":true,"tabSize":2}
github.search/src/pages/Dashboard/index.tsx: {"insertSpaces":true,"tabSize":2}
github.search/src/pages/Dashboard/styles.ts: {"insertSpaces":true,"tabSize":2}
github.search/src/pages/Dashboard/styles.ts: {"insertSpaces":true,"tabSize":2}
github.search/src/pages/Dashboard/styles.ts: Using EditorConfig core...
src/pages/Dashboard/styles.ts: editor.action.trimTrailingWhitespace
github.search/src/pages/Dashboard/styles.ts: {"insertSpaces":true,"tabSize":2}
github.search/src/pages/Dashboard/styles.ts: {"insertSpaces":true,"tabSize":2}
github.search/src/pages/Dashboard/styles.ts: Using EditorConfig core...
src/pages/Dashboard/styles.ts: editor.action.trimTrailingWhitespace
github.search/src/pages/Dashboard/styles.ts: {"insertSpaces":true,"tabSize":2}
github.search/src/pages/Dashboard/styles.ts: {"insertSpaces":true,"tabSize":2}
github.search/src/pages/Dashboard/styles.ts: Using EditorConfig core...
src/pages/Dashboard/styles.ts: editor.action.trimTrailingWhitespace
github.search/src/pages/Dashboard/styles.ts: {"insertSpaces":true,"tabSize":2}
github.search/src/pages/Dashboard/styles.ts: Using EditorConfig core...
src/pages/Dashboard/styles.ts: editor.action.trimTrailingWhitespace
github.search/src/pages/Dashboard/styles.ts: Using EditorConfig core...
src/pages/Dashboard/styles.ts: editor.action.trimTrailingWhitespace
github.search/src/pages/Dashboard/styles.ts: {"insertSpaces":true,"tabSize":2}
github.search/src/pages/Dashboard/styles.ts: {"insertSpaces":true,"tabSize":2}
github.search/src/pages/Dashboard/index.tsx: {"insertSpaces":true,"tabSize":2}
github.search/src/pages/Dashboard/index.tsx: Using EditorConfig core...
src/pages/Dashboard/index.tsx: editor.action.trimTrailingWhitespace
github.search/src/pages/Dashboard/index.tsx: {"insertSpaces":true,"tabSize":2}
github.search/src/pages/Dashboard/styles.ts: {"insertSpaces":true,"tabSize":2}
github.search/src/pages/Dashboard/styles.ts: Using EditorConfig core...
src/pages/Dashboard/styles.ts: editor.action.trimTrailingWhitespace
github.search/src/pages/Dashboard/styles.ts: Using EditorConfig core...
src/pages/Dashboard/styles.ts: editor.action.trimTrailingWhitespace
github.search/src/pages/Dashboard/styles.ts: {"insertSpaces":true,"tabSize":2}
github.search/src/pages/Dashboard/styles.ts: Using EditorConfig core...
src/pages/Dashboard/styles.ts: editor.action.trimTrailingWhitespace
github.search/src/pages/Dashboard/styles.ts: Using EditorConfig core...
src/pages/Dashboard/styles.ts: editor.action.trimTrailingWhitespace
github.search/src/pages/Dashboard/styles.ts: {"insertSpaces":true,"tabSize":2}
