Initializing document watcher...
test/package.json: {}
test/package.json: {}
test/package.json: {}
test/package.json: {}
test/src/App.tsx: {}
test/.eslintcache: {}
test/tsconfig.json: {}
test/tsconfig.json: {}
test/tsconfig.json: {}
test/package.json: {}
test/package.json: {}
test/package.json: Using EditorConfig core...
test/package.json: {}
test/src/index.tsx: {}
test/src/index.tsx: {}
test/tsconfig.json: {}
test/tsconfig.json: {}
test/tsconfig.json: Using EditorConfig core...
test/tsconfig.json: Using EditorConfig core...
test/tsconfig.json: {}
test/src/App.tsx: {}
test/src/App.tsx: Using EditorConfig core...
test/tsconfig.json: {}
test/tsconfig.json: {}
test/src/App.tsx: {}
test/src/App.tsx: {}
