Info 0    [18:51:48.858] Starting TS Server
Info 1    [18:51:48.859] Version: 4.0.3
Info 2    [18:51:48.859] Arguments: /usr/lib/electron9/electron /usr/lib/code-oss/resources/app/extensions/node_modules/typescript/lib/tsserver.js --serverMode partialSemantic --useInferredProjectPerProjectRoot --disableAutomaticTypingAcquisition --cancellationPipeName /tmp/vscode-typescript1000/bb20edf6699c2d5167ec/tscancellation-a24be7ca638ca9e8fddb.tmp* --logVerbosity verbose --logFile /home/glaulher/.config/Code - OSS/logs/20201124T185110/exthost1/vscode.typescript-language-features/tsserver-log-1Hndyr/tsserver.log --globalPlugins typescript-vscode-sh-plugin --pluginProbeLocations /usr/lib/code-oss/resources/app/extensions/typescript-language-features --locale en --noGetErrOnBackgroundUpdate --validateDefaultNpmLocation
Info 3    [18:51:48.859] Platform: linux NodeVersion: 12 CaseSensitive: true
Info 4    [18:51:48.859] ServerMode: 1 syntaxOnly: false hasUnknownServerMode: undefined
Info 5    [18:51:48.878] request:
    {"seq":0,"type":"request","command":"configure","arguments":{"hostInfo":"vscode","preferences":{"providePrefixAndSuffixTextForRename":true,"allowRenameOfImportPath":true,"includePackageJsonAutoImports":"auto"},"watchOptions":{}}}
Info 6    [18:51:48.879] Host information vscode
Info 7    [18:51:48.880] Host watch options changed to undefined, it will be take effect for next watches.
Info 8    [18:51:48.880] response:
    {"seq":0,"type":"response","command":"configure","request_seq":0,"success":true}
Perf 9    [18:51:48.883] 0::configure: async elapsed time (in milliseconds) 4.8897
Info 10   [18:51:48.883] request:
    {"seq":1,"type":"request","command":"updateOpen","arguments":{"changedFiles":[],"closedFiles":[],"openFiles":[{"file":"/home/glaulher/Documentos/javascript/bootcamp/github.search/src/pages/Dashboard/index.tsx","fileContent":"import React from 'react';\n\n\nfunction Dashboard() {\n  return <h1>Hello World</h1>;\n}\nexport default Dashboard\n","projectRootPath":"/home/glaulher/Documentos/javascript/bootcamp/github.search","scriptKindName":"TSX"}]}}
Info 11   [18:51:48.903] Loading global plugin typescript-vscode-sh-plugin
Info 12   [18:51:48.908] Enabling plugin typescript-vscode-sh-plugin from candidate paths: /usr/lib/code-oss/resources/app/extensions/typescript-language-features,/usr/lib/code-oss/resources/app/extensions/node_modules/typescript/lib/tsserver.js/../../..
Info 13   [18:51:48.908] Loading typescript-vscode-sh-plugin from /usr/lib/code-oss/resources/app/extensions/typescript-language-features (resolved to /usr/lib/code-oss/resources/app/extensions/typescript-language-features/node_modules)
Info 14   [18:51:48.949] typescript-vscode-sh-plugin initialized. Intercepting getEncodedSemanticClassifications and getEncodedSyntacticClassifications.
Info 15   [18:51:48.949] Plugin validation succeded
Info 16   [18:51:48.952] Starting updateGraphWorker: Project: /dev/null/inferredProject1*
Info 17   [18:51:53.181] Finishing updateGraphWorker: Project: /dev/null/inferredProject1* Version: 1 structureChanged: true Elapsed: 4229ms
Info 18   [18:51:53.183] Project '/dev/null/inferredProject1*' (Inferred)
Info 19   [18:51:53.184] 	Files (6)
	/usr/lib/code-oss/resources/app/extensions/node_modules/typescript/lib/lib.d.ts
	/usr/lib/code-oss/resources/app/extensions/node_modules/typescript/lib/lib.es5.d.ts
	/usr/lib/code-oss/resources/app/extensions/node_modules/typescript/lib/lib.dom.d.ts
	/usr/lib/code-oss/resources/app/extensions/node_modules/typescript/lib/lib.webworker.importscripts.d.ts
	/usr/lib/code-oss/resources/app/extensions/node_modules/typescript/lib/lib.scripthost.d.ts
	/home/glaulher/Documentos/javascript/bootcamp/github.search/src/pages/Dashboard/index.tsx

Info 20   [18:51:53.184] -----------------------------------------------
Info 21   [18:51:53.338] Starting updateGraphWorker: Project: /dev/null/autoImportProviderProject1*
Info 22   [18:51:58.630] Finishing updateGraphWorker: Project: /dev/null/autoImportProviderProject1* Version: 1 structureChanged: true Elapsed: 5292ms
Info 23   [18:51:58.630] Project '/dev/null/autoImportProviderProject1*' (AutoImportProvider)
Info 24   [18:51:58.630] 	Files (9)
	/home/glaulher/Documentos/javascript/bootcamp/github.search/node_modules/@types/testing-library__jest-dom/index.d.ts
	/home/glaulher/Documentos/javascript/bootcamp/github.search/node_modules/@testing-library/react/types/index.d.ts
	/home/glaulher/Documentos/javascript/bootcamp/github.search/node_modules/@testing-library/user-event/typings/index.d.ts
	/home/glaulher/Documentos/javascript/bootcamp/github.search/node_modules/@types/react/index.d.ts
	/home/glaulher/Documentos/javascript/bootcamp/github.search/node_modules/@types/react-dom/index.d.ts
	/home/glaulher/Documentos/javascript/bootcamp/github.search/node_modules/@types/react-router-dom/index.d.ts
	/home/glaulher/Documentos/javascript/bootcamp/github.search/node_modules/react-scripts/lib/react-app.d.ts
	/home/glaulher/Documentos/javascript/bootcamp/github.search/node_modules/typescript/lib/typescript.d.ts
	/home/glaulher/Documentos/javascript/bootcamp/github.search/node_modules/web-vitals/dist/index.d.ts

Info 25   [18:51:58.631] -----------------------------------------------
Info 26   [18:51:58.632] Project '/dev/null/inferredProject1*' (Inferred)
Info 26   [18:51:58.632] 	Files (6)

Info 26   [18:51:58.632] -----------------------------------------------
Info 26   [18:51:58.632] Project '/dev/null/autoImportProviderProject1*' (AutoImportProvider)
Info 26   [18:51:58.632] 	Files (9)

Info 26   [18:51:58.632] -----------------------------------------------
Info 26   [18:51:58.632] Open files: 
Info 26   [18:51:58.633] 	FileName: /home/glaulher/Documentos/javascript/bootcamp/github.search/src/pages/Dashboard/index.tsx ProjectRootPath: /home/glaulher/Documentos/javascript/bootcamp/github.search
Info 26   [18:51:58.633] 		Projects: /dev/null/inferredProject1*
Perf 26   [18:51:58.633] 1::updateOpen: elapsed time (in milliseconds) 9749.4961
Info 27   [18:51:58.633] response:
    {"seq":0,"type":"response","command":"updateOpen","request_seq":1,"success":true,"performanceData":{"updateGraphDurationMs":9521},"body":true}
Info 28   [18:51:58.635] request:
    {"seq":8,"type":"request","command":"updateOpen","arguments":{"changedFiles":[{"fileName":"/home/glaulher/Documentos/javascript/bootcamp/github.search/src/pages/Dashboard/index.tsx","textChanges":[{"newText":" ","start":{"line":7,"offset":1},"end":{"line":7,"offset":1}}]}],"closedFiles":[],"openFiles":[]}}
Perf 29   [18:51:58.637] 8::updateOpen: elapsed time (in milliseconds) 2.1657
Info 30   [18:51:58.637] response:
    {"seq":0,"type":"response","command":"updateOpen","request_seq":8,"success":true,"body":true}
Info 31   [18:51:58.640] request:
    {"seq":11,"type":"request","command":"updateOpen","arguments":{"changedFiles":[{"fileName":"/home/glaulher/Documentos/javascript/bootcamp/github.search/src/pages/Dashboard/index.tsx","textChanges":[{"newText":" ","start":{"line":7,"offset":2},"end":{"line":7,"offset":2}}]}],"closedFiles":[],"openFiles":[]}}
Perf 32   [18:51:58.642] 11::updateOpen: elapsed time (in milliseconds) 2.6143
Info 33   [18:51:58.642] response:
    {"seq":0,"type":"response","command":"updateOpen","request_seq":11,"success":true,"body":true}
Info 34   [18:51:58.645] request:
    {"seq":14,"type":"request","command":"updateOpen","arguments":{"changedFiles":[{"fileName":"/home/glaulher/Documentos/javascript/bootcamp/github.search/src/pages/Dashboard/index.tsx","textChanges":[{"newText":" ","start":{"line":7,"offset":3},"end":{"line":7,"offset":3}}]}],"closedFiles":[],"openFiles":[]}}
Perf 35   [18:51:58.646] 14::updateOpen: elapsed time (in milliseconds) 0.6542
Info 36   [18:51:58.646] response:
    {"seq":0,"type":"response","command":"updateOpen","request_seq":14,"success":true,"body":true}
Info 37   [18:51:58.650] request:
    {"seq":15,"type":"request","command":"updateOpen","arguments":{"changedFiles":[{"fileName":"/home/glaulher/Documentos/javascript/bootcamp/github.search/src/pages/Dashboard/index.tsx","textChanges":[{"newText":" ","start":{"line":7,"offset":4},"end":{"line":7,"offset":4}}]}],"closedFiles":[],"openFiles":[]}}
Perf 38   [18:51:58.651] 15::updateOpen: elapsed time (in milliseconds) 0.6429
Info 39   [18:51:58.651] response:
    {"seq":0,"type":"response","command":"updateOpen","request_seq":15,"success":true,"body":true}
Info 40   [18:51:58.654] request:
    {"seq":16,"type":"request","command":"getOutliningSpans","arguments":{"file":"/home/glaulher/Documentos/javascript/bootcamp/github.search/src/pages/Dashboard/index.tsx"}}
Perf 41   [18:51:58.673] 16::getOutliningSpans: elapsed time (in milliseconds) 18.5001
Info 42   [18:51:58.673] response:
    {"seq":0,"type":"response","command":"getOutliningSpans","request_seq":16,"success":true,"body":[{"textSpan":{"start":{"line":4,"offset":21},"end":{"line":6,"offset":2}},"hintSpan":{"start":{"line":4,"offset":1},"end":{"line":6,"offset":2}},"bannerText":"...","autoCollapse":true,"kind":"code"},{"textSpan":{"start":{"line":5,"offset":10},"end":{"line":5,"offset":30}},"hintSpan":{"start":{"line":5,"offset":10},"end":{"line":5,"offset":30}},"bannerText":"<h1>...</h1>","autoCollapse":false,"kind":"code"}]}
Info 43   [18:51:58.676] request:
    {"seq":17,"type":"request","command":"configure","arguments":{"file":"/home/glaulher/Documentos/javascript/bootcamp/github.search/src/pages/Dashboard/index.tsx","formatOptions":{"tabSize":2,"indentSize":2,"convertTabsToSpaces":true,"newLineCharacter":"\n","insertSpaceAfterCommaDelimiter":true,"insertSpaceAfterConstructor":false,"insertSpaceAfterSemicolonInForStatements":true,"insertSpaceBeforeAndAfterBinaryOperators":true,"insertSpaceAfterKeywordsInControlFlowStatements":true,"insertSpaceAfterFunctionKeywordForAnonymousFunctions":true,"insertSpaceBeforeFunctionParenthesis":false,"insertSpaceAfterOpeningAndBeforeClosingNonemptyParenthesis":false,"insertSpaceAfterOpeningAndBeforeClosingNonemptyBrackets":false,"insertSpaceAfterOpeningAndBeforeClosingNonemptyBraces":true,"insertSpaceAfterOpeningAndBeforeClosingEmptyBraces":true,"insertSpaceAfterOpeningAndBeforeClosingTemplateStringBraces":false,"insertSpaceAfterOpeningAndBeforeClosingJsxExpressionBraces":false,"insertSpaceAfterTypeAssertion":false,"placeOpenBraceOnNewLineForFunctions":false,"placeOpenBraceOnNewLineForControlBlocks":false,"semicolons":"ignore"},"preferences":{"quotePreference":"auto","importModuleSpecifierEnding":"auto","allowTextChangesInNewFiles":true,"providePrefixAndSuffixTextForRename":true,"allowRenameOfImportPath":true,"includeAutomaticOptionalChainCompletions":true,"provideRefactorNotApplicableReason":true}}}
Info 44   [18:51:58.677] Host configuration update for file /home/glaulher/Documentos/javascript/bootcamp/github.search/src/pages/Dashboard/index.tsx
Info 45   [18:51:58.678] response:
    {"seq":0,"type":"response","command":"configure","request_seq":17,"success":true}
Perf 46   [18:51:58.678] 17::configure: async elapsed time (in milliseconds) 1.2750
Info 47   [18:51:58.680] request:
    {"seq":18,"type":"request","command":"navtree","arguments":{"file":"/home/glaulher/Documentos/javascript/bootcamp/github.search/src/pages/Dashboard/index.tsx"}}
Perf 48   [18:51:58.701] 18::navtree: elapsed time (in milliseconds) 20.4334
Info 49   [18:51:58.701] response:
    {"seq":0,"type":"response","command":"navtree","request_seq":18,"success":true,"body":{"text":"\"index\"","kind":"module","kindModifiers":"","spans":[{"start":{"line":1,"offset":1},"end":{"line":7,"offset":30}}],"childItems":[{"text":"Dashboard","kind":"function","kindModifiers":"","spans":[{"start":{"line":4,"offset":1},"end":{"line":6,"offset":2}}],"nameSpan":{"start":{"line":4,"offset":10},"end":{"line":4,"offset":19}}},{"text":"default","kind":"const","kindModifiers":"export","spans":[{"start":{"line":7,"offset":5},"end":{"line":7,"offset":29}}]},{"text":"React","kind":"alias","kindModifiers":"","spans":[{"start":{"line":1,"offset":8},"end":{"line":1,"offset":13}}],"nameSpan":{"start":{"line":1,"offset":8},"end":{"line":1,"offset":13}}}]}}
Info 50   [18:52:2.362] request:
    {"seq":19,"type":"request","command":"updateOpen","arguments":{"changedFiles":[{"fileName":"/home/glaulher/Documentos/javascript/bootcamp/github.search/src/pages/Dashboard/index.tsx","textChanges":[{"newText":"","start":{"line":3,"offset":1},"end":{"line":4,"offset":1}},{"newText":"","start":{"line":7,"offset":1},"end":{"line":7,"offset":5}},{"newText":";","start":{"line":7,"offset":29},"end":{"line":7,"offset":29}}]}],"closedFiles":[],"openFiles":[]}}
Perf 51   [18:52:2.363] 19::updateOpen: elapsed time (in milliseconds) 1.2267
Info 52   [18:52:2.363] response:
    {"seq":0,"type":"response","command":"updateOpen","request_seq":19,"success":true,"body":true}
Info 53   [18:52:2.592] request:
    {"seq":20,"type":"request","command":"getOutliningSpans","arguments":{"file":"/home/glaulher/Documentos/javascript/bootcamp/github.search/src/pages/Dashboard/index.tsx"}}
Perf 54   [18:52:2.600] 20::getOutliningSpans: elapsed time (in milliseconds) 8.4469
Info 55   [18:52:2.601] response:
    {"seq":0,"type":"response","command":"getOutliningSpans","request_seq":20,"success":true,"body":[{"textSpan":{"start":{"line":3,"offset":21},"end":{"line":5,"offset":2}},"hintSpan":{"start":{"line":3,"offset":1},"end":{"line":5,"offset":2}},"bannerText":"...","autoCollapse":true,"kind":"code"},{"textSpan":{"start":{"line":4,"offset":10},"end":{"line":4,"offset":30}},"hintSpan":{"start":{"line":4,"offset":10},"end":{"line":4,"offset":30}},"bannerText":"<h1>...</h1>","autoCollapse":false,"kind":"code"}]}
Info 56   [18:52:6.743] request:
    {"seq":21,"type":"request","command":"quickinfo","arguments":{"file":"/home/glaulher/Documentos/javascript/bootcamp/github.search/src/pages/Dashboard/index.tsx","line":3,"offset":12}}
Info 57   [18:52:6.744] Starting updateGraphWorker: Project: /dev/null/inferredProject1*
Info 58   [18:52:6.756] Finishing updateGraphWorker: Project: /dev/null/inferredProject1* Version: 2 structureChanged: false Elapsed: 12ms
Info 59   [18:52:6.756] Different program with same set of files:: oldProgram.structureIsReused:: 2
Perf 60   [18:52:6.802] 21::quickinfo: elapsed time (in milliseconds) 58.4925
Info 61   [18:52:6.802] response:
    {"seq":0,"type":"response","command":"quickinfo","request_seq":21,"success":true,"performanceData":{"updateGraphDurationMs":12},"body":{"kind":"function","kindModifiers":"","start":{"line":3,"offset":10},"end":{"line":3,"offset":19},"displayString":"function Dashboard(): any","documentation":"","tags":[]}}
Info 62   [18:52:7.666] request:
    {"seq":22,"type":"request","command":"navtree","arguments":{"file":"/home/glaulher/Documentos/javascript/bootcamp/github.search/src/pages/Dashboard/index.tsx"}}
Perf 63   [18:52:7.668] 22::navtree: elapsed time (in milliseconds) 1.5656
Info 64   [18:52:7.668] response:
    {"seq":0,"type":"response","command":"navtree","request_seq":22,"success":true,"body":{"text":"\"index\"","kind":"module","kindModifiers":"","spans":[{"start":{"line":1,"offset":1},"end":{"line":6,"offset":27}}],"childItems":[{"text":"Dashboard","kind":"function","kindModifiers":"","spans":[{"start":{"line":3,"offset":1},"end":{"line":5,"offset":2}}],"nameSpan":{"start":{"line":3,"offset":10},"end":{"line":3,"offset":19}}},{"text":"default","kind":"const","kindModifiers":"export","spans":[{"start":{"line":6,"offset":1},"end":{"line":6,"offset":26}}]},{"text":"React","kind":"alias","kindModifiers":"","spans":[{"start":{"line":1,"offset":8},"end":{"line":1,"offset":13}}],"nameSpan":{"start":{"line":1,"offset":8},"end":{"line":1,"offset":13}}}]}}
Info 65   [18:52:17.88] request:
    {"seq":23,"type":"request","command":"updateOpen","arguments":{"changedFiles":[{"fileName":"/home/glaulher/Documentos/javascript/bootcamp/github.search/src/pages/Dashboard/index.tsx","textChanges":[{"newText":":","start":{"line":3,"offset":21},"end":{"line":3,"offset":21}}]}],"closedFiles":[],"openFiles":[]}}
Perf 66   [18:52:17.97] 23::updateOpen: elapsed time (in milliseconds) 8.0568
Info 67   [18:52:17.99] response:
    {"seq":0,"type":"response","command":"updateOpen","request_seq":23,"success":true,"body":true}
Info 68   [18:52:17.185] request:
    {"seq":24,"type":"request","command":"getOutliningSpans","arguments":{"file":"/home/glaulher/Documentos/javascript/bootcamp/github.search/src/pages/Dashboard/index.tsx"}}
Perf 69   [18:52:17.192] 24::getOutliningSpans: elapsed time (in milliseconds) 6.7594
Info 70   [18:52:17.192] response:
    {"seq":0,"type":"response","command":"getOutliningSpans","request_seq":24,"success":true,"body":[]}
Info 71   [18:52:20.597] request:
    {"seq":25,"type":"request","command":"updateOpen","arguments":{"changedFiles":[{"fileName":"/home/glaulher/Documentos/javascript/bootcamp/github.search/src/pages/Dashboard/index.tsx","textChanges":[{"newText":"J","start":{"line":3,"offset":22},"end":{"line":3,"offset":22}}]}],"closedFiles":[],"openFiles":[]}}
Perf 72   [18:52:20.597] 25::updateOpen: elapsed time (in milliseconds) 0.4534
Info 73   [18:52:20.597] response:
    {"seq":0,"type":"response","command":"updateOpen","request_seq":25,"success":true,"body":true}
Info 74   [18:52:20.770] request:
    {"seq":26,"type":"request","command":"getOutliningSpans","arguments":{"file":"/home/glaulher/Documentos/javascript/bootcamp/github.search/src/pages/Dashboard/index.tsx"}}
Perf 75   [18:52:20.773] 26::getOutliningSpans: elapsed time (in milliseconds) 2.9333
Info 76   [18:52:20.773] response:
    {"seq":0,"type":"response","command":"getOutliningSpans","request_seq":26,"success":true,"body":[{"textSpan":{"start":{"line":3,"offset":23},"end":{"line":5,"offset":2}},"hintSpan":{"start":{"line":3,"offset":1},"end":{"line":5,"offset":2}},"bannerText":"...","autoCollapse":true,"kind":"code"},{"textSpan":{"start":{"line":4,"offset":10},"end":{"line":4,"offset":30}},"hintSpan":{"start":{"line":4,"offset":10},"end":{"line":4,"offset":30}},"bannerText":"<h1>...</h1>","autoCollapse":false,"kind":"code"}]}
Info 77   [18:52:21.155] request:
    {"seq":27,"type":"request","command":"updateOpen","arguments":{"changedFiles":[{"fileName":"/home/glaulher/Documentos/javascript/bootcamp/github.search/src/pages/Dashboard/index.tsx","textChanges":[{"newText":"S","start":{"line":3,"offset":23},"end":{"line":3,"offset":23}}]}],"closedFiles":[],"openFiles":[]}}
Perf 78   [18:52:21.156] 27::updateOpen: elapsed time (in milliseconds) 0.4257
Info 79   [18:52:21.156] response:
    {"seq":0,"type":"response","command":"updateOpen","request_seq":27,"success":true,"body":true}
Info 80   [18:52:21.491] request:
    {"seq":28,"type":"request","command":"getOutliningSpans","arguments":{"file":"/home/glaulher/Documentos/javascript/bootcamp/github.search/src/pages/Dashboard/index.tsx"}}
Perf 81   [18:52:21.493] 28::getOutliningSpans: elapsed time (in milliseconds) 2.5272
Info 82   [18:52:21.493] response:
    {"seq":0,"type":"response","command":"getOutliningSpans","request_seq":28,"success":true,"body":[{"textSpan":{"start":{"line":3,"offset":24},"end":{"line":5,"offset":2}},"hintSpan":{"start":{"line":3,"offset":1},"end":{"line":5,"offset":2}},"bannerText":"...","autoCollapse":true,"kind":"code"},{"textSpan":{"start":{"line":4,"offset":10},"end":{"line":4,"offset":30}},"hintSpan":{"start":{"line":4,"offset":10},"end":{"line":4,"offset":30}},"bannerText":"<h1>...</h1>","autoCollapse":false,"kind":"code"}]}
Info 83   [18:52:22.362] request:
    {"seq":29,"type":"request","command":"updateOpen","arguments":{"changedFiles":[{"fileName":"/home/glaulher/Documentos/javascript/bootcamp/github.search/src/pages/Dashboard/index.tsx","textChanges":[{"newText":"X","start":{"line":3,"offset":24},"end":{"line":3,"offset":24}}]}],"closedFiles":[],"openFiles":[]}}
Perf 84   [18:52:22.367] 29::updateOpen: elapsed time (in milliseconds) 4.5203
Info 85   [18:52:22.368] response:
    {"seq":0,"type":"response","command":"updateOpen","request_seq":29,"success":true,"body":true}
Info 86   [18:52:22.430] request:
    {"seq":30,"type":"request","command":"getOutliningSpans","arguments":{"file":"/home/glaulher/Documentos/javascript/bootcamp/github.search/src/pages/Dashboard/index.tsx"}}
Perf 87   [18:52:22.447] 30::getOutliningSpans: elapsed time (in milliseconds) 17.5598
Info 88   [18:52:22.447] response:
    {"seq":0,"type":"response","command":"getOutliningSpans","request_seq":30,"success":true,"body":[{"textSpan":{"start":{"line":3,"offset":25},"end":{"line":5,"offset":2}},"hintSpan":{"start":{"line":3,"offset":1},"end":{"line":5,"offset":2}},"bannerText":"...","autoCollapse":true,"kind":"code"},{"textSpan":{"start":{"line":4,"offset":10},"end":{"line":4,"offset":30}},"hintSpan":{"start":{"line":4,"offset":10},"end":{"line":4,"offset":30}},"bannerText":"<h1>...</h1>","autoCollapse":false,"kind":"code"}]}
Info 89   [18:52:23.597] request:
    {"seq":31,"type":"request","command":"updateOpen","arguments":{"changedFiles":[{"fileName":"/home/glaulher/Documentos/javascript/bootcamp/github.search/src/pages/Dashboard/index.tsx","textChanges":[{"newText":"JSX","start":{"line":3,"offset":22},"end":{"line":3,"offset":25}}]}],"closedFiles":[],"openFiles":[]}}
Perf 90   [18:52:23.598] 31::updateOpen: elapsed time (in milliseconds) 0.3793
Info 91   [18:52:23.598] response:
    {"seq":0,"type":"response","command":"updateOpen","request_seq":31,"success":true,"body":true}
Info 92   [18:52:23.705] request:
    {"seq":32,"type":"request","command":"getOutliningSpans","arguments":{"file":"/home/glaulher/Documentos/javascript/bootcamp/github.search/src/pages/Dashboard/index.tsx"}}
Perf 93   [18:52:23.707] 32::getOutliningSpans: elapsed time (in milliseconds) 1.9275
Info 94   [18:52:23.707] response:
    {"seq":0,"type":"response","command":"getOutliningSpans","request_seq":32,"success":true,"body":[{"textSpan":{"start":{"line":3,"offset":25},"end":{"line":5,"offset":2}},"hintSpan":{"start":{"line":3,"offset":1},"end":{"line":5,"offset":2}},"bannerText":"...","autoCollapse":true,"kind":"code"},{"textSpan":{"start":{"line":4,"offset":10},"end":{"line":4,"offset":30}},"hintSpan":{"start":{"line":4,"offset":10},"end":{"line":4,"offset":30}},"bannerText":"<h1>...</h1>","autoCollapse":false,"kind":"code"}]}
Info 95   [18:52:25.520] request:
    {"seq":33,"type":"request","command":"updateOpen","arguments":{"changedFiles":[{"fileName":"/home/glaulher/Documentos/javascript/bootcamp/github.search/src/pages/Dashboard/index.tsx","textChanges":[{"newText":".","start":{"line":3,"offset":25},"end":{"line":3,"offset":25}}]}],"closedFiles":[],"openFiles":[]}}
Perf 96   [18:52:25.520] 33::updateOpen: elapsed time (in milliseconds) 0.4176
Info 97   [18:52:25.520] response:
    {"seq":0,"type":"response","command":"updateOpen","request_seq":33,"success":true,"body":true}
Info 98   [18:52:25.691] request:
    {"seq":34,"type":"request","command":"getOutliningSpans","arguments":{"file":"/home/glaulher/Documentos/javascript/bootcamp/github.search/src/pages/Dashboard/index.tsx"}}
Perf 99   [18:52:25.693] 34::getOutliningSpans: elapsed time (in milliseconds) 2.1091
Info 100  [18:52:25.693] response:
    {"seq":0,"type":"response","command":"getOutliningSpans","request_seq":34,"success":true,"body":[{"textSpan":{"start":{"line":3,"offset":26},"end":{"line":5,"offset":2}},"hintSpan":{"start":{"line":3,"offset":1},"end":{"line":5,"offset":2}},"bannerText":"...","autoCollapse":true,"kind":"code"},{"textSpan":{"start":{"line":4,"offset":10},"end":{"line":4,"offset":30}},"hintSpan":{"start":{"line":4,"offset":10},"end":{"line":4,"offset":30}},"bannerText":"<h1>...</h1>","autoCollapse":false,"kind":"code"}]}
Info 101  [18:52:27.790] request:
    {"seq":35,"type":"request","command":"updateOpen","arguments":{"changedFiles":[{"fileName":"/home/glaulher/Documentos/javascript/bootcamp/github.search/src/pages/Dashboard/index.tsx","textChanges":[{"newText":".Element","start":{"line":3,"offset":25},"end":{"line":3,"offset":26}}]}],"closedFiles":[],"openFiles":[]}}
Perf 102  [18:52:27.791] 35::updateOpen: elapsed time (in milliseconds) 0.4100
Info 103  [18:52:27.791] response:
    {"seq":0,"type":"response","command":"updateOpen","request_seq":35,"success":true,"body":true}
Info 104  [18:52:27.884] request:
    {"seq":36,"type":"request","command":"getOutliningSpans","arguments":{"file":"/home/glaulher/Documentos/javascript/bootcamp/github.search/src/pages/Dashboard/index.tsx"}}
Perf 105  [18:52:27.886] 36::getOutliningSpans: elapsed time (in milliseconds) 2.1337
Info 106  [18:52:27.886] response:
    {"seq":0,"type":"response","command":"getOutliningSpans","request_seq":36,"success":true,"body":[{"textSpan":{"start":{"line":3,"offset":33},"end":{"line":5,"offset":2}},"hintSpan":{"start":{"line":3,"offset":1},"end":{"line":5,"offset":2}},"bannerText":"...","autoCollapse":true,"kind":"code"},{"textSpan":{"start":{"line":4,"offset":10},"end":{"line":4,"offset":30}},"hintSpan":{"start":{"line":4,"offset":10},"end":{"line":4,"offset":30}},"bannerText":"<h1>...</h1>","autoCollapse":false,"kind":"code"}]}
Info 107  [18:52:30.290] request:
    {"seq":37,"type":"request","command":"updateOpen","arguments":{"changedFiles":[{"fileName":"/home/glaulher/Documentos/javascript/bootcamp/github.search/src/pages/Dashboard/index.tsx","textChanges":[{"newText":" ","start":{"line":3,"offset":22},"end":{"line":3,"offset":22}}]}],"closedFiles":[],"openFiles":[]}}
Perf 108  [18:52:30.290] 37::updateOpen: elapsed time (in milliseconds) 0.3955
Info 109  [18:52:30.290] response:
    {"seq":0,"type":"response","command":"updateOpen","request_seq":37,"success":true,"body":true}
Info 110  [18:52:30.389] request:
    {"seq":38,"type":"request","command":"getOutliningSpans","arguments":{"file":"/home/glaulher/Documentos/javascript/bootcamp/github.search/src/pages/Dashboard/index.tsx"}}
Perf 111  [18:52:30.391] 38::getOutliningSpans: elapsed time (in milliseconds) 2.0931
Info 112  [18:52:30.391] response:
    {"seq":0,"type":"response","command":"getOutliningSpans","request_seq":38,"success":true,"body":[{"textSpan":{"start":{"line":3,"offset":34},"end":{"line":5,"offset":2}},"hintSpan":{"start":{"line":3,"offset":1},"end":{"line":5,"offset":2}},"bannerText":"...","autoCollapse":true,"kind":"code"},{"textSpan":{"start":{"line":4,"offset":10},"end":{"line":4,"offset":30}},"hintSpan":{"start":{"line":4,"offset":10},"end":{"line":4,"offset":30}},"bannerText":"<h1>...</h1>","autoCollapse":false,"kind":"code"}]}
Info 113  [18:52:34.302] request:
    {"seq":39,"type":"request","command":"navtree","arguments":{"file":"/home/glaulher/Documentos/javascript/bootcamp/github.search/src/pages/Dashboard/index.tsx"}}
Perf 114  [18:52:34.305] 39::navtree: elapsed time (in milliseconds) 2.3394
Info 115  [18:52:34.305] response:
    {"seq":0,"type":"response","command":"navtree","request_seq":39,"success":true,"body":{"text":"\"index\"","kind":"module","kindModifiers":"","spans":[{"start":{"line":1,"offset":1},"end":{"line":6,"offset":27}}],"childItems":[{"text":"Dashboard","kind":"function","kindModifiers":"","spans":[{"start":{"line":3,"offset":1},"end":{"line":5,"offset":2}}],"nameSpan":{"start":{"line":3,"offset":10},"end":{"line":3,"offset":19}}},{"text":"default","kind":"const","kindModifiers":"export","spans":[{"start":{"line":6,"offset":1},"end":{"line":6,"offset":26}}]},{"text":"React","kind":"alias","kindModifiers":"","spans":[{"start":{"line":1,"offset":8},"end":{"line":1,"offset":13}}],"nameSpan":{"start":{"line":1,"offset":8},"end":{"line":1,"offset":13}}}]}}
