[2020-06-26 20:46:42.936] [sharedprocess] [info] main {"machineId":"15ca4dbb3fc2ad93d80e7da0470b5570f213298efdb138ee8a17336fa593b476","windowId":2}
[2020-06-26 20:46:44.440] [sharedprocess] [info] Deleted from disk dracula-theme.theme-dracula /home/glaulher/.vscode-oss/extensions/dracula-theme.theme-dracula-2.22.0
[2020-06-26 20:46:44.494] [sharedprocess] [info] Deleted from disk pkief.material-icon-theme /home/glaulher/.vscode-oss/extensions/pkief.material-icon-theme-4.1.0
[2020-06-26 20:46:44.707] [sharedprocess] [info] Deleted from disk esbenp.prettier-vscode /home/glaulher/.vscode-oss/extensions/esbenp.prettier-vscode-4.6.0
[2020-06-26 20:46:44.894] [sharedprocess] [info] Deleted from disk editorconfig.editorconfig /home/glaulher/.vscode-oss/extensions/editorconfig.editorconfig-0.14.5
[2020-06-26 20:47:22.977] [sharedprocess] [info] Starting to clean up unused language packs.
[2020-06-26 20:50:20.359] [sharedprocess] [info] Installing extension: equinusocio.vsc-material-theme
[2020-06-26 20:50:20.978] [sharedprocess] [info] Downloaded extension: equinusocio.vsc-material-theme /tmp/a52cb839-e04d-4bdd-bf26-dd77989c7359
[2020-06-26 20:50:21.324] [sharedprocess] [info] Extracted extension to /home/glaulher/.vscode-oss/extensions/.equinusocio.vsc-material-theme-32.8.0: equinusocio.vsc-material-theme
[2020-06-26 20:50:21.324] [sharedprocess] [info] Renamed to /home/glaulher/.vscode-oss/extensions/equinusocio.vsc-material-theme-32.8.0
[2020-06-26 20:50:21.326] [sharedprocess] [info] Installation completed. equinusocio.vsc-material-theme
[2020-06-26 20:50:21.685] [sharedprocess] [info] Installing extension: equinusocio.vsc-material-theme-icons
[2020-06-26 20:50:21.687] [sharedprocess] [info] Installing extension: equinusocio.vsc-community-material-theme
[2020-06-26 20:50:22.176] [sharedprocess] [info] Downloaded extension: equinusocio.vsc-community-material-theme /tmp/8835cafb-36ae-40c5-97ef-79a39ec79739
[2020-06-26 20:50:22.242] [sharedprocess] [info] Extracted extension to /home/glaulher/.vscode-oss/extensions/.equinusocio.vsc-community-material-theme-1.4.1: equinusocio.vsc-community-material-theme
[2020-06-26 20:50:22.242] [sharedprocess] [info] Renamed to /home/glaulher/.vscode-oss/extensions/equinusocio.vsc-community-material-theme-1.4.1
[2020-06-26 20:50:22.243] [sharedprocess] [info] Installation completed. equinusocio.vsc-community-material-theme
[2020-06-26 20:50:22.308] [sharedprocess] [info] Extensions installed successfully: equinusocio.vsc-community-material-theme
[2020-06-26 20:50:22.783] [sharedprocess] [info] Downloaded extension: equinusocio.vsc-material-theme-icons /tmp/93fd8fe4-efb6-4a95-9e97-ac698fcb0f49
[2020-06-26 20:50:24.549] [sharedprocess] [info] Extracted extension to /home/glaulher/.vscode-oss/extensions/.equinusocio.vsc-material-theme-icons-1.1.4: equinusocio.vsc-material-theme-icons
[2020-06-26 20:50:24.550] [sharedprocess] [info] Renamed to /home/glaulher/.vscode-oss/extensions/equinusocio.vsc-material-theme-icons-1.1.4
[2020-06-26 20:50:24.553] [sharedprocess] [info] Installation completed. equinusocio.vsc-material-theme-icons
[2020-06-26 20:50:24.614] [sharedprocess] [info] Extensions installed successfully: equinusocio.vsc-material-theme-icons
[2020-06-26 20:50:24.616] [sharedprocess] [info] Extensions installed successfully: equinusocio.vsc-material-theme
